[ 2018-12-27T09:16:25+08:00 ] ::1 /phpText/ZGXG/ZGXG1/thinkphp_3.2.3/Public/app/dest/base/index.js.map
INFO: [ app_init ] --START--
INFO: Run Behavior\BuildLiteBehavior [ RunTime:0.000013s ]
INFO: [ app_init ] --END-- [ RunTime:0.000684s ]
ERR: Êó†Ê≥ïÂä†ËΩΩÊ®°Âùó:Public

ä†ËΩΩÊ®°Âùó:Public

[ 2018-12-27T09:16:25+08:00 ] ::1 /phpText/ZGXG/ZGXG1/thinkphp_3.2.3/Public/static/ravenjs/3.7.0/raven.min.js.map
INFO: [ app_init ] --START--
INFO: Run Behavior\BuildLiteBehavior [ RunTime:0.000012s ]
INFO: [ app_init ] --END-- [ RunTime:0.000473s ]
ERR: Êó†Ê≥ïÂä†ËΩΩÊ®°Âùó:Public

[ 2018-12-27T09:16:30+08:00 ] ::1 /phpText/ZGXG/ZGXG1/thinkphp_3.2.3/Public/static/zeroclipboard/2.2.0/ZeroClipboard.min.map
INFO: [ app_init ] --START--
INFO: Run Behavior\BuildLiteBehavior [ RunTime:0.000022s ]
INFO: [ app_init ] --END-- [ RunTime:0.000530s ]
ERR: Êó†Ê≥ïÂä†ËΩΩÊ®°Âùó:Public

[ 2018-12-27T09:16:30+08:00 ] ::1 /phpText/ZGXG/ZGXG1/thinkphp_3.2.3/Public/app/dest/base/index.js.map
INFO: [ app_init ] --START--
INFO: Run Behavior\BuildLiteBehavior [ RunTime:0.000021s ]
INFO: [ app_init ] --END-- [ RunTime:0.001399s ]
ERR: Êó†Ê≥ïÂä†ËΩΩÊ®°Âùó:Public

[ 2018-12-27T09:16:30+08:00 ] ::1 /phpText/ZGXG/ZGXG1/thinkphp_3.2.3/Public/static/ravenjs/3.7.0/raven.min.js.map
INFO: [ app_init ] --START--
INFO: Run Behavior\BuildLiteBehavior [ RunTime:0.000016s ]
INFO: [ app_init ] --END-- [ RunTime:0.000825s ]
ERR: Êó†Ê≥ïÂä†ËΩΩÊ®°Âùó:Public

[ 2018-12-27T09:24:19+08:00 ] ::1 /phpText/ZGXG/ZGXG1/thinkphp_3.2.3/Public/app/dest/base/index.js.map
INFO: [ app_init ] --START--
INFO: Run Behavior\BuildLiteBehavior [ RunTime:0.000034s ]
INFO: [ app_init ] --END-- [ RunTime:0.000903s ]
ERR: Êó†Ê≥ïÂä†ËΩΩÊ®°Âùó:Public

[ 2018-12-27T09:24:19+08:00 ] ::1 /phpText/ZGXG/ZGXG1/thinkphp_3.2.3/Public/static/zeroclipboard/2.2.0/ZeroClipboard.min.map
INFO: [ app_init ] --START--
INFO: Run Behavior\BuildLiteBehavior [ RunTime:0.000017s ]
INFO: [ app_init ] --END-- [ RunTime:0.000774s ]
ERR: Êó†Ê≥ïÂä†ËΩΩÊ®°Âùó:Public

[ 2018-12-27T09:26:06+08:00 ] ::1 /phpText/ZGXG/ZGXG1/thinkphp_3.2.3/Public/static/ravenjs/3.7.0/raven.min.js.map
INFO: [ app_init ] --START--
INFO: Run Behavior\BuildLiteBehavior [ RunTime:0.000027s ]
INFO: [ app_init ] --END-- [ RunTime:0.000945s ]
ERR: Êó†Ê≥ïÂä†ËΩΩÊ®°Âùó:Public

[ 2018-12-27T09:26:06+08:00 ] ::1 /phpText/ZGXG/ZGXG1/thinkphp_3.2.3/Public/static/zeroclipboard/2.2.0/ZeroClipboard.min.map
INFO: [ app_init ] --START--
INFO: Run Behavior\BuildLiteBehavior [ RunTime:0.000147s ]
INFO: [ app_init ] --END-- [ RunTime:0.002058s ]
ERR: Êó†Ê≥ïÂä†ËΩΩÊ®°Âùó:Public

[ 2018-12-27T09:26:07+08:00 ] ::1 /phpText/ZGXG/ZGXG1/thinkphp_3.2.3/img/2
INFO: [ app_init ] --START--
INFO: Run Behavior\BuildLiteBehavior [ RunTime:0.000022s ]
INFO: [ app_init ] --END-- [ RunTime:0.001168s ]
ERR: Êó†Ê≥ïÂä†ËΩΩÊ®°Âùó:Img

[ 2018-12-27T09:26:07+08:00 ] ::1 /phpText/ZGXG/ZGXG1/thinkphp_3.2.3/img/%EF%BF%BD
INFO: [ app_init ] --START--
INFO: Run Behavior\BuildLiteBehavior [ RunTime:0.000033s ]
INFO: [ app_init ] --END-- [ RunTime:0.000655s ]
ERR: Êó†Ê≥ïÂä†ËΩΩÊ®°Âùó:Img

[ 2018-12-27T09:26:07+08:00 ] ::1 /phpText/ZGXG/ZGXG1/thinkphp_3.2.3/img/2
INFO: [ app_init ] --START--
INFO: Run Behavior\BuildLiteBehavior [ RunTime:0.000012s ]
INFO: [ app_init ] --END-- [ RunTime:0.000419s ]
ERR: Êó†Ê≥ïÂä†ËΩΩÊ®°Âùó:Img

[ 2018-12-27T09:26:08+08:00 ] ::1 /phpText/ZGXG/ZGXG1/thinkphp_3.2.3/Public/static/zeroclipboard/2.2.0/ZeroClipboard.min.map
INFO: [ app_init ] --START--
INFO: Run Behavior\BuildLiteBehavior [ RunTime:0.000019s ]
INFO: [ app_init ] --END-- [ RunTime:0.000597s ]
ERR: Êó†Ê≥ïÂä†ËΩΩÊ®°Âùó:Public

[ 2018-12-27T09:26:08+08:00 ] ::1 /phpText/ZGXG/ZGXG1/thinkphp_3.2.3/Public/static/ravenjs/3.7.0/raven.min.js.map
INFO: [ app_init ] --START--
INFO: Run Behavior\BuildLiteBehavior [ RunTime:0.000017s ]
INFO: [ app_init ] --END-- [ RunTime:0.000580s ]
ERR: Êó†Ê≥ïÂä†ËΩΩÊ®°Âùó:Public

[ 2018-12-27T09:26:55+08:00 ] ::1 /phpText/ZGXG/ZGXG1/thinkphp_3.2.3/Public/static/ravenjs/3.7.0/raven.min.js.map
INFO: [ app_init ] --START--
INFO: Run Behavior\BuildLiteBehavior [ RunTime:0.000022s ]
INFO: [ app_init ] --END-- [ RunTime:0.000708s ]
ERR: Êó†Ê≥ïÂä†ËΩΩÊ®°Âùó:Public

[ 2018-12-27T09:26:55+08:00 ] ::1 /phpText/ZGXG/ZGXG1/thinkphp_3.2.3/Public/static/zeroclipboard/2.2.0/ZeroClipboard.min.map
INFO: [ app_init ] --START--
INFO: Run Behavior\BuildLiteBehavior [ RunTime:0.000020s ]
INFO: [ app_init ] --END-- [ RunTime:0.000854s ]
ERR: Êó†Ê≥ïÂä†ËΩΩÊ®°Âùó:Public

[ 2018-12-27T09:27:25+08:00 ] ::1 /phpText/ZGXG/ZGXG1/thinkphp_3.2.3/Public/static/ravenjs/3.7.0/raven.min.js.map
INFO: [ app_init ] --START--
INFO: Run Behavior\BuildLiteBehavior [ RunTime:0.000023s ]
INFO: [ app_init ] --END-- [ RunTime:0.000789s ]
ERR: Êó†Ê≥ïÂä†ËΩΩÊ®°Âùó:Public

[ 2018-12-27T09:27:25+08:00 ] ::1 /phpText/ZGXG/ZGXG1/thinkphp_3.2.3/Public/static/zeroclipboard/2.2.0/ZeroClipboard.min.map
INFO: [ app_init ] --START--
INFO: Run Behavior\BuildLiteBehavior [ RunTime:0.000022s ]
INFO: [ app_init ] --END-- [ RunTime:0.001232s ]
ERR: Êó†Ê≥ïÂä†ËΩΩÊ®°Âùó:Public

[ 2018-12-27T09:27:44+08:00 ] ::1 /phpText/ZGXG/ZGXG1/thinkphp_3.2.3/Public/static/zeroclipboard/2.2.0/ZeroClipboard.min.map
INFO: [ app_init ] --START--
INFO: Run Behavior\BuildLiteBehavior [ RunTime:0.000033s ]
INFO: [ app_init ] --END-- [ RunTime:0.001245s ]
ERR: Êó†Ê≥ïÂä†ËΩΩÊ®°Âùó:Public

[ 2018-12-27T09:27:44+08:00 ] ::1 /phpText/ZGXG/ZGXG1/thinkphp_3.2.3/Public/static/ravenjs/3.7.0/raven.min.js.map
INFO: [ app_init ] --START--
INFO: Run Behavior\BuildLiteBehavior [ RunTime:0.000055s ]
INFO: [ app_init ] --END-- [ RunTime:0.000635s ]
ERR: Êó†Ê≥ïÂä†ËΩΩÊ®°Âùó:Public

[ 2018-12-27T09:27:53+08:00 ] ::1 /phpText/ZGXG/ZGXG1/thinkphp_3.2.3/Public/static/zeroclipboard/2.2.0/ZeroClipboard.min.map
INFO: [ app_init ] --START--
INFO: Run Behavior\BuildLiteBehavior [ RunTime:0.000018s ]
INFO: [ app_init ] --END-- [ RunTime:0.000620s ]
ERR: Êó†Ê≥ïÂä†ËΩΩÊ®°Âùó:Public

[ 2018-12-27T09:27:53+08:00 ] ::1 /phpText/ZGXG/ZGXG1/thinkphp_3.2.3/Public/static/ravenjs/3.7.0/raven.min.js.map
INFO: [ app_init ] --START--
INFO: Run Behavior\BuildLiteBehavior [ RunTime:0.000039s ]
INFO: [ app_init ] --END-- [ RunTime:0.001235s ]
ERR: Êó†Ê≥ïÂä†ËΩΩÊ®°Âùó:Public

[ 2018-12-27T09:45:17+08:00 ] ::1 /phpText/ZGXG/ZGXG1/thinkphp_3.2.3/Public/static/ravenjs/3.7.0/raven.min.js.map
INFO: [ app_init ] --START--
INFO: Run Behavior\BuildLiteBehavior [ RunTime:0.000013s ]
INFO: [ app_init ] --END-- [ RunTime:0.000445s ]
ERR: Êó†Ê≥ïÂä†ËΩΩÊ®°Âùó:Public

[ 2018-12-27T09:45:17+08:00 ] ::1 /phpText/ZGXG/ZGXG1/thinkphp_3.2.3/Public/static/zeroclipboard/2.2.0/ZeroClipboard.min.map
INFO: [ app_init ] --START--
INFO: Run Behavior\BuildLiteBehavior [ RunTime:0.000022s ]
INFO: [ app_init ] --END-- [ RunTime:0.000975s ]
ERR: Êó†Ê≥ïÂä†ËΩΩÊ®°Âùó:Public

[ 2018-12-27T15:01:05+08:00 ] ::1 /phpText/ZGXG/ZGXG1/thinkphp_3.2.3/Public/static/ravenjs/3.7.0/raven.min.js.map
INFO: [ app_init ] --START--
INFO: Run Behavior\BuildLiteBehavior [ RunTime:0.000011s ]
INFO: [ app_init ] --END-- [ RunTime:0.000552s ]
ERR: Êó†Ê≥ïÂä†ËΩΩÊ®°Âùó:Public

:Public

[ 2018-12-27T15:01:27+08:00 ] ::1 /phpText/ZGXG/ZGXG1/thinkphp_3.2.3/Public/static/zeroclipboard/2.2.0/ZeroClipboard.min.map
INFO: [ app_init ] --START--
INFO: Run Behavior\BuildLiteBehavior [ RunTime:0.000025s ]
INFO: [ app_init ] --END-- [ RunTime:0.000933s ]
ERR: Êó†Ê≥ïÂä†ËΩΩÊ®°Âùó:Public

[ 2018-12-27T15:01:27+08:00 ] ::1 /phpText/ZGXG/ZGXG1/thinkphp_3.2.3/Public/static/ravenjs/3.7.0/raven.min.js.map
INFO: [ app_init ] --START--
INFO: Run Behavior\BuildLiteBehavior [ RunTime:0.000014s ]
INFO: [ app_init ] --END-- [ RunTime:0.000565s ]
ERR: Êó†Ê≥ïÂä†ËΩΩÊ®°Âùó:Public

[ 2018-12-27T15:01:28+08:00 ] ::1 /phpText/ZGXG/ZGXG1/thinkphp_3.2.3/Public/app/css/tab.css
INFO: [ app_init ] --START--
INFO: Run Behavior\BuildLiteBehavior [ RunTime:0.000025s ]
INFO: [ app_init ] --END-- [ RunTime:0.001517s ]
ERR: Êó†Ê≥ïÂä†ËΩΩÊ®°Âùó:Public

[ 2018-12-27T15:01:28+08:00 ] ::1 /phpText/ZGXG/ZGXG1/thinkphp_3.2.3/Public/css/course.css
INFO: [ app_init ] --START--
INFO: Run Behavior\BuildLiteBehavior [ RunTime:0.000031s ]
INFO: [ app_init ] --END-- [ RunTime:0.000963s ]
ERR: Êó†Ê≥ïÂä†ËΩΩÊ®°Âùó:Public

[ 2018-12-27T15:01:28+08:00 ] ::1 /phpText/ZGXG/ZGXG1/thinkphp_3.2.3/Public/app/css/register-login.css
INFO: [ app_init ] --START--
INFO: Run Behavior\BuildLiteBehavior [ RunTime:0.000021s ]
INFO: [ app_init ] --END-- [ RunTime:0.000739s ]
ERR: Êó†Ê≥ïÂä†ËΩΩÊ®°Âùó:Public

[ 2018-12-27T15:01:28+08:00 ] ::1 /phpText/ZGXG/ZGXG1/thinkphp_3.2.3/Public/css/main.css
INFO: [ app_init ] --START--
INFO: Run Behavior\BuildLiteBehavior [ RunTime:0.000072s ]
INFO: [ app_init ] --END-- [ RunTime:0.001054s ]
ERR: Êó†Ê≥ïÂä†ËΩΩÊ®°Âùó:Public

[ 2018-12-27T15:01:28+08:00 ] ::1 /phpText/ZGXG/ZGXG1/thinkphp_3.2.3/Public/app/js/jquery.tabs.js
INFO: [ app_init ] --START--
INFO: Run Behavior\BuildLiteBehavior [ RunTime:0.000030s ]
INFO: [ app_init ] --END-- [ RunTime:0.001013s ]
ERR: Êó†Ê≥ïÂä†ËΩΩÊ®°Âùó:Public

[ 2018-12-27T15:01:28+08:00 ] ::1 /phpText/ZGXG/ZGXG1/thinkphp_3.2.3/Public/app/js/mine.js
INFO: [ app_init ] --START--
INFO: Run Behavior\BuildLiteBehavior [ RunTime:0.000024s ]
INFO: [ app_init ] --END-- [ RunTime:0.000648s ]
ERR: Êó†Ê≥ïÂä†ËΩΩÊ®°Âùó:Public

[ 2018-12-27T15:01:29+08:00 ] ::1 /phpText/ZGXG/ZGXG1/thinkphp_3.2.3/Public/app/css/tab.css
INFO: [ app_init ] --START--
INFO: Run Behavior\BuildLiteBehavior [ RunTime:0.000021s ]
INFO: [ app_init ] --END-- [ RunTime:0.000605s ]
ERR: Êó†Ê≥ïÂä†ËΩΩÊ®°Âùó:Public

[ 2018-12-27T15:01:29+08:00 ] ::1 /phpText/ZGXG/ZGXG1/thinkphp_3.2.3/Public/app/js/jquery.tabs.js
INFO: [ app_init ] --START--
INFO: Run Behavior\BuildLiteBehavior [ RunTime:0.000065s ]
INFO: [ app_init ] --END-- [ RunTime:0.000542s ]
ERR: Êó†Ê≥ïÂä†ËΩΩÊ®°Âùó:Public

[ 2018-12-27T15:01:29+08:00 ] ::1 /phpText/ZGXG/ZGXG1/thinkphp_3.2.3/Public/app/js/mine.js
INFO: [ app_init ] --START--
INFO: Run Behavior\BuildLiteBehavior [ RunTime:0.000014s ]
INFO: [ app_init ] --END-- [ RunTime:0.000491s ]
ERR: Êó†Ê≥ïÂä†ËΩΩÊ®°Âùó:Public

[ 2018-12-27T15:02:53+08:00 ] ::1 /phpText/ZGXG/ZGXG1/thinkphp_3.2.3/Public/static/ravenjs/3.7.0/raven.min.js.map
INFO: [ app_init ] --START--
INFO: Run Behavior\BuildLiteBehavior [ RunTime:0.000026s ]
INFO: [ app_init ] --END-- [ RunTime:0.000646s ]
ERR: Êó†Ê≥ïÂä†ËΩΩÊ®°Âùó:Public

[ 2018-12-27T15:02:53+08:00 ] ::1 /phpText/ZGXG/ZGXG1/thinkphp_3.2.3/Public/static/zeroclipboard/2.2.0/ZeroClipboard.min.map
INFO: [ app_init ] --START--
INFO: Run Behavior\BuildLiteBehavior [ RunTime:0.000020s ]
INFO: [ app_init ] --END-- [ RunTime:0.000650s ]
ERR: Êó†Ê≥ïÂä†ËΩΩÊ®°Âùó:Public

[ 2018-12-27T15:19:19+08:00 ] ::1 /phpText/ZGXG/ZGXG1/thinkphp_3.2.3/Public/static/zeroclipboard/2.2.0/ZeroClipboard.min.map
INFO: [ app_init ] --START--
INFO: Run Behavior\BuildLiteBehavior [ RunTime:0.000012s ]
INFO: [ app_init ] --END-- [ RunTime:0.032996s ]
ERR: Êó†Ê≥ïÂä†ËΩΩÊ®°Âùó:Public

[ 2018-12-27T15:21:09+08:00 ] ::1 /phpText/ZGXG/ZGXG1/thinkphp_3.2.3/Public/static/zeroclipboard/2.2.0/ZeroClipboard.min.map
INFO: [ app_init ] --START--
INFO: Run Behavior\BuildLiteBehavior [ RunTime:0.000011s ]
INFO: [ app_init ] --END-- [ RunTime:0.000517s ]
ERR: Êó†Ê≥ïÂä†ËΩΩÊ®°Âùó:Public

[ 2018-12-27T15:21:09+08:00 ] ::1 /phpText/ZGXG/ZGXG1/thinkphp_3.2.3/Public/static/ravenjs/3.7.0/raven.min.js.map
INFO: [ app_init ] --START--
INFO: Run Behavior\BuildLiteBehavior [ RunTime:0.000014s ]
INFO: [ app_init ] --END-- [ RunTime:0.000519s ]
ERR: Êó†Ê≥ïÂä†ËΩΩÊ®°Âùó:Public

[ 2018-12-27T15:23:43+08:00 ] ::1 /phpText/ZGXG/ZGXG1/thinkphp_3.2.3/Public/static/zeroclipboard/2.2.0/ZeroClipboard.min.map
INFO: [ app_init ] --START--
INFO: Run Behavior\BuildLiteBehavior [ RunTime:0.000016s ]
INFO: [ app_init ] --END-- [ RunTime:0.001020s ]
ERR: Êó†Ê≥ïÂä†ËΩΩÊ®°Âùó:Public

[ 2018-12-27T15:23:43+08:00 ] ::1 /phpText/ZGXG/ZGXG1/thinkphp_3.2.3/Public/static/ravenjs/3.7.0/raven.min.js.map
INFO: [ app_init ] --START--
INFO: Run Behavior\BuildLiteBehavior [ RunTime:0.000063s ]
INFO: [ app_init ] --END-- [ RunTime:0.000993s ]
ERR: Êó†Ê≥ïÂä†ËΩΩÊ®°Âùó:Public

[ 2018-12-27T15:26:49+08:00 ] ::1 /phpText/ZGXG/ZGXG1/thinkphp_3.2.3/Public/static/ravenjs/3.7.0/raven.min.js.map
INFO: [ app_init ] --START--
INFO: Run Behavior\BuildLiteBehavior [ RunTime:0.000015s ]
INFO: [ app_init ] --END-- [ RunTime:0.000578s ]
ERR: Êó†Ê≥ïÂä†ËΩΩÊ®°Âùó:Public

[ 2018-12-27T15:26:49+08:00 ] ::1 /phpText/ZGXG/ZGXG1/thinkphp_3.2.3/Public/static/zeroclipboard/2.2.0/ZeroClipboard.min.map
INFO: [ app_init ] --START--
INFO: Run Behavior\BuildLiteBehavior [ RunTime:0.000016s ]
INFO: [ app_init ] --END-- [ RunTime:0.000821s ]
ERR: Êó†Ê≥ïÂä†ËΩΩÊ®°Âùó:Public

[ 2018-12-27T15:33:30+08:00 ] ::1 /phpText/ZGXG/ZGXG1/thinkphp_3.2.3/Public/static/zeroclipboard/2.2.0/ZeroClipboard.min.map
INFO: [ app_init ] --START--
INFO: Run Behavior\BuildLiteBehavior [ RunTime:0.000027s ]
INFO: [ app_init ] --END-- [ RunTime:0.001015s ]
ERR: Êó†Ê≥ïÂä†ËΩΩÊ®°Âùó:Public

[ 2018-12-27T15:33:30+08:00 ] ::1 /phpText/ZGXG/ZGXG1/thinkphp_3.2.3/Public/static/ravenjs/3.7.0/raven.min.js.map
INFO: [ app_init ] --START--
INFO: Run Behavior\BuildLiteBehavior [ RunTime:0.000014s ]
INFO: [ app_init ] --END-- [ RunTime:0.000812s ]
ERR: Êó†Ê≥ïÂä†ËΩΩÊ®°Âùó:Public

[ 2018-12-27T15:34:16+08:00 ] ::1 /phpText/ZGXG/ZGXG1/thinkphp_3.2.3/Public/static/zeroclipboard/2.2.0/ZeroClipboard.min.map
INFO: [ app_init ] --START--
INFO: Run Behavior\BuildLiteBehavior [ RunTime:0.000053s ]
INFO: [ app_init ] --END-- [ RunTime:0.001907s ]
ERR: Êó†Ê≥ïÂä†ËΩΩÊ®°Âùó:Public

[ 2018-12-27T15:34:16+08:00 ] ::1 /phpText/ZGXG/ZGXG1/thinkphp_3.2.3/Public/static/ravenjs/3.7.0/raven.min.js.map
INFO: [ app_init ] --START--
INFO: Run Behavior\BuildLiteBehavior [ RunTime:0.000013s ]
INFO: [ app_init ] --END-- [ RunTime:0.000575s ]
ERR: Êó†Ê≥ïÂä†ËΩΩÊ®°Âùó:Public

[ 2018-12-27T15:36:41+08:00 ] ::1 /phpText/ZGXG/ZGXG1/thinkphp_3.2.3/Public/static/zeroclipboard/2.2.0/ZeroClipboard.min.map
INFO: [ app_init ] --START--
INFO: Run Behavior\BuildLiteBehavior [ RunTime:0.000018s ]
INFO: [ app_init ] --END-- [ RunTime:0.000589s ]
ERR: Êó†Ê≥ïÂä†ËΩΩÊ®°Âùó:Public

[ 2018-12-27T15:36:41+08:00 ] ::1 /phpText/ZGXG/ZGXG1/thinkphp_3.2.3/Public/static/ravenjs/3.7.0/raven.min.js.map
INFO: [ app_init ] --START--
INFO: Run Behavior\BuildLiteBehavior [ RunTime:0.000027s ]
INFO: [ app_init ] --END-- [ RunTime:0.000785s ]
ERR: Êó†Ê≥ïÂä†ËΩΩÊ®°Âùó:Public

[ 2018-12-27T15:37:00+08:00 ] ::1 /phpText/ZGXG/ZGXG1/thinkphp_3.2.3/Public/app/css/register-login.css
INFO: [ app_init ] --START--
INFO: Run Behavior\BuildLiteBehavior [ RunTime:0.000018s ]
INFO: [ app_init ] --END-- [ RunTime:0.000619s ]
ERR: Êó†Ê≥ïÂä†ËΩΩÊ®°Âùó:Public

[ 2018-12-27T15:37:00+08:00 ] ::1 /phpText/ZGXG/ZGXG1/thinkphp_3.2.3/Public/app/css/tab.css
INFO: [ app_init ] --START--
INFO: Run Behavior\BuildLiteBehavior [ RunTime:0.000019s ]
INFO: [ app_init ] --END-- [ RunTime:0.000875s ]
ERR: Êó†Ê≥ïÂä†ËΩΩÊ®°Âùó:Public

[ 2018-12-27T15:37:02+08:00 ] ::1 /phpText/ZGXG/ZGXG1/thinkphp_3.2.3/Public/static/ravenjs/3.7.0/raven.min.js.map
INFO: [ app_init ] --START--
INFO: Run Behavior\BuildLiteBehavior [ RunTime:0.000025s ]
INFO: [ app_init ] --END-- [ RunTime:0.000830s ]
ERR: Êó†Ê≥ïÂä†ËΩΩÊ®°Âùó:Public

[ 2018-12-27T15:37:02+08:00 ] ::1 /phpText/ZGXG/ZGXG1/thinkphp_3.2.3/Public/static/zeroclipboard/2.2.0/ZeroClipboard.min.map
INFO: [ app_init ] --START--
INFO: Run Behavior\BuildLiteBehavior [ RunTime:0.000027s ]
INFO: [ app_init ] --END-- [ RunTime:0.001034s ]
ERR: Êó†Ê≥ïÂä†ËΩΩÊ®°Âùó:Public

[ 2018-12-27T15:37:03+08:00 ] ::1 /phpText/ZGXG/ZGXG1/thinkphp_3.2.3/Public/app/css/register-login.css
INFO: [ app_init ] --START--
INFO: Run Behavior\BuildLiteBehavior [ RunTime:0.000034s ]
INFO: [ app_init ] --END-- [ RunTime:0.001431s ]
ERR: Êó†Ê≥ïÂä†ËΩΩÊ®°Âùó:Public

[ 2018-12-27T15:37:03+08:00 ] ::1 /phpText/ZGXG/ZGXG1/thinkphp_3.2.3/Public/app/css/tab.css
INFO: [ app_init ] --START--
INFO: Run Behavior\BuildLiteBehavior [ RunTime:0.000019s ]
INFO: [ app_init ] --END-- [ RunTime:0.000591s ]
ERR: Êó†Ê≥ïÂä†ËΩΩÊ®°Âùó:Public

[ 2018-12-27T15:37:04+08:00 ] ::1 /phpText/ZGXG/ZGXG1/thinkphp_3.2.3/Public/static/zeroclipboard/2.2.0/ZeroClipboard.min.map
INFO: [ app_init ] --START--
INFO: Run Behavior\BuildLiteBehavior [ RunTime:0.000029s ]
INFO: [ app_init ] --END-- [ RunTime:0.000792s ]
ERR: Êó†Ê≥ïÂä†ËΩΩÊ®°Âùó:Public

[ 2018-12-27T15:37:04+08:00 ] ::1 /phpText/ZGXG/ZGXG1/thinkphp_3.2.3/Public/static/ravenjs/3.7.0/raven.min.js.map
INFO: [ app_init ] --START--
INFO: Run Behavior\BuildLiteBehavior [ RunTime:0.000017s ]
INFO: [ app_init ] --END-- [ RunTime:0.000671s ]
ERR: Êó†Ê≥ïÂä†ËΩΩÊ®°Âùó:Public

[ 2018-12-27T15:37:52+08:00 ] ::1 /phpText/ZGXG/ZGXG1/thinkphp_3.2.3/Public/static/zeroclipboard/2.2.0/ZeroClipboard.min.map
INFO: [ app_init ] --START--
INFO: Run Behavior\BuildLiteBehavior [ RunTime:0.000018s ]
INFO: [ app_init ] --END-- [ RunTime:0.000533s ]
ERR: Êó†Ê≥ïÂä†ËΩΩÊ®°Âùó:Public

[ 2018-12-27T15:37:52+08:00 ] ::1 /phpText/ZGXG/ZGXG1/thinkphp_3.2.3/Public/static/ravenjs/3.7.0/raven.min.js.map
INFO: [ app_init ] --START--
INFO: Run Behavior\BuildLiteBehavior [ RunTime:0.000012s ]
INFO: [ app_init ] --END-- [ RunTime:0.000538s ]
ERR: Êó†Ê≥ïÂä†ËΩΩÊ®°Âùó:Public

[ 2018-12-27T15:39:17+08:00 ] ::1 /phpText/ZGXG/ZGXG1/thinkphp_3.2.3/Public/static/ravenjs/3.7.0/raven.min.js.map
INFO: [ app_init ] --START--
INFO: Run Behavior\BuildLiteBehavior [ RunTime:0.000026s ]
INFO: [ app_init ] --END-- [ RunTime:0.000614s ]
ERR: Êó†Ê≥ïÂä†ËΩΩÊ®°Âùó:Public

[ 2018-12-27T15:39:17+08:00 ] ::1 /phpText/ZGXG/ZGXG1/thinkphp_3.2.3/Public/static/zeroclipboard/2.2.0/ZeroClipboard.min.map
INFO: [ app_init ] --START--
INFO: Run Behavior\BuildLiteBehavior [ RunTime:0.000011s ]
INFO: [ app_init ] --END-- [ RunTime:0.000481s ]
ERR: Êó†Ê≥ïÂä†ËΩΩÊ®°Âùó:Public

[ 2018-12-27T15:39:37+08:00 ] ::1 /phpText/ZGXG/ZGXG1/thinkphp_3.2.3/Public/static/zeroclipboard/2.2.0/ZeroClipboard.min.map
INFO: [ app_init ] --START--
INFO: Run Behavior\BuildLiteBehavior [ RunTime:0.000074s ]
INFO: [ app_init ] --END-- [ RunTime:0.001815s ]
ERR: Êó†Ê≥ïÂä†ËΩΩÊ®°Âùó:Public

[ 2018-12-27T15:39:37+08:00 ] ::1 /phpText/ZGXG/ZGXG1/thinkphp_3.2.3/Public/static/ravenjs/3.7.0/raven.min.js.map
INFO: [ app_init ] --START--
INFO: Run Behavior\BuildLiteBehavior [ RunTime:0.000070s ]
INFO: [ app_init ] --END-- [ RunTime:0.002930s ]
ERR: Êó†Ê≥ïÂä†ËΩΩÊ®°Âùó:Public

[ 2018-12-27T15:39:53+08:00 ] ::1 /phpText/ZGXG/ZGXG1/thinkphp_3.2.3/Public/static/ravenjs/3.7.0/raven.min.js.map
INFO: [ app_init ] --START--
INFO: Run Behavior\BuildLiteBehavior [ RunTime:0.000018s ]
INFO: [ app_init ] --END-- [ RunTime:0.000583s ]
ERR: Êó†Ê≥ïÂä†ËΩΩÊ®°Âùó:Public

[ 2018-12-27T15:39:53+08:00 ] ::1 /phpText/ZGXG/ZGXG1/thinkphp_3.2.3/Public/static/zeroclipboard/2.2.0/ZeroClipboard.min.map
INFO: [ app_init ] --START--
INFO: Run Behavior\BuildLiteBehavior [ RunTime:0.000022s ]
INFO: [ app_init ] --END-- [ RunTime:0.001563s ]
ERR: Êó†Ê≥ïÂä†ËΩΩÊ®°Âùó:Public

[ 2018-12-27T15:40:16+08:00 ] ::1 /phpText/ZGXG/ZGXG1/thinkphp_3.2.3/Public/static/zeroclipboard/2.2.0/ZeroClipboard.min.map
INFO: [ app_init ] --START--
INFO: Run Behavior\BuildLiteBehavior [ RunTime:0.000030s ]
INFO: [ app_init ] --END-- [ RunTime:0.000849s ]
ERR: Êó†Ê≥ïÂä†ËΩΩÊ®°Âùó:Public

[ 2018-12-27T15:40:16+08:00 ] ::1 /phpText/ZGXG/ZGXG1/thinkphp_3.2.3/Public/static/ravenjs/3.7.0/raven.min.js.map
INFO: [ app_init ] --START--
INFO: Run Behavior\BuildLiteBehavior [ RunTime:0.000023s ]
INFO: [ app_init ] --END-- [ RunTime:0.001266s ]
ERR: Êó†Ê≥ïÂä†ËΩΩÊ®°Âùó:Public

[ 2018-12-27T15:40:36+08:00 ] ::1 /phpText/ZGXG/ZGXG1/thinkphp_3.2.3/Public/static/zeroclipboard/2.2.0/ZeroClipboard.min.map
INFO: [ app_init ] --START--
INFO: Run Behavior\BuildLiteBehavior [ RunTime:0.000032s ]
INFO: [ app_init ] --END-- [ RunTime:0.000768s ]
ERR: Êó†Ê≥ïÂä†ËΩΩÊ®°Âùó:Public

[ 2018-12-27T15:40:36+08:00 ] ::1 /phpText/ZGXG/ZGXG1/thinkphp_3.2.3/Public/static/ravenjs/3.7.0/raven.min.js.map
INFO: [ app_init ] --START--
INFO: Run Behavior\BuildLiteBehavior [ RunTime:0.000022s ]
INFO: [ app_init ] --END-- [ RunTime:0.000729s ]
ERR: Êó†Ê≥ïÂä†ËΩΩÊ®°Âùó:Public

[ 2018-12-27T15:40:46+08:00 ] ::1 /phpText/ZGXG/ZGXG1/thinkphp_3.2.3/Public/static/ravenjs/3.7.0/raven.min.js.map
INFO: [ app_init ] --START--
INFO: Run Behavior\BuildLiteBehavior [ RunTime:0.000015s ]
INFO: [ app_init ] --END-- [ RunTime:0.000553s ]
ERR: Êó†Ê≥ïÂä†ËΩΩÊ®°Âùó:Public

[ 2018-12-27T15:40:46+08:00 ] ::1 /phpText/ZGXG/ZGXG1/thinkphp_3.2.3/Public/static/zeroclipboard/2.2.0/ZeroClipboard.min.map
INFO: [ app_init ] --START--
INFO: Run Behavior\BuildLiteBehavior [ RunTime:0.000013s ]
INFO: [ app_init ] --END-- [ RunTime:0.000487s ]
ERR: Êó†Ê≥ïÂä†ËΩΩÊ®°Âùó:Public

[ 2018-12-27T15:40:57+08:00 ] ::1 /phpText/ZGXG/ZGXG1/thinkphp_3.2.3/Public/static/ravenjs/3.7.0/raven.min.js.map
INFO: [ app_init ] --START--
INFO: Run Behavior\BuildLiteBehavior [ RunTime:0.000025s ]
INFO: [ app_init ] --END-- [ RunTime:0.000640s ]
ERR: Êó†Ê≥ïÂä†ËΩΩÊ®°Âùó:Public

[ 2018-12-27T15:40:57+08:00 ] ::1 /phpText/ZGXG/ZGXG1/thinkphp_3.2.3/Public/static/zeroclipboard/2.2.0/ZeroClipboard.min.map
INFO: [ app_init ] --START--
INFO: Run Behavior\BuildLiteBehavior [ RunTime:0.000016s ]
INFO: [ app_init ] --END-- [ RunTime:0.000629s ]
ERR: Êó†Ê≥ïÂä†ËΩΩÊ®°Âùó:Public

[ 2018-12-27T15:56:57+08:00 ] ::1 /phpText/ZGXG/ZGXG1/thinkphp_3.2.3/Public/app/css/img/icon-row.png
INFO: [ app_init ] --START--
INFO: Run Behavior\BuildLiteBehavior [ RunTime:0.000010s ]
INFO: [ app_init ] --END-- [ RunTime:0.000550s ]
ERR: Êó†Ê≥ïÂä†ËΩΩÊ®°Âùó:Public

[ 2018-12-27T15:57:58+08:00 ] ::1 /phpText/ZGXG/ZGXG1/thinkphp_3.2.3/Public/app/css/img/icon-row.png
INFO: [ app_init ] --START--
INFO: Run Behavior\BuildLiteBehavior [ RunTime:0.000023s ]
INFO: [ app_init ] --END-- [ RunTime:0.000527s ]
ERR: Êó†Ê≥ïÂä†ËΩΩÊ®°Âùó:Public

[ 2018-12-27T15:58:01+08:00 ] ::1 /phpText/ZGXG/ZGXG1/thinkphp_3.2.3/Public/app/css/img/icon-row.png
INFO: [ app_init ] --START--
INFO: Run Behavior\BuildLiteBehavior [ RunTime:0.000010s ]
INFO: [ app_init ] --END-- [ RunTime:0.000362s ]
ERR: Êó†Ê≥ïÂä†ËΩΩÊ®°Âùó:Public

[ 2018-12-27T15:58:04+08:00 ] ::1 /phpText/ZGXG/ZGXG1/thinkphp_3.2.3/Public/css/main.css
INFO: [ app_init ] --START--
INFO: Run Behavior\BuildLiteBehavior [ RunTime:0.000397s ]
INFO: [ app_init ] --END-- [ RunTime:0.001157s ]
ERR: Êó†Ê≥ïÂä†ËΩΩÊ®°Âùó:Public

[ 2018-12-27T15:58:31+08:00 ] ::1 /phpText/ZGXG/ZGXG1/thinkphp_3.2.3/Public/static/zeroclipboard/2.2.0/ZeroClipboard.min.map
INFO: [ app_init ] --START--
INFO: Run Behavior\BuildLiteBehavior [ RunTime:0.000017s ]
INFO: [ app_init ] --END-- [ RunTime:0.000490s ]
ERR: Êó†Ê≥ïÂä†ËΩΩÊ®°Âùó:Public

[ 2018-12-27T15:58:31+08:00 ] ::1 /phpText/ZGXG/ZGXG1/thinkphp_3.2.3/Public/static/ravenjs/3.7.0/raven.min.js.map
INFO: [ app_init ] --START--
INFO: Run Behavior\BuildLiteBehavior [ RunTime:0.000017s ]
INFO: [ app_init ] --END-- [ RunTime:0.000572s ]
ERR: Êó†Ê≥ïÂä†ËΩΩÊ®°Âùó:Public

[ 2018-12-27T15:58:59+08:00 ] ::1 /phpText/ZGXG/ZGXG1/thinkphp_3.2.3/Public/static/zeroclipboard/2.2.0/ZeroClipboard.min.map
INFO: [ app_init ] --START--
INFO: Run Behavior\BuildLiteBehavior [ RunTime:0.000023s ]
INFO: [ app_init ] --END-- [ RunTime:0.001277s ]
ERR: Êó†Ê≥ïÂä†ËΩΩÊ®°Âùó:Public

[ 2018-12-27T15:58:59+08:00 ] ::1 /phpText/ZGXG/ZGXG1/thinkphp_3.2.3/Public/static/ravenjs/3.7.0/raven.min.js.map
INFO: [ app_init ] --START--
INFO: Run Behavior\BuildLiteBehavior [ RunTime:0.000016s ]
INFO: [ app_init ] --END-- [ RunTime:0.000748s ]
ERR: Êó†Ê≥ïÂä†ËΩΩÊ®°Âùó:Public

[ 2018-12-27T16:12:18+08:00 ] ::1 /phpText/ZGXG/ZGXG1/thinkphp_3.2.3/Public/static/zeroclipboard/2.2.0/ZeroClipboard.min.map
INFO: [ app_init ] --START--
INFO: Run Behavior\BuildLiteBehavior [ RunTime:0.000013s ]
INFO: [ app_init ] --END-- [ RunTime:0.000492s ]
ERR: Êó†Ê≥ïÂä†ËΩΩÊ®°Âùó:Public

[ 2018-12-27T16:34:48+08:00 ] ::1 /phpText/ZGXG/ZGXG1/thinkphp_3.2.3/Public/css/jump.css
INFO: [ app_init ] --START--
INFO: Run Behavior\BuildLiteBehavior [ RunTime:0.000016s ]
INFO: [ app_init ] --END-- [ RunTime:0.000623s ]
ERR: Êó†Ê≥ïÂä†ËΩΩÊ®°Âùó:Public

[ 2018-12-27T16:34:48+08:00 ] ::1 /phpText/ZGXG/ZGXG1/thinkphp_3.2.3/Public/js/jquery.min.js
INFO: [ app_init ] --START--
INFO: Run Behavior\BuildLiteBehavior [ RunTime:0.000037s ]
INFO: [ app_init ] --END-- [ RunTime:0.000704s ]
ERR: Êó†Ê≥ïÂä†ËΩΩÊ®°Âùó:Public

[ 2018-12-27T16:37:11+08:00 ] ::1 /phpText/ZGXG/ZGXG1/thinkphp_3.2.3/Public/css/jump.css
INFO: [ app_init ] --START--
INFO: Run Behavior\BuildLiteBehavior [ RunTime:0.000023s ]
INFO: [ app_init ] --END-- [ RunTime:0.000702s ]
ERR: Êó†Ê≥ïÂä†ËΩΩÊ®°Âùó:Public

[ 2018-12-27T16:37:11+08:00 ] ::1 /phpText/ZGXG/ZGXG1/thinkphp_3.2.3/Public/js/jquery.min.js
INFO: [ app_init ] --START--
INFO: Run Behavior\BuildLiteBehavior [ RunTime:0.000012s ]
INFO: [ app_init ] --END-- [ RunTime:0.000604s ]
ERR: Êó†Ê≥ïÂä†ËΩΩÊ®°Âùó:Public

[ 2018-12-27T16:39:28+08:00 ] ::1 /phpText/ZGXG/ZGXG1/thinkphp_3.2.3/Public/js/jquery.min.js
INFO: [ app_init ] --START--
INFO: Run Behavior\BuildLiteBehavior [ RunTime:0.000027s ]
INFO: [ app_init ] --END-- [ RunTime:0.002213s ]
ERR: Êó†Ê≥ïÂä†ËΩΩÊ®°Âùó:Public

[ 2018-12-27T16:39:35+08:00 ] ::1 /phpText/ZGXG/ZGXG1/thinkphp_3.2.3/Public/js/jquery.min.js
INFO: [ app_init ] --START--
INFO: Run Behavior\BuildLiteBehavior [ RunTime:0.000020s ]
INFO: [ app_init ] --END-- [ RunTime:0.000668s ]
ERR: Êó†Ê≥ïÂä†ËΩΩÊ®°Âùó:Public

[ 2018-12-27T16:40:34+08:00 ] ::1 /phpText/ZGXG/ZGXG1/thinkphp_3.2.3/Public/js/jquery.min.js
INFO: [ app_init ] --START--
INFO: Run Behavior\BuildLiteBehavior [ RunTime:0.000012s ]
INFO: [ app_init ] --END-- [ RunTime:0.000402s ]
ERR: Êó†Ê≥ïÂä†ËΩΩÊ®°Âùó:Public

[ 2018-12-27T16:41:59+08:00 ] ::1 /phpText/ZGXG/ZGXG1/thinkphp_3.2.3/Public/js/jquery.min.js
INFO: [ app_init ] --START--
INFO: Run Behavior\BuildLiteBehavior [ RunTime:0.000018s ]
INFO: [ app_init ] --END-- [ RunTime:0.000807s ]
ERR: Êó†Ê≥ïÂä†ËΩΩÊ®°Âùó:Public

[ 2018-12-27T16:48:07+08:00 ] ::1 /phpText/ZGXG/ZGXG1/thinkphp_3.2.3/Public/static/ravenjs/3.7.0/raven.min.js.map
INFO: [ app_init ] --START--
INFO: Run Behavior\BuildLiteBehavior [ RunTime:0.000017s ]
INFO: [ app_init ] --END-- [ RunTime:0.000750s ]
ERR: Êó†Ê≥ïÂä†ËΩΩÊ®°Âùó:Public

[ 2018-12-27T16:48:07+08:00 ] ::1 /phpText/ZGXG/ZGXG1/thinkphp_3.2.3/Public/static/zeroclipboard/2.2.0/ZeroClipboard.min.map
INFO: [ app_init ] --START--
INFO: Run Behavior\BuildLiteBehavior [ RunTime:0.000019s ]
INFO: [ app_init ] --END-- [ RunTime:0.000729s ]
ERR: Êó†Ê≥ïÂä†ËΩΩÊ®°Âùó:Public

[ 2018-12-27T16:49:21+08:00 ] ::1 /phpText/ZGXG/ZGXG1/thinkphp_3.2.3/Public/static/zeroclipboard/2.2.0/ZeroClipboard.min.map
INFO: [ app_init ] --START--
INFO: Run Behavior\BuildLiteBehavior [ RunTime:0.000017s ]
INFO: [ app_init ] --END-- [ RunTime:0.000790s ]
ERR: Êó†Ê≥ïÂä†ËΩΩÊ®°Âùó:Public

[ 2018-12-27T16:49:21+08:00 ] ::1 /phpText/ZGXG/ZGXG1/thinkphp_3.2.3/Public/static/ravenjs/3.7.0/raven.min.js.map
INFO: [ app_init ] --START--
INFO: Run Behavior\BuildLiteBehavior [ RunTime:0.000027s ]
INFO: [ app_init ] --END-- [ RunTime:0.001017s ]
ERR: Êó†Ê≥ïÂä†ËΩΩÊ®°Âùó:Public

[ 2018-12-27T16:53:33+08:00 ] ::1 /phpText/ZGXG/ZGXG1/thinkphp_3.2.3/Public/static/zeroclipboard/2.2.0/ZeroClipboard.min.map
INFO: [ app_init ] --START--
INFO: Run Behavior\BuildLiteBehavior [ RunTime:0.000020s ]
INFO: [ app_init ] --END-- [ RunTime:0.000487s ]
ERR: Êó†Ê≥ïÂä†ËΩΩÊ®°Âùó:Public

[ 2018-12-27T16:53:33+08:00 ] ::1 /phpText/ZGXG/ZGXG1/thinkphp_3.2.3/Public/static/ravenjs/3.7.0/raven.min.js.map
INFO: [ app_init ] --START--
INFO: Run Behavior\BuildLiteBehavior [ RunTime:0.000038s ]
INFO: [ app_init ] --END-- [ RunTime:0.001000s ]
ERR: Êó†Ê≥ïÂä†ËΩΩÊ®°Âùó:Public

[ 2018-12-27T16:54:04+08:00 ] ::1 /phpText/ZGXG/ZGXG1/thinkphp_3.2.3/Public/static/zeroclipboard/2.2.0/ZeroClipboard.min.map
INFO: [ app_init ] --START--
INFO: Run Behavior\BuildLiteBehavior [ RunTime:0.000021s ]
INFO: [ app_init ] --END-- [ RunTime:0.000662s ]
ERR: Êó†Ê≥ïÂä†ËΩΩÊ®°Âùó:Public

[ 2018-12-27T16:54:04+08:00 ] ::1 /phpText/ZGXG/ZGXG1/thinkphp_3.2.3/Public/static/ravenjs/3.7.0/raven.min.js.map
INFO: [ app_init ] --START--
INFO: Run Behavior\BuildLiteBehavior [ RunTime:0.000018s ]
INFO: [ app_init ] --END-- [ RunTime:0.000565s ]
ERR: Êó†Ê≥ïÂä†ËΩΩÊ®°Âùó:Public

[ 2018-12-27T16:54:23+08:00 ] ::1 /phpText/ZGXG/ZGXG1/thinkphp_3.2.3/Public/static/ravenjs/3.7.0/raven.min.js.map
INFO: [ app_init ] --START--
INFO: Run Behavior\BuildLiteBehavior [ RunTime:0.000014s ]
INFO: [ app_init ] --END-- [ RunTime:0.000427s ]
ERR: Êó†Ê≥ïÂä†ËΩΩÊ®°Âùó:Public

[ 2018-12-27T16:54:23+08:00 ] ::1 /phpText/ZGXG/ZGXG1/thinkphp_3.2.3/Public/static/zeroclipboard/2.2.0/ZeroClipboard.min.map
INFO: [ app_init ] --START--
INFO: Run Behavior\BuildLiteBehavior [ RunTime:0.000012s ]
INFO: [ app_init ] --END-- [ RunTime:0.000670s ]
ERR: Êó†Ê≥ïÂä†ËΩΩÊ®°Âùó:Public

[ 2018-12-27T16:54:31+08:00 ] ::1 /phpText/ZGXG/ZGXG1/thinkphp_3.2.3/Public/static/zeroclipboard/2.2.0/ZeroClipboard.min.map
INFO: [ app_init ] --START--
INFO: Run Behavior\BuildLiteBehavior [ RunTime:0.000015s ]
INFO: [ app_init ] --END-- [ RunTime:0.000489s ]
ERR: Êó†Ê≥ïÂä†ËΩΩÊ®°Âùó:Public

[ 2018-12-27T16:54:31+08:00 ] ::1 /phpText/ZGXG/ZGXG1/thinkphp_3.2.3/Public/static/ravenjs/3.7.0/raven.min.js.map
INFO: [ app_init ] --START--
INFO: Run Behavior\BuildLiteBehavior [ RunTime:0.000022s ]
INFO: [ app_init ] --END-- [ RunTime:0.000876s ]
ERR: Êó†Ê≥ïÂä†ËΩΩÊ®°Âùó:Public

[ 2018-12-27T16:54:39+08:00 ] ::1 /phpText/ZGXG/ZGXG1/thinkphp_3.2.3/Public/static/ravenjs/3.7.0/raven.min.js.map
INFO: [ app_init ] --START--
INFO: Run Behavior\BuildLiteBehavior [ RunTime:0.000058s ]
INFO: [ app_init ] --END-- [ RunTime:0.000729s ]
ERR: Êó†Ê≥ïÂä†ËΩΩÊ®°Âùó:Public

[ 2018-12-27T16:54:39+08:00 ] ::1 /phpText/ZGXG/ZGXG1/thinkphp_3.2.3/Public/static/zeroclipboard/2.2.0/ZeroClipboard.min.map
INFO: [ app_init ] --START--
INFO: Run Behavior\BuildLiteBehavior [ RunTime:0.000019s ]
INFO: [ app_init ] --END-- [ RunTime:0.000813s ]
ERR: Êó†Ê≥ïÂä†ËΩΩÊ®°Âùó:Public

[ 2018-12-27T16:57:59+08:00 ] ::1 /phpText/ZGXG/ZGXG1/thinkphp_3.2.3/Public/static/ravenjs/3.7.0/raven.min.js.map
INFO: [ app_init ] --START--
INFO: Run Behavior\BuildLiteBehavior [ RunTime:0.000020s ]
INFO: [ app_init ] --END-- [ RunTime:0.000671s ]
ERR: Êó†Ê≥ïÂä†ËΩΩÊ®°Âùó:Public

[ 2018-12-27T16:57:59+08:00 ] ::1 /phpText/ZGXG/ZGXG1/thinkphp_3.2.3/Public/static/zeroclipboard/2.2.0/ZeroClipboard.min.map
INFO: [ app_init ] --START--
INFO: Run Behavior\BuildLiteBehavior [ RunTime:0.000020s ]
INFO: [ app_init ] --END-- [ RunTime:0.000791s ]
ERR: Êó†Ê≥ïÂä†ËΩΩÊ®°Âùó:Public

[ 2018-12-27T16:59:03+08:00 ] ::1 /phpText/ZGXG/ZGXG1/thinkphp_3.2.3/Public/static/ravenjs/3.7.0/raven.min.js.map
INFO: [ app_init ] --START--
INFO: Run Behavior\BuildLiteBehavior [ RunTime:0.000018s ]
INFO: [ app_init ] --END-- [ RunTime:0.000630s ]
ERR: Êó†Ê≥ïÂä†ËΩΩÊ®°Âùó:Public

[ 2018-12-27T16:59:03+08:00 ] ::1 /phpText/ZGXG/ZGXG1/thinkphp_3.2.3/Public/static/zeroclipboard/2.2.0/ZeroClipboard.min.map
INFO: [ app_init ] --START--
INFO: Run Behavior\BuildLiteBehavior [ RunTime:0.000024s ]
INFO: [ app_init ] --END-- [ RunTime:0.000865s ]
ERR: Êó†Ê≥ïÂä†ËΩΩÊ®°Âùó:Public

[ 2018-12-27T17:00:01+08:00 ] ::1 /phpText/ZGXG/ZGXG1/thinkphp_3.2.3/Public/static/zeroclipboard/2.2.0/ZeroClipboard.min.map
INFO: [ app_init ] --START--
INFO: Run Behavior\BuildLiteBehavior [ RunTime:0.000015s ]
INFO: [ app_init ] --END-- [ RunTime:0.000583s ]
ERR: Êó†Ê≥ïÂä†ËΩΩÊ®°Âùó:Public

[ 2018-12-27T17:00:01+08:00 ] ::1 /phpText/ZGXG/ZGXG1/thinkphp_3.2.3/Public/static/ravenjs/3.7.0/raven.min.js.map
INFO: [ app_init ] --START--
INFO: Run Behavior\BuildLiteBehavior [ RunTime:0.000024s ]
INFO: [ app_init ] --END-- [ RunTime:0.000649s ]
ERR: Êó†Ê≥ïÂä†ËΩΩÊ®°Âùó:Public

[ 2018-12-27T17:01:31+08:00 ] ::1 /phpText/ZGXG/ZGXG1/thinkphp_3.2.3/Public/static/ravenjs/3.7.0/raven.min.js.map
INFO: [ app_init ] --START--
INFO: Run Behavior\BuildLiteBehavior [ RunTime:0.000013s ]
INFO: [ app_init ] --END-- [ RunTime:0.000558s ]
ERR: Êó†Ê≥ïÂä†ËΩΩÊ®°Âùó:Public

[ 2018-12-27T17:01:31+08:00 ] ::1 /phpText/ZGXG/ZGXG1/thinkphp_3.2.3/Public/static/zeroclipboard/2.2.0/ZeroClipboard.min.map
INFO: [ app_init ] --START--
INFO: Run Behavior\BuildLiteBehavior [ RunTime:0.000033s ]
INFO: [ app_init ] --END-- [ RunTime:0.001913s ]
ERR: Êó†Ê≥ïÂä†ËΩΩÊ®°Âùó:Public

[ 2018-12-27T17:01:40+08:00 ] ::1 /phpText/ZGXG/ZGXG1/thinkphp_3.2.3/Public/static/zeroclipboard/2.2.0/ZeroClipboard.min.map
INFO: [ app_init ] --START--
INFO: Run Behavior\BuildLiteBehavior [ RunTime:0.000012s ]
INFO: [ app_init ] --END-- [ RunTime:0.000552s ]
ERR: Êó†Ê≥ïÂä†ËΩΩÊ®°Âùó:Public

[ 2018-12-27T17:01:40+08:00 ] ::1 /phpText/ZGXG/ZGXG1/thinkphp_3.2.3/Public/static/ravenjs/3.7.0/raven.min.js.map
INFO: [ app_init ] --START--
INFO: Run Behavior\BuildLiteBehavior [ RunTime:0.000018s ]
INFO: [ app_init ] --END-- [ RunTime:0.000687s ]
ERR: Êó†Ê≥ïÂä†ËΩΩÊ®°Âùó:Public

[ 2018-12-27T17:01:56+08:00 ] ::1 /phpText/ZGXG/ZGXG1/thinkphp_3.2.3/Public/static/zeroclipboard/2.2.0/ZeroClipboard.min.map
INFO: [ app_init ] --START--
INFO: Run Behavior\BuildLiteBehavior [ RunTime:0.000018s ]
INFO: [ app_init ] --END-- [ RunTime:0.000648s ]
ERR: Êó†Ê≥ïÂä†ËΩΩÊ®°Âùó:Public

[ 2018-12-27T17:01:56+08:00 ] ::1 /phpText/ZGXG/ZGXG1/thinkphp_3.2.3/Public/static/ravenjs/3.7.0/raven.min.js.map
INFO: [ app_init ] --START--
INFO: Run Behavior\BuildLiteBehavior [ RunTime:0.000023s ]
INFO: [ app_init ] --END-- [ RunTime:0.000927s ]
ERR: Êó†Ê≥ïÂä†ËΩΩÊ®°Âùó:Public

[ 2018-12-27T17:39:47+08:00 ] ::1 /phpText/ZGXG/ZGXG1/thinkphp_3.2.3/Public/static/zeroclipboard/2.2.0/ZeroClipboard.min.map
INFO: [ app_init ] --START--
INFO: Run Behavior\BuildLiteBehavior [ RunTime:0.000014s ]
INFO: [ app_init ] --END-- [ RunTime:0.000665s ]
ERR: Êó†Ê≥ïÂä†ËΩΩÊ®°Âùó:Public

[ 2018-12-27T17:39:47+08:00 ] ::1 /phpText/ZGXG/ZGXG1/thinkphp_3.2.3/Public/static/ravenjs/3.7.0/raven.min.js.map
INFO: [ app_init ] --START--
INFO: Run Behavior\BuildLiteBehavior [ RunTime:0.000019s ]
INFO: [ app_init ] --END-- [ RunTime:0.000760s ]
ERR: Êó†Ê≥ïÂä†ËΩΩÊ®°Âùó:Public

[ 2018-12-27T17:40:29+08:00 ] ::1 /phpText/ZGXG/ZGXG1/thinkphp_3.2.3/Public/static/zeroclipboard/2.2.0/ZeroClipboard.min.map
INFO: [ app_init ] --START--
INFO: Run Behavior\BuildLiteBehavior [ RunTime:0.000020s ]
INFO: [ app_init ] --END-- [ RunTime:0.000708s ]
ERR: Êó†Ê≥ïÂä†ËΩΩÊ®°Âùó:Public

[ 2018-12-27T17:40:29+08:00 ] ::1 /phpText/ZGXG/ZGXG1/thinkphp_3.2.3/Public/static/ravenjs/3.7.0/raven.min.js.map
INFO: [ app_init ] --START--
INFO: Run Behavior\BuildLiteBehavior [ RunTime:0.000011s ]
INFO: [ app_init ] --END-- [ RunTime:0.000539s ]
ERR: Êó†Ê≥ïÂä†ËΩΩÊ®°Âùó:Public

[ 2018-12-27T17:44:46+08:00 ] ::1 /phpText/ZGXG/ZGXG1/thinkphp_3.2.3/Public/static/zeroclipboard/2.2.0/ZeroClipboard.min.map
INFO: [ app_init ] --START--
INFO: Run Behavior\BuildLiteBehavior [ RunTime:0.000035s ]
INFO: [ app_init ] --END-- [ RunTime:0.000679s ]
ERR: Êó†Ê≥ïÂä†ËΩΩÊ®°Âùó:Public

[ 2018-12-27T17:44:46+08:00 ] ::1 /phpText/ZGXG/ZGXG1/thinkphp_3.2.3/Public/static/ravenjs/3.7.0/raven.min.js.map
INFO: [ app_init ] --START--
INFO: Run Behavior\BuildLiteBehavior [ RunTime:0.000019s ]
INFO: [ app_init ] --END-- [ RunTime:0.000583s ]
ERR: Êó†Ê≥ïÂä†ËΩΩÊ®°Âùó:Public

[ 2018-12-27T17:46:03+08:00 ] ::1 /phpText/ZGXG/ZGXG1/thinkphp_3.2.3/Public/static/zeroclipboard/2.2.0/ZeroClipboard.min.map
INFO: [ app_init ] --START--
INFO: Run Behavior\BuildLiteBehavior [ RunTime:0.000018s ]
INFO: [ app_init ] --END-- [ RunTime:0.000609s ]
ERR: Êó†Ê≥ïÂä†ËΩΩÊ®°Âùó:Public

[ 2018-12-27T17:46:03+08:00 ] ::1 /phpText/ZGXG/ZGXG1/thinkphp_3.2.3/Public/static/ravenjs/3.7.0/raven.min.js.map
INFO: [ app_init ] --START--
INFO: Run Behavior\BuildLiteBehavior [ RunTime:0.000019s ]
INFO: [ app_init ] --END-- [ RunTime:0.000725s ]
ERR: Êó†Ê≥ïÂä†ËΩΩÊ®°Âùó:Public

[ 2018-12-27T17:46:17+08:00 ] ::1 /phpText/ZGXG/ZGXG1/thinkphp_3.2.3/Public/static/ravenjs/3.7.0/raven.min.js.map
INFO: [ app_init ] --START--
INFO: Run Behavior\BuildLiteBehavior [ RunTime:0.000016s ]
INFO: [ app_init ] --END-- [ RunTime:0.000452s ]
ERR: Êó†Ê≥ïÂä†ËΩΩÊ®°Âùó:Public

[ 2018-12-27T17:46:17+08:00 ] ::1 /phpText/ZGXG/ZGXG1/thinkphp_3.2.3/Public/static/zeroclipboard/2.2.0/ZeroClipboard.min.map
INFO: [ app_init ] --START--
INFO: Run Behavior\BuildLiteBehavior [ RunTime:0.000020s ]
INFO: [ app_init ] --END-- [ RunTime:0.000824s ]
ERR: Êó†Ê≥ïÂä†ËΩΩÊ®°Âùó:Public

[ 2018-12-27T17:50:37+08:00 ] ::1 /phpText/ZGXG/ZGXG1/thinkphp_3.2.3/Public/static/zeroclipboard/2.2.0/ZeroClipboard.min.map
INFO: [ app_init ] --START--
INFO: Run Behavior\BuildLiteBehavior [ RunTime:0.000017s ]
INFO: [ app_init ] --END-- [ RunTime:0.000575s ]
ERR: Êó†Ê≥ïÂä†ËΩΩÊ®°Âùó:Public

[ 2018-12-27T17:50:37+08:00 ] ::1 /phpText/ZGXG/ZGXG1/thinkphp_3.2.3/Public/static/ravenjs/3.7.0/raven.min.js.map
INFO: [ app_init ] --START--
INFO: Run Behavior\BuildLiteBehavior [ RunTime:0.000027s ]
INFO: [ app_init ] --END-- [ RunTime:0.000750s ]
ERR: Êó†Ê≥ïÂä†ËΩΩÊ®°Âùó:Public

[ 2018-12-27T17:52:52+08:00 ] ::1 /phpText/ZGXG/ZGXG1/thinkphp_3.2.3/Public/static/ravenjs/3.7.0/raven.min.js.map
INFO: [ app_init ] --START--
INFO: Run Behavior\BuildLiteBehavior [ RunTime:0.000016s ]
INFO: [ app_init ] --END-- [ RunTime:0.000654s ]
ERR: Êó†Ê≥ïÂä†ËΩΩÊ®°Âùó:Public

[ 2018-12-27T17:52:52+08:00 ] ::1 /phpText/ZGXG/ZGXG1/thinkphp_3.2.3/Public/static/zeroclipboard/2.2.0/ZeroClipboard.min.map
INFO: [ app_init ] --START--
INFO: Run Behavior\BuildLiteBehavior [ RunTime:0.000017s ]
INFO: [ app_init ] --END-- [ RunTime:0.002118s ]
ERR: Êó†Ê≥ïÂä†ËΩΩÊ®°Âùó:Public

[ 2018-12-27T17:54:01+08:00 ] ::1 /phpText/ZGXG/ZGXG1/thinkphp_3.2.3/Public/static/zeroclipboard/2.2.0/ZeroClipboard.min.map
INFO: [ app_init ] --START--
INFO: Run Behavior\BuildLiteBehavior [ RunTime:0.000017s ]
INFO: [ app_init ] --END-- [ RunTime:0.000611s ]
ERR: Êó†Ê≥ïÂä†ËΩΩÊ®°Âùó:Public

[ 2018-12-27T17:54:01+08:00 ] ::1 /phpText/ZGXG/ZGXG1/thinkphp_3.2.3/Public/static/ravenjs/3.7.0/raven.min.js.map
INFO: [ app_init ] --START--
INFO: Run Behavior\BuildLiteBehavior [ RunTime:0.000017s ]
INFO: [ app_init ] --END-- [ RunTime:0.000691s ]
ERR: Êó†Ê≥ïÂä†ËΩΩÊ®°Âùó:Public

[ 2018-12-27T17:54:58+08:00 ] ::1 /phpText/ZGXG/ZGXG1/thinkphp_3.2.3/Public/static/zeroclipboard/2.2.0/ZeroClipboard.min.map
INFO: [ app_init ] --START--
INFO: Run Behavior\BuildLiteBehavior [ RunTime:0.000011s ]
INFO: [ app_init ] --END-- [ RunTime:0.000412s ]
ERR: Êó†Ê≥ïÂä†ËΩΩÊ®°Âùó:Public

[ 2018-12-27T17:54:58+08:00 ] ::1 /phpText/ZGXG/ZGXG1/thinkphp_3.2.3/Public/static/ravenjs/3.7.0/raven.min.js.map
INFO: [ app_init ] --START--
INFO: Run Behavior\BuildLiteBehavior [ RunTime:0.000027s ]
INFO: [ app_init ] --END-- [ RunTime:0.000834s ]
ERR: Êó†Ê≥ïÂä†ËΩΩÊ®°Âùó:Public

[ 2018-12-27T18:11:12+08:00 ] ::1 /phpText/ZGXG/ZGXG1/thinkphp_3.2.3/Public/js/jquery.min.js
INFO: [ app_init ] --START--
INFO: Run Behavior\BuildLiteBehavior [ RunTime:0.000013s ]
INFO: [ app_init ] --END-- [ RunTime:0.000889s ]
ERR: Êó†Ê≥ïÂä†ËΩΩÊ®°Âùó:Public

[ 2018-12-27T18:15:21+08:00 ] ::1 /phpText/ZGXG/ZGXG1/thinkphp_3.2.3/Public/js/jquery.min.js
INFO: [ app_init ] --START--
INFO: Run Behavior\BuildLiteBehavior [ RunTime:0.000025s ]
INFO: [ app_init ] --END-- [ RunTime:0.000740s ]
ERR: Êó†Ê≥ïÂä†ËΩΩÊ®°Âùó:Public

[ 2018-12-27T18:15:53+08:00 ] ::1 /phpText/ZGXG/ZGXG1/thinkphp_3.2.3/Public/js/jquery.min.js
INFO: [ app_init ] --START--
INFO: Run Behavior\BuildLiteBehavior [ RunTime:0.000020s ]
INFO: [ app_init ] --END-- [ RunTime:0.000696s ]
ERR: Êó†Ê≥ïÂä†ËΩΩÊ®°Âùó:Public

[ 2018-12-27T18:15:54+08:00 ] ::1 /phpText/ZGXG/ZGXG1/thinkphp_3.2.3/Public/js/jquery.min.js
INFO: [ app_init ] --START--
INFO: Run Behavior\BuildLiteBehavior [ RunTime:0.000018s ]
INFO: [ app_init ] --END-- [ RunTime:0.000591s ]
ERR: Êó†Ê≥ïÂä†ËΩΩÊ®°Âùó:Public

[ 2018-12-27T18:15:57+08:00 ] ::1 /phpText/ZGXG/ZGXG1/thinkphp_3.2.3/Public/js/jquery.min.js
INFO: [ app_init ] --START--
INFO: Run Behavior\BuildLiteBehavior [ RunTime:0.000025s ]
INFO: [ app_init ] --END-- [ RunTime:0.000935s ]
ERR: Êó†Ê≥ïÂä†ËΩΩÊ®°Âùó:Public

[ 2018-12-27T18:16:01+08:00 ] ::1 /phpText/ZGXG/ZGXG1/thinkphp_3.2.3/Public/js/jquery.min.js
INFO: [ app_init ] --START--
INFO: Run Behavior\BuildLiteBehavior [ RunTime:0.000013s ]
INFO: [ app_init ] --END-- [ RunTime:0.000674s ]
ERR: Êó†Ê≥ïÂä†ËΩΩÊ®°Âùó:Public

[ 2018-12-27T18:16:04+08:00 ] ::1 /phpText/ZGXG/ZGXG1/thinkphp_3.2.3/Public/js/jquery.min.js
INFO: [ app_init ] --START--
INFO: Run Behavior\BuildLiteBehavior [ RunTime:0.000015s ]
INFO: [ app_init ] --END-- [ RunTime:0.000704s ]
ERR: Êó†Ê≥ïÂä†ËΩΩÊ®°Âùó:Public

[ 2018-12-27T18:16:08+08:00 ] ::1 /phpText/ZGXG/ZGXG1/thinkphp_3.2.3/Public/js/jquery.min.js
INFO: [ app_init ] --START--
INFO: Run Behavior\BuildLiteBehavior [ RunTime:0.000026s ]
INFO: [ app_init ] --END-- [ RunTime:0.000857s ]
ERR: Êó†Ê≥ïÂä†ËΩΩÊ®°Âùó:Public

[ 2018-12-27T18:16:13+08:00 ] ::1 /phpText/ZGXG/ZGXG1/thinkphp_3.2.3/Public/js/jquery.min.js
INFO: [ app_init ] --START--
INFO: Run Behavior\BuildLiteBehavior [ RunTime:0.000016s ]
INFO: [ app_init ] --END-- [ RunTime:0.000997s ]
ERR: Êó†Ê≥ïÂä†ËΩΩÊ®°Âùó:Public

[ 2018-12-27T18:16:17+08:00 ] ::1 /phpText/ZGXG/ZGXG1/thinkphp_3.2.3/Public/js/jquery.min.js
INFO: [ app_init ] --START--
INFO: Run Behavior\BuildLiteBehavior [ RunTime:0.000018s ]
INFO: [ app_init ] --END-- [ RunTime:0.000846s ]
ERR: Êó†Ê≥ïÂä†ËΩΩÊ®°Âùó:Public

[ 2018-12-27T18:16:21+08:00 ] ::1 /phpText/ZGXG/ZGXG1/thinkphp_3.2.3/Public/js/jquery.min.js
INFO: [ app_init ] --START--
INFO: Run Behavior\BuildLiteBehavior [ RunTime:0.000020s ]
INFO: [ app_init ] --END-- [ RunTime:0.000725s ]
ERR: Êó†Ê≥ïÂä†ËΩΩÊ®°Âùó:Public

[ 2018-12-27T18:16:26+08:00 ] ::1 /phpText/ZGXG/ZGXG1/thinkphp_3.2.3/Public/js/jquery.min.js
INFO: [ app_init ] --START--
INFO: Run Behavior\BuildLiteBehavior [ RunTime:0.000015s ]
INFO: [ app_init ] --END-- [ RunTime:0.000549s ]
ERR: Êó†Ê≥ïÂä†ËΩΩÊ®°Âùó:Public

[ 2018-12-27T18:16:30+08:00 ] ::1 /phpText/ZGXG/ZGXG1/thinkphp_3.2.3/Public/js/jquery.min.js
INFO: [ app_init ] --START--
INFO: Run Behavior\BuildLiteBehavior [ RunTime:0.000024s ]
INFO: [ app_init ] --END-- [ RunTime:0.000824s ]
ERR: Êó†Ê≥ïÂä†ËΩΩÊ®°Âùó:Public

[ 2018-12-27T18:16:34+08:00 ] ::1 /phpText/ZGXG/ZGXG1/thinkphp_3.2.3/Public/js/jquery.min.js
INFO: [ app_init ] --START--
INFO: Run Behavior\BuildLiteBehavior [ RunTime:0.000018s ]
INFO: [ app_init ] --END-- [ RunTime:0.000844s ]
ERR: Êó†Ê≥ïÂä†ËΩΩÊ®°Âùó:Public

[ 2018-12-27T18:16:39+08:00 ] ::1 /phpText/ZGXG/ZGXG1/thinkphp_3.2.3/Public/js/jquery.min.js
INFO: [ app_init ] --START--
INFO: Run Behavior\BuildLiteBehavior [ RunTime:0.000027s ]
INFO: [ app_init ] --END-- [ RunTime:0.000730s ]
ERR: Êó†Ê≥ïÂä†ËΩΩÊ®°Âùó:Public

[ 2018-12-27T18:16:43+08:00 ] ::1 /phpText/ZGXG/ZGXG1/thinkphp_3.2.3/Public/js/jquery.min.js
INFO: [ app_init ] --START--
INFO: Run Behavior\BuildLiteBehavior [ RunTime:0.000014s ]
INFO: [ app_init ] --END-- [ RunTime:0.000636s ]
ERR: Êó†Ê≥ïÂä†ËΩΩÊ®°Âùó:Public

[ 2018-12-27T18:16:47+08:00 ] ::1 /phpText/ZGXG/ZGXG1/thinkphp_3.2.3/Public/js/jquery.min.js
INFO: [ app_init ] --START--
INFO: Run Behavior\BuildLiteBehavior [ RunTime:0.000022s ]
INFO: [ app_init ] --END-- [ RunTime:0.000665s ]
ERR: Êó†Ê≥ïÂä†ËΩΩÊ®°Âùó:Public

[ 2018-12-27T18:16:48+08:00 ] ::1 /phpText/ZGXG/ZGXG1/thinkphp_3.2.3/Public/js/jquery.min.js
INFO: [ app_init ] --START--
INFO: Run Behavior\BuildLiteBehavior [ RunTime:0.000016s ]
INFO: [ app_init ] --END-- [ RunTime:0.000549s ]
ERR: Êó†Ê≥ïÂä†ËΩΩÊ®°Âùó:Public

[ 2018-12-27T18:16:50+08:00 ] ::1 /phpText/ZGXG/ZGXG1/thinkphp_3.2.3/Public/js/jquery.min.js
INFO: [ app_init ] --START--
INFO: Run Behavior\BuildLiteBehavior [ RunTime:0.000015s ]
INFO: [ app_init ] --END-- [ RunTime:0.000722s ]
ERR: Êó†Ê≥ïÂä†ËΩΩÊ®°Âùó:Public

[ 2018-12-27T18:17:42+08:00 ] ::1 /phpText/ZGXG/ZGXG1/thinkphp_3.2.3/Public/js/jquery.min.js
INFO: [ app_init ] --START--
INFO: Run Behavior\BuildLiteBehavior [ RunTime:0.000011s ]
INFO: [ app_init ] --END-- [ RunTime:0.000470s ]
ERR: Êó†Ê≥ïÂä†ËΩΩÊ®°Âùó:Public

[ 2018-12-27T18:18:01+08:00 ] ::1 /phpText/ZGXG/ZGXG1/thinkphp_3.2.3/Public/js/jquery.min.js
INFO: [ app_init ] --START--
INFO: Run Behavior\BuildLiteBehavior [ RunTime:0.000015s ]
INFO: [ app_init ] --END-- [ RunTime:0.000831s ]
ERR: Êó†Ê≥ïÂä†ËΩΩÊ®°Âùó:Public

[ 2018-12-27T18:18:59+08:00 ] ::1 /phpText/ZGXG/ZGXG1/thinkphp_3.2.3/Public/js/jquery.min.js
INFO: [ app_init ] --START--
INFO: Run Behavior\BuildLiteBehavior [ RunTime:0.000023s ]
INFO: [ app_init ] --END-- [ RunTime:0.000765s ]
ERR: Êó†Ê≥ïÂä†ËΩΩÊ®°Âùó:Public

[ 2018-12-27T18:19:46+08:00 ] ::1 /phpText/ZGXG/ZGXG1/thinkphp_3.2.3/Public/js/jquery.min.js
INFO: [ app_init ] --START--
INFO: Run Behavior\BuildLiteBehavior [ RunTime:0.000023s ]
INFO: [ app_init ] --END-- [ RunTime:0.000806s ]
ERR: Êó†Ê≥ïÂä†ËΩΩÊ®°Âùó:Public

[ 2018-12-27T18:30:31+08:00 ] ::1 /phpText/ZGXG/ZGXG1/thinkphp_3.2.3/Public/js/jquery.min.js
INFO: [ app_init ] --START--
INFO: Run Behavior\BuildLiteBehavior [ RunTime:0.000036s ]
INFO: [ app_init ] --END-- [ RunTime:0.000686s ]
ERR: Êó†Ê≥ïÂä†ËΩΩÊ®°Âùó:Public

[ 2018-12-27T18:40:14+08:00 ] ::1 /phpText/ZGXG/ZGXG1/thinkphp_3.2.3/Public/js/jquery.min.js
INFO: [ app_init ] --START--
INFO: Run Behavior\BuildLiteBehavior [ RunTime:0.000024s ]
INFO: [ app_init ] --END-- [ RunTime:0.000675s ]
ERR: Êó†Ê≥ïÂä†ËΩΩÊ®°Âùó:Public

[ 2018-12-27T19:51:53+08:00 ] ::1 /phpText/ZGXG/ZGXG1/thinkphp_3.2.3/Public/js/jquery.min.js
INFO: [ app_init ] --START--
INFO: Run Behavior\BuildLiteBehavior [ RunTime:0.000018s ]
INFO: [ app_init ] --END-- [ RunTime:0.000677s ]
ERR: Êó†Ê≥ïÂä†ËΩΩÊ®°Âùó:Public

[ 2018-12-27T20:12:43+08:00 ] ::1 /phpText/ZGXG/ZGXG1/thinkphp_3.2.3/Public/js/jquery.min.js
INFO: [ app_init ] --START--
INFO: Run Behavior\BuildLiteBehavior [ RunTime:0.000024s ]
INFO: [ app_init ] --END-- [ RunTime:0.001767s ]
ERR: Êó†Ê≥ïÂä†ËΩΩÊ®°Âùó:Public

[ 2018-12-27T20:12:47+08:00 ] ::1 /phpText/ZGXG/ZGXG1/thinkphp_3.2.3/Public/js/jquery.min.js
INFO: [ app_init ] --START--
INFO: Run Behavior\BuildLiteBehavior [ RunTime:0.000031s ]
INFO: [ app_init ] --END-- [ RunTime:0.000519s ]
ERR: Êó†Ê≥ïÂä†ËΩΩÊ®°Âùó:Public

[ 2018-12-27T20:16:08+08:00 ] ::1 /phpText/ZGXG/ZGXG1/thinkphp_3.2.3/Public/js/jquery.min.js
INFO: [ app_init ] --START--
INFO: Run Behavior\BuildLiteBehavior [ RunTime:0.000014s ]
INFO: [ app_init ] --END-- [ RunTime:0.000568s ]
ERR: Êó†Ê≥ïÂä†ËΩΩÊ®°Âùó:Public

[ 2018-12-27T20:16:20+08:00 ] ::1 /phpText/ZGXG/ZGXG1/thinkphp_3.2.3/Public/js/jquery.min.js
INFO: [ app_init ] --START--
INFO: Run Behavior\BuildLiteBehavior [ RunTime:0.000011s ]
INFO: [ app_init ] --END-- [ RunTime:0.000463s ]
ERR: Êó†Ê≥ïÂä†ËΩΩÊ®°Âùó:Public

[ 2018-12-27T20:18:23+08:00 ] ::1 /phpText/ZGXG/ZGXG1/thinkphp_3.2.3/Public/static/ravenjs/3.7.0/raven.min.js.map
INFO: [ app_init ] --START--
INFO: Run Behavior\BuildLiteBehavior [ RunTime:0.000019s ]
INFO: [ app_init ] --END-- [ RunTime:0.000528s ]
ERR: Êó†Ê≥ïÂä†ËΩΩÊ®°Âùó:Public

[ 2018-12-27T20:18:23+08:00 ] ::1 /phpText/ZGXG/ZGXG1/thinkphp_3.2.3/Public/static/zeroclipboard/2.2.0/ZeroClipboard.min.map
INFO: [ app_init ] --START--
INFO: Run Behavior\BuildLiteBehavior [ RunTime:0.000078s ]
INFO: [ app_init ] --END-- [ RunTime:0.001409s ]
ERR: Êó†Ê≥ïÂä†ËΩΩÊ®°Âùó:Public

[ 2018-12-27T20:18:26+08:00 ] ::1 /phpText/ZGXG/ZGXG1/thinkphp_3.2.3/Public/static/zeroclipboard/2.2.0/ZeroClipboard.min.map
INFO: [ app_init ] --START--
INFO: Run Behavior\BuildLiteBehavior [ RunTime:0.000015s ]
INFO: [ app_init ] --END-- [ RunTime:0.000614s ]
ERR: Êó†Ê≥ïÂä†ËΩΩÊ®°Âùó:Public

[ 2018-12-27T20:18:26+08:00 ] ::1 /phpText/ZGXG/ZGXG1/thinkphp_3.2.3/Public/static/ravenjs/3.7.0/raven.min.js.map
INFO: [ app_init ] --START--
INFO: Run Behavior\BuildLiteBehavior [ RunTime:0.000033s ]
INFO: [ app_init ] --END-- [ RunTime:0.001126s ]
ERR: Êó†Ê≥ïÂä†ËΩΩÊ®°Âùó:Public

[ 2018-12-27T20:18:29+08:00 ] ::1 /phpText/ZGXG/ZGXG1/thinkphp_3.2.3/Public/static/ravenjs/3.7.0/raven.min.js.map
INFO: [ app_init ] --START--
INFO: Run Behavior\BuildLiteBehavior [ RunTime:0.000013s ]
INFO: [ app_init ] --END-- [ RunTime:0.000397s ]
ERR: Êó†Ê≥ïÂä†ËΩΩÊ®°Âùó:Public

[ 2018-12-27T20:18:29+08:00 ] ::1 /phpText/ZGXG/ZGXG1/thinkphp_3.2.3/Public/static/zeroclipboard/2.2.0/ZeroClipboard.min.map
INFO: [ app_init ] --START--
INFO: Run Behavior\BuildLiteBehavior [ RunTime:0.000015s ]
INFO: [ app_init ] --END-- [ RunTime:0.000573s ]
ERR: Êó†Ê≥ïÂä†ËΩΩÊ®°Âùó:Public

[ 2018-12-27T20:19:57+08:00 ] ::1 /phpText/ZGXG/ZGXG1/thinkphp_3.2.3/Public/static/zeroclipboard/2.2.0/ZeroClipboard.min.map
INFO: [ app_init ] --START--
INFO: Run Behavior\BuildLiteBehavior [ RunTime:0.000014s ]
INFO: [ app_init ] --END-- [ RunTime:0.000793s ]
ERR: Êó†Ê≥ïÂä†ËΩΩÊ®°Âùó:Public

[ 2018-12-27T20:19:57+08:00 ] ::1 /phpText/ZGXG/ZGXG1/thinkphp_3.2.3/Public/static/ravenjs/3.7.0/raven.min.js.map
INFO: [ app_init ] --START--
INFO: Run Behavior\BuildLiteBehavior [ RunTime:0.000045s ]
INFO: [ app_init ] --END-- [ RunTime:0.000970s ]
ERR: Êó†Ê≥ïÂä†ËΩΩÊ®°Âùó:Public

[ 2018-12-27T20:20:00+08:00 ] ::1 /phpText/ZGXG/ZGXG1/thinkphp_3.2.3/Public/static/ravenjs/3.7.0/raven.min.js.map
INFO: [ app_init ] --START--
INFO: Run Behavior\BuildLiteBehavior [ RunTime:0.000033s ]
INFO: [ app_init ] --END-- [ RunTime:0.001943s ]
ERR: Êó†Ê≥ïÂä†ËΩΩÊ®°Âùó:Public

[ 2018-12-27T20:20:00+08:00 ] ::1 /phpText/ZGXG/ZGXG1/thinkphp_3.2.3/Public/static/zeroclipboard/2.2.0/ZeroClipboard.min.map
INFO: [ app_init ] --START--
INFO: Run Behavior\BuildLiteBehavior [ RunTime:0.000025s ]
INFO: [ app_init ] --END-- [ RunTime:0.001724s ]
ERR: Êó†Ê≥ïÂä†ËΩΩÊ®°Âùó:Public

[ 2018-12-27T20:20:37+08:00 ] ::1 /phpText/ZGXG/ZGXG1/thinkphp_3.2.3/Public/js/jquery.min.js
INFO: [ app_init ] --START--
INFO: Run Behavior\BuildLiteBehavior [ RunTime:0.000012s ]
INFO: [ app_init ] --END-- [ RunTime:0.000464s ]
ERR: Êó†Ê≥ïÂä†ËΩΩÊ®°Âùó:Public

[ 2018-12-27T20:20:53+08:00 ] ::1 /phpText/ZGXG/ZGXG1/thinkphp_3.2.3/Public/js/jquery.min.js
INFO: [ app_init ] --START--
INFO: Run Behavior\BuildLiteBehavior [ RunTime:0.000025s ]
INFO: [ app_init ] --END-- [ RunTime:0.000839s ]
ERR: Êó†Ê≥ïÂä†ËΩΩÊ®°Âùó:Public

[ 2018-12-27T20:25:48+08:00 ] ::1 /phpText/ZGXG/ZGXG1/thinkphp_3.2.3/Public/js/jquery.min.js
INFO: [ app_init ] --START--
INFO: Run Behavior\BuildLiteBehavior [ RunTime:0.000021s ]
INFO: [ app_init ] --END-- [ RunTime:0.000727s ]
ERR: Êó†Ê≥ïÂä†ËΩΩÊ®°Âùó:Public

[ 2018-12-27T20:43:29+08:00 ] ::1 /phpText/ZGXG/ZGXG1/thinkphp_3.2.3/Public/js/jquery.min.js
INFO: [ app_init ] --START--
INFO: Run Behavior\BuildLiteBehavior [ RunTime:0.000020s ]
INFO: [ app_init ] --END-- [ RunTime:0.001888s ]
ERR: Êó†Ê≥ïÂä†ËΩΩÊ®°Âùó:Public

[ 2018-12-27T20:43:35+08:00 ] ::1 /phpText/ZGXG/ZGXG1/thinkphp_3.2.3/Public/js/jquery.min.js
INFO: [ app_init ] --START--
INFO: Run Behavior\BuildLiteBehavior [ RunTime:0.000011s ]
INFO: [ app_init ] --END-- [ RunTime:0.000375s ]
ERR: Êó†Ê≥ïÂä†ËΩΩÊ®°Âùó:Public

[ 2018-12-27T20:43:43+08:00 ] ::1 /phpText/ZGXG/ZGXG1/thinkphp_3.2.3/Public/js/jquery.min.js
INFO: [ app_init ] --START--
INFO: Run Behavior\BuildLiteBehavior [ RunTime:0.000052s ]
INFO: [ app_init ] --END-- [ RunTime:0.001681s ]
ERR: Êó†Ê≥ïÂä†ËΩΩÊ®°Âùó:Public

[ 2018-12-27T20:43:51+08:00 ] ::1 /phpText/ZGXG/ZGXG1/thinkphp_3.2.3/Public/js/jquery.min.js
INFO: [ app_init ] --START--
INFO: Run Behavior\BuildLiteBehavior [ RunTime:0.000017s ]
INFO: [ app_init ] --END-- [ RunTime:0.000604s ]
ERR: Êó†Ê≥ïÂä†ËΩΩÊ®°Âùó:Public

[ 2018-12-27T20:44:53+08:00 ] ::1 /phpText/ZGXG/ZGXG1/thinkphp_3.2.3/Public/js/jquery.min.js
INFO: [ app_init ] --START--
INFO: Run Behavior\BuildLiteBehavior [ RunTime:0.000016s ]
INFO: [ app_init ] --END-- [ RunTime:0.000695s ]
ERR: Êó†Ê≥ïÂä†ËΩΩÊ®°Âùó:Public

[ 2018-12-27T20:44:59+08:00 ] ::1 /phpText/ZGXG/ZGXG1/thinkphp_3.2.3/Public/js/jquery.min.js
INFO: [ app_init ] --START--
INFO: Run Behavior\BuildLiteBehavior [ RunTime:0.000021s ]
INFO: [ app_init ] --END-- [ RunTime:0.000739s ]
ERR: Êó†Ê≥ïÂä†ËΩΩÊ®°Âùó:Public

[ 2018-12-27T20:51:04+08:00 ] ::1 /phpText/ZGXG/ZGXG1/thinkphp_3.2.3/Public/js/jquery.min.js
INFO: [ app_init ] --START--
INFO: Run Behavior\BuildLiteBehavior [ RunTime:0.000072s ]
INFO: [ app_init ] --END-- [ RunTime:0.000965s ]
ERR: Êó†Ê≥ïÂä†ËΩΩÊ®°Âùó:Public

[ 2018-12-27T20:59:08+08:00 ] ::1 /phpText/ZGXG/ZGXG1/thinkphp_3.2.3/Public/js/jquery.min.js
INFO: [ app_init ] --START--
INFO: Run Behavior\BuildLiteBehavior [ RunTime:0.000037s ]
INFO: [ app_init ] --END-- [ RunTime:0.000689s ]
ERR: Êó†Ê≥ïÂä†ËΩΩÊ®°Âùó:Public

[ 2018-12-27T21:00:41+08:00 ] ::1 /phpText/ZGXG/ZGXG1/thinkphp_3.2.3/Public/js/jquery.min.js
INFO: [ app_init ] --START--
INFO: Run Behavior\BuildLiteBehavior [ RunTime:0.000017s ]
INFO: [ app_init ] --END-- [ RunTime:0.000574s ]
ERR: Êó†Ê≥ïÂä†ËΩΩÊ®°Âùó:Public

[ 2018-12-27T21:00:49+08:00 ] ::1 /phpText/ZGXG/ZGXG1/thinkphp_3.2.3/Public/js/jquery.min.js
INFO: [ app_init ] --START--
INFO: Run Behavior\BuildLiteBehavior [ RunTime:0.000020s ]
INFO: [ app_init ] --END-- [ RunTime:0.000714s ]
ERR: Êó†Ê≥ïÂä†ËΩΩÊ®°Âùó:Public

[ 2018-12-27T21:00:55+08:00 ] ::1 /phpText/ZGXG/ZGXG1/thinkphp_3.2.3/Public/js/jquery.min.js
INFO: [ app_init ] --START--
INFO: Run Behavior\BuildLiteBehavior [ RunTime:0.000029s ]
INFO: [ app_init ] --END-- [ RunTime:0.000918s ]
ERR: Êó†Ê≥ïÂä†ËΩΩÊ®°Âùó:Public

[ 2018-12-27T21:01:20+08:00 ] ::1 /phpText/ZGXG/ZGXG1/thinkphp_3.2.3/Public/js/jquery.min.js
INFO: [ app_init ] --START--
INFO: Run Behavior\BuildLiteBehavior [ RunTime:0.000028s ]
INFO: [ app_init ] --END-- [ RunTime:0.000518s ]
ERR: Êó†Ê≥ïÂä†ËΩΩÊ®°Âùó:Public

[ 2018-12-27T21:04:22+08:00 ] ::1 /phpText/ZGXG/ZGXG1/thinkphp_3.2.3/Public/js/jquery.min.js
INFO: [ app_init ] --START--
INFO: Run Behavior\BuildLiteBehavior [ RunTime:0.000015s ]
INFO: [ app_init ] --END-- [ RunTime:0.000875s ]
ERR: Êó†Ê≥ïÂä†ËΩΩÊ®°Âùó:Public

[ 2018-12-27T21:04:28+08:00 ] ::1 /phpText/ZGXG/ZGXG1/thinkphp_3.2.3/Public/js/jquery.min.js
INFO: [ app_init ] --START--
INFO: Run Behavior\BuildLiteBehavior [ RunTime:0.000017s ]
INFO: [ app_init ] --END-- [ RunTime:0.000554s ]
ERR: Êó†Ê≥ïÂä†ËΩΩÊ®°Âùó:Public

[ 2018-12-27T21:05:43+08:00 ] ::1 /phpText/ZGXG/ZGXG1/thinkphp_3.2.3/Public/js/jquery.min.js
INFO: [ app_init ] --START--
INFO: Run Behavior\BuildLiteBehavior [ RunTime:0.000024s ]
INFO: [ app_init ] --END-- [ RunTime:0.000809s ]
ERR: Êó†Ê≥ïÂä†ËΩΩÊ®°Âùó:Public

[ 2018-12-27T21:06:17+08:00 ] ::1 /phpText/ZGXG/ZGXG1/thinkphp_3.2.3/Public/js/jquery.min.js
INFO: [ app_init ] --START--
INFO: Run Behavior\BuildLiteBehavior [ RunTime:0.000019s ]
INFO: [ app_init ] --END-- [ RunTime:0.000718s ]
ERR: Êó†Ê≥ïÂä†ËΩΩÊ®°Âùó:Public

[ 2018-12-27T21:06:23+08:00 ] ::1 /phpText/ZGXG/ZGXG1/thinkphp_3.2.3/Public/js/jquery.min.js
INFO: [ app_init ] --START--
INFO: Run Behavior\BuildLiteBehavior [ RunTime:0.000021s ]
INFO: [ app_init ] --END-- [ RunTime:0.000511s ]
ERR: Êó†Ê≥ïÂä†ËΩΩÊ®°Âùó:Public

[ 2018-12-27T21:06:31+08:00 ] ::1 /phpText/ZGXG/ZGXG1/thinkphp_3.2.3/Public/js/jquery.min.js
INFO: [ app_init ] --START--
INFO: Run Behavior\BuildLiteBehavior [ RunTime:0.000011s ]
INFO: [ app_init ] --END-- [ RunTime:0.000491s ]
ERR: Êó†Ê≥ïÂä†ËΩΩÊ®°Âùó:Public

[ 2018-12-27T21:06:35+08:00 ] ::1 /phpText/ZGXG/ZGXG1/thinkphp_3.2.3/Public/js/jquery.min.js
INFO: [ app_init ] --START--
INFO: Run Behavior\BuildLiteBehavior [ RunTime:0.000019s ]
INFO: [ app_init ] --END-- [ RunTime:0.000951s ]
ERR: Êó†Ê≥ïÂä†ËΩΩÊ®°Âùó:Public

[ 2018-12-27T21:09:50+08:00 ] ::1 /phpText/ZGXG/ZGXG1/thinkphp_3.2.3/Public/js/jquery.min.js
INFO: [ app_init ] --START--
INFO: Run Behavior\BuildLiteBehavior [ RunTime:0.000013s ]
INFO: [ app_init ] --END-- [ RunTime:0.000546s ]
ERR: Êó†Ê≥ïÂä†ËΩΩÊ®°Âùó:Public

[ 2018-12-27T21:14:09+08:00 ] ::1 /phpText/ZGXG/ZGXG1/thinkphp_3.2.3/Public/js/jquery.min.js
INFO: [ app_init ] --START--
INFO: Run Behavior\BuildLiteBehavior [ RunTime:0.000030s ]
INFO: [ app_init ] --END-- [ RunTime:0.001167s ]
ERR: Êó†Ê≥ïÂä†ËΩΩÊ®°Âùó:Public

[ 2018-12-27T21:18:35+08:00 ] ::1 /phpText/ZGXG/ZGXG1/thinkphp_3.2.3/Public/js/jquery.min.js
INFO: [ app_init ] --START--
INFO: Run Behavior\BuildLiteBehavior [ RunTime:0.000010s ]
INFO: [ app_init ] --END-- [ RunTime:0.000470s ]
ERR: Êó†Ê≥ïÂä†ËΩΩÊ®°Âùó:Public

[ 2018-12-27T21:18:41+08:00 ] ::1 /phpText/ZGXG/ZGXG1/thinkphp_3.2.3/Public/js/jquery.min.js
INFO: [ app_init ] --START--
INFO: Run Behavior\BuildLiteBehavior [ RunTime:0.000011s ]
INFO: [ app_init ] --END-- [ RunTime:0.000386s ]
ERR: Êó†Ê≥ïÂä†ËΩΩÊ®°Âùó:Public

[ 2018-12-27T21:18:59+08:00 ] ::1 /phpText/ZGXG/ZGXG1/thinkphp_3.2.3/Public/js/jquery.min.js
INFO: [ app_init ] --START--
INFO: Run Behavior\BuildLiteBehavior [ RunTime:0.000071s ]
INFO: [ app_init ] --END-- [ RunTime:0.000974s ]
ERR: Êó†Ê≥ïÂä†ËΩΩÊ®°Âùó:Public

