[ 2018-12-24T09:34:29+08:00 ] ::1 /phpText/ZGXG/ZGXG1/thinkphp_3.2.3/video/2018-12-24/5c202381b3a8f.mp4
INFO: [ app_init ] --START--
INFO: Run Behavior\BuildLiteBehavior [ RunTime:0.000017s ]
INFO: [ app_init ] --END-- [ RunTime:0.000874s ]
ERR: 无法加载模块:Video

[ 2018-12-24T11:18:28+08:00 ] ::1 /phpText/ZGXG/ZGXG1/thinkphp_3.2.3/video/2018-12-24/5c204f2b8b197.mp4
INFO: [ app_init ] --START--
INFO: Run Behavior\BuildLiteBehavior [ RunTime:0.000014s ]
INFO: [ app_init ] --END-- [ RunTime:0.000626s ]
ERR: 无法加载模块:Video

[ 2018-12-24T15:18:42+08:00 ] ::1 /phpText/ZGXG/ZGXG1/thinkphp_3.2.3/Public/static/ravenjs/3.7.0/raven.min.js.map
INFO: [ app_init ] --START--
INFO: Run Behavior\BuildLiteBehavior [ RunTime:0.000014s ]
INFO: [ app_init ] --END-- [ RunTime:0.000729s ]
ERR: 无法加载模块:Public

[ 2018-12-24T15:18:42+08:00 ] ::1 /phpText/ZGXG/ZGXG1/thinkphp_3.2.3/Public/static/zeroclipboard/2.2.0/ZeroClipboard.min.map
INFO: [ app_init ] --START--
INFO: Run Behavior\BuildLiteBehavior [ RunTime:0.000023s ]
INFO: [ app_init ] --END-- [ RunTime:0.000811s ]
ERR: 无法加载模块:Public

[ 2018-12-24T15:18:50+08:00 ] ::1 /phpText/ZGXG/ZGXG1/thinkphp_3.2.3/Public/static/zeroclipboard/2.2.0/ZeroClipboard.min.map
INFO: [ app_init ] --START--
INFO: Run Behavior\BuildLiteBehavior [ RunTime:0.000023s ]
INFO: [ app_init ] --END-- [ RunTime:0.002349s ]
ERR: 无法加载模块:Public

[ 2018-12-24T15:18:51+08:00 ] ::1 /phpText/ZGXG/ZGXG1/thinkphp_3.2.3/Public/static/ravenjs/3.7.0/raven.min.js.map
INFO: [ app_init ] --START--
INFO: Run Behavior\BuildLiteBehavior [ RunTime:0.000021s ]
INFO: [ app_init ] --END-- [ RunTime:0.006609s ]
ERR: 无法加载模块:Public

[ 2018-12-24T15:18:51+08:00 ] ::1 /phpText/ZGXG/ZGXG1/thinkphp_3.2.3/Public/app/dest/base/index.js.map
INFO: [ app_init ] --START--
INFO: Run Behavior\BuildLiteBehavior [ RunTime:0.000021s ]
INFO: [ app_init ] --END-- [ RunTime:0.000917s ]
ERR: 无法加载模块:Public

[ 2018-12-24T15:18:52+08:00 ] ::1 /phpText/ZGXG/ZGXG1/thinkphp_3.2.3/Public/static/ravenjs/3.7.0/raven.min.js.map
INFO: [ app_init ] --START--
INFO: Run Behavior\BuildLiteBehavior [ RunTime:0.000018s ]
INFO: [ app_init ] --END-- [ RunTime:0.000579s ]
ERR: 无法加载模块:Public

[ 2018-12-24T15:18:52+08:00 ] ::1 /phpText/ZGXG/ZGXG1/thinkphp_3.2.3/Public/static/zeroclipboard/2.2.0/ZeroClipboard.min.map
INFO: [ app_init ] --START--
INFO: Run Behavior\BuildLiteBehavior [ RunTime:0.000017s ]
INFO: [ app_init ] --END-- [ RunTime:0.000865s ]
ERR: 无法加载模块:Public

[ 2018-12-24T15:18:56+08:00 ] ::1 /phpText/ZGXG/ZGXG1/thinkphp_3.2.3/Public/static/zeroclipboard/2.2.0/ZeroClipboard.min.map
INFO: [ app_init ] --START--
INFO: Run Behavior\BuildLiteBehavior [ RunTime:0.000045s ]
INFO: [ app_init ] --END-- [ RunTime:0.000744s ]
ERR: 无法加载模块:Public

[ 2018-12-24T15:18:56+08:00 ] ::1 /phpText/ZGXG/ZGXG1/thinkphp_3.2.3/Public/app/dest/base/index.js.map
INFO: [ app_init ] --START--
INFO: Run Behavior\BuildLiteBehavior [ RunTime:0.000013s ]
INFO: [ app_init ] --END-- [ RunTime:0.000593s ]
ERR: 无法加载模块:Public

[ 2018-12-24T15:18:56+08:00 ] ::1 /phpText/ZGXG/ZGXG1/thinkphp_3.2.3/Public/static/ravenjs/3.7.0/raven.min.js.map
INFO: [ app_init ] --START--
INFO: Run Behavior\BuildLiteBehavior [ RunTime:0.000054s ]
INFO: [ app_init ] --END-- [ RunTime:0.000859s ]
ERR: 无法加载模块:Public

[ 2018-12-24T15:18:58+08:00 ] ::1 /phpText/ZGXG/ZGXG1/thinkphp_3.2.3/Public/static/ravenjs/3.7.0/raven.min.js.map
INFO: [ app_init ] --START--
INFO: Run Behavior\BuildLiteBehavior [ RunTime:0.000024s ]
INFO: [ app_init ] --END-- [ RunTime:0.000955s ]
ERR: 无法加载模块:Public

[ 2018-12-24T15:18:58+08:00 ] ::1 /phpText/ZGXG/ZGXG1/thinkphp_3.2.3/Public/static/zeroclipboard/2.2.0/ZeroClipboard.min.map
INFO: [ app_init ] --START--
INFO: Run Behavior\BuildLiteBehavior [ RunTime:0.000026s ]
INFO: [ app_init ] --END-- [ RunTime:0.000936s ]
ERR: 无法加载模块:Public

[ 2018-12-24T15:19:04+08:00 ] ::1 /phpText/ZGXG/ZGXG1/thinkphp_3.2.3/Public/static/zeroclipboard/2.2.0/ZeroClipboard.min.map
INFO: [ app_init ] --START--
INFO: Run Behavior\BuildLiteBehavior [ RunTime:0.000011s ]
INFO: [ app_init ] --END-- [ RunTime:0.000416s ]
ERR: 无法加载模块:Public

[ 2018-12-24T15:19:04+08:00 ] ::1 /phpText/ZGXG/ZGXG1/thinkphp_3.2.3/Public/static/ravenjs/3.7.0/raven.min.js.map
INFO: [ app_init ] --START--
INFO: Run Behavior\BuildLiteBehavior [ RunTime:0.000049s ]
INFO: [ app_init ] --END-- [ RunTime:0.002145s ]
ERR: 无法加载模块:Public

[ 2018-12-24T15:19:05+08:00 ] ::1 /phpText/ZGXG/ZGXG1/thinkphp_3.2.3/Public/app/dest/base/index.js.map
INFO: [ app_init ] --START--
INFO: Run Behavior\BuildLiteBehavior [ RunTime:0.000012s ]
INFO: [ app_init ] --END-- [ RunTime:0.000448s ]
ERR: 无法加载模块:Public

[ 2018-12-24T15:19:05+08:00 ] ::1 /phpText/ZGXG/ZGXG1/thinkphp_3.2.3/Public/static/zeroclipboard/2.2.0/ZeroClipboard.min.map
INFO: [ app_init ] --START--
INFO: Run Behavior\BuildLiteBehavior [ RunTime:0.000017s ]
INFO: [ app_init ] --END-- [ RunTime:0.000582s ]
ERR: 无法加载模块:Public

[ 2018-12-24T15:19:05+08:00 ] ::1 /phpText/ZGXG/ZGXG1/thinkphp_3.2.3/Public/static/ravenjs/3.7.0/raven.min.js.map
INFO: [ app_init ] --START--
INFO: Run Behavior\BuildLiteBehavior [ RunTime:0.000022s ]
INFO: [ app_init ] --END-- [ RunTime:0.000832s ]
ERR: 无法加载模块:Public

[ 2018-12-24T15:19:09+08:00 ] ::1 /phpText/ZGXG/ZGXG1/thinkphp_3.2.3/Public/static/ravenjs/3.7.0/raven.min.js.map
INFO: [ app_init ] --START--
INFO: Run Behavior\BuildLiteBehavior [ RunTime:0.000020s ]
INFO: [ app_init ] --END-- [ RunTime:0.000547s ]
ERR: 无法加载模块:Public

[ 2018-12-24T15:19:09+08:00 ] ::1 /phpText/ZGXG/ZGXG1/thinkphp_3.2.3/Public/static/zeroclipboard/2.2.0/ZeroClipboard.min.map
INFO: [ app_init ] --START--
INFO: Run Behavior\BuildLiteBehavior [ RunTime:0.000013s ]
INFO: [ app_init ] --END-- [ RunTime:0.000712s ]
ERR: 无法加载模块:Public

[ 2018-12-24T15:19:09+08:00 ] ::1 /phpText/ZGXG/ZGXG1/thinkphp_3.2.3/Public/app/dest/base/index.js.map
INFO: [ app_init ] --START--
INFO: Run Behavior\BuildLiteBehavior [ RunTime:0.000016s ]
INFO: [ app_init ] --END-- [ RunTime:0.000598s ]
ERR: 无法加载模块:Public

[ 2018-12-24T15:19:11+08:00 ] ::1 /phpText/ZGXG/ZGXG1/thinkphp_3.2.3/Public/static/ravenjs/3.7.0/raven.min.js.map
INFO: [ app_init ] --START--
INFO: Run Behavior\BuildLiteBehavior [ RunTime:0.000021s ]
INFO: [ app_init ] --END-- [ RunTime:0.000623s ]
ERR: 无法加载模块:Public

[ 2018-12-24T15:19:11+08:00 ] ::1 /phpText/ZGXG/ZGXG1/thinkphp_3.2.3/Public/static/zeroclipboard/2.2.0/ZeroClipboard.min.map
INFO: [ app_init ] --START--
INFO: Run Behavior\BuildLiteBehavior [ RunTime:0.000052s ]
INFO: [ app_init ] --END-- [ RunTime:0.002040s ]
ERR: 无法加载模块:Public

[ 2018-12-24T15:19:11+08:00 ] ::1 /phpText/ZGXG/ZGXG1/thinkphp_3.2.3/Public/app/dest/base/index.js.map
INFO: [ app_init ] --START--
INFO: Run Behavior\BuildLiteBehavior [ RunTime:0.000026s ]
INFO: [ app_init ] --END-- [ RunTime:0.000945s ]
ERR: 无法加载模块:Public

[ 2018-12-24T15:19:13+08:00 ] ::1 /phpText/ZGXG/ZGXG1/thinkphp_3.2.3/Public/static/zeroclipboard/2.2.0/ZeroClipboard.min.map
INFO: [ app_init ] --START--
INFO: Run Behavior\BuildLiteBehavior [ RunTime:0.000016s ]
INFO: [ app_init ] --END-- [ RunTime:0.000475s ]
ERR: 无法加载模块:Public

[ 2018-12-24T15:19:13+08:00 ] ::1 /phpText/ZGXG/ZGXG1/thinkphp_3.2.3/Public/static/ravenjs/3.7.0/raven.min.js.map
INFO: [ app_init ] --START--
INFO: Run Behavior\BuildLiteBehavior [ RunTime:0.000011s ]
INFO: [ app_init ] --END-- [ RunTime:0.000654s ]
ERR: 无法加载模块:Public

[ 2018-12-24T15:45:26+08:00 ] ::1 /phpText/ZGXG/ZGXG1/thinkphp_3.2.3/Public/logo_03.ico
INFO: [ app_init ] --START--
INFO: Run Behavior\BuildLiteBehavior [ RunTime:0.000010s ]
INFO: [ app_init ] --END-- [ RunTime:0.000371s ]
ERR: 无法加载模块:Public

[ 2018-12-24T15:45:30+08:00 ] ::1 /phpText/ZGXG/ZGXG1/thinkphp_3.2.3/Public/static/zeroclipboard/2.2.0/ZeroClipboard.min.map
INFO: [ app_init ] --START--
INFO: Run Behavior\BuildLiteBehavior [ RunTime:0.000016s ]
INFO: [ app_init ] --END-- [ RunTime:0.000624s ]
ERR: 无法加载模块:Public

[ 2018-12-24T15:45:30+08:00 ] ::1 /phpText/ZGXG/ZGXG1/thinkphp_3.2.3/Public/static/ravenjs/3.7.0/raven.min.js.map
INFO: [ app_init ] --START--
INFO: Run Behavior\BuildLiteBehavior [ RunTime:0.000012s ]
INFO: [ app_init ] --END-- [ RunTime:0.000593s ]
ERR: 无法加载模块:Public

[ 2018-12-24T15:45:30+08:00 ] ::1 /phpText/ZGXG/ZGXG1/thinkphp_3.2.3/Public/app/dest/frontend/index.js.map
INFO: [ app_init ] --START--
INFO: Run Behavior\BuildLiteBehavior [ RunTime:0.000010s ]
INFO: [ app_init ] --END-- [ RunTime:0.000626s ]
ERR: 无法加载模块:Public

[ 2018-12-24T15:45:33+08:00 ] ::1 /phpText/ZGXG/ZGXG1/thinkphp_3.2.3/Public/logo_03.ico
INFO: [ app_init ] --START--
INFO: Run Behavior\BuildLiteBehavior [ RunTime:0.000013s ]
INFO: [ app_init ] --END-- [ RunTime:0.000897s ]
ERR: 无法加载模块:Public

[ 2018-12-24T15:47:40+08:00 ] ::1 /phpText/ZGXG/ZGXG1/thinkphp_3.2.3/Public/static/ravenjs/3.7.0/raven.min.js.map
INFO: [ app_init ] --START--
INFO: Run Behavior\BuildLiteBehavior [ RunTime:0.000022s ]
INFO: [ app_init ] --END-- [ RunTime:0.000839s ]
ERR: 无法加载模块:Public

[ 2018-12-24T15:47:40+08:00 ] ::1 /phpText/ZGXG/ZGXG1/thinkphp_3.2.3/Public/static/zeroclipboard/2.2.0/ZeroClipboard.min.map
INFO: [ app_init ] --START--
INFO: Run Behavior\BuildLiteBehavior [ RunTime:0.000028s ]
INFO: [ app_init ] --END-- [ RunTime:0.000850s ]
ERR: 无法加载模块:Public

[ 2018-12-24T15:47:40+08:00 ] ::1 /phpText/ZGXG/ZGXG1/thinkphp_3.2.3/Public/app/dest/frontend/index.js.map
INFO: [ app_init ] --START--
INFO: Run Behavior\BuildLiteBehavior [ RunTime:0.000031s ]
INFO: [ app_init ] --END-- [ RunTime:0.001591s ]
ERR: 无法加载模块:Public

[ 2018-12-24T15:51:36+08:00 ] ::1 /phpText/ZGXG/ZGXG1/thinkphp_3.2.3/Public/static/ravenjs/3.7.0/raven.min.js.map
INFO: [ app_init ] --START--
INFO: Run Behavior\BuildLiteBehavior [ RunTime:0.000018s ]
INFO: [ app_init ] --END-- [ RunTime:0.000559s ]
ERR: 无法加载模块:Public

[ 2018-12-24T15:51:36+08:00 ] ::1 /phpText/ZGXG/ZGXG1/thinkphp_3.2.3/Public/static/zeroclipboard/2.2.0/ZeroClipboard.min.map
INFO: [ app_init ] --START--
INFO: Run Behavior\BuildLiteBehavior [ RunTime:0.000027s ]
INFO: [ app_init ] --END-- [ RunTime:0.001353s ]
ERR: 无法加载模块:Public

[ 2018-12-24T20:58:20+08:00 ] ::1 /phpText/ZGXG/ZGXG1/thinkphp_3.2.3/Public/static/zeroclipboard/2.2.0/ZeroClipboard.min.map
INFO: [ app_init ] --START--
INFO: Run Behavior\BuildLiteBehavior [ RunTime:0.000024s ]
INFO: [ app_init ] --END-- [ RunTime:0.000592s ]
ERR: 无法加载模块:Public

[ 2018-12-24T20:58:20+08:00 ] ::1 /phpText/ZGXG/ZGXG1/thinkphp_3.2.3/Public/app/dest/base/index.js.map
INFO: [ app_init ] --START--
INFO: Run Behavior\BuildLiteBehavior [ RunTime:0.000021s ]
INFO: [ app_init ] --END-- [ RunTime:0.000873s ]
ERR: 无法加载模块:Public

:Public

[ 2018-12-24T21:12:11+08:00 ] ::1 /phpText/ZGXG/ZGXG1/thinkphp_3.2.3/Public/static/zeroclipboard/2.2.0/ZeroClipboard.min.map
INFO: [ app_init ] --START--
INFO: Run Behavior\BuildLiteBehavior [ RunTime:0.000037s ]
INFO: [ app_init ] --END-- [ RunTime:0.001147s ]
ERR: 无法加载模块:Public

[ 2018-12-24T21:12:11+08:00 ] ::1 /phpText/ZGXG/ZGXG1/thinkphp_3.2.3/Public/static/ravenjs/3.7.0/raven.min.js.map
INFO: [ app_init ] --START--
INFO: Run Behavior\BuildLiteBehavior [ RunTime:0.000027s ]
INFO: [ app_init ] --END-- [ RunTime:0.001142s ]
ERR: 无法加载模块:Public

[ 2018-12-24T21:12:11+08:00 ] ::1 /phpText/ZGXG/ZGXG1/thinkphp_3.2.3/Public/app/dest/base/index.js.map
INFO: [ app_init ] --START--
INFO: Run Behavior\BuildLiteBehavior [ RunTime:0.000038s ]
INFO: [ app_init ] --END-- [ RunTime:0.001042s ]
ERR: 无法加载模块:Public

[ 2018-12-24T21:12:49+08:00 ] ::1 /phpText/ZGXG/ZGXG1/thinkphp_3.2.3/Public/app/dest/base/index.js.map
INFO: [ app_init ] --START--
INFO: Run Behavior\BuildLiteBehavior [ RunTime:0.000025s ]
INFO: [ app_init ] --END-- [ RunTime:0.000656s ]
ERR: 无法加载模块:Public

[ 2018-12-24T21:12:49+08:00 ] ::1 /phpText/ZGXG/ZGXG1/thinkphp_3.2.3/Public/static/ravenjs/3.7.0/raven.min.js.map
INFO: [ app_init ] --START--
INFO: Run Behavior\BuildLiteBehavior [ RunTime:0.000036s ]
INFO: [ app_init ] --END-- [ RunTime:0.002127s ]
ERR: 无法加载模块:Public

[ 2018-12-24T21:12:49+08:00 ] ::1 /phpText/ZGXG/ZGXG1/thinkphp_3.2.3/Public/static/zeroclipboard/2.2.0/ZeroClipboard.min.map
INFO: [ app_init ] --START--
INFO: Run Behavior\BuildLiteBehavior [ RunTime:0.000031s ]
INFO: [ app_init ] --END-- [ RunTime:0.001139s ]
ERR: 无法加载模块:Public

[ 2018-12-24T21:13:57+08:00 ] ::1 /phpText/ZGXG/ZGXG1/thinkphp_3.2.3/Public/static/zeroclipboard/2.2.0/ZeroClipboard.min.map
INFO: [ app_init ] --START--
INFO: Run Behavior\BuildLiteBehavior [ RunTime:0.000019s ]
INFO: [ app_init ] --END-- [ RunTime:0.000850s ]
ERR: 无法加载模块:Public

[ 2018-12-24T21:13:57+08:00 ] ::1 /phpText/ZGXG/ZGXG1/thinkphp_3.2.3/Public/static/ravenjs/3.7.0/raven.min.js.map
INFO: [ app_init ] --START--
INFO: Run Behavior\BuildLiteBehavior [ RunTime:0.000020s ]
INFO: [ app_init ] --END-- [ RunTime:0.000811s ]
ERR: 无法加载模块:Public

[ 2018-12-24T21:13:57+08:00 ] ::1 /phpText/ZGXG/ZGXG1/thinkphp_3.2.3/Public/app/dest/base/index.js.map
INFO: [ app_init ] --START--
INFO: Run Behavior\BuildLiteBehavior [ RunTime:0.000017s ]
INFO: [ app_init ] --END-- [ RunTime:0.000831s ]
ERR: 无法加载模块:Public

[ 2018-12-24T21:20:55+08:00 ] ::1 /phpText/ZGXG/ZGXG1/thinkphp_3.2.3/Public/static/zeroclipboard/2.2.0/ZeroClipboard.min.map
INFO: [ app_init ] --START--
INFO: Run Behavior\BuildLiteBehavior [ RunTime:0.000015s ]
INFO: [ app_init ] --END-- [ RunTime:0.000800s ]
ERR: 无法加载模块:Public

[ 2018-12-24T21:20:55+08:00 ] ::1 /phpText/ZGXG/ZGXG1/thinkphp_3.2.3/Public/static/ravenjs/3.7.0/raven.min.js.map
INFO: [ app_init ] --START--
INFO: Run Behavior\BuildLiteBehavior [ RunTime:0.000015s ]
INFO: [ app_init ] --END-- [ RunTime:0.000566s ]
ERR: 无法加载模块:Public

[ 2018-12-24T21:20:55+08:00 ] ::1 /phpText/ZGXG/ZGXG1/thinkphp_3.2.3/Public/app/dest/base/index.js.map
INFO: [ app_init ] --START--
INFO: Run Behavior\BuildLiteBehavior [ RunTime:0.000021s ]
INFO: [ app_init ] --END-- [ RunTime:0.004983s ]
ERR: 无法加载模块:Public

[ 2018-12-24T21:21:19+08:00 ] ::1 /phpText/ZGXG/ZGXG1/thinkphp_3.2.3/Public/static/ravenjs/3.7.0/raven.min.js.map
INFO: [ app_init ] --START--
INFO: Run Behavior\BuildLiteBehavior [ RunTime:0.000024s ]
INFO: [ app_init ] --END-- [ RunTime:0.001429s ]
ERR: 无法加载模块:Public

[ 2018-12-24T21:21:19+08:00 ] ::1 /phpText/ZGXG/ZGXG1/thinkphp_3.2.3/Public/static/zeroclipboard/2.2.0/ZeroClipboard.min.map
INFO: [ app_init ] --START--
INFO: Run Behavior\BuildLiteBehavior [ RunTime:0.000013s ]
INFO: [ app_init ] --END-- [ RunTime:0.000484s ]
ERR: 无法加载模块:Public

[ 2018-12-24T21:21:19+08:00 ] ::1 /phpText/ZGXG/ZGXG1/thinkphp_3.2.3/Public/app/dest/base/index.js.map
INFO: [ app_init ] --START--
INFO: Run Behavior\BuildLiteBehavior [ RunTime:0.000016s ]
INFO: [ app_init ] --END-- [ RunTime:0.000724s ]
ERR: 无法加载模块:Public

[ 2018-12-24T21:22:56+08:00 ] ::1 /phpText/ZGXG/ZGXG1/thinkphp_3.2.3/Public/app/dest/base/index.js.map
INFO: [ app_init ] --START--
INFO: Run Behavior\BuildLiteBehavior [ RunTime:0.000026s ]
INFO: [ app_init ] --END-- [ RunTime:0.000853s ]
ERR: 无法加载模块:Public

[ 2018-12-24T21:22:56+08:00 ] ::1 /phpText/ZGXG/ZGXG1/thinkphp_3.2.3/Public/static/zeroclipboard/2.2.0/ZeroClipboard.min.map
INFO: [ app_init ] --START--
INFO: Run Behavior\BuildLiteBehavior [ RunTime:0.000024s ]
INFO: [ app_init ] --END-- [ RunTime:0.000679s ]
ERR: 无法加载模块:Public

[ 2018-12-24T21:22:56+08:00 ] ::1 /phpText/ZGXG/ZGXG1/thinkphp_3.2.3/Public/static/ravenjs/3.7.0/raven.min.js.map
INFO: [ app_init ] --START--
INFO: Run Behavior\BuildLiteBehavior [ RunTime:0.000017s ]
INFO: [ app_init ] --END-- [ RunTime:0.000834s ]
ERR: 无法加载模块:Public

[ 2018-12-24T21:23:06+08:00 ] ::1 /phpText/ZGXG/ZGXG1/thinkphp_3.2.3/Public/static/zeroclipboard/2.2.0/ZeroClipboard.min.map
INFO: [ app_init ] --START--
INFO: Run Behavior\BuildLiteBehavior [ RunTime:0.000021s ]
INFO: [ app_init ] --END-- [ RunTime:0.000690s ]
ERR: 无法加载模块:Public

[ 2018-12-24T21:23:06+08:00 ] ::1 /phpText/ZGXG/ZGXG1/thinkphp_3.2.3/Public/app/dest/base/index.js.map
INFO: [ app_init ] --START--
INFO: Run Behavior\BuildLiteBehavior [ RunTime:0.000020s ]
INFO: [ app_init ] --END-- [ RunTime:0.000638s ]
ERR: 无法加载模块:Public

[ 2018-12-24T21:23:06+08:00 ] ::1 /phpText/ZGXG/ZGXG1/thinkphp_3.2.3/Public/static/ravenjs/3.7.0/raven.min.js.map
INFO: [ app_init ] --START--
INFO: Run Behavior\BuildLiteBehavior [ RunTime:0.000021s ]
INFO: [ app_init ] --END-- [ RunTime:0.000666s ]
ERR: 无法加载模块:Public

[ 2018-12-24T21:24:09+08:00 ] ::1 /phpText/ZGXG/ZGXG1/thinkphp_3.2.3/Public/static/zeroclipboard/2.2.0/ZeroClipboard.min.map
INFO: [ app_init ] --START--
INFO: Run Behavior\BuildLiteBehavior [ RunTime:0.000034s ]
INFO: [ app_init ] --END-- [ RunTime:0.000838s ]
ERR: 无法加载模块:Public

[ 2018-12-24T21:24:09+08:00 ] ::1 /phpText/ZGXG/ZGXG1/thinkphp_3.2.3/Public/app/dest/base/index.js.map
INFO: [ app_init ] --START--
INFO: Run Behavior\BuildLiteBehavior [ RunTime:0.000024s ]
INFO: [ app_init ] --END-- [ RunTime:0.000609s ]
ERR: 无法加载模块:Public

[ 2018-12-24T21:24:09+08:00 ] ::1 /phpText/ZGXG/ZGXG1/thinkphp_3.2.3/Public/static/ravenjs/3.7.0/raven.min.js.map
INFO: [ app_init ] --START--
INFO: Run Behavior\BuildLiteBehavior [ RunTime:0.000014s ]
INFO: [ app_init ] --END-- [ RunTime:0.001020s ]
ERR: 无法加载模块:Public

[ 2018-12-24T21:24:20+08:00 ] ::1 /phpText/ZGXG/ZGXG1/thinkphp_3.2.3/Public/static/ravenjs/3.7.0/raven.min.js.map
INFO: [ app_init ] --START--
INFO: Run Behavior\BuildLiteBehavior [ RunTime:0.000104s ]
INFO: [ app_init ] --END-- [ RunTime:0.001102s ]
ERR: 无法加载模块:Public

[ 2018-12-24T21:24:20+08:00 ] ::1 /phpText/ZGXG/ZGXG1/thinkphp_3.2.3/Public/static/zeroclipboard/2.2.0/ZeroClipboard.min.map
INFO: [ app_init ] --START--
INFO: Run Behavior\BuildLiteBehavior [ RunTime:0.000036s ]
INFO: [ app_init ] --END-- [ RunTime:0.001381s ]
ERR: 无法加载模块:Public

[ 2018-12-24T21:24:20+08:00 ] ::1 /phpText/ZGXG/ZGXG1/thinkphp_3.2.3/Public/app/dest/base/index.js.map
INFO: [ app_init ] --START--
INFO: Run Behavior\BuildLiteBehavior [ RunTime:0.000020s ]
INFO: [ app_init ] --END-- [ RunTime:0.000891s ]
ERR: 无法加载模块:Public

[ 2018-12-24T21:24:46+08:00 ] ::1 /phpText/ZGXG/ZGXG1/thinkphp_3.2.3/Public/static/ravenjs/3.7.0/raven.min.js.map
INFO: [ app_init ] --START--
INFO: Run Behavior\BuildLiteBehavior [ RunTime:0.000122s ]
INFO: [ app_init ] --END-- [ RunTime:0.001860s ]
ERR: 无法加载模块:Public

[ 2018-12-24T21:24:46+08:00 ] ::1 /phpText/ZGXG/ZGXG1/thinkphp_3.2.3/Public/static/zeroclipboard/2.2.0/ZeroClipboard.min.map
INFO: [ app_init ] --START--
INFO: Run Behavior\BuildLiteBehavior [ RunTime:0.000038s ]
INFO: [ app_init ] --END-- [ RunTime:0.000909s ]
ERR: 无法加载模块:Public

[ 2018-12-24T21:24:46+08:00 ] ::1 /phpText/ZGXG/ZGXG1/thinkphp_3.2.3/Public/app/dest/base/index.js.map
INFO: [ app_init ] --START--
INFO: Run Behavior\BuildLiteBehavior [ RunTime:0.000018s ]
INFO: [ app_init ] --END-- [ RunTime:0.000546s ]
ERR: 无法加载模块:Public

[ 2018-12-24T21:24:50+08:00 ] ::1 /phpText/ZGXG/ZGXG1/thinkphp_3.2.3/Public/static/zeroclipboard/2.2.0/ZeroClipboard.min.map
INFO: [ app_init ] --START--
INFO: Run Behavior\BuildLiteBehavior [ RunTime:0.000015s ]
INFO: [ app_init ] --END-- [ RunTime:0.000694s ]
ERR: 无法加载模块:Public

[ 2018-12-24T21:24:50+08:00 ] ::1 /phpText/ZGXG/ZGXG1/thinkphp_3.2.3/Public/static/ravenjs/3.7.0/raven.min.js.map
INFO: [ app_init ] --START--
INFO: Run Behavior\BuildLiteBehavior [ RunTime:0.000025s ]
INFO: [ app_init ] --END-- [ RunTime:0.000897s ]
ERR: 无法加载模块:Public

[ 2018-12-24T21:24:54+08:00 ] ::1 /phpText/ZGXG/ZGXG1/thinkphp_3.2.3/Public/static/zeroclipboard/2.2.0/ZeroClipboard.min.map
INFO: [ app_init ] --START--
INFO: Run Behavior\BuildLiteBehavior [ RunTime:0.000021s ]
INFO: [ app_init ] --END-- [ RunTime:0.001152s ]
ERR: 无法加载模块:Public

[ 2018-12-24T21:24:54+08:00 ] ::1 /phpText/ZGXG/ZGXG1/thinkphp_3.2.3/Public/static/ravenjs/3.7.0/raven.min.js.map
INFO: [ app_init ] --START--
INFO: Run Behavior\BuildLiteBehavior [ RunTime:0.000022s ]
INFO: [ app_init ] --END-- [ RunTime:0.000740s ]
ERR: 无法加载模块:Public

[ 2018-12-24T21:24:54+08:00 ] ::1 /phpText/ZGXG/ZGXG1/thinkphp_3.2.3/Public/app/dest/base/index.js.map
INFO: [ app_init ] --START--
INFO: Run Behavior\BuildLiteBehavior [ RunTime:0.000042s ]
INFO: [ app_init ] --END-- [ RunTime:0.001187s ]
ERR: 无法加载模块:Public

[ 2018-12-24T21:24:57+08:00 ] ::1 /phpText/ZGXG/ZGXG1/thinkphp_3.2.3/Public/static/ravenjs/3.7.0/raven.min.js.map
INFO: [ app_init ] --START--
INFO: Run Behavior\BuildLiteBehavior [ RunTime:0.000018s ]
INFO: [ app_init ] --END-- [ RunTime:0.000814s ]
ERR: 无法加载模块:Public

[ 2018-12-24T21:24:57+08:00 ] ::1 /phpText/ZGXG/ZGXG1/thinkphp_3.2.3/Public/static/zeroclipboard/2.2.0/ZeroClipboard.min.map
INFO: [ app_init ] --START--
INFO: Run Behavior\BuildLiteBehavior [ RunTime:0.000023s ]
INFO: [ app_init ] --END-- [ RunTime:0.001330s ]
ERR: 无法加载模块:Public

[ 2018-12-24T21:36:53+08:00 ] ::1 /phpText/ZGXG/ZGXG1/thinkphp_3.2.3/Public/app/dest/course/labs.js?=2016121272249
INFO: [ app_init ] --START--
INFO: Run Behavior\BuildLiteBehavior [ RunTime:0.000012s ]
INFO: [ app_init ] --END-- [ RunTime:0.000518s ]
ERR: 无法加载模块:Public

[ 2018-12-24T21:36:53+08:00 ] ::1 /phpText/ZGXG/ZGXG1/thinkphp_3.2.3/Public/app/dest/course/labs.js?=2016121272249
INFO: [ app_init ] --START--
INFO: Run Behavior\BuildLiteBehavior [ RunTime:0.000015s ]
INFO: [ app_init ] --END-- [ RunTime:0.000700s ]
ERR: 无法加载模块:Public

[ 2018-12-24T21:37:06+08:00 ] ::1 /phpText/ZGXG/ZGXG1/thinkphp_3.2.3/Public/app/dest/course/labs.js?=2016121272249
INFO: [ app_init ] --START--
INFO: Run Behavior\BuildLiteBehavior [ RunTime:0.000012s ]
INFO: [ app_init ] --END-- [ RunTime:0.000575s ]
ERR: 无法加载模块:Public

[ 2018-12-24T21:37:07+08:00 ] ::1 /phpText/ZGXG/ZGXG1/thinkphp_3.2.3/Public/app/dest/course/labs.js?=2016121272249
INFO: [ app_init ] --START--
INFO: Run Behavior\BuildLiteBehavior [ RunTime:0.000021s ]
INFO: [ app_init ] --END-- [ RunTime:0.000518s ]
ERR: 无法加载模块:Public

[ 2018-12-24T22:01:25+08:00 ] ::1 /phpText/ZGXG/ZGXG1/thinkphp_3.2.3/Public/static/ravenjs/3.7.0/raven.min.js.map
INFO: [ app_init ] --START--
INFO: Run Behavior\BuildLiteBehavior [ RunTime:0.000017s ]
INFO: [ app_init ] --END-- [ RunTime:0.000562s ]
ERR: 无法加载模块:Public

[ 2018-12-24T22:01:25+08:00 ] ::1 /phpText/ZGXG/ZGXG1/thinkphp_3.2.3/Public/static/zeroclipboard/2.2.0/ZeroClipboard.min.map
INFO: [ app_init ] --START--
INFO: Run Behavior\BuildLiteBehavior [ RunTime:0.000017s ]
INFO: [ app_init ] --END-- [ RunTime:0.000762s ]
ERR: 无法加载模块:Public

[ 2018-12-24T22:02:14+08:00 ] ::1 /phpText/ZGXG/ZGXG1/thinkphp_3.2.3/Public/static/zeroclipboard/2.2.0/ZeroClipboard.min.map
INFO: [ app_init ] --START--
INFO: Run Behavior\BuildLiteBehavior [ RunTime:0.000023s ]
INFO: [ app_init ] --END-- [ RunTime:0.000984s ]
ERR: 无法加载模块:Public

[ 2018-12-24T22:02:15+08:00 ] ::1 /phpText/ZGXG/ZGXG1/thinkphp_3.2.3/Public/static/ravenjs/3.7.0/raven.min.js.map
INFO: [ app_init ] --START--
INFO: Run Behavior\BuildLiteBehavior [ RunTime:0.000011s ]
INFO: [ app_init ] --END-- [ RunTime:0.000362s ]
ERR: 无法加载模块:Public

[ 2018-12-24T22:02:15+08:00 ] ::1 /phpText/ZGXG/ZGXG1/thinkphp_3.2.3/Public/app/dest/base/index.js.map
INFO: [ app_init ] --START--
INFO: Run Behavior\BuildLiteBehavior [ RunTime:0.000026s ]
INFO: [ app_init ] --END-- [ RunTime:0.002277s ]
ERR: 无法加载模块:Public

[ 2018-12-24T22:02:17+08:00 ] ::1 /phpText/ZGXG/ZGXG1/thinkphp_3.2.3/Public/static/ravenjs/3.7.0/raven.min.js.map
INFO: [ app_init ] --START--
INFO: Run Behavior\BuildLiteBehavior [ RunTime:0.000023s ]
INFO: [ app_init ] --END-- [ RunTime:0.000678s ]
ERR: 无法加载模块:Public

[ 2018-12-24T22:02:17+08:00 ] ::1 /phpText/ZGXG/ZGXG1/thinkphp_3.2.3/Public/static/zeroclipboard/2.2.0/ZeroClipboard.min.map
INFO: [ app_init ] --START--
INFO: Run Behavior\BuildLiteBehavior [ RunTime:0.000023s ]
INFO: [ app_init ] --END-- [ RunTime:0.000947s ]
ERR: 无法加载模块:Public

[ 2018-12-24T22:02:17+08:00 ] ::1 /phpText/ZGXG/ZGXG1/thinkphp_3.2.3/Public/app/dest/base/index.js.map
INFO: [ app_init ] --START--
INFO: Run Behavior\BuildLiteBehavior [ RunTime:0.000032s ]
INFO: [ app_init ] --END-- [ RunTime:0.001132s ]
ERR: 无法加载模块:Public

[ 2018-12-24T22:02:19+08:00 ] ::1 /phpText/ZGXG/ZGXG1/thinkphp_3.2.3/Public/static/zeroclipboard/2.2.0/ZeroClipboard.min.map
INFO: [ app_init ] --START--
INFO: Run Behavior\BuildLiteBehavior [ RunTime:0.000029s ]
INFO: [ app_init ] --END-- [ RunTime:0.002202s ]
ERR: 无法加载模块:Public

[ 2018-12-24T22:02:19+08:00 ] ::1 /phpText/ZGXG/ZGXG1/thinkphp_3.2.3/Public/static/ravenjs/3.7.0/raven.min.js.map
INFO: [ app_init ] --START--
INFO: Run Behavior\BuildLiteBehavior [ RunTime:0.000023s ]
INFO: [ app_init ] --END-- [ RunTime:0.000710s ]
ERR: 无法加载模块:Public

[ 2018-12-24T22:02:19+08:00 ] ::1 /phpText/ZGXG/ZGXG1/thinkphp_3.2.3/Public/app/dest/base/index.js.map
INFO: [ app_init ] --START--
INFO: Run Behavior\BuildLiteBehavior [ RunTime:0.000018s ]
INFO: [ app_init ] --END-- [ RunTime:0.000670s ]
ERR: 无法加载模块:Public

[ 2018-12-24T22:03:58+08:00 ] ::1 /phpText/ZGXG/ZGXG1/thinkphp_3.2.3/Public/static/zeroclipboard/2.2.0/ZeroClipboard.min.map
INFO: [ app_init ] --START--
INFO: Run Behavior\BuildLiteBehavior [ RunTime:0.000021s ]
INFO: [ app_init ] --END-- [ RunTime:0.000824s ]
ERR: 无法加载模块:Public

[ 2018-12-24T22:03:58+08:00 ] ::1 /phpText/ZGXG/ZGXG1/thinkphp_3.2.3/Public/app/dest/base/index.js.map
INFO: [ app_init ] --START--
INFO: Run Behavior\BuildLiteBehavior [ RunTime:0.000024s ]
INFO: [ app_init ] --END-- [ RunTime:0.000542s ]
ERR: 无法加载模块:Public

[ 2018-12-24T22:03:58+08:00 ] ::1 /phpText/ZGXG/ZGXG1/thinkphp_3.2.3/Public/static/ravenjs/3.7.0/raven.min.js.map
INFO: [ app_init ] --START--
INFO: Run Behavior\BuildLiteBehavior [ RunTime:0.000022s ]
INFO: [ app_init ] --END-- [ RunTime:0.000647s ]
ERR: 无法加载模块:Public

[ 2018-12-24T22:04:01+08:00 ] ::1 /phpText/ZGXG/ZGXG1/thinkphp_3.2.3/Public/static/zeroclipboard/2.2.0/ZeroClipboard.min.map
INFO: [ app_init ] --START--
INFO: Run Behavior\BuildLiteBehavior [ RunTime:0.000029s ]
INFO: [ app_init ] --END-- [ RunTime:0.000956s ]
ERR: 无法加载模块:Public

[ 2018-12-24T22:04:01+08:00 ] ::1 /phpText/ZGXG/ZGXG1/thinkphp_3.2.3/Public/static/ravenjs/3.7.0/raven.min.js.map
INFO: [ app_init ] --START--
INFO: Run Behavior\BuildLiteBehavior [ RunTime:0.000022s ]
INFO: [ app_init ] --END-- [ RunTime:0.000908s ]
ERR: 无法加载模块:Public

[ 2018-12-24T22:04:01+08:00 ] ::1 /phpText/ZGXG/ZGXG1/thinkphp_3.2.3/Public/app/dest/base/index.js.map
INFO: [ app_init ] --START--
INFO: Run Behavior\BuildLiteBehavior [ RunTime:0.000016s ]
INFO: [ app_init ] --END-- [ RunTime:0.000871s ]
ERR: 无法加载模块:Public

[ 2018-12-24T22:04:05+08:00 ] ::1 /phpText/ZGXG/ZGXG1/thinkphp_3.2.3/Public/app/dest/base/index.js.map
INFO: [ app_init ] --START--
INFO: Run Behavior\BuildLiteBehavior [ RunTime:0.000019s ]
INFO: [ app_init ] --END-- [ RunTime:0.000727s ]
ERR: 无法加载模块:Public

[ 2018-12-24T22:04:05+08:00 ] ::1 /phpText/ZGXG/ZGXG1/thinkphp_3.2.3/Public/static/zeroclipboard/2.2.0/ZeroClipboard.min.map
INFO: [ app_init ] --START--
INFO: Run Behavior\BuildLiteBehavior [ RunTime:0.000073s ]
INFO: [ app_init ] --END-- [ RunTime:0.002086s ]
ERR: 无法加载模块:Public

[ 2018-12-24T22:04:05+08:00 ] ::1 /phpText/ZGXG/ZGXG1/thinkphp_3.2.3/Public/static/ravenjs/3.7.0/raven.min.js.map
INFO: [ app_init ] --START--
INFO: Run Behavior\BuildLiteBehavior [ RunTime:0.000027s ]
INFO: [ app_init ] --END-- [ RunTime:0.001247s ]
ERR: 无法加载模块:Public

[ 2018-12-24T22:04:29+08:00 ] ::1 /phpText/ZGXG/ZGXG1/thinkphp_3.2.3/Public/static/zeroclipboard/2.2.0/ZeroClipboard.min.map
INFO: [ app_init ] --START--
INFO: Run Behavior\BuildLiteBehavior [ RunTime:0.000016s ]
INFO: [ app_init ] --END-- [ RunTime:0.000592s ]
ERR: 无法加载模块:Public

[ 2018-12-24T22:04:29+08:00 ] ::1 /phpText/ZGXG/ZGXG1/thinkphp_3.2.3/Public/static/ravenjs/3.7.0/raven.min.js.map
INFO: [ app_init ] --START--
INFO: Run Behavior\BuildLiteBehavior [ RunTime:0.000013s ]
INFO: [ app_init ] --END-- [ RunTime:0.000745s ]
ERR: 无法加载模块:Public

[ 2018-12-24T22:04:29+08:00 ] ::1 /phpText/ZGXG/ZGXG1/thinkphp_3.2.3/Public/app/dest/base/index.js.map
INFO: [ app_init ] --START--
INFO: Run Behavior\BuildLiteBehavior [ RunTime:0.000014s ]
INFO: [ app_init ] --END-- [ RunTime:0.000619s ]
ERR: 无法加载模块:Public

[ 2018-12-24T22:04:32+08:00 ] ::1 /phpText/ZGXG/ZGXG1/thinkphp_3.2.3/Public/static/ravenjs/3.7.0/raven.min.js.map
INFO: [ app_init ] --START--
INFO: Run Behavior\BuildLiteBehavior [ RunTime:0.000021s ]
INFO: [ app_init ] --END-- [ RunTime:0.000693s ]
ERR: 无法加载模块:Public

[ 2018-12-24T22:04:32+08:00 ] ::1 /phpText/ZGXG/ZGXG1/thinkphp_3.2.3/Public/static/zeroclipboard/2.2.0/ZeroClipboard.min.map
INFO: [ app_init ] --START--
INFO: Run Behavior\BuildLiteBehavior [ RunTime:0.000021s ]
INFO: [ app_init ] --END-- [ RunTime:0.000834s ]
ERR: 无法加载模块:Public

[ 2018-12-24T22:04:32+08:00 ] ::1 /phpText/ZGXG/ZGXG1/thinkphp_3.2.3/Public/app/dest/base/index.js.map
INFO: [ app_init ] --START--
INFO: Run Behavior\BuildLiteBehavior [ RunTime:0.000019s ]
INFO: [ app_init ] --END-- [ RunTime:0.000841s ]
ERR: 无法加载模块:Public

[ 2018-12-24T22:04:34+08:00 ] ::1 /phpText/ZGXG/ZGXG1/thinkphp_3.2.3/Public/static/zeroclipboard/2.2.0/ZeroClipboard.min.map
INFO: [ app_init ] --START--
INFO: Run Behavior\BuildLiteBehavior [ RunTime:0.000015s ]
INFO: [ app_init ] --END-- [ RunTime:0.000737s ]
ERR: 无法加载模块:Public

[ 2018-12-24T22:04:34+08:00 ] ::1 /phpText/ZGXG/ZGXG1/thinkphp_3.2.3/Public/static/ravenjs/3.7.0/raven.min.js.map
INFO: [ app_init ] --START--
INFO: Run Behavior\BuildLiteBehavior [ RunTime:0.000021s ]
INFO: [ app_init ] --END-- [ RunTime:0.000952s ]
ERR: 无法加载模块:Public

[ 2018-12-24T22:04:34+08:00 ] ::1 /phpText/ZGXG/ZGXG1/thinkphp_3.2.3/Public/app/dest/base/index.js.map
INFO: [ app_init ] --START--
INFO: Run Behavior\BuildLiteBehavior [ RunTime:0.000046s ]
INFO: [ app_init ] --END-- [ RunTime:0.001363s ]
ERR: 无法加载模块:Public

[ 2018-12-24T22:04:37+08:00 ] ::1 /phpText/ZGXG/ZGXG1/thinkphp_3.2.3/Public/app/dest/base/index.js.map
INFO: [ app_init ] --START--
INFO: Run Behavior\BuildLiteBehavior [ RunTime:0.000023s ]
INFO: [ app_init ] --END-- [ RunTime:0.001053s ]
ERR: 无法加载模块:Public

[ 2018-12-24T22:04:37+08:00 ] ::1 /phpText/ZGXG/ZGXG1/thinkphp_3.2.3/Public/static/zeroclipboard/2.2.0/ZeroClipboard.min.map
INFO: [ app_init ] --START--
INFO: Run Behavior\BuildLiteBehavior [ RunTime:0.000027s ]
INFO: [ app_init ] --END-- [ RunTime:0.000749s ]
ERR: 无法加载模块:Public

[ 2018-12-24T22:04:37+08:00 ] ::1 /phpText/ZGXG/ZGXG1/thinkphp_3.2.3/Public/static/ravenjs/3.7.0/raven.min.js.map
INFO: [ app_init ] --START--
INFO: Run Behavior\BuildLiteBehavior [ RunTime:0.000030s ]
INFO: [ app_init ] --END-- [ RunTime:0.000861s ]
ERR: 无法加载模块:Public

[ 2018-12-24T22:04:40+08:00 ] ::1 /phpText/ZGXG/ZGXG1/thinkphp_3.2.3/Public/app/dest/base/index.js.map
INFO: [ app_init ] --START--
INFO: Run Behavior\BuildLiteBehavior [ RunTime:0.000034s ]
INFO: [ app_init ] --END-- [ RunTime:0.000889s ]
ERR: 无法加载模块:Public

[ 2018-12-24T22:04:40+08:00 ] ::1 /phpText/ZGXG/ZGXG1/thinkphp_3.2.3/Public/static/ravenjs/3.7.0/raven.min.js.map
INFO: [ app_init ] --START--
INFO: Run Behavior\BuildLiteBehavior [ RunTime:0.000023s ]
INFO: [ app_init ] --END-- [ RunTime:0.000841s ]
ERR: 无法加载模块:Public

[ 2018-12-24T22:04:40+08:00 ] ::1 /phpText/ZGXG/ZGXG1/thinkphp_3.2.3/Public/static/zeroclipboard/2.2.0/ZeroClipboard.min.map
INFO: [ app_init ] --START--
INFO: Run Behavior\BuildLiteBehavior [ RunTime:0.000027s ]
INFO: [ app_init ] --END-- [ RunTime:0.000783s ]
ERR: 无法加载模块:Public

[ 2018-12-24T22:04:42+08:00 ] ::1 /phpText/ZGXG/ZGXG1/thinkphp_3.2.3/Public/static/ravenjs/3.7.0/raven.min.js.map
INFO: [ app_init ] --START--
INFO: Run Behavior\BuildLiteBehavior [ RunTime:0.000024s ]
INFO: [ app_init ] --END-- [ RunTime:0.000921s ]
ERR: 无法加载模块:Public

[ 2018-12-24T22:04:42+08:00 ] ::1 /phpText/ZGXG/ZGXG1/thinkphp_3.2.3/Public/static/zeroclipboard/2.2.0/ZeroClipboard.min.map
INFO: [ app_init ] --START--
INFO: Run Behavior\BuildLiteBehavior [ RunTime:0.000024s ]
INFO: [ app_init ] --END-- [ RunTime:0.000831s ]
ERR: 无法加载模块:Public

[ 2018-12-24T22:04:42+08:00 ] ::1 /phpText/ZGXG/ZGXG1/thinkphp_3.2.3/Public/app/dest/base/index.js.map
INFO: [ app_init ] --START--
INFO: Run Behavior\BuildLiteBehavior [ RunTime:0.000022s ]
INFO: [ app_init ] --END-- [ RunTime:0.001236s ]
ERR: 无法加载模块:Public

[ 2018-12-24T22:04:50+08:00 ] ::1 /phpText/ZGXG/ZGXG1/thinkphp_3.2.3/Public/app/dest/base/index.js.map
INFO: [ app_init ] --START--
INFO: Run Behavior\BuildLiteBehavior [ RunTime:0.000026s ]
INFO: [ app_init ] --END-- [ RunTime:0.001331s ]
ERR: 无法加载模块:Public

[ 2018-12-24T22:04:50+08:00 ] ::1 /phpText/ZGXG/ZGXG1/thinkphp_3.2.3/Public/static/zeroclipboard/2.2.0/ZeroClipboard.min.map
INFO: [ app_init ] --START--
INFO: Run Behavior\BuildLiteBehavior [ RunTime:0.000030s ]
INFO: [ app_init ] --END-- [ RunTime:0.000839s ]
ERR: 无法加载模块:Public

[ 2018-12-24T22:04:50+08:00 ] ::1 /phpText/ZGXG/ZGXG1/thinkphp_3.2.3/Public/static/ravenjs/3.7.0/raven.min.js.map
INFO: [ app_init ] --START--
INFO: Run Behavior\BuildLiteBehavior [ RunTime:0.000037s ]
INFO: [ app_init ] --END-- [ RunTime:0.001305s ]
ERR: 无法加载模块:Public

