[ 2018-12-26T08:42:56+08:00 ] ::1 /phpText/ZGXG/ZGXG1/thinkphp_3.2.3/Public/app/dest/course/labs.js.map
INFO: [ app_init ] --START--
INFO: Run Behavior\BuildLiteBehavior [ RunTime:0.000015s ]
INFO: [ app_init ] --END-- [ RunTime:0.000778s ]
ERR: 无法加载模块:Public

[ 2018-12-26T08:42:56+08:00 ] ::1 /phpText/ZGXG/ZGXG1/thinkphp_3.2.3/Public/static/zeroclipboard/2.2.0/ZeroClipboard.min.map
INFO: [ app_init ] --START--
INFO: Run Behavior\BuildLiteBehavior [ RunTime:0.000018s ]
INFO: [ app_init ] --END-- [ RunTime:0.000859s ]
ERR: 无法加载模块:Public

[ 2018-12-26T08:42:56+08:00 ] ::1 /phpText/ZGXG/ZGXG1/thinkphp_3.2.3/Public/static/ravenjs/3.7.0/raven.min.js.map
INFO: [ app_init ] --START--
INFO: Run Behavior\BuildLiteBehavior [ RunTime:0.000012s ]
INFO: [ app_init ] --END-- [ RunTime:0.000642s ]
ERR: 无法加载模块:Public

[ 2018-12-26T08:43:55+08:00 ] ::1 /phpText/ZGXG/ZGXG1/thinkphp_3.2.3/Public/app/dest/course/labs.js.map
INFO: [ app_init ] --START--
INFO: Run Behavior\BuildLiteBehavior [ RunTime:0.000021s ]
INFO: [ app_init ] --END-- [ RunTime:0.001046s ]
ERR: 无法加载模块:Public

[ 2018-12-26T08:43:55+08:00 ] ::1 /phpText/ZGXG/ZGXG1/thinkphp_3.2.3/Public/static/zeroclipboard/2.2.0/ZeroClipboard.min.map
INFO: [ app_init ] --START--
INFO: Run Behavior\BuildLiteBehavior [ RunTime:0.000027s ]
INFO: [ app_init ] --END-- [ RunTime:0.000731s ]
ERR: 无法加载模块:Public

[ 2018-12-26T08:43:55+08:00 ] ::1 /phpText/ZGXG/ZGXG1/thinkphp_3.2.3/Public/static/ravenjs/3.7.0/raven.min.js.map
INFO: [ app_init ] --START--
INFO: Run Behavior\BuildLiteBehavior [ RunTime:0.000018s ]
INFO: [ app_init ] --END-- [ RunTime:0.001074s ]
ERR: 无法加载模块:Public

[ 2018-12-26T08:45:21+08:00 ] ::1 /phpText/ZGXG/ZGXG1/thinkphp_3.2.3/Public/static/zeroclipboard/2.2.0/ZeroClipboard.min.map
INFO: [ app_init ] --START--
INFO: Run Behavior\BuildLiteBehavior [ RunTime:0.000023s ]
INFO: [ app_init ] --END-- [ RunTime:0.002113s ]
ERR: 无法加载模块:Public

[ 2018-12-26T08:45:21+08:00 ] ::1 /phpText/ZGXG/ZGXG1/thinkphp_3.2.3/Public/static/ravenjs/3.7.0/raven.min.js.map
INFO: [ app_init ] --START--
INFO: Run Behavior\BuildLiteBehavior [ RunTime:0.000034s ]
INFO: [ app_init ] --END-- [ RunTime:0.002199s ]
ERR: 无法加载模块:Public

[ 2018-12-26T08:46:14+08:00 ] ::1 /phpText/ZGXG/ZGXG1/thinkphp_3.2.3/Public/app/dest/course/labs.js.map
INFO: [ app_init ] --START--
INFO: Run Behavior\BuildLiteBehavior [ RunTime:0.000120s ]
INFO: [ app_init ] --END-- [ RunTime:0.001306s ]
ERR: 无法加载模块:Public

[ 2018-12-26T08:46:14+08:00 ] ::1 /phpText/ZGXG/ZGXG1/thinkphp_3.2.3/Public/static/zeroclipboard/2.2.0/ZeroClipboard.min.map
INFO: [ app_init ] --START--
INFO: Run Behavior\BuildLiteBehavior [ RunTime:0.000022s ]
INFO: [ app_init ] --END-- [ RunTime:0.001090s ]
ERR: 无法加载模块:Public

[ 2018-12-26T08:46:14+08:00 ] ::1 /phpText/ZGXG/ZGXG1/thinkphp_3.2.3/Public/static/ravenjs/3.7.0/raven.min.js.map
INFO: [ app_init ] --START--
INFO: Run Behavior\BuildLiteBehavior [ RunTime:0.000021s ]
INFO: [ app_init ] --END-- [ RunTime:0.001350s ]
ERR: 无法加载模块:Public

[ 2018-12-26T08:46:38+08:00 ] ::1 /phpText/ZGXG/ZGXG1/thinkphp_3.2.3/Public/app/dest/course/labs.js.map
INFO: [ app_init ] --START--
INFO: Run Behavior\BuildLiteBehavior [ RunTime:0.000018s ]
INFO: [ app_init ] --END-- [ RunTime:0.000668s ]
ERR: 无法加载模块:Public

[ 2018-12-26T08:46:39+08:00 ] ::1 /phpText/ZGXG/ZGXG1/thinkphp_3.2.3/Public/static/zeroclipboard/2.2.0/ZeroClipboard.min.map
INFO: [ app_init ] --START--
INFO: Run Behavior\BuildLiteBehavior [ RunTime:0.000024s ]
INFO: [ app_init ] --END-- [ RunTime:0.000824s ]
ERR: 无法加载模块:Public

[ 2018-12-26T08:46:39+08:00 ] ::1 /phpText/ZGXG/ZGXG1/thinkphp_3.2.3/Public/static/ravenjs/3.7.0/raven.min.js.map
INFO: [ app_init ] --START--
INFO: Run Behavior\BuildLiteBehavior [ RunTime:0.000024s ]
INFO: [ app_init ] --END-- [ RunTime:0.000999s ]
ERR: 无法加载模块:Public

[ 2018-12-26T08:47:01+08:00 ] ::1 /phpText/ZGXG/ZGXG1/thinkphp_3.2.3/Public/app/dest/course/labs.js.map
INFO: [ app_init ] --START--
INFO: Run Behavior\BuildLiteBehavior [ RunTime:0.000017s ]
INFO: [ app_init ] --END-- [ RunTime:0.000794s ]
ERR: 无法加载模块:Public

[ 2018-12-26T08:47:01+08:00 ] ::1 /phpText/ZGXG/ZGXG1/thinkphp_3.2.3/Public/static/zeroclipboard/2.2.0/ZeroClipboard.min.map
INFO: [ app_init ] --START--
INFO: Run Behavior\BuildLiteBehavior [ RunTime:0.000018s ]
INFO: [ app_init ] --END-- [ RunTime:0.000833s ]
ERR: 无法加载模块:Public

[ 2018-12-26T08:47:02+08:00 ] ::1 /phpText/ZGXG/ZGXG1/thinkphp_3.2.3/Public/static/ravenjs/3.7.0/raven.min.js.map
INFO: [ app_init ] --START--
INFO: Run Behavior\BuildLiteBehavior [ RunTime:0.000028s ]
INFO: [ app_init ] --END-- [ RunTime:0.001036s ]
ERR: 无法加载模块:Public

[ 2018-12-26T08:47:35+08:00 ] ::1 /phpText/ZGXG/ZGXG1/thinkphp_3.2.3/Public/app/dest/course/labs.js.map
INFO: [ app_init ] --START--
INFO: Run Behavior\BuildLiteBehavior [ RunTime:0.000019s ]
INFO: [ app_init ] --END-- [ RunTime:0.001088s ]
ERR: 无法加载模块:Public

[ 2018-12-26T08:47:35+08:00 ] ::1 /phpText/ZGXG/ZGXG1/thinkphp_3.2.3/Public/static/zeroclipboard/2.2.0/ZeroClipboard.min.map
INFO: [ app_init ] --START--
INFO: Run Behavior\BuildLiteBehavior [ RunTime:0.000025s ]
INFO: [ app_init ] --END-- [ RunTime:0.001216s ]
ERR: 无法加载模块:Public

[ 2018-12-26T08:47:36+08:00 ] ::1 /phpText/ZGXG/ZGXG1/thinkphp_3.2.3/Public/static/ravenjs/3.7.0/raven.min.js.map
INFO: [ app_init ] --START--
INFO: Run Behavior\BuildLiteBehavior [ RunTime:0.000022s ]
INFO: [ app_init ] --END-- [ RunTime:0.001283s ]
ERR: 无法加载模块:Public

[ 2018-12-26T08:47:59+08:00 ] ::1 /phpText/ZGXG/ZGXG1/thinkphp_3.2.3/Public/app/dest/course/labs.js.map
INFO: [ app_init ] --START--
INFO: Run Behavior\BuildLiteBehavior [ RunTime:0.000020s ]
INFO: [ app_init ] --END-- [ RunTime:0.001332s ]
ERR: 无法加载模块:Public

[ 2018-12-26T08:48:00+08:00 ] ::1 /phpText/ZGXG/ZGXG1/thinkphp_3.2.3/Public/static/ravenjs/3.7.0/raven.min.js.map
INFO: [ app_init ] --START--
INFO: Run Behavior\BuildLiteBehavior [ RunTime:0.000037s ]
INFO: [ app_init ] --END-- [ RunTime:0.001321s ]
ERR: 无法加载模块:Public

[ 2018-12-26T08:48:00+08:00 ] ::1 /phpText/ZGXG/ZGXG1/thinkphp_3.2.3/Public/static/zeroclipboard/2.2.0/ZeroClipboard.min.map
INFO: [ app_init ] --START--
INFO: Run Behavior\BuildLiteBehavior [ RunTime:0.000027s ]
INFO: [ app_init ] --END-- [ RunTime:0.001404s ]
ERR: 无法加载模块:Public

[ 2018-12-26T08:48:24+08:00 ] ::1 /phpText/ZGXG/ZGXG1/thinkphp_3.2.3/Public/app/dest/course/labs.js.map
INFO: [ app_init ] --START--
INFO: Run Behavior\BuildLiteBehavior [ RunTime:0.000023s ]
INFO: [ app_init ] --END-- [ RunTime:0.000957s ]
ERR: 无法加载模块:Public

[ 2018-12-26T08:48:24+08:00 ] ::1 /phpText/ZGXG/ZGXG1/thinkphp_3.2.3/Public/static/zeroclipboard/2.2.0/ZeroClipboard.min.map
INFO: [ app_init ] --START--
INFO: Run Behavior\BuildLiteBehavior [ RunTime:0.000021s ]
INFO: [ app_init ] --END-- [ RunTime:0.000897s ]
ERR: 无法加载模块:Public

[ 2018-12-26T08:48:25+08:00 ] ::1 /phpText/ZGXG/ZGXG1/thinkphp_3.2.3/Public/static/ravenjs/3.7.0/raven.min.js.map
INFO: [ app_init ] --START--
INFO: Run Behavior\BuildLiteBehavior [ RunTime:0.000029s ]
INFO: [ app_init ] --END-- [ RunTime:0.012732s ]
ERR: 无法加载模块:Public

[ 2018-12-26T08:48:57+08:00 ] ::1 /phpText/ZGXG/ZGXG1/thinkphp_3.2.3/Public/static/zeroclipboard/2.2.0/ZeroClipboard.min.map
INFO: [ app_init ] --START--
INFO: Run Behavior\BuildLiteBehavior [ RunTime:0.000130s ]
INFO: [ app_init ] --END-- [ RunTime:0.001492s ]
ERR: 无法加载模块:Public

[ 2018-12-26T08:48:57+08:00 ] ::1 /phpText/ZGXG/ZGXG1/thinkphp_3.2.3/Public/static/ravenjs/3.7.0/raven.min.js.map
INFO: [ app_init ] --START--
INFO: Run Behavior\BuildLiteBehavior [ RunTime:0.000025s ]
INFO: [ app_init ] --END-- [ RunTime:0.001458s ]
ERR: 无法加载模块:Public

[ 2018-12-26T08:49:11+08:00 ] ::1 /phpText/ZGXG/ZGXG1/thinkphp_3.2.3/Public/static/zeroclipboard/2.2.0/ZeroClipboard.min.map
INFO: [ app_init ] --START--
INFO: Run Behavior\BuildLiteBehavior [ RunTime:0.000023s ]
INFO: [ app_init ] --END-- [ RunTime:0.016176s ]
ERR: 无法加载模块:Public

[ 2018-12-26T08:49:11+08:00 ] ::1 /phpText/ZGXG/ZGXG1/thinkphp_3.2.3/Public/static/ravenjs/3.7.0/raven.min.js.map
INFO: [ app_init ] --START--
INFO: Run Behavior\BuildLiteBehavior [ RunTime:0.000021s ]
INFO: [ app_init ] --END-- [ RunTime:0.000901s ]
ERR: 无法加载模块:Public

[ 2018-12-26T08:49:23+08:00 ] ::1 /phpText/ZGXG/ZGXG1/thinkphp_3.2.3/Public/static/zeroclipboard/2.2.0/ZeroClipboard.min.map
INFO: [ app_init ] --START--
INFO: Run Behavior\BuildLiteBehavior [ RunTime:0.000019s ]
INFO: [ app_init ] --END-- [ RunTime:0.001009s ]
ERR: 无法加载模块:Public

[ 2018-12-26T08:49:23+08:00 ] ::1 /phpText/ZGXG/ZGXG1/thinkphp_3.2.3/Public/static/ravenjs/3.7.0/raven.min.js.map
INFO: [ app_init ] --START--
INFO: Run Behavior\BuildLiteBehavior [ RunTime:0.000022s ]
INFO: [ app_init ] --END-- [ RunTime:0.001133s ]
ERR: 无法加载模块:Public

[ 2018-12-26T08:49:38+08:00 ] ::1 /phpText/ZGXG/ZGXG1/thinkphp_3.2.3/Public/static/zeroclipboard/2.2.0/ZeroClipboard.min.map
INFO: [ app_init ] --START--
INFO: Run Behavior\BuildLiteBehavior [ RunTime:0.000026s ]
INFO: [ app_init ] --END-- [ RunTime:0.000909s ]
ERR: 无法加载模块:Public

[ 2018-12-26T08:49:38+08:00 ] ::1 /phpText/ZGXG/ZGXG1/thinkphp_3.2.3/Public/static/ravenjs/3.7.0/raven.min.js.map
INFO: [ app_init ] --START--
INFO: Run Behavior\BuildLiteBehavior [ RunTime:0.000027s ]
INFO: [ app_init ] --END-- [ RunTime:0.002794s ]
ERR: 无法加载模块:Public

[ 2018-12-26T08:49:51+08:00 ] ::1 /phpText/ZGXG/ZGXG1/thinkphp_3.2.3/Public/app/dest/course/labs.js.map
INFO: [ app_init ] --START--
INFO: Run Behavior\BuildLiteBehavior [ RunTime:0.000030s ]
INFO: [ app_init ] --END-- [ RunTime:0.002434s ]
ERR: 无法加载模块:Public

[ 2018-12-26T08:49:52+08:00 ] ::1 /phpText/ZGXG/ZGXG1/thinkphp_3.2.3/Public/static/zeroclipboard/2.2.0/ZeroClipboard.min.map
INFO: [ app_init ] --START--
INFO: Run Behavior\BuildLiteBehavior [ RunTime:0.000017s ]
INFO: [ app_init ] --END-- [ RunTime:0.000803s ]
ERR: 无法加载模块:Public

[ 2018-12-26T08:49:52+08:00 ] ::1 /phpText/ZGXG/ZGXG1/thinkphp_3.2.3/Public/static/ravenjs/3.7.0/raven.min.js.map
INFO: [ app_init ] --START--
INFO: Run Behavior\BuildLiteBehavior [ RunTime:0.000017s ]
INFO: [ app_init ] --END-- [ RunTime:0.000993s ]
ERR: 无法加载模块:Public

[ 2018-12-26T08:50:20+08:00 ] ::1 /phpText/ZGXG/ZGXG1/thinkphp_3.2.3/Public/app/dest/course/labs.js.map
INFO: [ app_init ] --START--
INFO: Run Behavior\BuildLiteBehavior [ RunTime:0.000020s ]
INFO: [ app_init ] --END-- [ RunTime:0.000952s ]
ERR: 无法加载模块:Public

[ 2018-12-26T08:50:20+08:00 ] ::1 /phpText/ZGXG/ZGXG1/thinkphp_3.2.3/Public/static/zeroclipboard/2.2.0/ZeroClipboard.min.map
INFO: [ app_init ] --START--
INFO: Run Behavior\BuildLiteBehavior [ RunTime:0.000024s ]
INFO: [ app_init ] --END-- [ RunTime:0.001000s ]
ERR: 无法加载模块:Public

[ 2018-12-26T08:50:21+08:00 ] ::1 /phpText/ZGXG/ZGXG1/thinkphp_3.2.3/Public/static/ravenjs/3.7.0/raven.min.js.map
INFO: [ app_init ] --START--
INFO: Run Behavior\BuildLiteBehavior [ RunTime:0.000031s ]
INFO: [ app_init ] --END-- [ RunTime:0.000870s ]
ERR: 无法加载模块:Public

[ 2018-12-26T08:50:33+08:00 ] ::1 /phpText/ZGXG/ZGXG1/thinkphp_3.2.3/Public/app/dest/course/labs.js.map
INFO: [ app_init ] --START--
INFO: Run Behavior\BuildLiteBehavior [ RunTime:0.000020s ]
INFO: [ app_init ] --END-- [ RunTime:0.000946s ]
ERR: 无法加载模块:Public

[ 2018-12-26T08:50:33+08:00 ] ::1 /phpText/ZGXG/ZGXG1/thinkphp_3.2.3/Public/static/zeroclipboard/2.2.0/ZeroClipboard.min.map
INFO: [ app_init ] --START--
INFO: Run Behavior\BuildLiteBehavior [ RunTime:0.000024s ]
INFO: [ app_init ] --END-- [ RunTime:0.001212s ]
ERR: 无法加载模块:Public

[ 2018-12-26T08:50:33+08:00 ] ::1 /phpText/ZGXG/ZGXG1/thinkphp_3.2.3/Public/static/ravenjs/3.7.0/raven.min.js.map
INFO: [ app_init ] --START--
INFO: Run Behavior\BuildLiteBehavior [ RunTime:0.000017s ]
INFO: [ app_init ] --END-- [ RunTime:0.000639s ]
ERR: 无法加载模块:Public

[ 2018-12-26T08:51:21+08:00 ] ::1 /phpText/ZGXG/ZGXG1/thinkphp_3.2.3/Public/static/zeroclipboard/2.2.0/ZeroClipboard.min.map
INFO: [ app_init ] --START--
INFO: Run Behavior\BuildLiteBehavior [ RunTime:0.000019s ]
INFO: [ app_init ] --END-- [ RunTime:0.000696s ]
ERR: 无法加载模块:Public

[ 2018-12-26T08:51:21+08:00 ] ::1 /phpText/ZGXG/ZGXG1/thinkphp_3.2.3/Public/static/ravenjs/3.7.0/raven.min.js.map
INFO: [ app_init ] --START--
INFO: Run Behavior\BuildLiteBehavior [ RunTime:0.000018s ]
INFO: [ app_init ] --END-- [ RunTime:0.000722s ]
ERR: 无法加载模块:Public

[ 2018-12-26T09:28:24+08:00 ] ::1 /phpText/ZGXG/ZGXG1/thinkphp_3.2.3/Public/static/zeroclipboard/2.2.0/ZeroClipboard.min.map
INFO: [ app_init ] --START--
INFO: Run Behavior\BuildLiteBehavior [ RunTime:0.000010s ]
INFO: [ app_init ] --END-- [ RunTime:0.000658s ]
ERR: 无法加载模块:Public

[ 2018-12-26T09:32:54+08:00 ] ::1 /phpText/ZGXG/ZGXG1/thinkphp_3.2.3/Public/static/zeroclipboard/2.2.0/ZeroClipboard.min.map
INFO: [ app_init ] --START--
INFO: Run Behavior\BuildLiteBehavior [ RunTime:0.000013s ]
INFO: [ app_init ] --END-- [ RunTime:0.000672s ]
ERR: 无法加载模块:Public

[ 2018-12-26T09:32:54+08:00 ] ::1 /phpText/ZGXG/ZGXG1/thinkphp_3.2.3/Public/static/ravenjs/3.7.0/raven.min.js.map
INFO: [ app_init ] --START--
INFO: Run Behavior\BuildLiteBehavior [ RunTime:0.000018s ]
INFO: [ app_init ] --END-- [ RunTime:0.001016s ]
ERR: 无法加载模块:Public

[ 2018-12-26T09:34:39+08:00 ] ::1 /phpText/ZGXG/ZGXG1/thinkphp_3.2.3/Public/static/zeroclipboard/2.2.0/ZeroClipboard.min.map
INFO: [ app_init ] --START--
INFO: Run Behavior\BuildLiteBehavior [ RunTime:0.000013s ]
INFO: [ app_init ] --END-- [ RunTime:0.000692s ]
ERR: 无法加载模块:Public

[ 2018-12-26T09:34:39+08:00 ] ::1 /phpText/ZGXG/ZGXG1/thinkphp_3.2.3/Public/static/ravenjs/3.7.0/raven.min.js.map
INFO: [ app_init ] --START--
INFO: Run Behavior\BuildLiteBehavior [ RunTime:0.000016s ]
INFO: [ app_init ] --END-- [ RunTime:0.000901s ]
ERR: 无法加载模块:Public

[ 2018-12-26T09:35:06+08:00 ] ::1 /phpText/ZGXG/ZGXG1/thinkphp_3.2.3/Public/static/zeroclipboard/2.2.0/ZeroClipboard.min.map
INFO: [ app_init ] --START--
INFO: Run Behavior\BuildLiteBehavior [ RunTime:0.000064s ]
INFO: [ app_init ] --END-- [ RunTime:0.002128s ]
ERR: 无法加载模块:Public

[ 2018-12-26T09:35:06+08:00 ] ::1 /phpText/ZGXG/ZGXG1/thinkphp_3.2.3/Public/static/ravenjs/3.7.0/raven.min.js.map
INFO: [ app_init ] --START--
INFO: Run Behavior\BuildLiteBehavior [ RunTime:0.000015s ]
INFO: [ app_init ] --END-- [ RunTime:0.000754s ]
ERR: 无法加载模块:Public

[ 2018-12-26T09:36:55+08:00 ] ::1 /phpText/ZGXG/ZGXG1/thinkphp_3.2.3/Public/static/zeroclipboard/2.2.0/ZeroClipboard.min.map
INFO: [ app_init ] --START--
INFO: Run Behavior\BuildLiteBehavior [ RunTime:0.000035s ]
INFO: [ app_init ] --END-- [ RunTime:0.001115s ]
ERR: 无法加载模块:Public

[ 2018-12-26T09:36:55+08:00 ] ::1 /phpText/ZGXG/ZGXG1/thinkphp_3.2.3/Public/static/ravenjs/3.7.0/raven.min.js.map
INFO: [ app_init ] --START--
INFO: Run Behavior\BuildLiteBehavior [ RunTime:0.000021s ]
INFO: [ app_init ] --END-- [ RunTime:0.001249s ]
ERR: 无法加载模块:Public

[ 2018-12-26T09:37:41+08:00 ] ::1 /phpText/ZGXG/ZGXG1/thinkphp_3.2.3/Public/static/zeroclipboard/2.2.0/ZeroClipboard.min.map
INFO: [ app_init ] --START--
INFO: Run Behavior\BuildLiteBehavior [ RunTime:0.000028s ]
INFO: [ app_init ] --END-- [ RunTime:0.000938s ]
ERR: 无法加载模块:Public

[ 2018-12-26T09:37:41+08:00 ] ::1 /phpText/ZGXG/ZGXG1/thinkphp_3.2.3/Public/static/ravenjs/3.7.0/raven.min.js.map
INFO: [ app_init ] --START--
INFO: Run Behavior\BuildLiteBehavior [ RunTime:0.000015s ]
INFO: [ app_init ] --END-- [ RunTime:0.000719s ]
ERR: 无法加载模块:Public

[ 2018-12-26T09:37:55+08:00 ] ::1 /phpText/ZGXG/ZGXG1/thinkphp_3.2.3/Public/static/zeroclipboard/2.2.0/ZeroClipboard.min.map
INFO: [ app_init ] --START--
INFO: Run Behavior\BuildLiteBehavior [ RunTime:0.000031s ]
INFO: [ app_init ] --END-- [ RunTime:0.001041s ]
ERR: 无法加载模块:Public

[ 2018-12-26T09:37:55+08:00 ] ::1 /phpText/ZGXG/ZGXG1/thinkphp_3.2.3/Public/static/ravenjs/3.7.0/raven.min.js.map
INFO: [ app_init ] --START--
INFO: Run Behavior\BuildLiteBehavior [ RunTime:0.000031s ]
INFO: [ app_init ] --END-- [ RunTime:0.002557s ]
ERR: 无法加载模块:Public

[ 2018-12-26T09:38:04+08:00 ] ::1 /phpText/ZGXG/ZGXG1/thinkphp_3.2.3/Public/static/ravenjs/3.7.0/raven.min.js.map
INFO: [ app_init ] --START--
INFO: Run Behavior\BuildLiteBehavior [ RunTime:0.000018s ]
INFO: [ app_init ] --END-- [ RunTime:0.000789s ]
ERR: 无法加载模块:Public

[ 2018-12-26T09:38:04+08:00 ] ::1 /phpText/ZGXG/ZGXG1/thinkphp_3.2.3/Public/static/zeroclipboard/2.2.0/ZeroClipboard.min.map
INFO: [ app_init ] --START--
INFO: Run Behavior\BuildLiteBehavior [ RunTime:0.000011s ]
INFO: [ app_init ] --END-- [ RunTime:0.000530s ]
ERR: 无法加载模块:Public

[ 2018-12-26T09:38:23+08:00 ] ::1 /phpText/ZGXG/ZGXG1/thinkphp_3.2.3/Public/static/zeroclipboard/2.2.0/ZeroClipboard.min.map
INFO: [ app_init ] --START--
INFO: Run Behavior\BuildLiteBehavior [ RunTime:0.000017s ]
INFO: [ app_init ] --END-- [ RunTime:0.000719s ]
ERR: 无法加载模块:Public

[ 2018-12-26T09:38:23+08:00 ] ::1 /phpText/ZGXG/ZGXG1/thinkphp_3.2.3/Public/static/ravenjs/3.7.0/raven.min.js.map
INFO: [ app_init ] --START--
INFO: Run Behavior\BuildLiteBehavior [ RunTime:0.000024s ]
INFO: [ app_init ] --END-- [ RunTime:0.000854s ]
ERR: 无法加载模块:Public

[ 2018-12-26T09:38:40+08:00 ] ::1 /phpText/ZGXG/ZGXG1/thinkphp_3.2.3/Public/static/zeroclipboard/2.2.0/ZeroClipboard.min.map
INFO: [ app_init ] --START--
INFO: Run Behavior\BuildLiteBehavior [ RunTime:0.000024s ]
INFO: [ app_init ] --END-- [ RunTime:0.000978s ]
ERR: 无法加载模块:Public

[ 2018-12-26T09:38:40+08:00 ] ::1 /phpText/ZGXG/ZGXG1/thinkphp_3.2.3/Public/static/ravenjs/3.7.0/raven.min.js.map
INFO: [ app_init ] --START--
INFO: Run Behavior\BuildLiteBehavior [ RunTime:0.000022s ]
INFO: [ app_init ] --END-- [ RunTime:0.001256s ]
ERR: 无法加载模块:Public

[ 2018-12-26T09:53:21+08:00 ] ::1 /phpText/ZGXG/ZGXG1/thinkphp_3.2.3/Public/static/zeroclipboard/2.2.0/ZeroClipboard.min.map
INFO: [ app_init ] --START--
INFO: Run Behavior\BuildLiteBehavior [ RunTime:0.000017s ]
INFO: [ app_init ] --END-- [ RunTime:0.000758s ]
ERR: 无法加载模块:Public

[ 2018-12-26T09:53:21+08:00 ] ::1 /phpText/ZGXG/ZGXG1/thinkphp_3.2.3/Public/static/ravenjs/3.7.0/raven.min.js.map
INFO: [ app_init ] --START--
INFO: Run Behavior\BuildLiteBehavior [ RunTime:0.000024s ]
INFO: [ app_init ] --END-- [ RunTime:0.002211s ]
ERR: 无法加载模块:Public

[ 2018-12-26T09:59:45+08:00 ] ::1 /phpText/ZGXG/ZGXG1/thinkphp_3.2.3/Public/static/ravenjs/3.7.0/raven.min.js.map
INFO: [ app_init ] --START--
INFO: Run Behavior\BuildLiteBehavior [ RunTime:0.000012s ]
INFO: [ app_init ] --END-- [ RunTime:0.000674s ]
ERR: 无法加载模块:Public

[ 2018-12-26T09:59:45+08:00 ] ::1 /phpText/ZGXG/ZGXG1/thinkphp_3.2.3/Public/static/zeroclipboard/2.2.0/ZeroClipboard.min.map
INFO: [ app_init ] --START--
INFO: Run Behavior\BuildLiteBehavior [ RunTime:0.000019s ]
INFO: [ app_init ] --END-- [ RunTime:0.000619s ]
ERR: 无法加载模块:Public

[ 2018-12-26T10:02:10+08:00 ] ::1 /phpText/ZGXG/ZGXG1/thinkphp_3.2.3/Public/static/zeroclipboard/2.2.0/ZeroClipboard.min.map
INFO: [ app_init ] --START--
INFO: Run Behavior\BuildLiteBehavior [ RunTime:0.000018s ]
INFO: [ app_init ] --END-- [ RunTime:0.000870s ]
ERR: 无法加载模块:Public

[ 2018-12-26T10:02:10+08:00 ] ::1 /phpText/ZGXG/ZGXG1/thinkphp_3.2.3/Public/static/ravenjs/3.7.0/raven.min.js.map
INFO: [ app_init ] --START--
INFO: Run Behavior\BuildLiteBehavior [ RunTime:0.000019s ]
INFO: [ app_init ] --END-- [ RunTime:0.000783s ]
ERR: 无法加载模块:Public

[ 2018-12-26T10:09:18+08:00 ] ::1 /phpText/ZGXG/ZGXG1/thinkphp_3.2.3/Public/static/zeroclipboard/2.2.0/ZeroClipboard.min.map
INFO: [ app_init ] --START--
INFO: Run Behavior\BuildLiteBehavior [ RunTime:0.000018s ]
INFO: [ app_init ] --END-- [ RunTime:0.000629s ]
ERR: 无法加载模块:Public

[ 2018-12-26T10:09:19+08:00 ] ::1 /phpText/ZGXG/ZGXG1/thinkphp_3.2.3/Public/static/ravenjs/3.7.0/raven.min.js.map
INFO: [ app_init ] --START--
INFO: Run Behavior\BuildLiteBehavior [ RunTime:0.000021s ]
INFO: [ app_init ] --END-- [ RunTime:0.001464s ]
ERR: 无法加载模块:Public

[ 2018-12-26T10:14:56+08:00 ] ::1 /phpText/ZGXG/ZGXG1/thinkphp_3.2.3/Public/static/zeroclipboard/2.2.0/ZeroClipboard.min.map
INFO: [ app_init ] --START--
INFO: Run Behavior\BuildLiteBehavior [ RunTime:0.000114s ]
INFO: [ app_init ] --END-- [ RunTime:0.001170s ]
ERR: 无法加载模块:Public

[ 2018-12-26T10:14:56+08:00 ] ::1 /phpText/ZGXG/ZGXG1/thinkphp_3.2.3/Public/static/ravenjs/3.7.0/raven.min.js.map
INFO: [ app_init ] --START--
INFO: Run Behavior\BuildLiteBehavior [ RunTime:0.000025s ]
INFO: [ app_init ] --END-- [ RunTime:0.001026s ]
ERR: 无法加载模块:Public

[ 2018-12-26T10:16:03+08:00 ] ::1 /phpText/ZGXG/ZGXG1/thinkphp_3.2.3/Public/static/zeroclipboard/2.2.0/ZeroClipboard.min.map
INFO: [ app_init ] --START--
INFO: Run Behavior\BuildLiteBehavior [ RunTime:0.000039s ]
INFO: [ app_init ] --END-- [ RunTime:0.001184s ]
ERR: 无法加载模块:Public

[ 2018-12-26T10:16:03+08:00 ] ::1 /phpText/ZGXG/ZGXG1/thinkphp_3.2.3/Public/static/ravenjs/3.7.0/raven.min.js.map
INFO: [ app_init ] --START--
INFO: Run Behavior\BuildLiteBehavior [ RunTime:0.000063s ]
INFO: [ app_init ] --END-- [ RunTime:0.000831s ]
ERR: 无法加载模块:Public

[ 2018-12-26T10:16:34+08:00 ] ::1 /phpText/ZGXG/ZGXG1/thinkphp_3.2.3/Public/static/zeroclipboard/2.2.0/ZeroClipboard.min.map
INFO: [ app_init ] --START--
INFO: Run Behavior\BuildLiteBehavior [ RunTime:0.000019s ]
INFO: [ app_init ] --END-- [ RunTime:0.000628s ]
ERR: 无法加载模块:Public

[ 2018-12-26T10:16:34+08:00 ] ::1 /phpText/ZGXG/ZGXG1/thinkphp_3.2.3/Public/static/ravenjs/3.7.0/raven.min.js.map
INFO: [ app_init ] --START--
INFO: Run Behavior\BuildLiteBehavior [ RunTime:0.000038s ]
INFO: [ app_init ] --END-- [ RunTime:0.000866s ]
ERR: 无法加载模块:Public

[ 2018-12-26T10:17:07+08:00 ] ::1 /phpText/ZGXG/ZGXG1/thinkphp_3.2.3/Public/static/zeroclipboard/2.2.0/ZeroClipboard.min.map
INFO: [ app_init ] --START--
INFO: Run Behavior\BuildLiteBehavior [ RunTime:0.000078s ]
INFO: [ app_init ] --END-- [ RunTime:0.001201s ]
ERR: 无法加载模块:Public

[ 2018-12-26T10:17:07+08:00 ] ::1 /phpText/ZGXG/ZGXG1/thinkphp_3.2.3/Public/static/ravenjs/3.7.0/raven.min.js.map
INFO: [ app_init ] --START--
INFO: Run Behavior\BuildLiteBehavior [ RunTime:0.000011s ]
INFO: [ app_init ] --END-- [ RunTime:0.000524s ]
ERR: 无法加载模块:Public

[ 2018-12-26T10:17:46+08:00 ] ::1 /phpText/ZGXG/ZGXG1/thinkphp_3.2.3/Public/static/zeroclipboard/2.2.0/ZeroClipboard.min.map
INFO: [ app_init ] --START--
INFO: Run Behavior\BuildLiteBehavior [ RunTime:0.000015s ]
INFO: [ app_init ] --END-- [ RunTime:0.000753s ]
ERR: 无法加载模块:Public

[ 2018-12-26T10:17:46+08:00 ] ::1 /phpText/ZGXG/ZGXG1/thinkphp_3.2.3/Public/static/ravenjs/3.7.0/raven.min.js.map
INFO: [ app_init ] --START--
INFO: Run Behavior\BuildLiteBehavior [ RunTime:0.000020s ]
INFO: [ app_init ] --END-- [ RunTime:0.001120s ]
ERR: 无法加载模块:Public

[ 2018-12-26T10:18:00+08:00 ] ::1 /phpText/ZGXG/ZGXG1/thinkphp_3.2.3/Public/static/zeroclipboard/2.2.0/ZeroClipboard.min.map
INFO: [ app_init ] --START--
INFO: Run Behavior\BuildLiteBehavior [ RunTime:0.000015s ]
INFO: [ app_init ] --END-- [ RunTime:0.000963s ]
ERR: 无法加载模块:Public

[ 2018-12-26T10:18:00+08:00 ] ::1 /phpText/ZGXG/ZGXG1/thinkphp_3.2.3/Public/static/ravenjs/3.7.0/raven.min.js.map
INFO: [ app_init ] --START--
INFO: Run Behavior\BuildLiteBehavior [ RunTime:0.000017s ]
INFO: [ app_init ] --END-- [ RunTime:0.001344s ]
ERR: 无法加载模块:Public

[ 2018-12-26T10:18:59+08:00 ] ::1 /phpText/ZGXG/ZGXG1/thinkphp_3.2.3/Public/static/zeroclipboard/2.2.0/ZeroClipboard.min.map
INFO: [ app_init ] --START--
INFO: Run Behavior\BuildLiteBehavior [ RunTime:0.000014s ]
INFO: [ app_init ] --END-- [ RunTime:0.001926s ]
ERR: 无法加载模块:Public

[ 2018-12-26T10:18:59+08:00 ] ::1 /phpText/ZGXG/ZGXG1/thinkphp_3.2.3/Public/static/ravenjs/3.7.0/raven.min.js.map
INFO: [ app_init ] --START--
INFO: Run Behavior\BuildLiteBehavior [ RunTime:0.000017s ]
INFO: [ app_init ] --END-- [ RunTime:0.000697s ]
ERR: 无法加载模块:Public

[ 2018-12-26T10:19:21+08:00 ] ::1 /phpText/ZGXG/ZGXG1/thinkphp_3.2.3/Public/static/zeroclipboard/2.2.0/ZeroClipboard.min.map
INFO: [ app_init ] --START--
INFO: Run Behavior\BuildLiteBehavior [ RunTime:0.000053s ]
INFO: [ app_init ] --END-- [ RunTime:0.000887s ]
ERR: 无法加载模块:Public

[ 2018-12-26T10:19:21+08:00 ] ::1 /phpText/ZGXG/ZGXG1/thinkphp_3.2.3/Public/static/ravenjs/3.7.0/raven.min.js.map
INFO: [ app_init ] --START--
INFO: Run Behavior\BuildLiteBehavior [ RunTime:0.000019s ]
INFO: [ app_init ] --END-- [ RunTime:0.000872s ]
ERR: 无法加载模块:Public

[ 2018-12-26T10:20:39+08:00 ] ::1 /phpText/ZGXG/ZGXG1/thinkphp_3.2.3/Public/static/zeroclipboard/2.2.0/ZeroClipboard.min.map
INFO: [ app_init ] --START--
INFO: Run Behavior\BuildLiteBehavior [ RunTime:0.000013s ]
INFO: [ app_init ] --END-- [ RunTime:0.001471s ]
ERR: 无法加载模块:Public

[ 2018-12-26T10:20:39+08:00 ] ::1 /phpText/ZGXG/ZGXG1/thinkphp_3.2.3/Public/static/ravenjs/3.7.0/raven.min.js.map
INFO: [ app_init ] --START--
INFO: Run Behavior\BuildLiteBehavior [ RunTime:0.000027s ]
INFO: [ app_init ] --END-- [ RunTime:0.000669s ]
ERR: 无法加载模块:Public

[ 2018-12-26T10:20:49+08:00 ] ::1 /phpText/ZGXG/ZGXG1/thinkphp_3.2.3/Public/static/zeroclipboard/2.2.0/ZeroClipboard.min.map
INFO: [ app_init ] --START--
INFO: Run Behavior\BuildLiteBehavior [ RunTime:0.000020s ]
INFO: [ app_init ] --END-- [ RunTime:0.001963s ]
ERR: 无法加载模块:Public

[ 2018-12-26T10:20:49+08:00 ] ::1 /phpText/ZGXG/ZGXG1/thinkphp_3.2.3/Public/static/ravenjs/3.7.0/raven.min.js.map
INFO: [ app_init ] --START--
INFO: Run Behavior\BuildLiteBehavior [ RunTime:0.000011s ]
INFO: [ app_init ] --END-- [ RunTime:0.000666s ]
ERR: 无法加载模块:Public

[ 2018-12-26T10:21:01+08:00 ] ::1 /phpText/ZGXG/ZGXG1/thinkphp_3.2.3/Public/static/zeroclipboard/2.2.0/ZeroClipboard.min.map
INFO: [ app_init ] --START--
INFO: Run Behavior\BuildLiteBehavior [ RunTime:0.000020s ]
INFO: [ app_init ] --END-- [ RunTime:0.001022s ]
ERR: 无法加载模块:Public

[ 2018-12-26T10:21:01+08:00 ] ::1 /phpText/ZGXG/ZGXG1/thinkphp_3.2.3/Public/static/ravenjs/3.7.0/raven.min.js.map
INFO: [ app_init ] --START--
INFO: Run Behavior\BuildLiteBehavior [ RunTime:0.000018s ]
INFO: [ app_init ] --END-- [ RunTime:0.000823s ]
ERR: 无法加载模块:Public

[ 2018-12-26T10:43:03+08:00 ] ::1 /phpText/ZGXG/ZGXG1/thinkphp_3.2.3/Public/app/js/markingSystem.js
INFO: [ app_init ] --START--
INFO: Run Behavior\BuildLiteBehavior [ RunTime:0.000021s ]
INFO: [ app_init ] --END-- [ RunTime:0.000876s ]
ERR: 无法加载模块:Public

[ 2018-12-26T10:43:04+08:00 ] ::1 /phpText/ZGXG/ZGXG1/thinkphp_3.2.3/Public/app/js/markingSystem.js
INFO: [ app_init ] --START--
INFO: Run Behavior\BuildLiteBehavior [ RunTime:0.000022s ]
INFO: [ app_init ] --END-- [ RunTime:0.000713s ]
ERR: 无法加载模块:Public

[ 2018-12-26T10:43:04+08:00 ] ::1 /phpText/ZGXG/ZGXG1/thinkphp_3.2.3/Public/static/zeroclipboard/2.2.0/ZeroClipboard.min.map
INFO: [ app_init ] --START--
INFO: Run Behavior\BuildLiteBehavior [ RunTime:0.000015s ]
INFO: [ app_init ] --END-- [ RunTime:0.000634s ]
ERR: 无法加载模块:Public

[ 2018-12-26T10:43:04+08:00 ] ::1 /phpText/ZGXG/ZGXG1/thinkphp_3.2.3/Public/static/ravenjs/3.7.0/raven.min.js.map
INFO: [ app_init ] --START--
INFO: Run Behavior\BuildLiteBehavior [ RunTime:0.000016s ]
INFO: [ app_init ] --END-- [ RunTime:0.000959s ]
ERR: 无法加载模块:Public

[ 2018-12-26T10:43:41+08:00 ] ::1 /phpText/ZGXG/ZGXG1/thinkphp_3.2.3/Public/static/ravenjs/3.7.0/raven.min.js.map
INFO: [ app_init ] --START--
INFO: Run Behavior\BuildLiteBehavior [ RunTime:0.000056s ]
INFO: [ app_init ] --END-- [ RunTime:0.001420s ]
ERR: 无法加载模块:Public

[ 2018-12-26T10:43:41+08:00 ] ::1 /phpText/ZGXG/ZGXG1/thinkphp_3.2.3/Public/static/zeroclipboard/2.2.0/ZeroClipboard.min.map
INFO: [ app_init ] --START--
INFO: Run Behavior\BuildLiteBehavior [ RunTime:0.000059s ]
INFO: [ app_init ] --END-- [ RunTime:0.001825s ]
ERR: 无法加载模块:Public

[ 2018-12-26T10:44:39+08:00 ] ::1 /phpText/ZGXG/ZGXG1/thinkphp_3.2.3/Public/app/js/jquery.rating-stars.min.js
INFO: [ app_init ] --START--
INFO: Run Behavior\BuildLiteBehavior [ RunTime:0.000020s ]
INFO: [ app_init ] --END-- [ RunTime:0.001106s ]
ERR: 无法加载模块:Public

[ 2018-12-26T10:44:40+08:00 ] ::1 /phpText/ZGXG/ZGXG1/thinkphp_3.2.3/Public/static/zeroclipboard/2.2.0/ZeroClipboard.min.map
INFO: [ app_init ] --START--
INFO: Run Behavior\BuildLiteBehavior [ RunTime:0.000010s ]
INFO: [ app_init ] --END-- [ RunTime:0.000446s ]
ERR: 无法加载模块:Public

[ 2018-12-26T10:44:40+08:00 ] ::1 /phpText/ZGXG/ZGXG1/thinkphp_3.2.3/Public/app/js/jquery.rating-stars.min.js
INFO: [ app_init ] --START--
INFO: Run Behavior\BuildLiteBehavior [ RunTime:0.000012s ]
INFO: [ app_init ] --END-- [ RunTime:0.000688s ]
ERR: 无法加载模块:Public

[ 2018-12-26T10:44:40+08:00 ] ::1 /phpText/ZGXG/ZGXG1/thinkphp_3.2.3/Public/static/ravenjs/3.7.0/raven.min.js.map
INFO: [ app_init ] --START--
INFO: Run Behavior\BuildLiteBehavior [ RunTime:0.000042s ]
INFO: [ app_init ] --END-- [ RunTime:0.000922s ]
ERR: 无法加载模块:Public

[ 2018-12-26T10:45:24+08:00 ] ::1 /phpText/ZGXG/ZGXG1/thinkphp_3.2.3/Public/static/ravenjs/3.7.0/raven.min.js.map
INFO: [ app_init ] --START--
INFO: Run Behavior\BuildLiteBehavior [ RunTime:0.000011s ]
INFO: [ app_init ] --END-- [ RunTime:0.000620s ]
ERR: 无法加载模块:Public

[ 2018-12-26T10:45:25+08:00 ] ::1 /phpText/ZGXG/ZGXG1/thinkphp_3.2.3/Public/static/zeroclipboard/2.2.0/ZeroClipboard.min.map
INFO: [ app_init ] --START--
INFO: Run Behavior\BuildLiteBehavior [ RunTime:0.000016s ]
INFO: [ app_init ] --END-- [ RunTime:0.000830s ]
ERR: 无法加载模块:Public

[ 2018-12-26T10:46:11+08:00 ] ::1 /phpText/ZGXG/ZGXG1/thinkphp_3.2.3/Public/static/zeroclipboard/2.2.0/ZeroClipboard.min.map
INFO: [ app_init ] --START--
INFO: Run Behavior\BuildLiteBehavior [ RunTime:0.000019s ]
INFO: [ app_init ] --END-- [ RunTime:0.001213s ]
ERR: 无法加载模块:Public

[ 2018-12-26T10:46:11+08:00 ] ::1 /phpText/ZGXG/ZGXG1/thinkphp_3.2.3/Public/static/ravenjs/3.7.0/raven.min.js.map
INFO: [ app_init ] --START--
INFO: Run Behavior\BuildLiteBehavior [ RunTime:0.000012s ]
INFO: [ app_init ] --END-- [ RunTime:0.000781s ]
ERR: 无法加载模块:Public

[ 2018-12-26T10:47:30+08:00 ] ::1 /phpText/ZGXG/ZGXG1/thinkphp_3.2.3/Public/static/zeroclipboard/2.2.0/ZeroClipboard.min.map
INFO: [ app_init ] --START--
INFO: Run Behavior\BuildLiteBehavior [ RunTime:0.000011s ]
INFO: [ app_init ] --END-- [ RunTime:0.000555s ]
ERR: 无法加载模块:Public

[ 2018-12-26T10:47:30+08:00 ] ::1 /phpText/ZGXG/ZGXG1/thinkphp_3.2.3/Public/static/ravenjs/3.7.0/raven.min.js.map
INFO: [ app_init ] --START--
INFO: Run Behavior\BuildLiteBehavior [ RunTime:0.000018s ]
INFO: [ app_init ] --END-- [ RunTime:0.001987s ]
ERR: 无法加载模块:Public

[ 2018-12-26T17:25:09+08:00 ] ::1 /phpText/ZGXG/ZGXG1/thinkphp_3.2.3/Public/static/ravenjs/3.7.0/raven.min.js.map
INFO: [ app_init ] --START--
INFO: Run Behavior\BuildLiteBehavior [ RunTime:0.000011s ]
INFO: [ app_init ] --END-- [ RunTime:0.000397s ]
ERR: 无法加载模块:Public

:Public

[ 2018-12-26T17:25:43+08:00 ] ::1 /phpText/ZGXG/ZGXG1/thinkphp_3.2.3/Public/static/zeroclipboard/2.2.0/ZeroClipboard.min.map
INFO: [ app_init ] --START--
INFO: Run Behavior\BuildLiteBehavior [ RunTime:0.000028s ]
INFO: [ app_init ] --END-- [ RunTime:0.002428s ]
ERR: 无法加载模块:Public

[ 2018-12-26T17:25:43+08:00 ] ::1 /phpText/ZGXG/ZGXG1/thinkphp_3.2.3/Public/static/ravenjs/3.7.0/raven.min.js.map
INFO: [ app_init ] --START--
INFO: Run Behavior\BuildLiteBehavior [ RunTime:0.000029s ]
INFO: [ app_init ] --END-- [ RunTime:0.000861s ]
ERR: 无法加载模块:Public

[ 2018-12-26T17:27:45+08:00 ] ::1 /phpText/ZGXG/ZGXG1/thinkphp_3.2.3/Public/static/zeroclipboard/2.2.0/ZeroClipboard.min.map
INFO: [ app_init ] --START--
INFO: Run Behavior\BuildLiteBehavior [ RunTime:0.000086s ]
INFO: [ app_init ] --END-- [ RunTime:0.002521s ]
ERR: 无法加载模块:Public

[ 2018-12-26T17:27:45+08:00 ] ::1 /phpText/ZGXG/ZGXG1/thinkphp_3.2.3/Public/static/ravenjs/3.7.0/raven.min.js.map
INFO: [ app_init ] --START--
INFO: Run Behavior\BuildLiteBehavior [ RunTime:0.000025s ]
INFO: [ app_init ] --END-- [ RunTime:0.001102s ]
ERR: 无法加载模块:Public

[ 2018-12-26T17:28:07+08:00 ] ::1 /phpText/ZGXG/ZGXG1/thinkphp_3.2.3/Public/static/zeroclipboard/2.2.0/ZeroClipboard.min.map
INFO: [ app_init ] --START--
INFO: Run Behavior\BuildLiteBehavior [ RunTime:0.000025s ]
INFO: [ app_init ] --END-- [ RunTime:0.000806s ]
ERR: 无法加载模块:Public

[ 2018-12-26T17:28:07+08:00 ] ::1 /phpText/ZGXG/ZGXG1/thinkphp_3.2.3/Public/static/ravenjs/3.7.0/raven.min.js.map
INFO: [ app_init ] --START--
INFO: Run Behavior\BuildLiteBehavior [ RunTime:0.000018s ]
INFO: [ app_init ] --END-- [ RunTime:0.000610s ]
ERR: 无法加载模块:Public

[ 2018-12-26T17:29:08+08:00 ] ::1 /phpText/ZGXG/ZGXG1/thinkphp_3.2.3/Public/static/ravenjs/3.7.0/raven.min.js.map
INFO: [ app_init ] --START--
INFO: Run Behavior\BuildLiteBehavior [ RunTime:0.000023s ]
INFO: [ app_init ] --END-- [ RunTime:0.000509s ]
ERR: 无法加载模块:Public

[ 2018-12-26T17:29:08+08:00 ] ::1 /phpText/ZGXG/ZGXG1/thinkphp_3.2.3/Public/static/zeroclipboard/2.2.0/ZeroClipboard.min.map
INFO: [ app_init ] --START--
INFO: Run Behavior\BuildLiteBehavior [ RunTime:0.000013s ]
INFO: [ app_init ] --END-- [ RunTime:0.000598s ]
ERR: 无法加载模块:Public

[ 2018-12-26T17:29:28+08:00 ] ::1 /phpText/ZGXG/ZGXG1/thinkphp_3.2.3/Public/static/zeroclipboard/2.2.0/ZeroClipboard.min.map
INFO: [ app_init ] --START--
INFO: Run Behavior\BuildLiteBehavior [ RunTime:0.000015s ]
INFO: [ app_init ] --END-- [ RunTime:0.000534s ]
ERR: 无法加载模块:Public

[ 2018-12-26T17:29:28+08:00 ] ::1 /phpText/ZGXG/ZGXG1/thinkphp_3.2.3/Public/static/ravenjs/3.7.0/raven.min.js.map
INFO: [ app_init ] --START--
INFO: Run Behavior\BuildLiteBehavior [ RunTime:0.000012s ]
INFO: [ app_init ] --END-- [ RunTime:0.000460s ]
ERR: 无法加载模块:Public

[ 2018-12-26T17:30:25+08:00 ] ::1 /phpText/ZGXG/ZGXG1/thinkphp_3.2.3/Public/static/ravenjs/3.7.0/raven.min.js.map
INFO: [ app_init ] --START--
INFO: Run Behavior\BuildLiteBehavior [ RunTime:0.000034s ]
INFO: [ app_init ] --END-- [ RunTime:0.000570s ]
ERR: 无法加载模块:Public

[ 2018-12-26T17:30:25+08:00 ] ::1 /phpText/ZGXG/ZGXG1/thinkphp_3.2.3/Public/static/zeroclipboard/2.2.0/ZeroClipboard.min.map
INFO: [ app_init ] --START--
INFO: Run Behavior\BuildLiteBehavior [ RunTime:0.000030s ]
INFO: [ app_init ] --END-- [ RunTime:0.000685s ]
ERR: 无法加载模块:Public

[ 2018-12-26T17:34:14+08:00 ] ::1 /phpText/ZGXG/ZGXG1/thinkphp_3.2.3/Public/static/ravenjs/3.7.0/raven.min.js.map
INFO: [ app_init ] --START--
INFO: Run Behavior\BuildLiteBehavior [ RunTime:0.000024s ]
INFO: [ app_init ] --END-- [ RunTime:0.000656s ]
ERR: 无法加载模块:Public

[ 2018-12-26T17:34:14+08:00 ] ::1 /phpText/ZGXG/ZGXG1/thinkphp_3.2.3/Public/static/zeroclipboard/2.2.0/ZeroClipboard.min.map
INFO: [ app_init ] --START--
INFO: Run Behavior\BuildLiteBehavior [ RunTime:0.000026s ]
INFO: [ app_init ] --END-- [ RunTime:0.002516s ]
ERR: 无法加载模块:Public

[ 2018-12-26T17:36:00+08:00 ] ::1 /phpText/ZGXG/ZGXG1/thinkphp_3.2.3/Public/static/ravenjs/3.7.0/raven.min.js.map
INFO: [ app_init ] --START--
INFO: Run Behavior\BuildLiteBehavior [ RunTime:0.000014s ]
INFO: [ app_init ] --END-- [ RunTime:0.000657s ]
ERR: 无法加载模块:Public

[ 2018-12-26T17:36:00+08:00 ] ::1 /phpText/ZGXG/ZGXG1/thinkphp_3.2.3/Public/static/zeroclipboard/2.2.0/ZeroClipboard.min.map
INFO: [ app_init ] --START--
INFO: Run Behavior\BuildLiteBehavior [ RunTime:0.000022s ]
INFO: [ app_init ] --END-- [ RunTime:0.000702s ]
ERR: 无法加载模块:Public

[ 2018-12-26T17:44:55+08:00 ] ::1 /phpText/ZGXG/ZGXG1/thinkphp_3.2.3/Public/app/statics/images/timg(1).jpg
INFO: [ app_init ] --START--
INFO: Run Behavior\BuildLiteBehavior [ RunTime:0.000033s ]
INFO: [ app_init ] --END-- [ RunTime:0.001795s ]
ERR: 无法加载模块:Public

[ 2018-12-26T17:45:27+08:00 ] ::1 /phpText/ZGXG/ZGXG1/thinkphp_3.2.3/Public/app/statics/images/timg(2).jpg
INFO: [ app_init ] --START--
INFO: Run Behavior\BuildLiteBehavior [ RunTime:0.000017s ]
INFO: [ app_init ] --END-- [ RunTime:0.000552s ]
ERR: 无法加载模块:Public

[ 2018-12-26T17:48:28+08:00 ] ::1 /phpText/ZGXG/ZGXG1/thinkphp_3.2.3/Public/static/zeroclipboard/2.2.0/ZeroClipboard.min.map
INFO: [ app_init ] --START--
INFO: Run Behavior\BuildLiteBehavior [ RunTime:0.000011s ]
INFO: [ app_init ] --END-- [ RunTime:0.000354s ]
ERR: 无法加载模块:Public

[ 2018-12-26T17:48:28+08:00 ] ::1 /phpText/ZGXG/ZGXG1/thinkphp_3.2.3/Public/static/ravenjs/3.7.0/raven.min.js.map
INFO: [ app_init ] --START--
INFO: Run Behavior\BuildLiteBehavior [ RunTime:0.000017s ]
INFO: [ app_init ] --END-- [ RunTime:0.000615s ]
ERR: 无法加载模块:Public

[ 2018-12-26T18:43:01+08:00 ] ::1 /phpText/ZGXG/ZGXG1/thinkphp_3.2.3/Public/static/ravenjs/3.7.0/raven.min.js.map
INFO: [ app_init ] --START--
INFO: Run Behavior\BuildLiteBehavior [ RunTime:0.000024s ]
INFO: [ app_init ] --END-- [ RunTime:0.000828s ]
ERR: 无法加载模块:Public

[ 2018-12-26T18:43:01+08:00 ] ::1 /phpText/ZGXG/ZGXG1/thinkphp_3.2.3/Public/static/zeroclipboard/2.2.0/ZeroClipboard.min.map
INFO: [ app_init ] --START--
INFO: Run Behavior\BuildLiteBehavior [ RunTime:0.000027s ]
INFO: [ app_init ] --END-- [ RunTime:0.000775s ]
ERR: 无法加载模块:Public

[ 2018-12-26T18:43:42+08:00 ] ::1 /phpText/ZGXG/ZGXG1/thinkphp_3.2.3/Public/static/zeroclipboard/2.2.0/ZeroClipboard.min.map
INFO: [ app_init ] --START--
INFO: Run Behavior\BuildLiteBehavior [ RunTime:0.000016s ]
INFO: [ app_init ] --END-- [ RunTime:0.000696s ]
ERR: 无法加载模块:Public

[ 2018-12-26T18:43:43+08:00 ] ::1 /phpText/ZGXG/ZGXG1/thinkphp_3.2.3/Public/static/ravenjs/3.7.0/raven.min.js.map
INFO: [ app_init ] --START--
INFO: Run Behavior\BuildLiteBehavior [ RunTime:0.000026s ]
INFO: [ app_init ] --END-- [ RunTime:0.000930s ]
ERR: 无法加载模块:Public

[ 2018-12-26T18:44:13+08:00 ] ::1 /phpText/ZGXG/ZGXG1/thinkphp_3.2.3/Public/app/css1/style.css
INFO: [ app_init ] --START--
INFO: Run Behavior\BuildLiteBehavior [ RunTime:0.000024s ]
INFO: [ app_init ] --END-- [ RunTime:0.000661s ]
ERR: 无法加载模块:Public

[ 2018-12-26T18:44:13+08:00 ] ::1 /phpText/ZGXG/ZGXG1/thinkphp_3.2.3/Public/app/css1/normalize.css
INFO: [ app_init ] --START--
INFO: Run Behavior\BuildLiteBehavior [ RunTime:0.000018s ]
INFO: [ app_init ] --END-- [ RunTime:0.000620s ]
ERR: 无法加载模块:Public

[ 2018-12-26T18:44:13+08:00 ] ::1 /phpText/ZGXG/ZGXG1/thinkphp_3.2.3/Public/app/css1/demo.css
INFO: [ app_init ] --START--
INFO: Run Behavior\BuildLiteBehavior [ RunTime:0.000027s ]
INFO: [ app_init ] --END-- [ RunTime:0.001103s ]
ERR: 无法加载模块:Public

[ 2018-12-26T18:44:16+08:00 ] ::1 /phpText/ZGXG/ZGXG1/thinkphp_3.2.3/Public/static/zeroclipboard/2.2.0/ZeroClipboard.min.map
INFO: [ app_init ] --START--
INFO: Run Behavior\BuildLiteBehavior [ RunTime:0.000039s ]
INFO: [ app_init ] --END-- [ RunTime:0.002652s ]
ERR: 无法加载模块:Public

[ 2018-12-26T18:44:16+08:00 ] ::1 /phpText/ZGXG/ZGXG1/thinkphp_3.2.3/Public/static/ravenjs/3.7.0/raven.min.js.map
INFO: [ app_init ] --START--
INFO: Run Behavior\BuildLiteBehavior [ RunTime:0.000019s ]
INFO: [ app_init ] --END-- [ RunTime:0.000640s ]
ERR: 无法加载模块:Public

[ 2018-12-26T18:44:33+08:00 ] ::1 /phpText/ZGXG/ZGXG1/thinkphp_3.2.3/Public/static/ravenjs/3.7.0/raven.min.js.map
INFO: [ app_init ] --START--
INFO: Run Behavior\BuildLiteBehavior [ RunTime:0.000083s ]
INFO: [ app_init ] --END-- [ RunTime:0.002522s ]
ERR: 无法加载模块:Public

[ 2018-12-26T18:44:33+08:00 ] ::1 /phpText/ZGXG/ZGXG1/thinkphp_3.2.3/Public/static/zeroclipboard/2.2.0/ZeroClipboard.min.map
INFO: [ app_init ] --START--
INFO: Run Behavior\BuildLiteBehavior [ RunTime:0.000019s ]
INFO: [ app_init ] --END-- [ RunTime:0.000678s ]
ERR: 无法加载模块:Public

[ 2018-12-26T19:06:29+08:00 ] ::1 /phpText/ZGXG/ZGXG1/thinkphp_3.2.3/Public/static/zeroclipboard/2.2.0/ZeroClipboard.min.map
INFO: [ app_init ] --START--
INFO: Run Behavior\BuildLiteBehavior [ RunTime:0.000011s ]
INFO: [ app_init ] --END-- [ RunTime:0.000384s ]
ERR: 无法加载模块:Public

[ 2018-12-26T19:06:29+08:00 ] ::1 /phpText/ZGXG/ZGXG1/thinkphp_3.2.3/Public/static/ravenjs/3.7.0/raven.min.js.map
INFO: [ app_init ] --START--
INFO: Run Behavior\BuildLiteBehavior [ RunTime:0.000011s ]
INFO: [ app_init ] --END-- [ RunTime:0.000407s ]
ERR: 无法加载模块:Public

[ 2018-12-26T19:07:28+08:00 ] ::1 /phpText/ZGXG/ZGXG1/thinkphp_3.2.3/Public/static/zeroclipboard/2.2.0/ZeroClipboard.min.map
INFO: [ app_init ] --START--
INFO: Run Behavior\BuildLiteBehavior [ RunTime:0.000018s ]
INFO: [ app_init ] --END-- [ RunTime:0.000504s ]
ERR: 无法加载模块:Public

[ 2018-12-26T19:07:28+08:00 ] ::1 /phpText/ZGXG/ZGXG1/thinkphp_3.2.3/Public/static/ravenjs/3.7.0/raven.min.js.map
INFO: [ app_init ] --START--
INFO: Run Behavior\BuildLiteBehavior [ RunTime:0.000029s ]
INFO: [ app_init ] --END-- [ RunTime:0.002227s ]
ERR: 无法加载模块:Public

[ 2018-12-26T19:08:12+08:00 ] ::1 /phpText/ZGXG/ZGXG1/thinkphp_3.2.3/Public/static/zeroclipboard/2.2.0/ZeroClipboard.min.map
INFO: [ app_init ] --START--
INFO: Run Behavior\BuildLiteBehavior [ RunTime:0.000079s ]
INFO: [ app_init ] --END-- [ RunTime:0.001705s ]
ERR: 无法加载模块:Public

[ 2018-12-26T19:08:12+08:00 ] ::1 /phpText/ZGXG/ZGXG1/thinkphp_3.2.3/Public/static/ravenjs/3.7.0/raven.min.js.map
INFO: [ app_init ] --START--
INFO: Run Behavior\BuildLiteBehavior [ RunTime:0.000027s ]
INFO: [ app_init ] --END-- [ RunTime:0.001010s ]
ERR: 无法加载模块:Public

[ 2018-12-26T19:08:25+08:00 ] ::1 /phpText/ZGXG/ZGXG1/thinkphp_3.2.3/Public/static/ravenjs/3.7.0/raven.min.js.map
INFO: [ app_init ] --START--
INFO: Run Behavior\BuildLiteBehavior [ RunTime:0.000027s ]
INFO: [ app_init ] --END-- [ RunTime:0.000718s ]
ERR: 无法加载模块:Public

[ 2018-12-26T19:08:25+08:00 ] ::1 /phpText/ZGXG/ZGXG1/thinkphp_3.2.3/Public/static/zeroclipboard/2.2.0/ZeroClipboard.min.map
INFO: [ app_init ] --START--
INFO: Run Behavior\BuildLiteBehavior [ RunTime:0.000046s ]
INFO: [ app_init ] --END-- [ RunTime:0.000901s ]
ERR: 无法加载模块:Public

[ 2018-12-26T19:08:55+08:00 ] ::1 /phpText/ZGXG/ZGXG1/thinkphp_3.2.3/Public/static/ravenjs/3.7.0/raven.min.js.map
INFO: [ app_init ] --START--
INFO: Run Behavior\BuildLiteBehavior [ RunTime:0.000012s ]
INFO: [ app_init ] --END-- [ RunTime:0.000499s ]
ERR: 无法加载模块:Public

[ 2018-12-26T19:08:55+08:00 ] ::1 /phpText/ZGXG/ZGXG1/thinkphp_3.2.3/Public/static/zeroclipboard/2.2.0/ZeroClipboard.min.map
INFO: [ app_init ] --START--
INFO: Run Behavior\BuildLiteBehavior [ RunTime:0.000025s ]
INFO: [ app_init ] --END-- [ RunTime:0.000862s ]
ERR: 无法加载模块:Public

[ 2018-12-26T19:17:04+08:00 ] ::1 /phpText/ZGXG/ZGXG1/thinkphp_3.2.3/Public/serach/css/style.css
INFO: [ app_init ] --START--
INFO: Run Behavior\BuildLiteBehavior [ RunTime:0.000014s ]
INFO: [ app_init ] --END-- [ RunTime:0.000657s ]
ERR: 无法加载模块:Public

[ 2018-12-26T19:21:19+08:00 ] ::1 /phpText/ZGXG/ZGXG1/thinkphp_3.2.3/Public/static/ravenjs/3.7.0/raven.min.js.map
INFO: [ app_init ] --START--
INFO: Run Behavior\BuildLiteBehavior [ RunTime:0.000025s ]
INFO: [ app_init ] --END-- [ RunTime:0.000636s ]
ERR: 无法加载模块:Public

[ 2018-12-26T19:21:19+08:00 ] ::1 /phpText/ZGXG/ZGXG1/thinkphp_3.2.3/Public/static/zeroclipboard/2.2.0/ZeroClipboard.min.map
INFO: [ app_init ] --START--
INFO: Run Behavior\BuildLiteBehavior [ RunTime:0.000018s ]
INFO: [ app_init ] --END-- [ RunTime:0.000586s ]
ERR: 无法加载模块:Public

[ 2018-12-26T19:21:22+08:00 ] ::1 /phpText/ZGXG/ZGXG1/thinkphp_3.2.3/Public/static/ravenjs/3.7.0/raven.min.js.map
INFO: [ app_init ] --START--
INFO: Run Behavior\BuildLiteBehavior [ RunTime:0.000013s ]
INFO: [ app_init ] --END-- [ RunTime:0.000621s ]
ERR: 无法加载模块:Public

:Public

[ 2018-12-26T19:21:44+08:00 ] ::1 /phpText/ZGXG/ZGXG1/thinkphp_3.2.3/Public/static/zeroclipboard/2.2.0/ZeroClipboard.min.map
INFO: [ app_init ] --START--
INFO: Run Behavior\BuildLiteBehavior [ RunTime:0.000031s ]
INFO: [ app_init ] --END-- [ RunTime:0.000892s ]
ERR: 无法加载模块:Public

[ 2018-12-26T19:21:44+08:00 ] ::1 /phpText/ZGXG/ZGXG1/thinkphp_3.2.3/Public/static/ravenjs/3.7.0/raven.min.js.map
INFO: [ app_init ] --START--
INFO: Run Behavior\BuildLiteBehavior [ RunTime:0.000016s ]
INFO: [ app_init ] --END-- [ RunTime:0.000549s ]
ERR: 无法加载模块:Public

[ 2018-12-26T19:25:11+08:00 ] ::1 /phpText/ZGXG/ZGXG1/thinkphp_3.2.3/Public/static/zeroclipboard/2.2.0/ZeroClipboard.min.map
INFO: [ app_init ] --START--
INFO: Run Behavior\BuildLiteBehavior [ RunTime:0.000012s ]
INFO: [ app_init ] --END-- [ RunTime:0.000550s ]
ERR: 无法加载模块:Public

[ 2018-12-26T19:25:11+08:00 ] ::1 /phpText/ZGXG/ZGXG1/thinkphp_3.2.3/Public/static/ravenjs/3.7.0/raven.min.js.map
INFO: [ app_init ] --START--
INFO: Run Behavior\BuildLiteBehavior [ RunTime:0.000029s ]
INFO: [ app_init ] --END-- [ RunTime:0.000656s ]
ERR: 无法加载模块:Public

[ 2018-12-26T19:26:08+08:00 ] ::1 /phpText/ZGXG/ZGXG1/thinkphp_3.2.3/Public/static/ravenjs/3.7.0/raven.min.js.map
INFO: [ app_init ] --START--
INFO: Run Behavior\BuildLiteBehavior [ RunTime:0.000011s ]
INFO: [ app_init ] --END-- [ RunTime:0.000371s ]
ERR: 无法加载模块:Public

[ 2018-12-26T19:26:08+08:00 ] ::1 /phpText/ZGXG/ZGXG1/thinkphp_3.2.3/Public/static/zeroclipboard/2.2.0/ZeroClipboard.min.map
INFO: [ app_init ] --START--
INFO: Run Behavior\BuildLiteBehavior [ RunTime:0.000022s ]
INFO: [ app_init ] --END-- [ RunTime:0.001689s ]
ERR: 无法加载模块:Public

[ 2018-12-26T19:27:06+08:00 ] ::1 /phpText/ZGXG/ZGXG1/thinkphp_3.2.3/Public/static/zeroclipboard/2.2.0/ZeroClipboard.min.map
INFO: [ app_init ] --START--
INFO: Run Behavior\BuildLiteBehavior [ RunTime:0.000010s ]
INFO: [ app_init ] --END-- [ RunTime:0.000345s ]
ERR: 无法加载模块:Public

[ 2018-12-26T19:27:06+08:00 ] ::1 /phpText/ZGXG/ZGXG1/thinkphp_3.2.3/Public/static/ravenjs/3.7.0/raven.min.js.map
INFO: [ app_init ] --START--
INFO: Run Behavior\BuildLiteBehavior [ RunTime:0.000020s ]
INFO: [ app_init ] --END-- [ RunTime:0.000780s ]
ERR: 无法加载模块:Public

[ 2018-12-26T19:27:47+08:00 ] ::1 /phpText/ZGXG/ZGXG1/thinkphp_3.2.3/Public/static/zeroclipboard/2.2.0/ZeroClipboard.min.map
INFO: [ app_init ] --START--
INFO: Run Behavior\BuildLiteBehavior [ RunTime:0.000017s ]
INFO: [ app_init ] --END-- [ RunTime:0.001343s ]
ERR: 无法加载模块:Public

[ 2018-12-26T19:27:47+08:00 ] ::1 /phpText/ZGXG/ZGXG1/thinkphp_3.2.3/Public/static/ravenjs/3.7.0/raven.min.js.map
INFO: [ app_init ] --START--
INFO: Run Behavior\BuildLiteBehavior [ RunTime:0.000010s ]
INFO: [ app_init ] --END-- [ RunTime:0.000347s ]
ERR: 无法加载模块:Public

[ 2018-12-26T19:27:53+08:00 ] ::1 /phpText/ZGXG/ZGXG1/thinkphp_3.2.3/Public/static/zeroclipboard/2.2.0/ZeroClipboard.min.map
INFO: [ app_init ] --START--
INFO: Run Behavior\BuildLiteBehavior [ RunTime:0.000020s ]
INFO: [ app_init ] --END-- [ RunTime:0.000690s ]
ERR: 无法加载模块:Public

[ 2018-12-26T19:27:53+08:00 ] ::1 /phpText/ZGXG/ZGXG1/thinkphp_3.2.3/Public/static/ravenjs/3.7.0/raven.min.js.map
INFO: [ app_init ] --START--
INFO: Run Behavior\BuildLiteBehavior [ RunTime:0.000096s ]
INFO: [ app_init ] --END-- [ RunTime:0.001118s ]
ERR: 无法加载模块:Public

[ 2018-12-26T20:01:19+08:00 ] ::1 /phpText/ZGXG/ZGXG1/thinkphp_3.2.3/img/7
INFO: [ app_init ] --START--
INFO: Run Behavior\BuildLiteBehavior [ RunTime:0.000018s ]
INFO: [ app_init ] --END-- [ RunTime:0.000696s ]
ERR: 无法加载模块:Img

[ 2018-12-26T20:01:19+08:00 ] ::1 /phpText/ZGXG/ZGXG1/thinkphp_3.2.3/img/2
INFO: [ app_init ] --START--
INFO: Run Behavior\BuildLiteBehavior [ RunTime:0.000018s ]
INFO: [ app_init ] --END-- [ RunTime:0.000555s ]
ERR: 无法加载模块:Img

[ 2018-12-26T20:01:19+08:00 ] ::1 /phpText/ZGXG/ZGXG1/thinkphp_3.2.3/img/J
INFO: [ app_init ] --START--
INFO: Run Behavior\BuildLiteBehavior [ RunTime:0.000015s ]
INFO: [ app_init ] --END-- [ RunTime:0.000638s ]
ERR: 无法加载模块:Img

[ 2018-12-26T20:01:45+08:00 ] ::1 /phpText/ZGXG/ZGXG1/thinkphp_3.2.3/img/8
INFO: [ app_init ] --START--
INFO: Run Behavior\BuildLiteBehavior [ RunTime:0.000183s ]
INFO: [ app_init ] --END-- [ RunTime:0.001923s ]
ERR: 无法加载模块:Img

[ 2018-12-26T20:01:45+08:00 ] ::1 /phpText/ZGXG/ZGXG1/thinkphp_3.2.3/img/P
INFO: [ app_init ] --START--
INFO: Run Behavior\BuildLiteBehavior [ RunTime:0.000021s ]
INFO: [ app_init ] --END-- [ RunTime:0.000731s ]
ERR: 无法加载模块:Img

[ 2018-12-26T20:01:45+08:00 ] ::1 /phpText/ZGXG/ZGXG1/thinkphp_3.2.3/img/2
INFO: [ app_init ] --START--
INFO: Run Behavior\BuildLiteBehavior [ RunTime:0.000012s ]
INFO: [ app_init ] --END-- [ RunTime:0.000557s ]
ERR: 无法加载模块:Img

[ 2018-12-26T20:02:45+08:00 ] ::1 /phpText/ZGXG/ZGXG1/thinkphp_3.2.3/img/8
INFO: [ app_init ] --START--
INFO: Run Behavior\BuildLiteBehavior [ RunTime:0.000016s ]
INFO: [ app_init ] --END-- [ RunTime:0.000511s ]
ERR: 无法加载模块:Img

[ 2018-12-26T20:02:45+08:00 ] ::1 /phpText/ZGXG/ZGXG1/thinkphp_3.2.3/img/P
INFO: [ app_init ] --START--
INFO: Run Behavior\BuildLiteBehavior [ RunTime:0.000020s ]
INFO: [ app_init ] --END-- [ RunTime:0.000602s ]
ERR: 无法加载模块:Img

[ 2018-12-26T20:02:45+08:00 ] ::1 /phpText/ZGXG/ZGXG1/thinkphp_3.2.3/img/2
INFO: [ app_init ] --START--
INFO: Run Behavior\BuildLiteBehavior [ RunTime:0.000031s ]
INFO: [ app_init ] --END-- [ RunTime:0.000618s ]
ERR: 无法加载模块:Img

[ 2018-12-26T20:14:37+08:00 ] ::1 /phpText/ZGXG/ZGXG1/thinkphp_3.2.3/Public/static/zeroclipboard/2.2.0/ZeroClipboard.min.map
INFO: [ app_init ] --START--
INFO: Run Behavior\BuildLiteBehavior [ RunTime:0.000016s ]
INFO: [ app_init ] --END-- [ RunTime:0.000540s ]
ERR: 无法加载模块:Public

[ 2018-12-26T20:14:37+08:00 ] ::1 /phpText/ZGXG/ZGXG1/thinkphp_3.2.3/Public/static/ravenjs/3.7.0/raven.min.js.map
INFO: [ app_init ] --START--
INFO: Run Behavior\BuildLiteBehavior [ RunTime:0.000019s ]
INFO: [ app_init ] --END-- [ RunTime:0.000623s ]
ERR: 无法加载模块:Public

[ 2018-12-26T20:14:37+08:00 ] ::1 /phpText/ZGXG/ZGXG1/thinkphp_3.2.3/Public/app/dest/base/index.js.map
INFO: [ app_init ] --START--
INFO: Run Behavior\BuildLiteBehavior [ RunTime:0.000019s ]
INFO: [ app_init ] --END-- [ RunTime:0.000764s ]
ERR: 无法加载模块:Public

[ 2018-12-26T20:15:40+08:00 ] ::1 /phpText/ZGXG/ZGXG1/thinkphp_3.2.3/Public/static/zeroclipboard/2.2.0/ZeroClipboard.min.map
INFO: [ app_init ] --START--
INFO: Run Behavior\BuildLiteBehavior [ RunTime:0.000014s ]
INFO: [ app_init ] --END-- [ RunTime:0.000640s ]
ERR: 无法加载模块:Public

[ 2018-12-26T20:16:09+08:00 ] ::1 /phpText/ZGXG/ZGXG1/thinkphp_3.2.3/Public/static/ravenjs/3.7.0/raven.min.js.map
INFO: [ app_init ] --START--
INFO: Run Behavior\BuildLiteBehavior [ RunTime:0.000016s ]
INFO: [ app_init ] --END-- [ RunTime:0.000541s ]
ERR: 无法加载模块:Public

[ 2018-12-26T20:16:09+08:00 ] ::1 /phpText/ZGXG/ZGXG1/thinkphp_3.2.3/Public/static/zeroclipboard/2.2.0/ZeroClipboard.min.map
INFO: [ app_init ] --START--
INFO: Run Behavior\BuildLiteBehavior [ RunTime:0.000021s ]
INFO: [ app_init ] --END-- [ RunTime:0.000641s ]
ERR: 无法加载模块:Public

[ 2018-12-26T20:16:35+08:00 ] ::1 /phpText/ZGXG/ZGXG1/thinkphp_3.2.3/Public/static/zeroclipboard/2.2.0/ZeroClipboard.min.map
INFO: [ app_init ] --START--
INFO: Run Behavior\BuildLiteBehavior [ RunTime:0.000023s ]
INFO: [ app_init ] --END-- [ RunTime:0.000477s ]
ERR: 无法加载模块:Public

[ 2018-12-26T20:16:35+08:00 ] ::1 /phpText/ZGXG/ZGXG1/thinkphp_3.2.3/Public/static/ravenjs/3.7.0/raven.min.js.map
INFO: [ app_init ] --START--
INFO: Run Behavior\BuildLiteBehavior [ RunTime:0.000021s ]
INFO: [ app_init ] --END-- [ RunTime:0.000612s ]
ERR: 无法加载模块:Public

[ 2018-12-26T20:16:35+08:00 ] ::1 /phpText/ZGXG/ZGXG1/thinkphp_3.2.3/Public/app/dest/base/index.js.map
INFO: [ app_init ] --START--
INFO: Run Behavior\BuildLiteBehavior [ RunTime:0.000022s ]
INFO: [ app_init ] --END-- [ RunTime:0.000624s ]
ERR: 无法加载模块:Public

[ 2018-12-26T20:17:58+08:00 ] ::1 /phpText/ZGXG/ZGXG1/thinkphp_3.2.3/Public/static/zeroclipboard/2.2.0/ZeroClipboard.min.map
INFO: [ app_init ] --START--
INFO: Run Behavior\BuildLiteBehavior [ RunTime:0.000026s ]
INFO: [ app_init ] --END-- [ RunTime:0.000887s ]
ERR: 无法加载模块:Public

[ 2018-12-26T20:17:58+08:00 ] ::1 /phpText/ZGXG/ZGXG1/thinkphp_3.2.3/Public/static/ravenjs/3.7.0/raven.min.js.map
INFO: [ app_init ] --START--
INFO: Run Behavior\BuildLiteBehavior [ RunTime:0.000017s ]
INFO: [ app_init ] --END-- [ RunTime:0.000611s ]
ERR: 无法加载模块:Public

[ 2018-12-26T20:25:48+08:00 ] ::1 /phpText/ZGXG/ZGXG1/thinkphp_3.2.3/Public/static/zeroclipboard/2.2.0/ZeroClipboard.min.map
INFO: [ app_init ] --START--
INFO: Run Behavior\BuildLiteBehavior [ RunTime:0.000018s ]
INFO: [ app_init ] --END-- [ RunTime:0.000556s ]
ERR: 无法加载模块:Public

[ 2018-12-26T20:25:48+08:00 ] ::1 /phpText/ZGXG/ZGXG1/thinkphp_3.2.3/Public/static/ravenjs/3.7.0/raven.min.js.map
INFO: [ app_init ] --START--
INFO: Run Behavior\BuildLiteBehavior [ RunTime:0.000022s ]
INFO: [ app_init ] --END-- [ RunTime:0.000614s ]
ERR: 无法加载模块:Public

[ 2018-12-26T20:25:54+08:00 ] ::1 /phpText/ZGXG/ZGXG1/thinkphp_3.2.3/Public/static/zeroclipboard/2.2.0/ZeroClipboard.min.map
INFO: [ app_init ] --START--
INFO: Run Behavior\BuildLiteBehavior [ RunTime:0.000026s ]
INFO: [ app_init ] --END-- [ RunTime:0.001533s ]
ERR: 无法加载模块:Public

[ 2018-12-26T20:25:55+08:00 ] ::1 /phpText/ZGXG/ZGXG1/thinkphp_3.2.3/Public/static/ravenjs/3.7.0/raven.min.js.map
INFO: [ app_init ] --START--
INFO: Run Behavior\BuildLiteBehavior [ RunTime:0.000014s ]
INFO: [ app_init ] --END-- [ RunTime:0.000578s ]
ERR: 无法加载模块:Public

