[ 2018-12-19T08:03:59+08:00 ] ::1 /phpText/ZGXG/ZGXG1/thinkphp_3.2.3/Public/static/zeroclipboard/2.2.0/ZeroClipboard.min.map
INFO: [ app_init ] --START--
INFO: Run Behavior\BuildLiteBehavior [ RunTime:0.000016s ]
INFO: [ app_init ] --END-- [ RunTime:0.000820s ]
ERR: 无法加载模块:Public

[ 2018-12-19T08:03:59+08:00 ] ::1 /phpText/ZGXG/ZGXG1/thinkphp_3.2.3/Public/static/ravenjs/3.7.0/raven.min.js.map
INFO: [ app_init ] --START--
INFO: Run Behavior\BuildLiteBehavior [ RunTime:0.000072s ]
INFO: [ app_init ] --END-- [ RunTime:0.003773s ]
ERR: 无法加载模块:Public

[ 2018-12-19T08:03:59+08:00 ] ::1 /phpText/ZGXG/ZGXG1/thinkphp_3.2.3/Public/app/dest/course/labs.js.map
INFO: [ app_init ] --START--
INFO: Run Behavior\BuildLiteBehavior [ RunTime:0.000024s ]
INFO: [ app_init ] --END-- [ RunTime:0.001557s ]
ERR: 无法加载模块:Public

[ 2018-12-19T08:04:38+08:00 ] ::1 /phpText/ZGXG/ZGXG1/thinkphp_3.2.3/Public/static/ravenjs/3.7.0/raven.min.js.map
INFO: [ app_init ] --START--
INFO: Run Behavior\BuildLiteBehavior [ RunTime:0.000019s ]
INFO: [ app_init ] --END-- [ RunTime:0.000919s ]
ERR: 无法加载模块:Public

[ 2018-12-19T08:04:38+08:00 ] ::1 /phpText/ZGXG/ZGXG1/thinkphp_3.2.3/Public/static/zeroclipboard/2.2.0/ZeroClipboard.min.map
INFO: [ app_init ] --START--
INFO: Run Behavior\BuildLiteBehavior [ RunTime:0.000016s ]
INFO: [ app_init ] --END-- [ RunTime:0.000791s ]
ERR: 无法加载模块:Public

[ 2018-12-19T08:04:38+08:00 ] ::1 /phpText/ZGXG/ZGXG1/thinkphp_3.2.3/Public/app/dest/course/labs.js.map
INFO: [ app_init ] --START--
INFO: Run Behavior\BuildLiteBehavior [ RunTime:0.000017s ]
INFO: [ app_init ] --END-- [ RunTime:0.000775s ]
ERR: 无法加载模块:Public

[ 2018-12-19T08:04:56+08:00 ] ::1 /phpText/ZGXG/ZGXG1/thinkphp_3.2.3/Public/static/zeroclipboard/2.2.0/ZeroClipboard.min.map
INFO: [ app_init ] --START--
INFO: Run Behavior\BuildLiteBehavior [ RunTime:0.000024s ]
INFO: [ app_init ] --END-- [ RunTime:0.000807s ]
ERR: 无法加载模块:Public

[ 2018-12-19T08:04:56+08:00 ] ::1 /phpText/ZGXG/ZGXG1/thinkphp_3.2.3/Public/app/dest/course/labs.js.map
INFO: [ app_init ] --START--
INFO: Run Behavior\BuildLiteBehavior [ RunTime:0.000025s ]
INFO: [ app_init ] --END-- [ RunTime:0.001178s ]
ERR: 无法加载模块:Public

[ 2018-12-19T08:04:56+08:00 ] ::1 /phpText/ZGXG/ZGXG1/thinkphp_3.2.3/Public/static/ravenjs/3.7.0/raven.min.js.map
INFO: [ app_init ] --START--
INFO: Run Behavior\BuildLiteBehavior [ RunTime:0.000021s ]
INFO: [ app_init ] --END-- [ RunTime:0.001036s ]
ERR: 无法加载模块:Public

[ 2018-12-19T08:09:26+08:00 ] ::1 /phpText/ZGXG/ZGXG1/thinkphp_3.2.3/Public/static/zeroclipboard/2.2.0/ZeroClipboard.min.map
INFO: [ app_init ] --START--
INFO: Run Behavior\BuildLiteBehavior [ RunTime:0.000018s ]
INFO: [ app_init ] --END-- [ RunTime:0.000928s ]
ERR: 无法加载模块:Public

[ 2018-12-19T08:09:26+08:00 ] ::1 /phpText/ZGXG/ZGXG1/thinkphp_3.2.3/Public/static/ravenjs/3.7.0/raven.min.js.map
INFO: [ app_init ] --START--
INFO: Run Behavior\BuildLiteBehavior [ RunTime:0.000013s ]
INFO: [ app_init ] --END-- [ RunTime:0.000647s ]
ERR: 无法加载模块:Public

[ 2018-12-19T08:09:26+08:00 ] ::1 /phpText/ZGXG/ZGXG1/thinkphp_3.2.3/Public/app/dest/course/labs.js.map
INFO: [ app_init ] --START--
INFO: Run Behavior\BuildLiteBehavior [ RunTime:0.000012s ]
INFO: [ app_init ] --END-- [ RunTime:0.000633s ]
ERR: 无法加载模块:Public

[ 2018-12-19T15:07:51+08:00 ] ::1 /phpText/ZGXG/ZGXG1/thinkphp_3.2.3/Public/js/markingSystem.js
INFO: [ app_init ] --START--
INFO: Run Behavior\BuildLiteBehavior [ RunTime:0.000079s ]
INFO: [ app_init ] --END-- [ RunTime:0.001749s ]
ERR: 无法加载模块:Public

[ 2018-12-19T15:07:58+08:00 ] ::1 /phpText/ZGXG/ZGXG1/thinkphp_3.2.3/Public/static/ravenjs/3.7.0/raven.min.js.map
INFO: [ app_init ] --START--
INFO: Run Behavior\BuildLiteBehavior [ RunTime:0.000019s ]
INFO: [ app_init ] --END-- [ RunTime:0.000919s ]
ERR: 无法加载模块:Public

[ 2018-12-19T15:07:58+08:00 ] ::1 /phpText/ZGXG/ZGXG1/thinkphp_3.2.3/Public/static/zeroclipboard/2.2.0/ZeroClipboard.min.map
INFO: [ app_init ] --START--
INFO: Run Behavior\BuildLiteBehavior [ RunTime:0.000019s ]
INFO: [ app_init ] --END-- [ RunTime:0.000883s ]
ERR: 无法加载模块:Public

[ 2018-12-19T15:07:58+08:00 ] ::1 /phpText/ZGXG/ZGXG1/thinkphp_3.2.3/Public/app/dest/course/labs.js.map
INFO: [ app_init ] --START--
INFO: Run Behavior\BuildLiteBehavior [ RunTime:0.000022s ]
INFO: [ app_init ] --END-- [ RunTime:0.001130s ]
ERR: 无法加载模块:Public

[ 2018-12-19T15:08:52+08:00 ] ::1 /phpText/ZGXG/ZGXG1/thinkphp_3.2.3/Public/js/markingSystem.js
INFO: [ app_init ] --START--
INFO: Run Behavior\BuildLiteBehavior [ RunTime:0.000017s ]
INFO: [ app_init ] --END-- [ RunTime:0.000846s ]
ERR: 无法加载模块:Public

[ 2018-12-19T15:08:52+08:00 ] ::1 /phpText/ZGXG/ZGXG1/thinkphp_3.2.3/Public/static/zeroclipboard/2.2.0/ZeroClipboard.min.map
INFO: [ app_init ] --START--
INFO: Run Behavior\BuildLiteBehavior [ RunTime:0.000011s ]
INFO: [ app_init ] --END-- [ RunTime:0.000538s ]
ERR: 无法加载模块:Public

[ 2018-12-19T15:08:53+08:00 ] ::1 /phpText/ZGXG/ZGXG1/thinkphp_3.2.3/Public/js/markingSystem.js
INFO: [ app_init ] --START--
INFO: Run Behavior\BuildLiteBehavior [ RunTime:0.000025s ]
INFO: [ app_init ] --END-- [ RunTime:0.001092s ]
ERR: 无法加载模块:Public

[ 2018-12-19T15:08:53+08:00 ] ::1 /phpText/ZGXG/ZGXG1/thinkphp_3.2.3/Public/static/ravenjs/3.7.0/raven.min.js.map
INFO: [ app_init ] --START--
INFO: Run Behavior\BuildLiteBehavior [ RunTime:0.000025s ]
INFO: [ app_init ] --END-- [ RunTime:0.002643s ]
ERR: 无法加载模块:Public

[ 2018-12-19T15:08:53+08:00 ] ::1 /phpText/ZGXG/ZGXG1/thinkphp_3.2.3/Public/app/dest/course/labs.js.map
INFO: [ app_init ] --START--
INFO: Run Behavior\BuildLiteBehavior [ RunTime:0.000013s ]
INFO: [ app_init ] --END-- [ RunTime:0.000888s ]
ERR: 无法加载模块:Public

[ 2018-12-19T15:09:29+08:00 ] ::1 /phpText/ZGXG/ZGXG1/thinkphp_3.2.3/Public/static/zeroclipboard/2.2.0/ZeroClipboard.min.map
INFO: [ app_init ] --START--
INFO: Run Behavior\BuildLiteBehavior [ RunTime:0.000020s ]
INFO: [ app_init ] --END-- [ RunTime:0.001110s ]
ERR: 无法加载模块:Public

[ 2018-12-19T15:09:29+08:00 ] ::1 /phpText/ZGXG/ZGXG1/thinkphp_3.2.3/Public/static/ravenjs/3.7.0/raven.min.js.map
INFO: [ app_init ] --START--
INFO: Run Behavior\BuildLiteBehavior [ RunTime:0.000011s ]
INFO: [ app_init ] --END-- [ RunTime:0.000579s ]
ERR: 无法加载模块:Public

[ 2018-12-19T15:09:29+08:00 ] ::1 /phpText/ZGXG/ZGXG1/thinkphp_3.2.3/Public/app/dest/course/labs.js.map
INFO: [ app_init ] --START--
INFO: Run Behavior\BuildLiteBehavior [ RunTime:0.000040s ]
INFO: [ app_init ] --END-- [ RunTime:0.000691s ]
ERR: 无法加载模块:Public

[ 2018-12-19T15:26:03+08:00 ] ::1 /phpText/ZGXG/ZGXG1/thinkphp_3.2.3/Public/static/zeroclipboard/2.2.0/ZeroClipboard.min.map
INFO: [ app_init ] --START--
INFO: Run Behavior\BuildLiteBehavior [ RunTime:0.000015s ]
INFO: [ app_init ] --END-- [ RunTime:0.000462s ]
ERR: 无法加载模块:Public

[ 2018-12-19T15:26:03+08:00 ] ::1 /phpText/ZGXG/ZGXG1/thinkphp_3.2.3/Public/static/ravenjs/3.7.0/raven.min.js.map
INFO: [ app_init ] --START--
INFO: Run Behavior\BuildLiteBehavior [ RunTime:0.000021s ]
INFO: [ app_init ] --END-- [ RunTime:0.000911s ]
ERR: 无法加载模块:Public

[ 2018-12-19T15:26:03+08:00 ] ::1 /phpText/ZGXG/ZGXG1/thinkphp_3.2.3/Public/app/dest/course/labs.js.map
INFO: [ app_init ] --START--
INFO: Run Behavior\BuildLiteBehavior [ RunTime:0.000017s ]
INFO: [ app_init ] --END-- [ RunTime:0.000855s ]
ERR: 无法加载模块:Public

[ 2018-12-19T15:26:14+08:00 ] ::1 /phpText/ZGXG/ZGXG1/thinkphp_3.2.3/Public/static/zeroclipboard/2.2.0/ZeroClipboard.min.map
INFO: [ app_init ] --START--
INFO: Run Behavior\BuildLiteBehavior [ RunTime:0.000020s ]
INFO: [ app_init ] --END-- [ RunTime:0.000874s ]
ERR: 无法加载模块:Public

[ 2018-12-19T15:26:14+08:00 ] ::1 /phpText/ZGXG/ZGXG1/thinkphp_3.2.3/Public/static/ravenjs/3.7.0/raven.min.js.map
INFO: [ app_init ] --START--
INFO: Run Behavior\BuildLiteBehavior [ RunTime:0.000025s ]
INFO: [ app_init ] --END-- [ RunTime:0.001269s ]
ERR: 无法加载模块:Public

[ 2018-12-19T15:26:14+08:00 ] ::1 /phpText/ZGXG/ZGXG1/thinkphp_3.2.3/Public/app/dest/course/labs.js.map
INFO: [ app_init ] --START--
INFO: Run Behavior\BuildLiteBehavior [ RunTime:0.000038s ]
INFO: [ app_init ] --END-- [ RunTime:0.001412s ]
ERR: 无法加载模块:Public

[ 2018-12-19T15:53:03+08:00 ] ::1 /phpText/ZGXG/ZGXG1/thinkphp_3.2.3/Public/css/demo.css
INFO: [ app_init ] --START--
INFO: Run Behavior\BuildLiteBehavior [ RunTime:0.000018s ]
INFO: [ app_init ] --END-- [ RunTime:0.000873s ]
ERR: 无法加载模块:Public

[ 2018-12-19T15:53:03+08:00 ] ::1 /phpText/ZGXG/ZGXG1/thinkphp_3.2.3/Public/timg.jpg
INFO: [ app_init ] --START--
INFO: Run Behavior\BuildLiteBehavior [ RunTime:0.000020s ]
INFO: [ app_init ] --END-- [ RunTime:0.000902s ]
ERR: 无法加载模块:Public

ublic

[ 2018-12-19T15:53:03+08:00 ] ::1 /phpText/ZGXG/ZGXG1/thinkphp_3.2.3/Public/dist/js/ckin.js
INFO: [ app_init ] --START--
INFO: Run Behavior\BuildLiteBehavior [ RunTime:0.000010s ]
INFO: [ app_init ] --END-- [ RunTime:0.000527s ]
ERR: 无法加载模块:Public

[ 2018-12-19T15:53:03+08:00 ] ::1 /phpText/ZGXG/ZGXG1/thinkphp_3.2.3/Public/BANG.mp4
INFO: [ app_init ] --START--
INFO: Run Behavior\BuildLiteBehavior [ RunTime:0.000028s ]
INFO: [ app_init ] --END-- [ RunTime:0.002491s ]
ERR: 无法加载模块:Public

[ 2018-12-19T15:53:03+08:00 ] ::1 /phpText/ZGXG/ZGXG1/thinkphp_3.2.3/Public/BANG.mp4
INFO: [ app_init ] --START--
INFO: Run Behavior\BuildLiteBehavior [ RunTime:0.000031s ]
INFO: [ app_init ] --END-- [ RunTime:0.000414s ]
ERR: 无法加载模块:Public

[ 2018-12-19T15:53:03+08:00 ] ::1 /phpText/ZGXG/ZGXG1/thinkphp_3.2.3/Public/BANG.mp4
INFO: [ app_init ] --START--
INFO: Run Behavior\BuildLiteBehavior [ RunTime:0.000018s ]
INFO: [ app_init ] --END-- [ RunTime:0.000896s ]
ERR: 无法加载模块:Public

[ 2018-12-19T15:53:03+08:00 ] ::1 /phpText/ZGXG/ZGXG1/thinkphp_3.2.3/Public/timg.jpg
INFO: [ app_init ] --START--
INFO: Run Behavior\BuildLiteBehavior [ RunTime:0.000021s ]
INFO: [ app_init ] --END-- [ RunTime:0.000602s ]
ERR: 无法加载模块:Public

[ 2018-12-19T15:53:03+08:00 ] ::1 /phpText/ZGXG/ZGXG1/thinkphp_3.2.3/Public/logo.png
INFO: [ app_init ] --START--
INFO: Run Behavior\BuildLiteBehavior [ RunTime:0.000020s ]
INFO: [ app_init ] --END-- [ RunTime:0.001737s ]
ERR: 无法加载模块:Public

[ 2018-12-19T15:53:03+08:00 ] ::1 /phpText/ZGXG/ZGXG1/thinkphp_3.2.3/Public/ckin.jpg
INFO: [ app_init ] --START--
INFO: Run Behavior\BuildLiteBehavior [ RunTime:0.000025s ]
INFO: [ app_init ] --END-- [ RunTime:0.001159s ]
ERR: 无法加载模块:Public

[ 2018-12-19T15:53:03+08:00 ] ::1 /phpText/ZGXG/ZGXG1/thinkphp_3.2.3/Public/BANG.mp4
INFO: [ app_init ] --START--
INFO: Run Behavior\BuildLiteBehavior [ RunTime:0.000029s ]
INFO: [ app_init ] --END-- [ RunTime:0.001334s ]
ERR: 无法加载模块:Public

[ 2018-12-19T15:53:08+08:00 ] ::1 /phpText/ZGXG/ZGXG1/thinkphp_3.2.3/Public/css/demo.css
INFO: [ app_init ] --START--
INFO: Run Behavior\BuildLiteBehavior [ RunTime:0.000028s ]
INFO: [ app_init ] --END-- [ RunTime:0.001291s ]
ERR: 无法加载模块:Public

[ 2018-12-19T15:53:08+08:00 ] ::1 /phpText/ZGXG/ZGXG1/thinkphp_3.2.3/Public/dist/css/ckin.css
INFO: [ app_init ] --START--
INFO: Run Behavior\BuildLiteBehavior [ RunTime:0.000016s ]
INFO: [ app_init ] --END-- [ RunTime:0.000939s ]
ERR: 无法加载模块:Public

[ 2018-12-19T15:54:19+08:00 ] ::1 /phpText/ZGXG/ZGXG1/thinkphp_3.2.3/Public/css/demo.css
INFO: [ app_init ] --START--
INFO: Run Behavior\BuildLiteBehavior [ RunTime:0.000029s ]
INFO: [ app_init ] --END-- [ RunTime:0.000990s ]
ERR: 无法加载模块:Public

[ 2018-12-19T15:54:20+08:00 ] ::1 /phpText/ZGXG/ZGXG1/thinkphp_3.2.3/Public/dist/css/ckin.css
INFO: [ app_init ] --START--
INFO: Run Behavior\BuildLiteBehavior [ RunTime:0.000022s ]
INFO: [ app_init ] --END-- [ RunTime:0.001649s ]
ERR: 无法加载模块:Public

[ 2018-12-19T15:54:20+08:00 ] ::1 /phpText/ZGXG/ZGXG1/thinkphp_3.2.3/Public/timg.jpg
INFO: [ app_init ] --START--
INFO: Run Behavior\BuildLiteBehavior [ RunTime:0.000025s ]
INFO: [ app_init ] --END-- [ RunTime:0.001369s ]
ERR: 无法加载模块:Public

[ 2018-12-19T15:54:20+08:00 ] ::1 /phpText/ZGXG/ZGXG1/thinkphp_3.2.3/Public/ckin.jpg
INFO: [ app_init ] --START--
INFO: Run Behavior\BuildLiteBehavior [ RunTime:0.000026s ]
INFO: [ app_init ] --END-- [ RunTime:0.001100s ]
ERR: 无法加载模块:Public

[ 2018-12-19T15:54:20+08:00 ] ::1 /phpText/ZGXG/ZGXG1/thinkphp_3.2.3/Public/logo.png
INFO: [ app_init ] --START--
INFO: Run Behavior\BuildLiteBehavior [ RunTime:0.000012s ]
INFO: [ app_init ] --END-- [ RunTime:0.000550s ]
ERR: 无法加载模块:Public

[ 2018-12-19T15:54:20+08:00 ] ::1 /phpText/ZGXG/ZGXG1/thinkphp_3.2.3/Public/dist/js/ckin.js
INFO: [ app_init ] --START--
INFO: Run Behavior\BuildLiteBehavior [ RunTime:0.000013s ]
INFO: [ app_init ] --END-- [ RunTime:0.000619s ]
ERR: 无法加载模块:Public

[ 2018-12-19T15:54:20+08:00 ] ::1 /phpText/ZGXG/ZGXG1/thinkphp_3.2.3/Public/BANG.mp4
INFO: [ app_init ] --START--
INFO: Run Behavior\BuildLiteBehavior [ RunTime:0.000016s ]
INFO: [ app_init ] --END-- [ RunTime:0.000645s ]
ERR: 无法加载模块:Public

[ 2018-12-19T15:54:20+08:00 ] ::1 /phpText/ZGXG/ZGXG1/thinkphp_3.2.3/Public/BANG.mp4
INFO: [ app_init ] --START--
INFO: Run Behavior\BuildLiteBehavior [ RunTime:0.000011s ]
INFO: [ app_init ] --END-- [ RunTime:0.000542s ]
ERR: 无法加载模块:Public

[ 2018-12-19T15:54:20+08:00 ] ::1 /phpText/ZGXG/ZGXG1/thinkphp_3.2.3/Public/BANG.mp4
INFO: [ app_init ] --START--
INFO: Run Behavior\BuildLiteBehavior [ RunTime:0.000031s ]
INFO: [ app_init ] --END-- [ RunTime:0.001162s ]
ERR: 无法加载模块:Public

[ 2018-12-19T15:54:20+08:00 ] ::1 /phpText/ZGXG/ZGXG1/thinkphp_3.2.3/Public/BANG.mp4
INFO: [ app_init ] --START--
INFO: Run Behavior\BuildLiteBehavior [ RunTime:0.000013s ]
INFO: [ app_init ] --END-- [ RunTime:0.000618s ]
ERR: 无法加载模块:Public

[ 2018-12-19T15:54:20+08:00 ] ::1 /phpText/ZGXG/ZGXG1/thinkphp_3.2.3/Public/timg.jpg
INFO: [ app_init ] --START--
INFO: Run Behavior\BuildLiteBehavior [ RunTime:0.000015s ]
INFO: [ app_init ] --END-- [ RunTime:0.000627s ]
ERR: 无法加载模块:Public

[ 2018-12-19T15:54:20+08:00 ] ::1 /phpText/ZGXG/ZGXG1/thinkphp_3.2.3/Public/ckin.jpg
INFO: [ app_init ] --START--
INFO: Run Behavior\BuildLiteBehavior [ RunTime:0.000152s ]
INFO: [ app_init ] --END-- [ RunTime:0.002511s ]
ERR: 无法加载模块:Public

[ 2018-12-19T15:54:44+08:00 ] ::1 /phpText/ZGXG/ZGXG1/thinkphp_3.2.3/Public/css/demo.css
INFO: [ app_init ] --START--
INFO: Run Behavior\BuildLiteBehavior [ RunTime:0.000022s ]
INFO: [ app_init ] --END-- [ RunTime:0.000909s ]
ERR: 无法加载模块:Public

[ 2018-12-19T15:54:44+08:00 ] ::1 /phpText/ZGXG/ZGXG1/thinkphp_3.2.3/Public/ckin.jpg
INFO: [ app_init ] --START--
INFO: Run Behavior\BuildLiteBehavior [ RunTime:0.000017s ]
INFO: [ app_init ] --END-- [ RunTime:0.000839s ]
ERR: 无法加载模块:Public

[ 2018-12-19T15:54:44+08:00 ] ::1 /phpText/ZGXG/ZGXG1/thinkphp_3.2.3/Public/dist/css/ckin.css
INFO: [ app_init ] --START--
INFO: Run Behavior\BuildLiteBehavior [ RunTime:0.000019s ]
INFO: [ app_init ] --END-- [ RunTime:0.000908s ]
ERR: 无法加载模块:Public

[ 2018-12-19T15:54:44+08:00 ] ::1 /phpText/ZGXG/ZGXG1/thinkphp_3.2.3/Public/timg.jpg
INFO: [ app_init ] --START--
INFO: Run Behavior\BuildLiteBehavior [ RunTime:0.000023s ]
INFO: [ app_init ] --END-- [ RunTime:0.003783s ]
ERR: 无法加载模块:Public

[ 2018-12-19T15:54:45+08:00 ] ::1 /phpText/ZGXG/ZGXG1/thinkphp_3.2.3/Public/dist/js/ckin.js
INFO: [ app_init ] --START--
INFO: Run Behavior\BuildLiteBehavior [ RunTime:0.000023s ]
INFO: [ app_init ] --END-- [ RunTime:0.000662s ]
ERR: 无法加载模块:Public

[ 2018-12-19T15:54:45+08:00 ] ::1 /phpText/ZGXG/ZGXG1/thinkphp_3.2.3/Public/logo.png
INFO: [ app_init ] --START--
INFO: Run Behavior\BuildLiteBehavior [ RunTime:0.000024s ]
INFO: [ app_init ] --END-- [ RunTime:0.000974s ]
ERR: 无法加载模块:Public

[ 2018-12-19T15:54:45+08:00 ] ::1 /phpText/ZGXG/ZGXG1/thinkphp_3.2.3/Public/BANG.mp4
INFO: [ app_init ] --START--
INFO: Run Behavior\BuildLiteBehavior [ RunTime:0.000015s ]
INFO: [ app_init ] --END-- [ RunTime:0.000611s ]
ERR: 无法加载模块:Public

[ 2018-12-19T15:54:45+08:00 ] ::1 /phpText/ZGXG/ZGXG1/thinkphp_3.2.3/Public/BANG.mp4
INFO: [ app_init ] --START--
INFO: Run Behavior\BuildLiteBehavior [ RunTime:0.000023s ]
INFO: [ app_init ] --END-- [ RunTime:0.001191s ]
ERR: 无法加载模块:Public

[ 2018-12-19T15:54:45+08:00 ] ::1 /phpText/ZGXG/ZGXG1/thinkphp_3.2.3/Public/timg.jpg
INFO: [ app_init ] --START--
INFO: Run Behavior\BuildLiteBehavior [ RunTime:0.000023s ]
INFO: [ app_init ] --END-- [ RunTime:0.000887s ]
ERR: 无法加载模块:Public

[ 2018-12-19T15:54:45+08:00 ] ::1 /phpText/ZGXG/ZGXG1/thinkphp_3.2.3/Public/ckin.jpg
INFO: [ app_init ] --START--
INFO: Run Behavior\BuildLiteBehavior [ RunTime:0.000020s ]
INFO: [ app_init ] --END-- [ RunTime:0.000965s ]
ERR: 无法加载模块:Public

[ 2018-12-19T15:54:45+08:00 ] ::1 /phpText/ZGXG/ZGXG1/thinkphp_3.2.3/Public/BANG.mp4
INFO: [ app_init ] --START--
INFO: Run Behavior\BuildLiteBehavior [ RunTime:0.000019s ]
INFO: [ app_init ] --END-- [ RunTime:0.000603s ]
ERR: 无法加载模块:Public

[ 2018-12-19T15:54:45+08:00 ] ::1 /phpText/ZGXG/ZGXG1/thinkphp_3.2.3/Public/BANG.mp4
INFO: [ app_init ] --START--
INFO: Run Behavior\BuildLiteBehavior [ RunTime:0.000020s ]
INFO: [ app_init ] --END-- [ RunTime:0.000698s ]
ERR: 无法加载模块:Public

[ 2018-12-19T15:55:09+08:00 ] ::1 /phpText/ZGXG/ZGXG1/thinkphp_3.2.3/Public/dist/css/ckin.css
INFO: [ app_init ] --START--
INFO: Run Behavior\BuildLiteBehavior [ RunTime:0.000417s ]
INFO: [ app_init ] --END-- [ RunTime:0.002603s ]
ERR: 无法加载模块:Public

[ 2018-12-19T15:55:09+08:00 ] ::1 /phpText/ZGXG/ZGXG1/thinkphp_3.2.3/Public/ckin.jpg
INFO: [ app_init ] --START--
INFO: Run Behavior\BuildLiteBehavior [ RunTime:0.000022s ]
INFO: [ app_init ] --END-- [ RunTime:0.001020s ]
ERR: 无法加载模块:Public

[ 2018-12-19T15:55:09+08:00 ] ::1 /phpText/ZGXG/ZGXG1/thinkphp_3.2.3/Public/timg.jpg
INFO: [ app_init ] --START--
INFO: Run Behavior\BuildLiteBehavior [ RunTime:0.000025s ]
INFO: [ app_init ] --END-- [ RunTime:0.002316s ]
ERR: 无法加载模块:Public

[ 2018-12-19T15:55:09+08:00 ] ::1 /phpText/ZGXG/ZGXG1/thinkphp_3.2.3/Public/css/demo.css
INFO: [ app_init ] --START--
INFO: Run Behavior\BuildLiteBehavior [ RunTime:0.000102s ]
INFO: [ app_init ] --END-- [ RunTime:0.002488s ]
ERR: 无法加载模块:Public

[ 2018-12-19T15:55:09+08:00 ] ::1 /phpText/ZGXG/ZGXG1/thinkphp_3.2.3/Public/dist/js/ckin.js
INFO: [ app_init ] --START--
INFO: Run Behavior\BuildLiteBehavior [ RunTime:0.000019s ]
INFO: [ app_init ] --END-- [ RunTime:0.000831s ]
ERR: 无法加载模块:Public

[ 2018-12-19T15:55:09+08:00 ] ::1 /phpText/ZGXG/ZGXG1/thinkphp_3.2.3/Public/logo.png
INFO: [ app_init ] --START--
INFO: Run Behavior\BuildLiteBehavior [ RunTime:0.000018s ]
INFO: [ app_init ] --END-- [ RunTime:0.001784s ]
ERR: 无法加载模块:Public

[ 2018-12-19T15:55:09+08:00 ] ::1 /phpText/ZGXG/ZGXG1/thinkphp_3.2.3/Public/BANG.mp4
INFO: [ app_init ] --START--
INFO: Run Behavior\BuildLiteBehavior [ RunTime:0.000022s ]
INFO: [ app_init ] --END-- [ RunTime:0.000632s ]
ERR: 无法加载模块:Public

[ 2018-12-19T15:55:09+08:00 ] ::1 /phpText/ZGXG/ZGXG1/thinkphp_3.2.3/Public/BANG.mp4
INFO: [ app_init ] --START--
INFO: Run Behavior\BuildLiteBehavior [ RunTime:0.000023s ]
INFO: [ app_init ] --END-- [ RunTime:0.000896s ]
ERR: 无法加载模块:Public

[ 2018-12-19T15:55:09+08:00 ] ::1 /phpText/ZGXG/ZGXG1/thinkphp_3.2.3/Public/BANG.mp4
INFO: [ app_init ] --START--
INFO: Run Behavior\BuildLiteBehavior [ RunTime:0.000042s ]
INFO: [ app_init ] --END-- [ RunTime:0.002756s ]
ERR: 无法加载模块:Public

[ 2018-12-19T15:55:09+08:00 ] ::1 /phpText/ZGXG/ZGXG1/thinkphp_3.2.3/Public/BANG.mp4
INFO: [ app_init ] --START--
INFO: Run Behavior\BuildLiteBehavior [ RunTime:0.000026s ]
INFO: [ app_init ] --END-- [ RunTime:0.001054s ]
ERR: 无法加载模块:Public

[ 2018-12-19T15:55:10+08:00 ] ::1 /phpText/ZGXG/ZGXG1/thinkphp_3.2.3/Public/timg.jpg
INFO: [ app_init ] --START--
INFO: Run Behavior\BuildLiteBehavior [ RunTime:0.000020s ]
INFO: [ app_init ] --END-- [ RunTime:0.000669s ]
ERR: 无法加载模块:Public

[ 2018-12-19T15:55:10+08:00 ] ::1 /phpText/ZGXG/ZGXG1/thinkphp_3.2.3/Public/ckin.jpg
INFO: [ app_init ] --START--
INFO: Run Behavior\BuildLiteBehavior [ RunTime:0.000025s ]
INFO: [ app_init ] --END-- [ RunTime:0.000900s ]
ERR: 无法加载模块:Public

[ 2018-12-19T15:55:25+08:00 ] ::1 /phpText/ZGXG/ZGXG1/thinkphp_3.2.3/Public/timg.jpg
INFO: [ app_init ] --START--
INFO: Run Behavior\BuildLiteBehavior [ RunTime:0.000022s ]
INFO: [ app_init ] --END-- [ RunTime:0.000736s ]
ERR: 无法加载模块:Public

[ 2018-12-19T15:55:25+08:00 ] ::1 /phpText/ZGXG/ZGXG1/thinkphp_3.2.3/Public/dist/css/ckin.css
INFO: [ app_init ] --START--
INFO: Run Behavior\BuildLiteBehavior [ RunTime:0.000021s ]
INFO: [ app_init ] --END-- [ RunTime:0.000879s ]
ERR: 无法加载模块:Public

[ 2018-12-19T15:55:25+08:00 ] ::1 /phpText/ZGXG/ZGXG1/thinkphp_3.2.3/Public/css/demo.css
INFO: [ app_init ] --START--
INFO: Run Behavior\BuildLiteBehavior [ RunTime:0.000024s ]
INFO: [ app_init ] --END-- [ RunTime:0.001223s ]
ERR: 无法加载模块:Public

[ 2018-12-19T15:55:25+08:00 ] ::1 /phpText/ZGXG/ZGXG1/thinkphp_3.2.3/Public/ckin.jpg
INFO: [ app_init ] --START--
INFO: Run Behavior\BuildLiteBehavior [ RunTime:0.000026s ]
INFO: [ app_init ] --END-- [ RunTime:0.001470s ]
ERR: 无法加载模块:Public

[ 2018-12-19T15:55:25+08:00 ] ::1 /phpText/ZGXG/ZGXG1/thinkphp_3.2.3/Public/dist/js/ckin.js
INFO: [ app_init ] --START--
INFO: Run Behavior\BuildLiteBehavior [ RunTime:0.000013s ]
INFO: [ app_init ] --END-- [ RunTime:0.000642s ]
ERR: 无法加载模块:Public

[ 2018-12-19T15:55:25+08:00 ] ::1 /phpText/ZGXG/ZGXG1/thinkphp_3.2.3/Public/logo.png
INFO: [ app_init ] --START--
INFO: Run Behavior\BuildLiteBehavior [ RunTime:0.000020s ]
INFO: [ app_init ] --END-- [ RunTime:0.000700s ]
ERR: 无法加载模块:Public

[ 2018-12-19T15:55:26+08:00 ] ::1 /phpText/ZGXG/ZGXG1/thinkphp_3.2.3/Public/BANG.mp4
INFO: [ app_init ] --START--
INFO: Run Behavior\BuildLiteBehavior [ RunTime:0.000020s ]
INFO: [ app_init ] --END-- [ RunTime:0.000676s ]
ERR: 无法加载模块:Public

[ 2018-12-19T15:55:26+08:00 ] ::1 /phpText/ZGXG/ZGXG1/thinkphp_3.2.3/Public/BANG.mp4
INFO: [ app_init ] --START--
INFO: Run Behavior\BuildLiteBehavior [ RunTime:0.000033s ]
INFO: [ app_init ] --END-- [ RunTime:0.002244s ]
ERR: 无法加载模块:Public

[ 2018-12-19T15:55:26+08:00 ] ::1 /phpText/ZGXG/ZGXG1/thinkphp_3.2.3/Public/BANG.mp4
INFO: [ app_init ] --START--
INFO: Run Behavior\BuildLiteBehavior [ RunTime:0.000018s ]
INFO: [ app_init ] --END-- [ RunTime:0.000755s ]
ERR: 无法加载模块:Public

[ 2018-12-19T15:55:26+08:00 ] ::1 /phpText/ZGXG/ZGXG1/thinkphp_3.2.3/Public/BANG.mp4
INFO: [ app_init ] --START--
INFO: Run Behavior\BuildLiteBehavior [ RunTime:0.000022s ]
INFO: [ app_init ] --END-- [ RunTime:0.000847s ]
ERR: 无法加载模块:Public

[ 2018-12-19T15:55:26+08:00 ] ::1 /phpText/ZGXG/ZGXG1/thinkphp_3.2.3/Public/ckin.jpg
INFO: [ app_init ] --START--
INFO: Run Behavior\BuildLiteBehavior [ RunTime:0.000012s ]
INFO: [ app_init ] --END-- [ RunTime:0.000649s ]
ERR: 无法加载模块:Public

[ 2018-12-19T15:55:26+08:00 ] ::1 /phpText/ZGXG/ZGXG1/thinkphp_3.2.3/Public/timg.jpg
INFO: [ app_init ] --START--
INFO: Run Behavior\BuildLiteBehavior [ RunTime:0.000019s ]
INFO: [ app_init ] --END-- [ RunTime:0.000880s ]
ERR: 无法加载模块:Public

[ 2018-12-19T15:55:58+08:00 ] ::1 /phpText/ZGXG/ZGXG1/thinkphp_3.2.3/Public/css/demo.css
INFO: [ app_init ] --START--
INFO: Run Behavior\BuildLiteBehavior [ RunTime:0.000019s ]
INFO: [ app_init ] --END-- [ RunTime:0.000870s ]
ERR: 无法加载模块:Public

[ 2018-12-19T15:55:58+08:00 ] ::1 /phpText/ZGXG/ZGXG1/thinkphp_3.2.3/Public/ckin.jpg
INFO: [ app_init ] --START--
INFO: Run Behavior\BuildLiteBehavior [ RunTime:0.000016s ]
INFO: [ app_init ] --END-- [ RunTime:0.000936s ]
ERR: 无法加载模块:Public

[ 2018-12-19T15:55:58+08:00 ] ::1 /phpText/ZGXG/ZGXG1/thinkphp_3.2.3/Public/timg.jpg
INFO: [ app_init ] --START--
INFO: Run Behavior\BuildLiteBehavior [ RunTime:0.000027s ]
INFO: [ app_init ] --END-- [ RunTime:0.001557s ]
ERR: 无法加载模块:Public

[ 2018-12-19T15:55:58+08:00 ] ::1 /phpText/ZGXG/ZGXG1/thinkphp_3.2.3/Public/dist/css/ckin.css
INFO: [ app_init ] --START--
INFO: Run Behavior\BuildLiteBehavior [ RunTime:0.000082s ]
INFO: [ app_init ] --END-- [ RunTime:0.002178s ]
ERR: 无法加载模块:Public

[ 2018-12-19T15:55:58+08:00 ] ::1 /phpText/ZGXG/ZGXG1/thinkphp_3.2.3/Public/logo.png
INFO: [ app_init ] --START--
INFO: Run Behavior\BuildLiteBehavior [ RunTime:0.000028s ]
INFO: [ app_init ] --END-- [ RunTime:0.001304s ]
ERR: 无法加载模块:Public

[ 2018-12-19T15:55:58+08:00 ] ::1 /phpText/ZGXG/ZGXG1/thinkphp_3.2.3/Public/dist/js/ckin.js
INFO: [ app_init ] --START--
INFO: Run Behavior\BuildLiteBehavior [ RunTime:0.000032s ]
INFO: [ app_init ] --END-- [ RunTime:0.017463s ]
ERR: 无法加载模块:Public

[ 2018-12-19T15:55:58+08:00 ] ::1 /phpText/ZGXG/ZGXG1/thinkphp_3.2.3/Public/BANG.mp4
INFO: [ app_init ] --START--
INFO: Run Behavior\BuildLiteBehavior [ RunTime:0.000022s ]
INFO: [ app_init ] --END-- [ RunTime:0.000772s ]
ERR: 无法加载模块:Public

[ 2018-12-19T15:55:58+08:00 ] ::1 /phpText/ZGXG/ZGXG1/thinkphp_3.2.3/Public/BANG.mp4
INFO: [ app_init ] --START--
INFO: Run Behavior\BuildLiteBehavior [ RunTime:0.000019s ]
INFO: [ app_init ] --END-- [ RunTime:0.000928s ]
ERR: 无法加载模块:Public

[ 2018-12-19T15:55:58+08:00 ] ::1 /phpText/ZGXG/ZGXG1/thinkphp_3.2.3/Public/BANG.mp4
INFO: [ app_init ] --START--
INFO: Run Behavior\BuildLiteBehavior [ RunTime:0.000017s ]
INFO: [ app_init ] --END-- [ RunTime:0.000834s ]
ERR: 无法加载模块:Public

[ 2018-12-19T15:55:58+08:00 ] ::1 /phpText/ZGXG/ZGXG1/thinkphp_3.2.3/Public/BANG.mp4
INFO: [ app_init ] --START--
INFO: Run Behavior\BuildLiteBehavior [ RunTime:0.000019s ]
INFO: [ app_init ] --END-- [ RunTime:0.000997s ]
ERR: 无法加载模块:Public

[ 2018-12-19T15:55:58+08:00 ] ::1 /phpText/ZGXG/ZGXG1/thinkphp_3.2.3/Public/ckin.jpg
INFO: [ app_init ] --START--
INFO: Run Behavior\BuildLiteBehavior [ RunTime:0.000026s ]
INFO: [ app_init ] --END-- [ RunTime:0.000747s ]
ERR: 无法加载模块:Public

[ 2018-12-19T15:55:58+08:00 ] ::1 /phpText/ZGXG/ZGXG1/thinkphp_3.2.3/Public/timg.jpg
INFO: [ app_init ] --START--
INFO: Run Behavior\BuildLiteBehavior [ RunTime:0.000034s ]
INFO: [ app_init ] --END-- [ RunTime:0.001174s ]
ERR: 无法加载模块:Public

[ 2018-12-19T15:56:01+08:00 ] ::1 /phpText/ZGXG/ZGXG1/thinkphp_3.2.3/Public/dist/css/ckin.css
INFO: [ app_init ] --START--
INFO: Run Behavior\BuildLiteBehavior [ RunTime:0.000023s ]
INFO: [ app_init ] --END-- [ RunTime:0.001305s ]
ERR: 无法加载模块:Public

[ 2018-12-19T15:56:01+08:00 ] ::1 /phpText/ZGXG/ZGXG1/thinkphp_3.2.3/Public/css/demo.css
INFO: [ app_init ] --START--
INFO: Run Behavior\BuildLiteBehavior [ RunTime:0.000028s ]
INFO: [ app_init ] --END-- [ RunTime:0.002756s ]
ERR: 无法加载模块:Public

[ 2018-12-19T15:56:01+08:00 ] ::1 /phpText/ZGXG/ZGXG1/thinkphp_3.2.3/Public/ckin.jpg
INFO: [ app_init ] --START--
INFO: Run Behavior\BuildLiteBehavior [ RunTime:0.000022s ]
INFO: [ app_init ] --END-- [ RunTime:0.000992s ]
ERR: 无法加载模块:Public

[ 2018-12-19T15:56:01+08:00 ] ::1 /phpText/ZGXG/ZGXG1/thinkphp_3.2.3/Public/timg.jpg
INFO: [ app_init ] --START--
INFO: Run Behavior\BuildLiteBehavior [ RunTime:0.000026s ]
INFO: [ app_init ] --END-- [ RunTime:0.001710s ]
ERR: 无法加载模块:Public

[ 2018-12-19T15:56:01+08:00 ] ::1 /phpText/ZGXG/ZGXG1/thinkphp_3.2.3/Public/dist/js/ckin.js
INFO: [ app_init ] --START--
INFO: Run Behavior\BuildLiteBehavior [ RunTime:0.000032s ]
INFO: [ app_init ] --END-- [ RunTime:0.000661s ]
ERR: 无法加载模块:Public

[ 2018-12-19T15:56:01+08:00 ] ::1 /phpText/ZGXG/ZGXG1/thinkphp_3.2.3/Public/logo.png
INFO: [ app_init ] --START--
INFO: Run Behavior\BuildLiteBehavior [ RunTime:0.000027s ]
INFO: [ app_init ] --END-- [ RunTime:0.004290s ]
ERR: 无法加载模块:Public

[ 2018-12-19T15:56:01+08:00 ] ::1 /phpText/ZGXG/ZGXG1/thinkphp_3.2.3/Public/BANG.mp4
INFO: [ app_init ] --START--
INFO: Run Behavior\BuildLiteBehavior [ RunTime:0.000021s ]
INFO: [ app_init ] --END-- [ RunTime:0.000930s ]
ERR: 无法加载模块:Public

[ 2018-12-19T15:56:01+08:00 ] ::1 /phpText/ZGXG/ZGXG1/thinkphp_3.2.3/Public/BANG.mp4
INFO: [ app_init ] --START--
INFO: Run Behavior\BuildLiteBehavior [ RunTime:0.000019s ]
INFO: [ app_init ] --END-- [ RunTime:0.000852s ]
ERR: 无法加载模块:Public

[ 2018-12-19T15:56:01+08:00 ] ::1 /phpText/ZGXG/ZGXG1/thinkphp_3.2.3/Public/BANG.mp4
INFO: [ app_init ] --START--
INFO: Run Behavior\BuildLiteBehavior [ RunTime:0.000017s ]
INFO: [ app_init ] --END-- [ RunTime:0.000840s ]
ERR: 无法加载模块:Public

[ 2018-12-19T15:56:01+08:00 ] ::1 /phpText/ZGXG/ZGXG1/thinkphp_3.2.3/Public/BANG.mp4
INFO: [ app_init ] --START--
INFO: Run Behavior\BuildLiteBehavior [ RunTime:0.000024s ]
INFO: [ app_init ] --END-- [ RunTime:0.000850s ]
ERR: 无法加载模块:Public

[ 2018-12-19T15:56:01+08:00 ] ::1 /phpText/ZGXG/ZGXG1/thinkphp_3.2.3/Public/timg.jpg
INFO: [ app_init ] --START--
INFO: Run Behavior\BuildLiteBehavior [ RunTime:0.000011s ]
INFO: [ app_init ] --END-- [ RunTime:0.000589s ]
ERR: 无法加载模块:Public

[ 2018-12-19T15:56:01+08:00 ] ::1 /phpText/ZGXG/ZGXG1/thinkphp_3.2.3/Public/ckin.jpg
INFO: [ app_init ] --START--
INFO: Run Behavior\BuildLiteBehavior [ RunTime:0.000023s ]
INFO: [ app_init ] --END-- [ RunTime:0.000630s ]
ERR: 无法加载模块:Public

[ 2018-12-19T15:56:27+08:00 ] ::1 /phpText/ZGXG/ZGXG1/thinkphp_3.2.3/Public/css/demo.css
INFO: [ app_init ] --START--
INFO: Run Behavior\BuildLiteBehavior [ RunTime:0.000025s ]
INFO: [ app_init ] --END-- [ RunTime:0.000890s ]
ERR: 无法加载模块:Public

[ 2018-12-19T15:56:27+08:00 ] ::1 /phpText/ZGXG/ZGXG1/thinkphp_3.2.3/Public/dist/css/ckin.css
INFO: [ app_init ] --START--
INFO: Run Behavior\BuildLiteBehavior [ RunTime:0.000020s ]
INFO: [ app_init ] --END-- [ RunTime:0.001448s ]
ERR: 无法加载模块:Public

[ 2018-12-19T15:56:27+08:00 ] ::1 /phpText/ZGXG/ZGXG1/thinkphp_3.2.3/Public/timg.jpg
INFO: [ app_init ] --START--
INFO: Run Behavior\BuildLiteBehavior [ RunTime:0.000042s ]
INFO: [ app_init ] --END-- [ RunTime:0.001766s ]
ERR: 无法加载模块:Public

[ 2018-12-19T15:56:27+08:00 ] ::1 /phpText/ZGXG/ZGXG1/thinkphp_3.2.3/Public/ckin.jpg
INFO: [ app_init ] --START--
INFO: Run Behavior\BuildLiteBehavior [ RunTime:0.000019s ]
INFO: [ app_init ] --END-- [ RunTime:0.001047s ]
ERR: 无法加载模块:Public

[ 2018-12-19T15:56:27+08:00 ] ::1 /phpText/ZGXG/ZGXG1/thinkphp_3.2.3/Public/dist/js/ckin.js
INFO: [ app_init ] --START--
INFO: Run Behavior\BuildLiteBehavior [ RunTime:0.000013s ]
INFO: [ app_init ] --END-- [ RunTime:0.000807s ]
ERR: 无法加载模块:Public

[ 2018-12-19T15:56:27+08:00 ] ::1 /phpText/ZGXG/ZGXG1/thinkphp_3.2.3/Public/logo.png
INFO: [ app_init ] --START--
INFO: Run Behavior\BuildLiteBehavior [ RunTime:0.000045s ]
INFO: [ app_init ] --END-- [ RunTime:0.000975s ]
ERR: 无法加载模块:Public

[ 2018-12-19T15:56:27+08:00 ] ::1 /phpText/ZGXG/ZGXG1/thinkphp_3.2.3/Public/BANG.mp4
INFO: [ app_init ] --START--
INFO: Run Behavior\BuildLiteBehavior [ RunTime:0.000024s ]
INFO: [ app_init ] --END-- [ RunTime:0.000938s ]
ERR: 无法加载模块:Public

[ 2018-12-19T15:56:27+08:00 ] ::1 /phpText/ZGXG/ZGXG1/thinkphp_3.2.3/Public/BANG.mp4
INFO: [ app_init ] --START--
INFO: Run Behavior\BuildLiteBehavior [ RunTime:0.000078s ]
INFO: [ app_init ] --END-- [ RunTime:0.000919s ]
ERR: 无法加载模块:Public

[ 2018-12-19T15:56:27+08:00 ] ::1 /phpText/ZGXG/ZGXG1/thinkphp_3.2.3/Public/BANG.mp4
INFO: [ app_init ] --START--
INFO: Run Behavior\BuildLiteBehavior [ RunTime:0.000017s ]
INFO: [ app_init ] --END-- [ RunTime:0.000602s ]
ERR: 无法加载模块:Public

[ 2018-12-19T15:56:27+08:00 ] ::1 /phpText/ZGXG/ZGXG1/thinkphp_3.2.3/Public/BANG.mp4
INFO: [ app_init ] --START--
INFO: Run Behavior\BuildLiteBehavior [ RunTime:0.000038s ]
INFO: [ app_init ] --END-- [ RunTime:0.016502s ]
ERR: 无法加载模块:Public

[ 2018-12-19T15:56:27+08:00 ] ::1 /phpText/ZGXG/ZGXG1/thinkphp_3.2.3/Public/ckin.jpg
INFO: [ app_init ] --START--
INFO: Run Behavior\BuildLiteBehavior [ RunTime:0.000015s ]
INFO: [ app_init ] --END-- [ RunTime:0.000996s ]
ERR: 无法加载模块:Public

[ 2018-12-19T15:56:27+08:00 ] ::1 /phpText/ZGXG/ZGXG1/thinkphp_3.2.3/Public/timg.jpg
INFO: [ app_init ] --START--
INFO: Run Behavior\BuildLiteBehavior [ RunTime:0.000022s ]
INFO: [ app_init ] --END-- [ RunTime:0.002537s ]
ERR: 无法加载模块:Public

[ 2018-12-19T15:56:53+08:00 ] ::1 /phpText/ZGXG/ZGXG1/thinkphp_3.2.3/Public/css/demo.css
INFO: [ app_init ] --START--
INFO: Run Behavior\BuildLiteBehavior [ RunTime:0.000024s ]
INFO: [ app_init ] --END-- [ RunTime:0.000936s ]
ERR: 无法加载模块:Public

[ 2018-12-19T15:56:53+08:00 ] ::1 /phpText/ZGXG/ZGXG1/thinkphp_3.2.3/Public/dist/css/ckin.css
INFO: [ app_init ] --START--
INFO: Run Behavior\BuildLiteBehavior [ RunTime:0.000020s ]
INFO: [ app_init ] --END-- [ RunTime:0.001161s ]
ERR: 无法加载模块:Public

[ 2018-12-19T15:56:53+08:00 ] ::1 /phpText/ZGXG/ZGXG1/thinkphp_3.2.3/Public/timg.jpg
INFO: [ app_init ] --START--
INFO: Run Behavior\BuildLiteBehavior [ RunTime:0.000018s ]
INFO: [ app_init ] --END-- [ RunTime:0.000936s ]
ERR: 无法加载模块:Public

[ 2018-12-19T15:56:53+08:00 ] ::1 /phpText/ZGXG/ZGXG1/thinkphp_3.2.3/Public/ckin.jpg
INFO: [ app_init ] --START--
INFO: Run Behavior\BuildLiteBehavior [ RunTime:0.000028s ]
INFO: [ app_init ] --END-- [ RunTime:0.005306s ]
ERR: 无法加载模块:Public

[ 2018-12-19T15:56:53+08:00 ] ::1 /phpText/ZGXG/ZGXG1/thinkphp_3.2.3/Public/dist/js/ckin.js
INFO: [ app_init ] --START--
INFO: Run Behavior\BuildLiteBehavior [ RunTime:0.000018s ]
INFO: [ app_init ] --END-- [ RunTime:0.000520s ]
ERR: 无法加载模块:Public

[ 2018-12-19T15:56:53+08:00 ] ::1 /phpText/ZGXG/ZGXG1/thinkphp_3.2.3/Public/logo.png
INFO: [ app_init ] --START--
INFO: Run Behavior\BuildLiteBehavior [ RunTime:0.000032s ]
INFO: [ app_init ] --END-- [ RunTime:0.001170s ]
ERR: 无法加载模块:Public

[ 2018-12-19T15:56:53+08:00 ] ::1 /phpText/ZGXG/ZGXG1/thinkphp_3.2.3/Public/BANG.mp4
INFO: [ app_init ] --START--
INFO: Run Behavior\BuildLiteBehavior [ RunTime:0.000018s ]
INFO: [ app_init ] --END-- [ RunTime:0.000969s ]
ERR: 无法加载模块:Public

[ 2018-12-19T15:56:53+08:00 ] ::1 /phpText/ZGXG/ZGXG1/thinkphp_3.2.3/Public/BANG.mp4
INFO: [ app_init ] --START--
INFO: Run Behavior\BuildLiteBehavior [ RunTime:0.000018s ]
INFO: [ app_init ] --END-- [ RunTime:0.000676s ]
ERR: 无法加载模块:Public

[ 2018-12-19T15:56:53+08:00 ] ::1 /phpText/ZGXG/ZGXG1/thinkphp_3.2.3/Public/BANG.mp4
INFO: [ app_init ] --START--
INFO: Run Behavior\BuildLiteBehavior [ RunTime:0.000026s ]
INFO: [ app_init ] --END-- [ RunTime:0.001758s ]
ERR: 无法加载模块:Public

[ 2018-12-19T15:56:53+08:00 ] ::1 /phpText/ZGXG/ZGXG1/thinkphp_3.2.3/Public/BANG.mp4
INFO: [ app_init ] --START--
INFO: Run Behavior\BuildLiteBehavior [ RunTime:0.000023s ]
INFO: [ app_init ] --END-- [ RunTime:0.001005s ]
ERR: 无法加载模块:Public

[ 2018-12-19T15:56:53+08:00 ] ::1 /phpText/ZGXG/ZGXG1/thinkphp_3.2.3/Public/timg.jpg
INFO: [ app_init ] --START--
INFO: Run Behavior\BuildLiteBehavior [ RunTime:0.000077s ]
INFO: [ app_init ] --END-- [ RunTime:0.001017s ]
ERR: 无法加载模块:Public

[ 2018-12-19T15:56:53+08:00 ] ::1 /phpText/ZGXG/ZGXG1/thinkphp_3.2.3/Public/ckin.jpg
INFO: [ app_init ] --START--
INFO: Run Behavior\BuildLiteBehavior [ RunTime:0.000024s ]
INFO: [ app_init ] --END-- [ RunTime:0.000959s ]
ERR: 无法加载模块:Public

[ 2018-12-19T15:57:34+08:00 ] ::1 /phpText/ZGXG/ZGXG1/thinkphp_3.2.3/Public/css/demo.css
INFO: [ app_init ] --START--
INFO: Run Behavior\BuildLiteBehavior [ RunTime:0.000024s ]
INFO: [ app_init ] --END-- [ RunTime:0.002266s ]
ERR: 无法加载模块:Public

[ 2018-12-19T15:57:34+08:00 ] ::1 /phpText/ZGXG/ZGXG1/thinkphp_3.2.3/Public/dist/css/ckin.css
INFO: [ app_init ] --START--
INFO: Run Behavior\BuildLiteBehavior [ RunTime:0.000021s ]
INFO: [ app_init ] --END-- [ RunTime:0.002530s ]
ERR: 无法加载模块:Public

[ 2018-12-19T15:57:34+08:00 ] ::1 /phpText/ZGXG/ZGXG1/thinkphp_3.2.3/Public/ckin.jpg
INFO: [ app_init ] --START--
INFO: Run Behavior\BuildLiteBehavior [ RunTime:0.000022s ]
INFO: [ app_init ] --END-- [ RunTime:0.001229s ]
ERR: 无法加载模块:Public

[ 2018-12-19T15:57:34+08:00 ] ::1 /phpText/ZGXG/ZGXG1/thinkphp_3.2.3/Public/timg.jpg
INFO: [ app_init ] --START--
INFO: Run Behavior\BuildLiteBehavior [ RunTime:0.000047s ]
INFO: [ app_init ] --END-- [ RunTime:0.001201s ]
ERR: 无法加载模块:Public

[ 2018-12-19T15:57:34+08:00 ] ::1 /phpText/ZGXG/ZGXG1/thinkphp_3.2.3/Public/dist/js/ckin.js
INFO: [ app_init ] --START--
INFO: Run Behavior\BuildLiteBehavior [ RunTime:0.000031s ]
INFO: [ app_init ] --END-- [ RunTime:0.001051s ]
ERR: 无法加载模块:Public

[ 2018-12-19T15:57:34+08:00 ] ::1 /phpText/ZGXG/ZGXG1/thinkphp_3.2.3/Public/logo.png
INFO: [ app_init ] --START--
INFO: Run Behavior\BuildLiteBehavior [ RunTime:0.000027s ]
INFO: [ app_init ] --END-- [ RunTime:0.001420s ]
ERR: 无法加载模块:Public

[ 2018-12-19T15:57:34+08:00 ] ::1 /phpText/ZGXG/ZGXG1/thinkphp_3.2.3/Public/BANG.mp4
INFO: [ app_init ] --START--
INFO: Run Behavior\BuildLiteBehavior [ RunTime:0.000016s ]
INFO: [ app_init ] --END-- [ RunTime:0.001143s ]
ERR: 无法加载模块:Public

[ 2018-12-19T15:57:34+08:00 ] ::1 /phpText/ZGXG/ZGXG1/thinkphp_3.2.3/Public/BANG.mp4
INFO: [ app_init ] --START--
INFO: Run Behavior\BuildLiteBehavior [ RunTime:0.000020s ]
INFO: [ app_init ] --END-- [ RunTime:0.000718s ]
ERR: 无法加载模块:Public

[ 2018-12-19T15:57:34+08:00 ] ::1 /phpText/ZGXG/ZGXG1/thinkphp_3.2.3/Public/BANG.mp4
INFO: [ app_init ] --START--
INFO: Run Behavior\BuildLiteBehavior [ RunTime:0.000015s ]
INFO: [ app_init ] --END-- [ RunTime:0.000721s ]
ERR: 无法加载模块:Public

[ 2018-12-19T15:57:34+08:00 ] ::1 /phpText/ZGXG/ZGXG1/thinkphp_3.2.3/Public/BANG.mp4
INFO: [ app_init ] --START--
INFO: Run Behavior\BuildLiteBehavior [ RunTime:0.000015s ]
INFO: [ app_init ] --END-- [ RunTime:0.000646s ]
ERR: 无法加载模块:Public

[ 2018-12-19T15:57:34+08:00 ] ::1 /phpText/ZGXG/ZGXG1/thinkphp_3.2.3/Public/timg.jpg
INFO: [ app_init ] --START--
INFO: Run Behavior\BuildLiteBehavior [ RunTime:0.000016s ]
INFO: [ app_init ] --END-- [ RunTime:0.000645s ]
ERR: 无法加载模块:Public

[ 2018-12-19T15:57:34+08:00 ] ::1 /phpText/ZGXG/ZGXG1/thinkphp_3.2.3/Public/ckin.jpg
INFO: [ app_init ] --START--
INFO: Run Behavior\BuildLiteBehavior [ RunTime:0.000022s ]
INFO: [ app_init ] --END-- [ RunTime:0.001010s ]
ERR: 无法加载模块:Public

[ 2018-12-19T15:57:48+08:00 ] ::1 /phpText/ZGXG/ZGXG1/thinkphp_3.2.3/Public/dist/css/ckin.css
INFO: [ app_init ] --START--
INFO: Run Behavior\BuildLiteBehavior [ RunTime:0.000020s ]
INFO: [ app_init ] --END-- [ RunTime:0.000823s ]
ERR: 无法加载模块:Public

[ 2018-12-19T15:57:48+08:00 ] ::1 /phpText/ZGXG/ZGXG1/thinkphp_3.2.3/Public/css/demo.css
INFO: [ app_init ] --START--
INFO: Run Behavior\BuildLiteBehavior [ RunTime:0.000076s ]
INFO: [ app_init ] --END-- [ RunTime:0.002295s ]
ERR: 无法加载模块:Public

[ 2018-12-19T15:57:48+08:00 ] ::1 /phpText/ZGXG/ZGXG1/thinkphp_3.2.3/Public/timg.jpg
INFO: [ app_init ] --START--
INFO: Run Behavior\BuildLiteBehavior [ RunTime:0.000025s ]
INFO: [ app_init ] --END-- [ RunTime:0.000962s ]
ERR: 无法加载模块:Public

[ 2018-12-19T15:57:48+08:00 ] ::1 /phpText/ZGXG/ZGXG1/thinkphp_3.2.3/Public/ckin.jpg
INFO: [ app_init ] --START--
INFO: Run Behavior\BuildLiteBehavior [ RunTime:0.000018s ]
INFO: [ app_init ] --END-- [ RunTime:0.000919s ]
ERR: 无法加载模块:Public

[ 2018-12-19T15:57:48+08:00 ] ::1 /phpText/ZGXG/ZGXG1/thinkphp_3.2.3/Public/logo.png
INFO: [ app_init ] --START--
INFO: Run Behavior\BuildLiteBehavior [ RunTime:0.000021s ]
INFO: [ app_init ] --END-- [ RunTime:0.000915s ]
ERR: 无法加载模块:Public

[ 2018-12-19T15:57:48+08:00 ] ::1 /phpText/ZGXG/ZGXG1/thinkphp_3.2.3/Public/dist/js/ckin.js
INFO: [ app_init ] --START--
INFO: Run Behavior\BuildLiteBehavior [ RunTime:0.000017s ]
INFO: [ app_init ] --END-- [ RunTime:0.001727s ]
ERR: 无法加载模块:Public

[ 2018-12-19T15:57:48+08:00 ] ::1 /phpText/ZGXG/ZGXG1/thinkphp_3.2.3/Public/BANG.mp4
INFO: [ app_init ] --START--
INFO: Run Behavior\BuildLiteBehavior [ RunTime:0.000016s ]
INFO: [ app_init ] --END-- [ RunTime:0.000549s ]
ERR: 无法加载模块:Public

[ 2018-12-19T15:57:48+08:00 ] ::1 /phpText/ZGXG/ZGXG1/thinkphp_3.2.3/Public/BANG.mp4
INFO: [ app_init ] --START--
INFO: Run Behavior\BuildLiteBehavior [ RunTime:0.000019s ]
INFO: [ app_init ] --END-- [ RunTime:0.000777s ]
ERR: 无法加载模块:Public

[ 2018-12-19T15:57:48+08:00 ] ::1 /phpText/ZGXG/ZGXG1/thinkphp_3.2.3/Public/BANG.mp4
INFO: [ app_init ] --START--
INFO: Run Behavior\BuildLiteBehavior [ RunTime:0.000024s ]
INFO: [ app_init ] --END-- [ RunTime:0.001011s ]
ERR: 无法加载模块:Public

[ 2018-12-19T15:57:48+08:00 ] ::1 /phpText/ZGXG/ZGXG1/thinkphp_3.2.3/Public/BANG.mp4
INFO: [ app_init ] --START--
INFO: Run Behavior\BuildLiteBehavior [ RunTime:0.000019s ]
INFO: [ app_init ] --END-- [ RunTime:0.001020s ]
ERR: 无法加载模块:Public

[ 2018-12-19T15:57:48+08:00 ] ::1 /phpText/ZGXG/ZGXG1/thinkphp_3.2.3/Public/timg.jpg
INFO: [ app_init ] --START--
INFO: Run Behavior\BuildLiteBehavior [ RunTime:0.000019s ]
INFO: [ app_init ] --END-- [ RunTime:0.002069s ]
ERR: 无法加载模块:Public

[ 2018-12-19T15:57:48+08:00 ] ::1 /phpText/ZGXG/ZGXG1/thinkphp_3.2.3/Public/ckin.jpg
INFO: [ app_init ] --START--
INFO: Run Behavior\BuildLiteBehavior [ RunTime:0.000021s ]
INFO: [ app_init ] --END-- [ RunTime:0.001053s ]
ERR: 无法加载模块:Public

[ 2018-12-19T15:58:25+08:00 ] ::1 /phpText/ZGXG/ZGXG1/thinkphp_3.2.3/Public/dist/css/ckin.css
INFO: [ app_init ] --START--
INFO: Run Behavior\BuildLiteBehavior [ RunTime:0.000087s ]
INFO: [ app_init ] --END-- [ RunTime:0.003043s ]
ERR: 无法加载模块:Public

[ 2018-12-19T15:58:25+08:00 ] ::1 /phpText/ZGXG/ZGXG1/thinkphp_3.2.3/Public/ckin.jpg
INFO: [ app_init ] --START--
INFO: Run Behavior\BuildLiteBehavior [ RunTime:0.000119s ]
INFO: [ app_init ] --END-- [ RunTime:0.001556s ]
ERR: 无法加载模块:Public

[ 2018-12-19T15:58:25+08:00 ] ::1 /phpText/ZGXG/ZGXG1/thinkphp_3.2.3/Public/timg.jpg
INFO: [ app_init ] --START--
INFO: Run Behavior\BuildLiteBehavior [ RunTime:0.000028s ]
INFO: [ app_init ] --END-- [ RunTime:0.001953s ]
ERR: 无法加载模块:Public

[ 2018-12-19T15:58:25+08:00 ] ::1 /phpText/ZGXG/ZGXG1/thinkphp_3.2.3/Public/css/demo.css
INFO: [ app_init ] --START--
INFO: Run Behavior\BuildLiteBehavior [ RunTime:0.000019s ]
INFO: [ app_init ] --END-- [ RunTime:0.002871s ]
ERR: 无法加载模块:Public

[ 2018-12-19T15:58:25+08:00 ] ::1 /phpText/ZGXG/ZGXG1/thinkphp_3.2.3/Public/logo.png
INFO: [ app_init ] --START--
INFO: Run Behavior\BuildLiteBehavior [ RunTime:0.000022s ]
INFO: [ app_init ] --END-- [ RunTime:0.000886s ]
ERR: 无法加载模块:Public

[ 2018-12-19T15:58:25+08:00 ] ::1 /phpText/ZGXG/ZGXG1/thinkphp_3.2.3/Public/dist/js/ckin.js
INFO: [ app_init ] --START--
INFO: Run Behavior\BuildLiteBehavior [ RunTime:0.000022s ]
INFO: [ app_init ] --END-- [ RunTime:0.000992s ]
ERR: 无法加载模块:Public

[ 2018-12-19T15:58:25+08:00 ] ::1 /phpText/ZGXG/ZGXG1/thinkphp_3.2.3/Public/BANG.mp4
INFO: [ app_init ] --START--
INFO: Run Behavior\BuildLiteBehavior [ RunTime:0.000020s ]
INFO: [ app_init ] --END-- [ RunTime:0.000886s ]
ERR: 无法加载模块:Public

[ 2018-12-19T15:58:25+08:00 ] ::1 /phpText/ZGXG/ZGXG1/thinkphp_3.2.3/Public/BANG.mp4
INFO: [ app_init ] --START--
INFO: Run Behavior\BuildLiteBehavior [ RunTime:0.000075s ]
INFO: [ app_init ] --END-- [ RunTime:0.003387s ]
ERR: 无法加载模块:Public

[ 2018-12-19T15:58:25+08:00 ] ::1 /phpText/ZGXG/ZGXG1/thinkphp_3.2.3/Public/BANG.mp4
INFO: [ app_init ] --START--
INFO: Run Behavior\BuildLiteBehavior [ RunTime:0.000025s ]
INFO: [ app_init ] --END-- [ RunTime:0.001143s ]
ERR: 无法加载模块:Public

[ 2018-12-19T15:58:25+08:00 ] ::1 /phpText/ZGXG/ZGXG1/thinkphp_3.2.3/Public/BANG.mp4
INFO: [ app_init ] --START--
INFO: Run Behavior\BuildLiteBehavior [ RunTime:0.000028s ]
INFO: [ app_init ] --END-- [ RunTime:0.001039s ]
ERR: 无法加载模块:Public

[ 2018-12-19T15:58:25+08:00 ] ::1 /phpText/ZGXG/ZGXG1/thinkphp_3.2.3/Public/timg.jpg
INFO: [ app_init ] --START--
INFO: Run Behavior\BuildLiteBehavior [ RunTime:0.000023s ]
INFO: [ app_init ] --END-- [ RunTime:0.000983s ]
ERR: 无法加载模块:Public

[ 2018-12-19T15:58:25+08:00 ] ::1 /phpText/ZGXG/ZGXG1/thinkphp_3.2.3/Public/ckin.jpg
INFO: [ app_init ] --START--
INFO: Run Behavior\BuildLiteBehavior [ RunTime:0.000026s ]
INFO: [ app_init ] --END-- [ RunTime:0.001563s ]
ERR: 无法加载模块:Public

[ 2018-12-19T15:58:38+08:00 ] ::1 /phpText/ZGXG/ZGXG1/thinkphp_3.2.3/Public/css/demo.css
INFO: [ app_init ] --START--
INFO: Run Behavior\BuildLiteBehavior [ RunTime:0.000023s ]
INFO: [ app_init ] --END-- [ RunTime:0.000785s ]
ERR: 无法加载模块:Public

[ 2018-12-19T15:58:38+08:00 ] ::1 /phpText/ZGXG/ZGXG1/thinkphp_3.2.3/Public/dist/css/ckin.css
INFO: [ app_init ] --START--
INFO: Run Behavior\BuildLiteBehavior [ RunTime:0.000024s ]
INFO: [ app_init ] --END-- [ RunTime:0.001677s ]
ERR: 无法加载模块:Public

[ 2018-12-19T15:58:38+08:00 ] ::1 /phpText/ZGXG/ZGXG1/thinkphp_3.2.3/Public/ckin.jpg
INFO: [ app_init ] --START--
INFO: Run Behavior\BuildLiteBehavior [ RunTime:0.000021s ]
INFO: [ app_init ] --END-- [ RunTime:0.001111s ]
ERR: 无法加载模块:Public

[ 2018-12-19T15:58:38+08:00 ] ::1 /phpText/ZGXG/ZGXG1/thinkphp_3.2.3/Public/timg.jpg
INFO: [ app_init ] --START--
INFO: Run Behavior\BuildLiteBehavior [ RunTime:0.000082s ]
INFO: [ app_init ] --END-- [ RunTime:0.000951s ]
ERR: 无法加载模块:Public

[ 2018-12-19T15:58:38+08:00 ] ::1 /phpText/ZGXG/ZGXG1/thinkphp_3.2.3/Public/logo.png
INFO: [ app_init ] --START--
INFO: Run Behavior\BuildLiteBehavior [ RunTime:0.000017s ]
INFO: [ app_init ] --END-- [ RunTime:0.000818s ]
ERR: 无法加载模块:Public

[ 2018-12-19T15:58:38+08:00 ] ::1 /phpText/ZGXG/ZGXG1/thinkphp_3.2.3/Public/dist/js/ckin.js
INFO: [ app_init ] --START--
INFO: Run Behavior\BuildLiteBehavior [ RunTime:0.000018s ]
INFO: [ app_init ] --END-- [ RunTime:0.000614s ]
ERR: 无法加载模块:Public

[ 2018-12-19T15:58:38+08:00 ] ::1 /phpText/ZGXG/ZGXG1/thinkphp_3.2.3/Public/BANG.mp4
INFO: [ app_init ] --START--
INFO: Run Behavior\BuildLiteBehavior [ RunTime:0.000017s ]
INFO: [ app_init ] --END-- [ RunTime:0.000585s ]
ERR: 无法加载模块:Public

[ 2018-12-19T15:58:38+08:00 ] ::1 /phpText/ZGXG/ZGXG1/thinkphp_3.2.3/Public/BANG.mp4
INFO: [ app_init ] --START--
INFO: Run Behavior\BuildLiteBehavior [ RunTime:0.000021s ]
INFO: [ app_init ] --END-- [ RunTime:0.000779s ]
ERR: 无法加载模块:Public

[ 2018-12-19T15:58:38+08:00 ] ::1 /phpText/ZGXG/ZGXG1/thinkphp_3.2.3/Public/BANG.mp4
INFO: [ app_init ] --START--
INFO: Run Behavior\BuildLiteBehavior [ RunTime:0.000018s ]
INFO: [ app_init ] --END-- [ RunTime:0.000815s ]
ERR: 无法加载模块:Public

[ 2018-12-19T15:58:38+08:00 ] ::1 /phpText/ZGXG/ZGXG1/thinkphp_3.2.3/Public/BANG.mp4
INFO: [ app_init ] --START--
INFO: Run Behavior\BuildLiteBehavior [ RunTime:0.000017s ]
INFO: [ app_init ] --END-- [ RunTime:0.000695s ]
ERR: 无法加载模块:Public

[ 2018-12-19T15:58:38+08:00 ] ::1 /phpText/ZGXG/ZGXG1/thinkphp_3.2.3/Public/timg.jpg
INFO: [ app_init ] --START--
INFO: Run Behavior\BuildLiteBehavior [ RunTime:0.000045s ]
INFO: [ app_init ] --END-- [ RunTime:0.001702s ]
ERR: 无法加载模块:Public

[ 2018-12-19T15:58:38+08:00 ] ::1 /phpText/ZGXG/ZGXG1/thinkphp_3.2.3/Public/ckin.jpg
INFO: [ app_init ] --START--
INFO: Run Behavior\BuildLiteBehavior [ RunTime:0.000029s ]
INFO: [ app_init ] --END-- [ RunTime:0.002906s ]
ERR: 无法加载模块:Public

[ 2018-12-19T15:59:28+08:00 ] ::1 /phpText/ZGXG/ZGXG1/thinkphp_3.2.3/Public/dist/css/ckin.css
INFO: [ app_init ] --START--
INFO: Run Behavior\BuildLiteBehavior [ RunTime:0.000020s ]
INFO: [ app_init ] --END-- [ RunTime:0.000963s ]
ERR: 无法加载模块:Public

[ 2018-12-19T15:59:28+08:00 ] ::1 /phpText/ZGXG/ZGXG1/thinkphp_3.2.3/Public/ckin.jpg
INFO: [ app_init ] --START--
INFO: Run Behavior\BuildLiteBehavior [ RunTime:0.000029s ]
INFO: [ app_init ] --END-- [ RunTime:0.001801s ]
ERR: 无法加载模块:Public

[ 2018-12-19T15:59:28+08:00 ] ::1 /phpText/ZGXG/ZGXG1/thinkphp_3.2.3/Public/timg.jpg
INFO: [ app_init ] --START--
INFO: Run Behavior\BuildLiteBehavior [ RunTime:0.000022s ]
INFO: [ app_init ] --END-- [ RunTime:0.000938s ]
ERR: 无法加载模块:Public

[ 2018-12-19T15:59:28+08:00 ] ::1 /phpText/ZGXG/ZGXG1/thinkphp_3.2.3/Public/dist/js/ckin.js
INFO: [ app_init ] --START--
INFO: Run Behavior\BuildLiteBehavior [ RunTime:0.000025s ]
INFO: [ app_init ] --END-- [ RunTime:0.001108s ]
ERR: 无法加载模块:Public

[ 2018-12-19T15:59:28+08:00 ] ::1 /phpText/ZGXG/ZGXG1/thinkphp_3.2.3/Public/logo.png
INFO: [ app_init ] --START--
INFO: Run Behavior\BuildLiteBehavior [ RunTime:0.000020s ]
INFO: [ app_init ] --END-- [ RunTime:0.000993s ]
ERR: 无法加载模块:Public

[ 2018-12-19T15:59:28+08:00 ] ::1 /phpText/ZGXG/ZGXG1/thinkphp_3.2.3/Public/BANG.mp4
INFO: [ app_init ] --START--
INFO: Run Behavior\BuildLiteBehavior [ RunTime:0.000022s ]
INFO: [ app_init ] --END-- [ RunTime:0.000961s ]
ERR: 无法加载模块:Public

[ 2018-12-19T15:59:28+08:00 ] ::1 /phpText/ZGXG/ZGXG1/thinkphp_3.2.3/Public/BANG.mp4
INFO: [ app_init ] --START--
INFO: Run Behavior\BuildLiteBehavior [ RunTime:0.000072s ]
INFO: [ app_init ] --END-- [ RunTime:0.001323s ]
ERR: 无法加载模块:Public

[ 2018-12-19T15:59:28+08:00 ] ::1 /phpText/ZGXG/ZGXG1/thinkphp_3.2.3/Public/BANG.mp4
INFO: [ app_init ] --START--
INFO: Run Behavior\BuildLiteBehavior [ RunTime:0.000027s ]
INFO: [ app_init ] --END-- [ RunTime:0.007593s ]
ERR: 无法加载模块:Public

[ 2018-12-19T15:59:28+08:00 ] ::1 /phpText/ZGXG/ZGXG1/thinkphp_3.2.3/Public/BANG.mp4
INFO: [ app_init ] --START--
INFO: Run Behavior\BuildLiteBehavior [ RunTime:0.000019s ]
INFO: [ app_init ] --END-- [ RunTime:0.000876s ]
ERR: 无法加载模块:Public

[ 2018-12-19T15:59:29+08:00 ] ::1 /phpText/ZGXG/ZGXG1/thinkphp_3.2.3/Public/ckin.jpg
INFO: [ app_init ] --START--
INFO: Run Behavior\BuildLiteBehavior [ RunTime:0.000011s ]
INFO: [ app_init ] --END-- [ RunTime:0.000518s ]
ERR: 无法加载模块:Public

[ 2018-12-19T15:59:29+08:00 ] ::1 /phpText/ZGXG/ZGXG1/thinkphp_3.2.3/Public/timg.jpg
INFO: [ app_init ] --START--
INFO: Run Behavior\BuildLiteBehavior [ RunTime:0.000018s ]
INFO: [ app_init ] --END-- [ RunTime:0.000680s ]
ERR: 无法加载模块:Public

[ 2018-12-19T16:00:15+08:00 ] ::1 /phpText/ZGXG/ZGXG1/thinkphp_3.2.3/Public/ckin.jpg
INFO: [ app_init ] --START--
INFO: Run Behavior\BuildLiteBehavior [ RunTime:0.000020s ]
INFO: [ app_init ] --END-- [ RunTime:0.000890s ]
ERR: 无法加载模块:Public

[ 2018-12-19T16:00:15+08:00 ] ::1 /phpText/ZGXG/ZGXG1/thinkphp_3.2.3/Public/timg.jpg
INFO: [ app_init ] --START--
INFO: Run Behavior\BuildLiteBehavior [ RunTime:0.000024s ]
INFO: [ app_init ] --END-- [ RunTime:0.001066s ]
ERR: 无法加载模块:Public

[ 2018-12-19T16:00:15+08:00 ] ::1 /phpText/ZGXG/ZGXG1/thinkphp_3.2.3/Public/dist/js/ckin.js
INFO: [ app_init ] --START--
INFO: Run Behavior\BuildLiteBehavior [ RunTime:0.000015s ]
INFO: [ app_init ] --END-- [ RunTime:0.000746s ]
ERR: 无法加载模块:Public

[ 2018-12-19T16:00:15+08:00 ] ::1 /phpText/ZGXG/ZGXG1/thinkphp_3.2.3/Public/logo.png
INFO: [ app_init ] --START--
INFO: Run Behavior\BuildLiteBehavior [ RunTime:0.000022s ]
INFO: [ app_init ] --END-- [ RunTime:0.000970s ]
ERR: 无法加载模块:Public

[ 2018-12-19T16:00:15+08:00 ] ::1 /phpText/ZGXG/ZGXG1/thinkphp_3.2.3/Public/BANG.mp4
INFO: [ app_init ] --START--
INFO: Run Behavior\BuildLiteBehavior [ RunTime:0.000018s ]
INFO: [ app_init ] --END-- [ RunTime:0.001091s ]
ERR: 无法加载模块:Public

[ 2018-12-19T16:00:15+08:00 ] ::1 /phpText/ZGXG/ZGXG1/thinkphp_3.2.3/Public/BANG.mp4
INFO: [ app_init ] --START--
INFO: Run Behavior\BuildLiteBehavior [ RunTime:0.000021s ]
INFO: [ app_init ] --END-- [ RunTime:0.000901s ]
ERR: 无法加载模块:Public

[ 2018-12-19T16:00:15+08:00 ] ::1 /phpText/ZGXG/ZGXG1/thinkphp_3.2.3/Public/BANG.mp4
INFO: [ app_init ] --START--
INFO: Run Behavior\BuildLiteBehavior [ RunTime:0.000024s ]
INFO: [ app_init ] --END-- [ RunTime:0.000963s ]
ERR: 无法加载模块:Public

[ 2018-12-19T16:00:15+08:00 ] ::1 /phpText/ZGXG/ZGXG1/thinkphp_3.2.3/Public/BANG.mp4
INFO: [ app_init ] --START--
INFO: Run Behavior\BuildLiteBehavior [ RunTime:0.000030s ]
INFO: [ app_init ] --END-- [ RunTime:0.000650s ]
ERR: 无法加载模块:Public

[ 2018-12-19T16:00:15+08:00 ] ::1 /phpText/ZGXG/ZGXG1/thinkphp_3.2.3/Public/timg.jpg
INFO: [ app_init ] --START--
INFO: Run Behavior\BuildLiteBehavior [ RunTime:0.000015s ]
INFO: [ app_init ] --END-- [ RunTime:0.000781s ]
ERR: 无法加载模块:Public

[ 2018-12-19T16:00:15+08:00 ] ::1 /phpText/ZGXG/ZGXG1/thinkphp_3.2.3/Public/ckin.jpg
INFO: [ app_init ] --START--
INFO: Run Behavior\BuildLiteBehavior [ RunTime:0.000015s ]
INFO: [ app_init ] --END-- [ RunTime:0.000779s ]
ERR: 无法加载模块:Public

[ 2018-12-19T16:00:44+08:00 ] ::1 /phpText/ZGXG/ZGXG1/thinkphp_3.2.3/Public/timg.jpg
INFO: [ app_init ] --START--
INFO: Run Behavior\BuildLiteBehavior [ RunTime:0.000021s ]
INFO: [ app_init ] --END-- [ RunTime:0.001386s ]
ERR: 无法加载模块:Public

[ 2018-12-19T16:00:44+08:00 ] ::1 /phpText/ZGXG/ZGXG1/thinkphp_3.2.3/Public/app/css/fonts/ckin.ttf?g02cfx
INFO: [ app_init ] --START--
INFO: Run Behavior\BuildLiteBehavior [ RunTime:0.000018s ]
INFO: [ app_init ] --END-- [ RunTime:0.000681s ]
ERR: 无法加载模块:Public

[ 2018-12-19T16:00:44+08:00 ] ::1 /phpText/ZGXG/ZGXG1/thinkphp_3.2.3/Public/timg.jpg
INFO: [ app_init ] --START--
INFO: Run Behavior\BuildLiteBehavior [ RunTime:0.000020s ]
INFO: [ app_init ] --END-- [ RunTime:0.001880s ]
ERR: 无法加载模块:Public

[ 2018-12-19T16:00:45+08:00 ] ::1 /phpText/ZGXG/ZGXG1/thinkphp_3.2.3/Public/app/css/fonts/ckin.woff?g02cfx
INFO: [ app_init ] --START--
INFO: Run Behavior\BuildLiteBehavior [ RunTime:0.000023s ]
INFO: [ app_init ] --END-- [ RunTime:0.000906s ]
ERR: 无法加载模块:Public

[ 2018-12-19T16:00:59+08:00 ] ::1 /phpText/ZGXG/ZGXG1/thinkphp_3.2.3/Public/app/css/fonts/ckin.ttf?g02cfx
INFO: [ app_init ] --START--
INFO: Run Behavior\BuildLiteBehavior [ RunTime:0.000013s ]
INFO: [ app_init ] --END-- [ RunTime:0.000634s ]
ERR: 无法加载模块:Public

[ 2018-12-19T16:00:59+08:00 ] ::1 /phpText/ZGXG/ZGXG1/thinkphp_3.2.3/Public/app/css/fonts/ckin.woff?g02cfx
INFO: [ app_init ] --START--
INFO: Run Behavior\BuildLiteBehavior [ RunTime:0.000015s ]
INFO: [ app_init ] --END-- [ RunTime:0.000762s ]
ERR: 无法加载模块:Public

[ 2018-12-19T16:01:22+08:00 ] ::1 /phpText/ZGXG/ZGXG1/thinkphp_3.2.3/Public/app/css/fonts/ckin.ttf?g02cfx
INFO: [ app_init ] --START--
INFO: Run Behavior\BuildLiteBehavior [ RunTime:0.000017s ]
INFO: [ app_init ] --END-- [ RunTime:0.000936s ]
ERR: 无法加载模块:Public

[ 2018-12-19T16:01:22+08:00 ] ::1 /phpText/ZGXG/ZGXG1/thinkphp_3.2.3/Public/app/css/fonts/ckin.woff?g02cfx
INFO: [ app_init ] --START--
INFO: Run Behavior\BuildLiteBehavior [ RunTime:0.000011s ]
INFO: [ app_init ] --END-- [ RunTime:0.000701s ]
ERR: 无法加载模块:Public

