[ 2019-01-05T13:22:09+08:00 ] ::1 /phpText/ZGXG/ZGXG1/thinkphp_3.2.3/Public/js/jquery.min.js
INFO: [ app_init ] --START--
INFO: Run Behavior\BuildLiteBehavior [ RunTime:0.000012s ]
INFO: [ app_init ] --END-- [ RunTime:0.000518s ]
ERR: 无法加载模块:Public

[ 2019-01-05T13:23:06+08:00 ] ::1 /phpText/ZGXG/ZGXG1/thinkphp_3.2.3/Public/js/jquery.min.js
INFO: [ app_init ] --START--
INFO: Run Behavior\BuildLiteBehavior [ RunTime:0.000016s ]
INFO: [ app_init ] --END-- [ RunTime:0.000755s ]
ERR: 无法加载模块:Public

[ 2019-01-05T13:23:13+08:00 ] ::1 /phpText/ZGXG/ZGXG1/thinkphp_3.2.3/Public/js/jquery.min.js
INFO: [ app_init ] --START--
INFO: Run Behavior\BuildLiteBehavior [ RunTime:0.000011s ]
INFO: [ app_init ] --END-- [ RunTime:0.001404s ]
ERR: 无法加载模块:Public

[ 2019-01-05T15:29:05+08:00 ] ::1 /phpText/ZGXG/ZGXG1/thinkphp_3.2.3/Public/js/jquery.min.js
INFO: [ app_init ] --START--
INFO: Run Behavior\BuildLiteBehavior [ RunTime:0.000022s ]
INFO: [ app_init ] --END-- [ RunTime:0.001066s ]
ERR: 无法加载模块:Public

