[ 2019-01-11T08:59:56+08:00 ] ::1 /phpText/ZGXG/ZGXG1/thinkphp_3.2.3/Public/js/jquery.min.js
INFO: [ app_init ] --START--
INFO: Run Behavior\BuildLiteBehavior [ RunTime:0.000018s ]
INFO: [ app_init ] --END-- [ RunTime:0.000619s ]
ERR: 无法加载模块:Public

[ 2019-01-11T09:06:17+08:00 ] ::1 /phpText/ZGXG/ZGXG1/thinkphp_3.2.3/Public/js/jquery.min.js
INFO: [ app_init ] --START--
INFO: Run Behavior\BuildLiteBehavior [ RunTime:0.000022s ]
INFO: [ app_init ] --END-- [ RunTime:0.001842s ]
ERR: 无法加载模块:Public

[ 2019-01-11T09:06:24+08:00 ] ::1 /phpText/ZGXG/ZGXG1/thinkphp_3.2.3/Public/js/jquery.min.js
INFO: [ app_init ] --START--
INFO: Run Behavior\BuildLiteBehavior [ RunTime:0.000013s ]
INFO: [ app_init ] --END-- [ RunTime:0.000585s ]
ERR: 无法加载模块:Public

[ 2019-01-11T09:17:54+08:00 ] ::1 /phpText/ZGXG/ZGXG1/thinkphp_3.2.3/Public/js/jquery.min.js
INFO: [ app_init ] --START--
INFO: Run Behavior\BuildLiteBehavior [ RunTime:0.000012s ]
INFO: [ app_init ] --END-- [ RunTime:0.000481s ]
ERR: 无法加载模块:Public

[ 2019-01-11T09:24:03+08:00 ] ::1 /phpText/ZGXG/ZGXG1/thinkphp_3.2.3/Public/js/jquery.min.js
INFO: [ app_init ] --START--
INFO: Run Behavior\BuildLiteBehavior [ RunTime:0.000022s ]
INFO: [ app_init ] --END-- [ RunTime:0.000777s ]
ERR: 无法加载模块:Public

