[ 2019-01-02T08:05:44+08:00 ] ::1 /phpText/ZGXG/ZGXG1/thinkphp_3.2.3/Public/js/jquery.min.js
INFO: [ app_init ] --START--
INFO: Run Behavior\BuildLiteBehavior [ RunTime:0.000013s ]
INFO: [ app_init ] --END-- [ RunTime:0.000456s ]
ERR: 无法加载模块:Public

[ 2019-01-02T08:05:51+08:00 ] ::1 /phpText/ZGXG/ZGXG1/thinkphp_3.2.3/Public/js/jquery.min.js
INFO: [ app_init ] --START--
INFO: Run Behavior\BuildLiteBehavior [ RunTime:0.000033s ]
INFO: [ app_init ] --END-- [ RunTime:0.000980s ]
ERR: 无法加载模块:Public

[ 2019-01-02T08:05:58+08:00 ] ::1 /phpText/ZGXG/ZGXG1/thinkphp_3.2.3/Public/js/jquery.min.js
INFO: [ app_init ] --START--
INFO: Run Behavior\BuildLiteBehavior [ RunTime:0.000020s ]
INFO: [ app_init ] --END-- [ RunTime:0.000745s ]
ERR: 无法加载模块:Public

[ 2019-01-02T08:06:27+08:00 ] ::1 /phpText/ZGXG/ZGXG1/thinkphp_3.2.3/Public/js/jquery.min.js
INFO: [ app_init ] --START--
INFO: Run Behavior\BuildLiteBehavior [ RunTime:0.000025s ]
INFO: [ app_init ] --END-- [ RunTime:0.000982s ]
ERR: 无法加载模块:Public

[ 2019-01-02T08:06:39+08:00 ] ::1 /phpText/ZGXG/ZGXG1/thinkphp_3.2.3/Public/js/jquery.min.js
INFO: [ app_init ] --START--
INFO: Run Behavior\BuildLiteBehavior [ RunTime:0.000020s ]
INFO: [ app_init ] --END-- [ RunTime:0.000801s ]
ERR: 无法加载模块:Public

[ 2019-01-02T08:06:52+08:00 ] ::1 /phpText/ZGXG/ZGXG1/thinkphp_3.2.3/Public/js/jquery.min.js
INFO: [ app_init ] --START--
INFO: Run Behavior\BuildLiteBehavior [ RunTime:0.000019s ]
INFO: [ app_init ] --END-- [ RunTime:0.000701s ]
ERR: 无法加载模块:Public

[ 2019-01-02T08:07:10+08:00 ] ::1 /phpText/ZGXG/ZGXG1/thinkphp_3.2.3/Public/js/jquery.min.js
INFO: [ app_init ] --START--
INFO: Run Behavior\BuildLiteBehavior [ RunTime:0.000013s ]
INFO: [ app_init ] --END-- [ RunTime:0.000457s ]
ERR: 无法加载模块:Public

[ 2019-01-02T08:10:32+08:00 ] ::1 /phpText/ZGXG/ZGXG1/thinkphp_3.2.3/Public/js/jquery.min.js
INFO: [ app_init ] --START--
INFO: Run Behavior\BuildLiteBehavior [ RunTime:0.000019s ]
INFO: [ app_init ] --END-- [ RunTime:0.000861s ]
ERR: 无法加载模块:Public

[ 2019-01-02T08:10:45+08:00 ] ::1 /phpText/ZGXG/ZGXG1/thinkphp_3.2.3/Public/js/jquery.min.js
INFO: [ app_init ] --START--
INFO: Run Behavior\BuildLiteBehavior [ RunTime:0.000012s ]
INFO: [ app_init ] --END-- [ RunTime:0.000459s ]
ERR: 无法加载模块:Public

[ 2019-01-02T08:10:58+08:00 ] ::1 /phpText/ZGXG/ZGXG1/thinkphp_3.2.3/Public/js/jquery.min.js
INFO: [ app_init ] --START--
INFO: Run Behavior\BuildLiteBehavior [ RunTime:0.000026s ]
INFO: [ app_init ] --END-- [ RunTime:0.001812s ]
ERR: 无法加载模块:Public

[ 2019-01-02T08:11:06+08:00 ] ::1 /phpText/ZGXG/ZGXG1/thinkphp_3.2.3/Public/js/jquery.min.js
INFO: [ app_init ] --START--
INFO: Run Behavior\BuildLiteBehavior [ RunTime:0.000018s ]
INFO: [ app_init ] --END-- [ RunTime:0.000592s ]
ERR: 无法加载模块:Public

[ 2019-01-02T08:11:26+08:00 ] ::1 /phpText/ZGXG/ZGXG1/thinkphp_3.2.3/Public/js/jquery.min.js
INFO: [ app_init ] --START--
INFO: Run Behavior\BuildLiteBehavior [ RunTime:0.000025s ]
INFO: [ app_init ] --END-- [ RunTime:0.000935s ]
ERR: 无法加载模块:Public

[ 2019-01-02T08:11:40+08:00 ] ::1 /phpText/ZGXG/ZGXG1/thinkphp_3.2.3/Public/js/jquery.min.js
INFO: [ app_init ] --START--
INFO: Run Behavior\BuildLiteBehavior [ RunTime:0.000014s ]
INFO: [ app_init ] --END-- [ RunTime:0.000652s ]
ERR: 无法加载模块:Public

[ 2019-01-02T09:16:22+08:00 ] ::1 /phpText/ZGXG/ZGXG1/thinkphp_3.2.3/Public/js/jquery.min.js
INFO: [ app_init ] --START--
INFO: Run Behavior\BuildLiteBehavior [ RunTime:0.000021s ]
INFO: [ app_init ] --END-- [ RunTime:0.000654s ]
ERR: 无法加载模块:Public

[ 2019-01-02T10:02:51+08:00 ] ::1 /phpText/ZGXG/ZGXG1/thinkphp_3.2.3/Public/js/jquery.min.js
INFO: [ app_init ] --START--
INFO: Run Behavior\BuildLiteBehavior [ RunTime:0.000033s ]
INFO: [ app_init ] --END-- [ RunTime:0.000964s ]
ERR: 无法加载模块:Public

[ 2019-01-02T10:03:00+08:00 ] ::1 /phpText/ZGXG/ZGXG1/thinkphp_3.2.3/Public/js/jquery.min.js
INFO: [ app_init ] --START--
INFO: Run Behavior\BuildLiteBehavior [ RunTime:0.000049s ]
INFO: [ app_init ] --END-- [ RunTime:0.001586s ]
ERR: 无法加载模块:Public

[ 2019-01-02T11:03:02+08:00 ] ::1 /phpText/ZGXG/ZGXG1/thinkphp_3.2.3/Public/js/jquery.min.js
INFO: [ app_init ] --START--
INFO: Run Behavior\BuildLiteBehavior [ RunTime:0.000015s ]
INFO: [ app_init ] --END-- [ RunTime:0.001363s ]
ERR: 无法加载模块:Public

[ 2019-01-02T18:39:52+08:00 ] ::1 /phpText/ZGXG/ZGXG1/thinkphp_3.2.3/Public/js/jquery.min.js
INFO: [ app_init ] --START--
INFO: Run Behavior\BuildLiteBehavior [ RunTime:0.000041s ]
INFO: [ app_init ] --END-- [ RunTime:0.000976s ]
ERR: 无法加载模块:Public

[ 2019-01-02T18:39:55+08:00 ] ::1 /phpText/ZGXG/ZGXG1/thinkphp_3.2.3/Public/js/jquery.min.js
INFO: [ app_init ] --START--
INFO: Run Behavior\BuildLiteBehavior [ RunTime:0.000013s ]
INFO: [ app_init ] --END-- [ RunTime:0.000423s ]
ERR: 无法加载模块:Public

[ 2019-01-02T18:40:02+08:00 ] ::1 /phpText/ZGXG/ZGXG1/thinkphp_3.2.3/Public/js/jquery.min.js
INFO: [ app_init ] --START--
INFO: Run Behavior\BuildLiteBehavior [ RunTime:0.000020s ]
INFO: [ app_init ] --END-- [ RunTime:0.002939s ]
ERR: 无法加载模块:Public

[ 2019-01-02T18:40:33+08:00 ] ::1 /phpText/ZGXG/ZGXG1/thinkphp_3.2.3/Public/js/jquery.min.js
INFO: [ app_init ] --START--
INFO: Run Behavior\BuildLiteBehavior [ RunTime:0.000034s ]
INFO: [ app_init ] --END-- [ RunTime:0.000710s ]
ERR: 无法加载模块:Public

[ 2019-01-02T18:53:33+08:00 ] ::1 /phpText/ZGXG/ZGXG1/thinkphp_3.2.3/Public/css/main.css
INFO: [ app_init ] --START--
INFO: Run Behavior\BuildLiteBehavior [ RunTime:0.000014s ]
INFO: [ app_init ] --END-- [ RunTime:0.000874s ]
ERR: 无法加载模块:Public

[ 2019-01-02T18:53:33+08:00 ] ::1 /phpText/ZGXG/ZGXG1/thinkphp_3.2.3/Public/js/jquery.min.js
INFO: [ app_init ] --START--
INFO: Run Behavior\BuildLiteBehavior [ RunTime:0.000017s ]
INFO: [ app_init ] --END-- [ RunTime:0.000720s ]
ERR: 无法加载模块:Public

[ 2019-01-02T18:53:33+08:00 ] ::1 /phpText/ZGXG/ZGXG1/thinkphp_3.2.3/Public/js/jquery.min.js
INFO: [ app_init ] --START--
INFO: Run Behavior\BuildLiteBehavior [ RunTime:0.000011s ]
INFO: [ app_init ] --END-- [ RunTime:0.000509s ]
ERR: 无法加载模块:Public

[ 2019-01-02T18:54:19+08:00 ] ::1 /phpText/ZGXG/ZGXG1/thinkphp_3.2.3/Public/css/main.css
INFO: [ app_init ] --START--
INFO: Run Behavior\BuildLiteBehavior [ RunTime:0.000028s ]
INFO: [ app_init ] --END-- [ RunTime:0.001087s ]
ERR: 无法加载模块:Public

[ 2019-01-02T18:54:19+08:00 ] ::1 /phpText/ZGXG/ZGXG1/thinkphp_3.2.3/Public/js/jquery.min.js
INFO: [ app_init ] --START--
INFO: Run Behavior\BuildLiteBehavior [ RunTime:0.000114s ]
INFO: [ app_init ] --END-- [ RunTime:0.001525s ]
ERR: 无法加载模块:Public

[ 2019-01-02T18:54:19+08:00 ] ::1 /phpText/ZGXG/ZGXG1/thinkphp_3.2.3/Public/js/jquery.min.js
INFO: [ app_init ] --START--
INFO: Run Behavior\BuildLiteBehavior [ RunTime:0.000011s ]
INFO: [ app_init ] --END-- [ RunTime:0.000544s ]
ERR: 无法加载模块:Public

[ 2019-01-02T18:54:20+08:00 ] ::1 /phpText/ZGXG/ZGXG1/thinkphp_3.2.3/Public/css/main.css
INFO: [ app_init ] --START--
INFO: Run Behavior\BuildLiteBehavior [ RunTime:0.000020s ]
INFO: [ app_init ] --END-- [ RunTime:0.000726s ]
ERR: 无法加载模块:Public

[ 2019-01-02T18:54:20+08:00 ] ::1 /phpText/ZGXG/ZGXG1/thinkphp_3.2.3/Public/js/jquery.min.js
INFO: [ app_init ] --START--
INFO: Run Behavior\BuildLiteBehavior [ RunTime:0.000013s ]
INFO: [ app_init ] --END-- [ RunTime:0.000816s ]
ERR: 无法加载模块:Public

[ 2019-01-02T18:54:20+08:00 ] ::1 /phpText/ZGXG/ZGXG1/thinkphp_3.2.3/Public/js/jquery.min.js
INFO: [ app_init ] --START--
INFO: Run Behavior\BuildLiteBehavior [ RunTime:0.000063s ]
INFO: [ app_init ] --END-- [ RunTime:0.002127s ]
ERR: 无法加载模块:Public

[ 2019-01-02T18:54:20+08:00 ] ::1 /phpText/ZGXG/ZGXG1/thinkphp_3.2.3/Public/css/main.css
INFO: [ app_init ] --START--
INFO: Run Behavior\BuildLiteBehavior [ RunTime:0.000076s ]
INFO: [ app_init ] --END-- [ RunTime:0.002023s ]
ERR: 无法加载模块:Public

[ 2019-01-02T18:54:21+08:00 ] ::1 /phpText/ZGXG/ZGXG1/thinkphp_3.2.3/Public/css/main.css
INFO: [ app_init ] --START--
INFO: Run Behavior\BuildLiteBehavior [ RunTime:0.000021s ]
INFO: [ app_init ] --END-- [ RunTime:0.001137s ]
ERR: 无法加载模块:Public

[ 2019-01-02T18:54:21+08:00 ] ::1 /phpText/ZGXG/ZGXG1/thinkphp_3.2.3/Public/js/jquery.min.js
INFO: [ app_init ] --START--
INFO: Run Behavior\BuildLiteBehavior [ RunTime:0.000013s ]
INFO: [ app_init ] --END-- [ RunTime:0.000531s ]
ERR: 无法加载模块:Public

[ 2019-01-02T18:54:21+08:00 ] ::1 /phpText/ZGXG/ZGXG1/thinkphp_3.2.3/Public/css/main.css
INFO: [ app_init ] --START--
INFO: Run Behavior\BuildLiteBehavior [ RunTime:0.000013s ]
INFO: [ app_init ] --END-- [ RunTime:0.000555s ]
ERR: 无法加载模块:Public

[ 2019-01-02T18:54:21+08:00 ] ::1 /phpText/ZGXG/ZGXG1/thinkphp_3.2.3/Public/js/jquery.min.js
INFO: [ app_init ] --START--
INFO: Run Behavior\BuildLiteBehavior [ RunTime:0.000069s ]
INFO: [ app_init ] --END-- [ RunTime:0.001852s ]
ERR: 无法加载模块:Public

[ 2019-01-02T18:54:22+08:00 ] ::1 /phpText/ZGXG/ZGXG1/thinkphp_3.2.3/Public/css/main.css
INFO: [ app_init ] --START--
INFO: Run Behavior\BuildLiteBehavior [ RunTime:0.000018s ]
INFO: [ app_init ] --END-- [ RunTime:0.000751s ]
ERR: 无法加载模块:Public

[ 2019-01-02T18:54:22+08:00 ] ::1 /phpText/ZGXG/ZGXG1/thinkphp_3.2.3/Public/js/jquery.min.js
INFO: [ app_init ] --START--
INFO: Run Behavior\BuildLiteBehavior [ RunTime:0.000019s ]
INFO: [ app_init ] --END-- [ RunTime:0.001580s ]
ERR: 无法加载模块:Public

[ 2019-01-02T18:54:25+08:00 ] ::1 /phpText/ZGXG/ZGXG1/thinkphp_3.2.3/Public/css/main.css
INFO: [ app_init ] --START--
INFO: Run Behavior\BuildLiteBehavior [ RunTime:0.000012s ]
INFO: [ app_init ] --END-- [ RunTime:0.000590s ]
ERR: 无法加载模块:Public

[ 2019-01-02T18:54:58+08:00 ] ::1 /phpText/ZGXG/ZGXG1/thinkphp_3.2.3/Public/css/layui.css
INFO: [ app_init ] --START--
INFO: Run Behavior\BuildLiteBehavior [ RunTime:0.000060s ]
INFO: [ app_init ] --END-- [ RunTime:0.000839s ]
ERR: 无法加载模块:Public

[ 2019-01-02T18:54:58+08:00 ] ::1 /phpText/ZGXG/ZGXG1/thinkphp_3.2.3/Public/js/jquery.min.js
INFO: [ app_init ] --START--
INFO: Run Behavior\BuildLiteBehavior [ RunTime:0.000030s ]
INFO: [ app_init ] --END-- [ RunTime:0.003003s ]
ERR: 无法加载模块:Public

[ 2019-01-02T18:54:58+08:00 ] ::1 /phpText/ZGXG/ZGXG1/thinkphp_3.2.3/Public/js/jquery.min.js
INFO: [ app_init ] --START--
INFO: Run Behavior\BuildLiteBehavior [ RunTime:0.000024s ]
INFO: [ app_init ] --END-- [ RunTime:0.000605s ]
ERR: 无法加载模块:Public

[ 2019-01-02T18:56:02+08:00 ] ::1 /phpText/ZGXG/ZGXG1/thinkphp_3.2.3/Public/js/jquery.min.js
INFO: [ app_init ] --START--
INFO: Run Behavior\BuildLiteBehavior [ RunTime:0.000045s ]
INFO: [ app_init ] --END-- [ RunTime:0.004899s ]
ERR: 无法加载模块:Public

[ 2019-01-02T18:56:02+08:00 ] ::1 /phpText/ZGXG/ZGXG1/thinkphp_3.2.3/Public/js/jquery.min.js
INFO: [ app_init ] --START--
INFO: Run Behavior\BuildLiteBehavior [ RunTime:0.000020s ]
INFO: [ app_init ] --END-- [ RunTime:0.001160s ]
ERR: 无法加载模块:Public

[ 2019-01-02T20:45:08+08:00 ] ::1 /phpText/ZGXG/ZGXG1/thinkphp_3.2.3/img/6
INFO: [ app_init ] --START--
INFO: Run Behavior\BuildLiteBehavior [ RunTime:0.000046s ]
INFO: [ app_init ] --END-- [ RunTime:0.001159s ]
ERR: 无法加载模块:Img

[ 2019-01-02T20:45:08+08:00 ] ::1 /phpText/ZGXG/ZGXG1/thinkphp_3.2.3/img/L
INFO: [ app_init ] --START--
INFO: Run Behavior\BuildLiteBehavior [ RunTime:0.000016s ]
INFO: [ app_init ] --END-- [ RunTime:0.000812s ]
ERR: 无法加载模块:Img

[ 2019-01-02T20:45:08+08:00 ] ::1 /phpText/ZGXG/ZGXG1/thinkphp_3.2.3/img/2
INFO: [ app_init ] --START--
INFO: Run Behavior\BuildLiteBehavior [ RunTime:0.000011s ]
INFO: [ app_init ] --END-- [ RunTime:0.000539s ]
ERR: 无法加载模块:Img

[ 2019-01-02T20:45:08+08:00 ] ::1 /phpText/ZGXG/ZGXG1/thinkphp_3.2.3/img/1
INFO: [ app_init ] --START--
INFO: Run Behavior\BuildLiteBehavior [ RunTime:0.000011s ]
INFO: [ app_init ] --END-- [ RunTime:0.000588s ]
ERR: 无法加载模块:Img

[ 2019-01-02T22:04:12+08:00 ] ::1 /phpText/ZGXG/ZGXG1/thinkphp_3.2.3/Public/js/jquery.min.js
INFO: [ app_init ] --START--
INFO: Run Behavior\BuildLiteBehavior [ RunTime:0.000021s ]
INFO: [ app_init ] --END-- [ RunTime:0.001090s ]
ERR: 无法加载模块:Public

