[ 2019-01-11T09:17:47+08:00 ] ::1 /phpText/ZGXG/ZGXG1/thinkphp_3.2.3/admin.php
INFO: [ app_init ] --START--
INFO: Run Behavior\BuildLiteBehavior [ RunTime:0.000036s ]
INFO: [ app_init ] --END-- [ RunTime:0.000663s ]
INFO: [ app_begin ] --START--
INFO: Run Behavior\ReadHtmlCacheBehavior [ RunTime:0.001563s ]
INFO: [ app_begin ] --END-- [ RunTime:0.001721s ]
INFO: [ view_parse ] --START--
INFO: [ template_filter ] --START--
INFO: Run Behavior\ContentReplaceBehavior [ RunTime:0.000408s ]
INFO: [ template_filter ] --END-- [ RunTime:0.000510s ]
INFO: Run Behavior\ParseTemplateBehavior [ RunTime:0.082910s ]
INFO: [ view_parse ] --END-- [ RunTime:0.082978s ]
INFO: [ view_filter ] --START--
INFO: Run Behavior\WriteHtmlCacheBehavior [ RunTime:0.000764s ]
INFO: [ view_filter ] --END-- [ RunTime:0.000793s ]
INFO: [ app_end ] --START--
INFO: Run Behavior\ShowPageTraceBehavior [ RunTime:0.001176s ]
INFO: [ app_end ] --END-- [ RunTime:0.001219s ]

[ 2019-01-11T09:17:54+08:00 ] ::1 /phpText/ZGXG/ZGXG1/thinkphp_3.2.3/admin.php/Home/index/login.html
INFO: [ app_init ] --START--
INFO: Run Behavior\BuildLiteBehavior [ RunTime:0.000012s ]
INFO: [ app_init ] --END-- [ RunTime:0.000552s ]
INFO: [ app_begin ] --START--
INFO: Run Behavior\ReadHtmlCacheBehavior [ RunTime:0.000957s ]
INFO: [ app_begin ] --END-- [ RunTime:0.001017s ]
SQL: SHOW COLUMNS FROM `zx_admin` [ RunTime:0.0339s ]
SQL: SELECT * FROM `zx_admin` WHERE ( Aname = '1' ) LIMIT 1   [ RunTime:0.0007s ]
INFO: [ view_parse ] --START--
INFO: [ template_filter ] --START--
INFO: Run Behavior\ContentReplaceBehavior [ RunTime:0.000187s ]
INFO: [ template_filter ] --END-- [ RunTime:0.000261s ]
INFO: Run Behavior\ParseTemplateBehavior [ RunTime:0.113795s ]
INFO: [ view_parse ] --END-- [ RunTime:0.113849s ]
INFO: [ view_filter ] --START--
INFO: Run Behavior\WriteHtmlCacheBehavior [ RunTime:0.000654s ]
INFO: [ view_filter ] --END-- [ RunTime:0.000705s ]
INFO: [ app_end ] --START--
INFO: Run Behavior\ShowPageTraceBehavior [ RunTime:0.001117s ]
INFO: [ app_end ] --END-- [ RunTime:0.001180s ]

[ 2019-01-11T09:17:55+08:00 ] ::1 /phpText/ZGXG/ZGXG1/thinkphp_3.2.3/admin.php/Home/Emplist/index.html
INFO: [ app_init ] --START--
INFO: Run Behavior\BuildLiteBehavior [ RunTime:0.000011s ]
INFO: [ app_init ] --END-- [ RunTime:0.000382s ]
INFO: [ app_begin ] --START--
INFO: Run Behavior\ReadHtmlCacheBehavior [ RunTime:0.000448s ]
INFO: [ app_begin ] --END-- [ RunTime:0.000495s ]
INFO: [ view_parse ] --START--
INFO: [ template_filter ] --START--
INFO: Run Behavior\ContentReplaceBehavior [ RunTime:0.000043s ]
INFO: [ template_filter ] --END-- [ RunTime:0.000083s ]
INFO: Run Behavior\ParseTemplateBehavior [ RunTime:0.051469s ]
INFO: [ view_parse ] --END-- [ RunTime:0.051516s ]
INFO: [ view_filter ] --START--
INFO: Run Behavior\WriteHtmlCacheBehavior [ RunTime:0.000594s ]
INFO: [ view_filter ] --END-- [ RunTime:0.000622s ]
INFO: [ app_end ] --START--
INFO: Run Behavior\ShowPageTraceBehavior [ RunTime:0.000851s ]
INFO: [ app_end ] --END-- [ RunTime:0.000880s ]

[ 2019-01-11T09:17:55+08:00 ] ::1 /phpText/ZGXG/ZGXG1/thinkphp_3.2.3/admin.php/Home/Emplist/welcome.html
INFO: [ app_init ] --START--
INFO: Run Behavior\BuildLiteBehavior [ RunTime:0.000013s ]
INFO: [ app_init ] --END-- [ RunTime:0.000374s ]
INFO: [ app_begin ] --START--
INFO: Run Behavior\ReadHtmlCacheBehavior [ RunTime:0.000499s ]
INFO: [ app_begin ] --END-- [ RunTime:0.000540s ]
SQL: SHOW COLUMNS FROM `zx_grade` [ RunTime:0.0171s ]
SQL: SELECT cname,SUM(grade) as sum FROM zx_grade,zx_courses WHERE zx_grade.gcid = zx_courses.cid GROUP BY cname  [ RunTime:0.0006s ]
INFO: [ view_parse ] --START--
INFO: [ template_filter ] --START--
INFO: Run Behavior\ContentReplaceBehavior [ RunTime:0.000089s ]
INFO: [ template_filter ] --END-- [ RunTime:0.000198s ]
INFO: Run Behavior\ParseTemplateBehavior [ RunTime:0.054871s ]
INFO: [ view_parse ] --END-- [ RunTime:0.054921s ]
INFO: [ view_filter ] --START--
INFO: Run Behavior\WriteHtmlCacheBehavior [ RunTime:0.000303s ]
INFO: [ view_filter ] --END-- [ RunTime:0.000336s ]
INFO: [ app_end ] --START--
INFO: Run Behavior\ShowPageTraceBehavior [ RunTime:0.000453s ]
INFO: [ app_end ] --END-- [ RunTime:0.000483s ]

[ 2019-01-11T09:17:58+08:00 ] ::1 /phpText/ZGXG/ZGXG1/thinkphp_3.2.3/admin.php/Home/Emplist/menu2.html
INFO: [ app_init ] --START--
INFO: Run Behavior\BuildLiteBehavior [ RunTime:0.000026s ]
INFO: [ app_init ] --END-- [ RunTime:0.000496s ]
INFO: [ app_begin ] --START--
INFO: Run Behavior\ReadHtmlCacheBehavior [ RunTime:0.000415s ]
INFO: [ app_begin ] --END-- [ RunTime:0.000455s ]
SQL: SHOW COLUMNS FROM `zx_user` [ RunTime:0.0204s ]
SQL: SELECT COUNT(*) AS tp_count FROM `zx_user` LIMIT 1   [ RunTime:0.0003s ]
SQL: SELECT * FROM `zx_user` WHERE ( utype=2 ) LIMIT 0,5   [ RunTime:0.0003s ]
INFO: [ view_parse ] --START--
INFO: [ template_filter ] --START--
INFO: Run Behavior\ContentReplaceBehavior [ RunTime:0.000065s ]
INFO: [ template_filter ] --END-- [ RunTime:0.000101s ]
INFO: Run Behavior\ParseTemplateBehavior [ RunTime:0.089997s ]
INFO: [ view_parse ] --END-- [ RunTime:0.090043s ]
INFO: [ view_filter ] --START--
INFO: Run Behavior\WriteHtmlCacheBehavior [ RunTime:0.000493s ]
INFO: [ view_filter ] --END-- [ RunTime:0.000559s ]
INFO: [ app_end ] --START--
INFO: Run Behavior\ShowPageTraceBehavior [ RunTime:0.000873s ]
INFO: [ app_end ] --END-- [ RunTime:0.000915s ]

[ 2019-01-11T09:18:02+08:00 ] ::1 /phpText/ZGXG/ZGXG1/thinkphp_3.2.3/admin.php/Home/Kecheng/articlelist.html
INFO: [ app_init ] --START--
INFO: Run Behavior\BuildLiteBehavior [ RunTime:0.000010s ]
INFO: [ app_init ] --END-- [ RunTime:0.000351s ]
INFO: [ app_begin ] --START--
INFO: Run Behavior\ReadHtmlCacheBehavior [ RunTime:0.000426s ]
INFO: [ app_begin ] --END-- [ RunTime:0.000466s ]
SQL: SHOW COLUMNS FROM `zx_video` [ RunTime:0.0189s ]
SQL: SELECT COUNT(*) AS tp_count FROM `zx_video` LIMIT 1   [ RunTime:0.0004s ]
NOTIC: [2] Invalid argument supplied for foreach() D:\XAMPP\htdocs\phpText\ZGXG\ZGXG1\thinkphp_3.2.3\ThinkPHP\Library\Think\Db\Driver.class.php 第 504 行.
SQL: SELECT * FROM `zx_video` LIMIT 0,5   [ RunTime:0.0003s ]
INFO: [ view_parse ] --START--
INFO: [ template_filter ] --START--
INFO: Run Behavior\ContentReplaceBehavior [ RunTime:0.000057s ]
INFO: [ template_filter ] --END-- [ RunTime:0.000094s ]
NOTIC: [8] Undefined variable: list1 D:\XAMPP\htdocs\phpText\ZGXG\ZGXG1\thinkphp_3.2.3\Admin\Runtime\Cache\Home\2cd9266ac21333f17e1ba0ef2013a725.php 第 103 行.
NOTIC: [8] Undefined index: upassword D:\XAMPP\htdocs\phpText\ZGXG\ZGXG1\thinkphp_3.2.3\Admin\Runtime\Cache\Home\2cd9266ac21333f17e1ba0ef2013a725.php 第 144 行.
NOTIC: [8] Undefined index: uemail D:\XAMPP\htdocs\phpText\ZGXG\ZGXG1\thinkphp_3.2.3\Admin\Runtime\Cache\Home\2cd9266ac21333f17e1ba0ef2013a725.php 第 145 行.
NOTIC: [8] Undefined index: uphone D:\XAMPP\htdocs\phpText\ZGXG\ZGXG1\thinkphp_3.2.3\Admin\Runtime\Cache\Home\2cd9266ac21333f17e1ba0ef2013a725.php 第 146 行.
NOTIC: [8] Undefined index: utype D:\XAMPP\htdocs\phpText\ZGXG\ZGXG1\thinkphp_3.2.3\Admin\Runtime\Cache\Home\2cd9266ac21333f17e1ba0ef2013a725.php 第 147 行.
NOTIC: [8] Undefined index: upassword D:\XAMPP\htdocs\phpText\ZGXG\ZGXG1\thinkphp_3.2.3\Admin\Runtime\Cache\Home\2cd9266ac21333f17e1ba0ef2013a725.php 第 144 行.
NOTIC: [8] Undefined index: uemail D:\XAMPP\htdocs\phpText\ZGXG\ZGXG1\thinkphp_3.2.3\Admin\Runtime\Cache\Home\2cd9266ac21333f17e1ba0ef2013a725.php 第 145 行.
NOTIC: [8] Undefined index: uphone D:\XAMPP\htdocs\phpText\ZGXG\ZGXG1\thinkphp_3.2.3\Admin\Runtime\Cache\Home\2cd9266ac21333f17e1ba0ef2013a725.php 第 146 行.
NOTIC: [8] Undefined index: utype D:\XAMPP\htdocs\phpText\ZGXG\ZGXG1\thinkphp_3.2.3\Admin\Runtime\Cache\Home\2cd9266ac21333f17e1ba0ef2013a725.php 第 147 行.
NOTIC: [8] Undefined index: upassword D:\XAMPP\htdocs\phpText\ZGXG\ZGXG1\thinkphp_3.2.3\Admin\Runtime\Cache\Home\2cd9266ac21333f17e1ba0ef2013a725.php 第 144 行.
NOTIC: [8] Undefined index: uemail D:\XAMPP\htdocs\phpText\ZGXG\ZGXG1\thinkphp_3.2.3\Admin\Runtime\Cache\Home\2cd9266ac21333f17e1ba0ef2013a725.php 第 145 行.
NOTIC: [8] Undefined index: uphone D:\XAMPP\htdocs\phpText\ZGXG\ZGXG1\thinkphp_3.2.3\Admin\Runtime\Cache\Home\2cd9266ac21333f17e1ba0ef2013a725.php 第 146 行.
NOTIC: [8] Undefined index: utype D:\XAMPP\htdocs\phpText\ZGXG\ZGXG1\thinkphp_3.2.3\Admin\Runtime\Cache\Home\2cd9266ac21333f17e1ba0ef2013a725.php 第 147 行.
NOTIC: [8] Undefined index: upassword D:\XAMPP\htdocs\phpText\ZGXG\ZGXG1\thinkphp_3.2.3\Admin\Runtime\Cache\Home\2cd9266ac21333f17e1ba0ef2013a725.php 第 144 行.
NOTIC: [8] Undefined index: uemail D:\XAMPP\htdocs\phpText\ZGXG\ZGXG1\thinkphp_3.2.3\Admin\Runtime\Cache\Home\2cd9266ac21333f17e1ba0ef2013a725.php 第 145 行.
NOTIC: [8] Undefined index: uphone D:\XAMPP\htdocs\phpText\ZGXG\ZGXG1\thinkphp_3.2.3\Admin\Runtime\Cache\Home\2cd9266ac21333f17e1ba0ef2013a725.php 第 146 行.
NOTIC: [8] Undefined index: utype D:\XAMPP\htdocs\phpText\ZGXG\ZGXG1\thinkphp_3.2.3\Admin\Runtime\Cache\Home\2cd9266ac21333f17e1ba0ef2013a725.php 第 147 行.
NOTIC: [8] Undefined index: upassword D:\XAMPP\htdocs\phpText\ZGXG\ZGXG1\thinkphp_3.2.3\Admin\Runtime\Cache\Home\2cd9266ac21333f17e1ba0ef2013a725.php 第 144 行.
NOTIC: [8] Undefined index: uemail D:\XAMPP\htdocs\phpText\ZGXG\ZGXG1\thinkphp_3.2.3\Admin\Runtime\Cache\Home\2cd9266ac21333f17e1ba0ef2013a725.php 第 145 行.
NOTIC: [8] Undefined index: uphone D:\XAMPP\htdocs\phpText\ZGXG\ZGXG1\thinkphp_3.2.3\Admin\Runtime\Cache\Home\2cd9266ac21333f17e1ba0ef2013a725.php 第 146 行.
NOTIC: [8] Undefined index: utype D:\XAMPP\htdocs\phpText\ZGXG\ZGXG1\thinkphp_3.2.3\Admin\Runtime\Cache\Home\2cd9266ac21333f17e1ba0ef2013a725.php 第 147 行.
INFO: Run Behavior\ParseTemplateBehavior [ RunTime:0.083050s ]
INFO: [ view_parse ] --END-- [ RunTime:0.083090s ]
INFO: [ view_filter ] --START--
INFO: Run Behavior\WriteHtmlCacheBehavior [ RunTime:0.000301s ]
INFO: [ view_filter ] --END-- [ RunTime:0.000327s ]
INFO: [ app_end ] --START--
INFO: Run Behavior\ShowPageTraceBehavior [ RunTime:0.000687s ]
INFO: [ app_end ] --END-- [ RunTime:0.000755s ]

[ 2019-01-11T09:18:04+08:00 ] ::1 /phpText/ZGXG/ZGXG1/thinkphp_3.2.3/admin.php/Home/Kecheng/danyelist.html
INFO: [ app_init ] --START--
INFO: Run Behavior\BuildLiteBehavior [ RunTime:0.000013s ]
INFO: [ app_init ] --END-- [ RunTime:0.000652s ]
INFO: [ app_begin ] --START--
INFO: Run Behavior\ReadHtmlCacheBehavior [ RunTime:0.000424s ]
INFO: [ app_begin ] --END-- [ RunTime:0.000469s ]
SQL: SHOW COLUMNS FROM `zx_major` [ RunTime:0.0139s ]
SQL: SELECT COUNT(*) AS tp_count FROM `zx_major` LIMIT 1   [ RunTime:0.0003s ]
NOTIC: [2] Invalid argument supplied for foreach() D:\XAMPP\htdocs\phpText\ZGXG\ZGXG1\thinkphp_3.2.3\ThinkPHP\Library\Think\Db\Driver.class.php 第 504 行.
SQL: SELECT * FROM `zx_major` LIMIT 0,5   [ RunTime:0.0002s ]
INFO: [ view_parse ] --START--
INFO: [ template_filter ] --START--
INFO: Run Behavior\ContentReplaceBehavior [ RunTime:0.000058s ]
INFO: [ template_filter ] --END-- [ RunTime:0.000092s ]
NOTIC: [8] Undefined index: upassword D:\XAMPP\htdocs\phpText\ZGXG\ZGXG1\thinkphp_3.2.3\Admin\Runtime\Cache\Home\888488848267158d44926e6a94b579d3.php 第 126 行.
NOTIC: [8] Undefined index: uemail D:\XAMPP\htdocs\phpText\ZGXG\ZGXG1\thinkphp_3.2.3\Admin\Runtime\Cache\Home\888488848267158d44926e6a94b579d3.php 第 127 行.
NOTIC: [8] Undefined index: uphone D:\XAMPP\htdocs\phpText\ZGXG\ZGXG1\thinkphp_3.2.3\Admin\Runtime\Cache\Home\888488848267158d44926e6a94b579d3.php 第 128 行.
NOTIC: [8] Undefined index: utype D:\XAMPP\htdocs\phpText\ZGXG\ZGXG1\thinkphp_3.2.3\Admin\Runtime\Cache\Home\888488848267158d44926e6a94b579d3.php 第 129 行.
NOTIC: [8] Undefined index: upassword D:\XAMPP\htdocs\phpText\ZGXG\ZGXG1\thinkphp_3.2.3\Admin\Runtime\Cache\Home\888488848267158d44926e6a94b579d3.php 第 126 行.
NOTIC: [8] Undefined index: uemail D:\XAMPP\htdocs\phpText\ZGXG\ZGXG1\thinkphp_3.2.3\Admin\Runtime\Cache\Home\888488848267158d44926e6a94b579d3.php 第 127 行.
NOTIC: [8] Undefined index: uphone D:\XAMPP\htdocs\phpText\ZGXG\ZGXG1\thinkphp_3.2.3\Admin\Runtime\Cache\Home\888488848267158d44926e6a94b579d3.php 第 128 行.
NOTIC: [8] Undefined index: utype D:\XAMPP\htdocs\phpText\ZGXG\ZGXG1\thinkphp_3.2.3\Admin\Runtime\Cache\Home\888488848267158d44926e6a94b579d3.php 第 129 行.
NOTIC: [8] Undefined index: upassword D:\XAMPP\htdocs\phpText\ZGXG\ZGXG1\thinkphp_3.2.3\Admin\Runtime\Cache\Home\888488848267158d44926e6a94b579d3.php 第 126 行.
NOTIC: [8] Undefined index: uemail D:\XAMPP\htdocs\phpText\ZGXG\ZGXG1\thinkphp_3.2.3\Admin\Runtime\Cache\Home\888488848267158d44926e6a94b579d3.php 第 127 行.
NOTIC: [8] Undefined index: uphone D:\XAMPP\htdocs\phpText\ZGXG\ZGXG1\thinkphp_3.2.3\Admin\Runtime\Cache\Home\888488848267158d44926e6a94b579d3.php 第 128 行.
NOTIC: [8] Undefined index: utype D:\XAMPP\htdocs\phpText\ZGXG\ZGXG1\thinkphp_3.2.3\Admin\Runtime\Cache\Home\888488848267158d44926e6a94b579d3.php 第 129 行.
NOTIC: [8] Undefined index: upassword D:\XAMPP\htdocs\phpText\ZGXG\ZGXG1\thinkphp_3.2.3\Admin\Runtime\Cache\Home\888488848267158d44926e6a94b579d3.php 第 126 行.
NOTIC: [8] Undefined index: uemail D:\XAMPP\htdocs\phpText\ZGXG\ZGXG1\thinkphp_3.2.3\Admin\Runtime\Cache\Home\888488848267158d44926e6a94b579d3.php 第 127 行.
NOTIC: [8] Undefined index: uphone D:\XAMPP\htdocs\phpText\ZGXG\ZGXG1\thinkphp_3.2.3\Admin\Runtime\Cache\Home\888488848267158d44926e6a94b579d3.php 第 128 行.
NOTIC: [8] Undefined index: utype D:\XAMPP\htdocs\phpText\ZGXG\ZGXG1\thinkphp_3.2.3\Admin\Runtime\Cache\Home\888488848267158d44926e6a94b579d3.php 第 129 行.
NOTIC: [8] Undefined index: upassword D:\XAMPP\htdocs\phpText\ZGXG\ZGXG1\thinkphp_3.2.3\Admin\Runtime\Cache\Home\888488848267158d44926e6a94b579d3.php 第 126 行.
NOTIC: [8] Undefined index: uemail D:\XAMPP\htdocs\phpText\ZGXG\ZGXG1\thinkphp_3.2.3\Admin\Runtime\Cache\Home\888488848267158d44926e6a94b579d3.php 第 127 行.
NOTIC: [8] Undefined index: uphone D:\XAMPP\htdocs\phpText\ZGXG\ZGXG1\thinkphp_3.2.3\Admin\Runtime\Cache\Home\888488848267158d44926e6a94b579d3.php 第 128 行.
NOTIC: [8] Undefined index: utype D:\XAMPP\htdocs\phpText\ZGXG\ZGXG1\thinkphp_3.2.3\Admin\Runtime\Cache\Home\888488848267158d44926e6a94b579d3.php 第 129 行.
NOTIC: [8] Undefined index: upassword D:\XAMPP\htdocs\phpText\ZGXG\ZGXG1\thinkphp_3.2.3\Admin\Runtime\Cache\Home\888488848267158d44926e6a94b579d3.php 第 163 行.
NOTIC: [8] Undefined index: uemail D:\XAMPP\htdocs\phpText\ZGXG\ZGXG1\thinkphp_3.2.3\Admin\Runtime\Cache\Home\888488848267158d44926e6a94b579d3.php 第 164 行.
NOTIC: [8] Undefined index: uphone D:\XAMPP\htdocs\phpText\ZGXG\ZGXG1\thinkphp_3.2.3\Admin\Runtime\Cache\Home\888488848267158d44926e6a94b579d3.php 第 165 行.
NOTIC: [8] Undefined index: utype D:\XAMPP\htdocs\phpText\ZGXG\ZGXG1\thinkphp_3.2.3\Admin\Runtime\Cache\Home\888488848267158d44926e6a94b579d3.php 第 166 行.
NOTIC: [8] Undefined index: upassword D:\XAMPP\htdocs\phpText\ZGXG\ZGXG1\thinkphp_3.2.3\Admin\Runtime\Cache\Home\888488848267158d44926e6a94b579d3.php 第 163 行.
NOTIC: [8] Undefined index: uemail D:\XAMPP\htdocs\phpText\ZGXG\ZGXG1\thinkphp_3.2.3\Admin\Runtime\Cache\Home\888488848267158d44926e6a94b579d3.php 第 164 行.
NOTIC: [8] Undefined index: uphone D:\XAMPP\htdocs\phpText\ZGXG\ZGXG1\thinkphp_3.2.3\Admin\Runtime\Cache\Home\888488848267158d44926e6a94b579d3.php 第 165 行.
NOTIC: [8] Undefined index: utype D:\XAMPP\htdocs\phpText\ZGXG\ZGXG1\thinkphp_3.2.3\Admin\Runtime\Cache\Home\888488848267158d44926e6a94b579d3.php 第 166 行.
NOTIC: [8] Undefined index: upassword D:\XAMPP\htdocs\phpText\ZGXG\ZGXG1\thinkphp_3.2.3\Admin\Runtime\Cache\Home\888488848267158d44926e6a94b579d3.php 第 163 行.
NOTIC: [8] Undefined index: uemail D:\XAMPP\htdocs\phpText\ZGXG\ZGXG1\thinkphp_3.2.3\Admin\Runtime\Cache\Home\888488848267158d44926e6a94b579d3.php 第 164 行.
NOTIC: [8] Undefined index: uphone D:\XAMPP\htdocs\phpText\ZGXG\ZGXG1\thinkphp_3.2.3\Admin\Runtime\Cache\Home\888488848267158d44926e6a94b579d3.php 第 165 行.
NOTIC: [8] Undefined index: utype D:\XAMPP\htdocs\phpText\ZGXG\ZGXG1\thinkphp_3.2.3\Admin\Runtime\Cache\Home\888488848267158d44926e6a94b579d3.php 第 166 行.
NOTIC: [8] Undefined index: upassword D:\XAMPP\htdocs\phpText\ZGXG\ZGXG1\thinkphp_3.2.3\Admin\Runtime\Cache\Home\888488848267158d44926e6a94b579d3.php 第 163 行.
NOTIC: [8] Undefined index: uemail D:\XAMPP\htdocs\phpText\ZGXG\ZGXG1\thinkphp_3.2.3\Admin\Runtime\Cache\Home\888488848267158d44926e6a94b579d3.php 第 164 行.
NOTIC: [8] Undefined index: uphone D:\XAMPP\htdocs\phpText\ZGXG\ZGXG1\thinkphp_3.2.3\Admin\Runtime\Cache\Home\888488848267158d44926e6a94b579d3.php 第 165 行.
NOTIC: [8] Undefined index: utype D:\XAMPP\htdocs\phpText\ZGXG\ZGXG1\thinkphp_3.2.3\Admin\Runtime\Cache\Home\888488848267158d44926e6a94b579d3.php 第 166 行.
NOTIC: [8] Undefined index: upassword D:\XAMPP\htdocs\phpText\ZGXG\ZGXG1\thinkphp_3.2.3\Admin\Runtime\Cache\Home\888488848267158d44926e6a94b579d3.php 第 163 行.
NOTIC: [8] Undefined index: uemail D:\XAMPP\htdocs\phpText\ZGXG\ZGXG1\thinkphp_3.2.3\Admin\Runtime\Cache\Home\888488848267158d44926e6a94b579d3.php 第 164 行.
NOTIC: [8] Undefined index: uphone D:\XAMPP\htdocs\phpText\ZGXG\ZGXG1\thinkphp_3.2.3\Admin\Runtime\Cache\Home\888488848267158d44926e6a94b579d3.php 第 165 行.
NOTIC: [8] Undefined index: utype D:\XAMPP\htdocs\phpText\ZGXG\ZGXG1\thinkphp_3.2.3\Admin\Runtime\Cache\Home\888488848267158d44926e6a94b579d3.php 第 166 行.
INFO: Run Behavior\ParseTemplateBehavior [ RunTime:0.122727s ]
INFO: [ view_parse ] --END-- [ RunTime:0.122809s ]
INFO: [ view_filter ] --START--
INFO: Run Behavior\WriteHtmlCacheBehavior [ RunTime:0.000267s ]
INFO: [ view_filter ] --END-- [ RunTime:0.000292s ]
INFO: [ app_end ] --START--
INFO: Run Behavior\ShowPageTraceBehavior [ RunTime:0.000691s ]
INFO: [ app_end ] --END-- [ RunTime:0.000755s ]

[ 2019-01-11T09:18:08+08:00 ] ::1 /phpText/ZGXG/ZGXG1/thinkphp_3.2.3/admin.php/Home/Emplist/menu2.html
INFO: [ app_init ] --START--
INFO: Run Behavior\BuildLiteBehavior [ RunTime:0.000010s ]
INFO: [ app_init ] --END-- [ RunTime:0.000341s ]
INFO: [ app_begin ] --START--
INFO: Run Behavior\ReadHtmlCacheBehavior [ RunTime:0.000422s ]
INFO: [ app_begin ] --END-- [ RunTime:0.000461s ]
SQL: SHOW COLUMNS FROM `zx_user` [ RunTime:0.0159s ]
SQL: SELECT COUNT(*) AS tp_count FROM `zx_user` LIMIT 1   [ RunTime:0.0003s ]
SQL: SELECT * FROM `zx_user` WHERE ( utype=2 ) LIMIT 0,5   [ RunTime:0.0002s ]
INFO: [ view_parse ] --START--
INFO: [ template_filter ] --START--
INFO: Run Behavior\ContentReplaceBehavior [ RunTime:0.000064s ]
INFO: [ template_filter ] --END-- [ RunTime:0.000100s ]
INFO: Run Behavior\ParseTemplateBehavior [ RunTime:0.056720s ]
INFO: [ view_parse ] --END-- [ RunTime:0.056824s ]
INFO: [ view_filter ] --START--
INFO: Run Behavior\WriteHtmlCacheBehavior [ RunTime:0.000385s ]
INFO: [ view_filter ] --END-- [ RunTime:0.000438s ]
INFO: [ app_end ] --START--
INFO: Run Behavior\ShowPageTraceBehavior [ RunTime:0.000737s ]
INFO: [ app_end ] --END-- [ RunTime:0.000811s ]

[ 2019-01-11T09:18:08+08:00 ] ::1 /phpText/ZGXG/ZGXG1/thinkphp_3.2.3/admin.php/Home/Emplist/menu1.html
INFO: [ app_init ] --START--
INFO: Run Behavior\BuildLiteBehavior [ RunTime:0.000009s ]
INFO: [ app_init ] --END-- [ RunTime:0.000328s ]
INFO: [ app_begin ] --START--
INFO: Run Behavior\ReadHtmlCacheBehavior [ RunTime:0.000409s ]
INFO: [ app_begin ] --END-- [ RunTime:0.000446s ]
SQL: SHOW COLUMNS FROM `zx_user` [ RunTime:0.0198s ]
SQL: SELECT COUNT(*) AS tp_count FROM `zx_user` LIMIT 1   [ RunTime:0.0003s ]
SQL: SELECT * FROM `zx_user` WHERE ( utype=1 ) LIMIT 0,5   [ RunTime:0.0003s ]
INFO: [ view_parse ] --START--
INFO: [ template_filter ] --START--
INFO: Run Behavior\ContentReplaceBehavior [ RunTime:0.000065s ]
INFO: [ template_filter ] --END-- [ RunTime:0.000101s ]
INFO: Run Behavior\ParseTemplateBehavior [ RunTime:0.087505s ]
INFO: [ view_parse ] --END-- [ RunTime:0.087548s ]
INFO: [ view_filter ] --START--
INFO: Run Behavior\WriteHtmlCacheBehavior [ RunTime:0.000287s ]
INFO: [ view_filter ] --END-- [ RunTime:0.000316s ]
INFO: [ app_end ] --START--
INFO: Run Behavior\ShowPageTraceBehavior [ RunTime:0.000673s ]
INFO: [ app_end ] --END-- [ RunTime:0.000746s ]

[ 2019-01-11T09:18:10+08:00 ] ::1 /phpText/ZGXG/ZGXG1/thinkphp_3.2.3/admin.php/Home/Emplist/mima.html
INFO: [ app_init ] --START--
INFO: Run Behavior\BuildLiteBehavior [ RunTime:0.000011s ]
INFO: [ app_init ] --END-- [ RunTime:0.000547s ]
INFO: [ app_begin ] --START--
INFO: Run Behavior\ReadHtmlCacheBehavior [ RunTime:0.000437s ]
INFO: [ app_begin ] --END-- [ RunTime:0.000483s ]
SQL: SHOW COLUMNS FROM `zx_admin` [ RunTime:0.0147s ]
SQL: SELECT * FROM `zx_admin` WHERE ( aname = 1 ) LIMIT 1   [ RunTime:0.0003s ]
INFO: [ view_parse ] --START--
INFO: [ template_filter ] --START--
INFO: Run Behavior\ContentReplaceBehavior [ RunTime:0.000050s ]
INFO: [ template_filter ] --END-- [ RunTime:0.000090s ]
NOTIC: [8] Undefined variable: data D:\XAMPP\htdocs\phpText\ZGXG\ZGXG1\thinkphp_3.2.3\Admin\Runtime\Cache\Home\3d16bb98573d307b351af4f40813af66.php 第 116 行.
INFO: Run Behavior\ParseTemplateBehavior [ RunTime:0.075848s ]
INFO: [ view_parse ] --END-- [ RunTime:0.075918s ]
INFO: [ view_filter ] --START--
INFO: Run Behavior\WriteHtmlCacheBehavior [ RunTime:0.000353s ]
INFO: [ view_filter ] --END-- [ RunTime:0.000401s ]
INFO: [ app_end ] --START--
INFO: Run Behavior\ShowPageTraceBehavior [ RunTime:0.000630s ]
INFO: [ app_end ] --END-- [ RunTime:0.000678s ]

[ 2019-01-11T09:18:11+08:00 ] ::1 /phpText/ZGXG/ZGXG1/thinkphp_3.2.3/admin.php/Home/Emplist/menu1.html
INFO: [ app_init ] --START--
INFO: Run Behavior\BuildLiteBehavior [ RunTime:0.000073s ]
INFO: [ app_init ] --END-- [ RunTime:0.001602s ]
INFO: [ app_begin ] --START--
INFO: Run Behavior\ReadHtmlCacheBehavior [ RunTime:0.000807s ]
INFO: [ app_begin ] --END-- [ RunTime:0.000858s ]
SQL: SHOW COLUMNS FROM `zx_user` [ RunTime:0.0163s ]
SQL: SELECT COUNT(*) AS tp_count FROM `zx_user` LIMIT 1   [ RunTime:0.0003s ]
SQL: SELECT * FROM `zx_user` WHERE ( utype=1 ) LIMIT 0,5   [ RunTime:0.0003s ]
INFO: [ view_parse ] --START--
INFO: [ template_filter ] --START--
INFO: Run Behavior\ContentReplaceBehavior [ RunTime:0.000060s ]
INFO: [ template_filter ] --END-- [ RunTime:0.000091s ]
INFO: Run Behavior\ParseTemplateBehavior [ RunTime:0.059345s ]
INFO: [ view_parse ] --END-- [ RunTime:0.059398s ]
INFO: [ view_filter ] --START--
INFO: Run Behavior\WriteHtmlCacheBehavior [ RunTime:0.000623s ]
INFO: [ view_filter ] --END-- [ RunTime:0.000655s ]
INFO: [ app_end ] --START--
INFO: Run Behavior\ShowPageTraceBehavior [ RunTime:0.001118s ]
INFO: [ app_end ] --END-- [ RunTime:0.001223s ]

[ 2019-01-11T09:18:13+08:00 ] ::1 /phpText/ZGXG/ZGXG1/thinkphp_3.2.3/admin.php/Home/Emplist/menu2.html
INFO: [ app_init ] --START--
INFO: Run Behavior\BuildLiteBehavior [ RunTime:0.000031s ]
INFO: [ app_init ] --END-- [ RunTime:0.000620s ]
INFO: [ app_begin ] --START--
INFO: Run Behavior\ReadHtmlCacheBehavior [ RunTime:0.000480s ]
INFO: [ app_begin ] --END-- [ RunTime:0.000527s ]
SQL: SHOW COLUMNS FROM `zx_user` [ RunTime:0.0401s ]
SQL: SELECT COUNT(*) AS tp_count FROM `zx_user` LIMIT 1   [ RunTime:0.0003s ]
SQL: SELECT * FROM `zx_user` WHERE ( utype=2 ) LIMIT 0,5   [ RunTime:0.0003s ]
INFO: [ view_parse ] --START--
INFO: [ template_filter ] --START--
INFO: Run Behavior\ContentReplaceBehavior [ RunTime:0.000166s ]
INFO: [ template_filter ] --END-- [ RunTime:0.000248s ]
INFO: Run Behavior\ParseTemplateBehavior [ RunTime:0.054621s ]
INFO: [ view_parse ] --END-- [ RunTime:0.054688s ]
INFO: [ view_filter ] --START--
INFO: Run Behavior\WriteHtmlCacheBehavior [ RunTime:0.000290s ]
INFO: [ view_filter ] --END-- [ RunTime:0.000335s ]
INFO: [ app_end ] --START--
INFO: Run Behavior\ShowPageTraceBehavior [ RunTime:0.000861s ]
INFO: [ app_end ] --END-- [ RunTime:0.000916s ]

[ 2019-01-11T09:18:15+08:00 ] ::1 /phpText/ZGXG/ZGXG1/thinkphp_3.2.3/admin.php/Home/Kecheng/articlelist.html
INFO: [ app_init ] --START--
INFO: Run Behavior\BuildLiteBehavior [ RunTime:0.000010s ]
INFO: [ app_init ] --END-- [ RunTime:0.000572s ]
INFO: [ app_begin ] --START--
INFO: Run Behavior\ReadHtmlCacheBehavior [ RunTime:0.000697s ]
INFO: [ app_begin ] --END-- [ RunTime:0.000745s ]
SQL: SHOW COLUMNS FROM `zx_video` [ RunTime:0.0156s ]
SQL: SELECT COUNT(*) AS tp_count FROM `zx_video` LIMIT 1   [ RunTime:0.0004s ]
NOTIC: [2] Invalid argument supplied for foreach() D:\XAMPP\htdocs\phpText\ZGXG\ZGXG1\thinkphp_3.2.3\ThinkPHP\Library\Think\Db\Driver.class.php 第 504 行.
SQL: SELECT * FROM `zx_video` LIMIT 0,5   [ RunTime:0.0004s ]
INFO: [ view_parse ] --START--
INFO: [ template_filter ] --START--
INFO: Run Behavior\ContentReplaceBehavior [ RunTime:0.000069s ]
INFO: [ template_filter ] --END-- [ RunTime:0.000121s ]
NOTIC: [8] Undefined variable: list1 D:\XAMPP\htdocs\phpText\ZGXG\ZGXG1\thinkphp_3.2.3\Admin\Runtime\Cache\Home\2cd9266ac21333f17e1ba0ef2013a725.php 第 103 行.
NOTIC: [8] Undefined index: upassword D:\XAMPP\htdocs\phpText\ZGXG\ZGXG1\thinkphp_3.2.3\Admin\Runtime\Cache\Home\2cd9266ac21333f17e1ba0ef2013a725.php 第 144 行.
NOTIC: [8] Undefined index: uemail D:\XAMPP\htdocs\phpText\ZGXG\ZGXG1\thinkphp_3.2.3\Admin\Runtime\Cache\Home\2cd9266ac21333f17e1ba0ef2013a725.php 第 145 行.
NOTIC: [8] Undefined index: uphone D:\XAMPP\htdocs\phpText\ZGXG\ZGXG1\thinkphp_3.2.3\Admin\Runtime\Cache\Home\2cd9266ac21333f17e1ba0ef2013a725.php 第 146 行.
NOTIC: [8] Undefined index: utype D:\XAMPP\htdocs\phpText\ZGXG\ZGXG1\thinkphp_3.2.3\Admin\Runtime\Cache\Home\2cd9266ac21333f17e1ba0ef2013a725.php 第 147 行.
NOTIC: [8] Undefined index: upassword D:\XAMPP\htdocs\phpText\ZGXG\ZGXG1\thinkphp_3.2.3\Admin\Runtime\Cache\Home\2cd9266ac21333f17e1ba0ef2013a725.php 第 144 行.
NOTIC: [8] Undefined index: uemail D:\XAMPP\htdocs\phpText\ZGXG\ZGXG1\thinkphp_3.2.3\Admin\Runtime\Cache\Home\2cd9266ac21333f17e1ba0ef2013a725.php 第 145 行.
NOTIC: [8] Undefined index: uphone D:\XAMPP\htdocs\phpText\ZGXG\ZGXG1\thinkphp_3.2.3\Admin\Runtime\Cache\Home\2cd9266ac21333f17e1ba0ef2013a725.php 第 146 行.
NOTIC: [8] Undefined index: utype D:\XAMPP\htdocs\phpText\ZGXG\ZGXG1\thinkphp_3.2.3\Admin\Runtime\Cache\Home\2cd9266ac21333f17e1ba0ef2013a725.php 第 147 行.
NOTIC: [8] Undefined index: upassword D:\XAMPP\htdocs\phpText\ZGXG\ZGXG1\thinkphp_3.2.3\Admin\Runtime\Cache\Home\2cd9266ac21333f17e1ba0ef2013a725.php 第 144 行.
NOTIC: [8] Undefined index: uemail D:\XAMPP\htdocs\phpText\ZGXG\ZGXG1\thinkphp_3.2.3\Admin\Runtime\Cache\Home\2cd9266ac21333f17e1ba0ef2013a725.php 第 145 行.
NOTIC: [8] Undefined index: uphone D:\XAMPP\htdocs\phpText\ZGXG\ZGXG1\thinkphp_3.2.3\Admin\Runtime\Cache\Home\2cd9266ac21333f17e1ba0ef2013a725.php 第 146 行.
NOTIC: [8] Undefined index: utype D:\XAMPP\htdocs\phpText\ZGXG\ZGXG1\thinkphp_3.2.3\Admin\Runtime\Cache\Home\2cd9266ac21333f17e1ba0ef2013a725.php 第 147 行.
NOTIC: [8] Undefined index: upassword D:\XAMPP\htdocs\phpText\ZGXG\ZGXG1\thinkphp_3.2.3\Admin\Runtime\Cache\Home\2cd9266ac21333f17e1ba0ef2013a725.php 第 144 行.
NOTIC: [8] Undefined index: uemail D:\XAMPP\htdocs\phpText\ZGXG\ZGXG1\thinkphp_3.2.3\Admin\Runtime\Cache\Home\2cd9266ac21333f17e1ba0ef2013a725.php 第 145 行.
NOTIC: [8] Undefined index: uphone D:\XAMPP\htdocs\phpText\ZGXG\ZGXG1\thinkphp_3.2.3\Admin\Runtime\Cache\Home\2cd9266ac21333f17e1ba0ef2013a725.php 第 146 行.
NOTIC: [8] Undefined index: utype D:\XAMPP\htdocs\phpText\ZGXG\ZGXG1\thinkphp_3.2.3\Admin\Runtime\Cache\Home\2cd9266ac21333f17e1ba0ef2013a725.php 第 147 行.
NOTIC: [8] Undefined index: upassword D:\XAMPP\htdocs\phpText\ZGXG\ZGXG1\thinkphp_3.2.3\Admin\Runtime\Cache\Home\2cd9266ac21333f17e1ba0ef2013a725.php 第 144 行.
NOTIC: [8] Undefined index: uemail D:\XAMPP\htdocs\phpText\ZGXG\ZGXG1\thinkphp_3.2.3\Admin\Runtime\Cache\Home\2cd9266ac21333f17e1ba0ef2013a725.php 第 145 行.
NOTIC: [8] Undefined index: uphone D:\XAMPP\htdocs\phpText\ZGXG\ZGXG1\thinkphp_3.2.3\Admin\Runtime\Cache\Home\2cd9266ac21333f17e1ba0ef2013a725.php 第 146 行.
NOTIC: [8] Undefined index: utype D:\XAMPP\htdocs\phpText\ZGXG\ZGXG1\thinkphp_3.2.3\Admin\Runtime\Cache\Home\2cd9266ac21333f17e1ba0ef2013a725.php 第 147 行.
INFO: Run Behavior\ParseTemplateBehavior [ RunTime:0.060177s ]
INFO: [ view_parse ] --END-- [ RunTime:0.060285s ]
INFO: [ view_filter ] --START--
INFO: Run Behavior\WriteHtmlCacheBehavior [ RunTime:0.000346s ]
INFO: [ view_filter ] --END-- [ RunTime:0.000389s ]
INFO: [ app_end ] --START--
INFO: Run Behavior\ShowPageTraceBehavior [ RunTime:0.000684s ]
INFO: [ app_end ] --END-- [ RunTime:0.000752s ]

[ 2019-01-11T09:18:17+08:00 ] ::1 /phpText/ZGXG/ZGXG1/thinkphp_3.2.3/admin.php/Home/Kecheng/danyelist.html
INFO: [ app_init ] --START--
INFO: Run Behavior\BuildLiteBehavior [ RunTime:0.000071s ]
INFO: [ app_init ] --END-- [ RunTime:0.001445s ]
INFO: [ app_begin ] --START--
INFO: Run Behavior\ReadHtmlCacheBehavior [ RunTime:0.000422s ]
INFO: [ app_begin ] --END-- [ RunTime:0.000462s ]
SQL: SHOW COLUMNS FROM `zx_major` [ RunTime:0.0148s ]
SQL: SELECT COUNT(*) AS tp_count FROM `zx_major` LIMIT 1   [ RunTime:0.0003s ]
NOTIC: [2] Invalid argument supplied for foreach() D:\XAMPP\htdocs\phpText\ZGXG\ZGXG1\thinkphp_3.2.3\ThinkPHP\Library\Think\Db\Driver.class.php 第 504 行.
SQL: SELECT * FROM `zx_major` LIMIT 0,5   [ RunTime:0.0003s ]
INFO: [ view_parse ] --START--
INFO: [ template_filter ] --START--
INFO: Run Behavior\ContentReplaceBehavior [ RunTime:0.000060s ]
INFO: [ template_filter ] --END-- [ RunTime:0.000091s ]
NOTIC: [8] Undefined index: upassword D:\XAMPP\htdocs\phpText\ZGXG\ZGXG1\thinkphp_3.2.3\Admin\Runtime\Cache\Home\888488848267158d44926e6a94b579d3.php 第 126 行.
NOTIC: [8] Undefined index: uemail D:\XAMPP\htdocs\phpText\ZGXG\ZGXG1\thinkphp_3.2.3\Admin\Runtime\Cache\Home\888488848267158d44926e6a94b579d3.php 第 127 行.
NOTIC: [8] Undefined index: uphone D:\XAMPP\htdocs\phpText\ZGXG\ZGXG1\thinkphp_3.2.3\Admin\Runtime\Cache\Home\888488848267158d44926e6a94b579d3.php 第 128 行.
NOTIC: [8] Undefined index: utype D:\XAMPP\htdocs\phpText\ZGXG\ZGXG1\thinkphp_3.2.3\Admin\Runtime\Cache\Home\888488848267158d44926e6a94b579d3.php 第 129 行.
NOTIC: [8] Undefined index: upassword D:\XAMPP\htdocs\phpText\ZGXG\ZGXG1\thinkphp_3.2.3\Admin\Runtime\Cache\Home\888488848267158d44926e6a94b579d3.php 第 126 行.
NOTIC: [8] Undefined index: uemail D:\XAMPP\htdocs\phpText\ZGXG\ZGXG1\thinkphp_3.2.3\Admin\Runtime\Cache\Home\888488848267158d44926e6a94b579d3.php 第 127 行.
NOTIC: [8] Undefined index: uphone D:\XAMPP\htdocs\phpText\ZGXG\ZGXG1\thinkphp_3.2.3\Admin\Runtime\Cache\Home\888488848267158d44926e6a94b579d3.php 第 128 行.
NOTIC: [8] Undefined index: utype D:\XAMPP\htdocs\phpText\ZGXG\ZGXG1\thinkphp_3.2.3\Admin\Runtime\Cache\Home\888488848267158d44926e6a94b579d3.php 第 129 行.
NOTIC: [8] Undefined index: upassword D:\XAMPP\htdocs\phpText\ZGXG\ZGXG1\thinkphp_3.2.3\Admin\Runtime\Cache\Home\888488848267158d44926e6a94b579d3.php 第 126 行.
NOTIC: [8] Undefined index: uemail D:\XAMPP\htdocs\phpText\ZGXG\ZGXG1\thinkphp_3.2.3\Admin\Runtime\Cache\Home\888488848267158d44926e6a94b579d3.php 第 127 行.
NOTIC: [8] Undefined index: uphone D:\XAMPP\htdocs\phpText\ZGXG\ZGXG1\thinkphp_3.2.3\Admin\Runtime\Cache\Home\888488848267158d44926e6a94b579d3.php 第 128 行.
NOTIC: [8] Undefined index: utype D:\XAMPP\htdocs\phpText\ZGXG\ZGXG1\thinkphp_3.2.3\Admin\Runtime\Cache\Home\888488848267158d44926e6a94b579d3.php 第 129 行.
NOTIC: [8] Undefined index: upassword D:\XAMPP\htdocs\phpText\ZGXG\ZGXG1\thinkphp_3.2.3\Admin\Runtime\Cache\Home\888488848267158d44926e6a94b579d3.php 第 126 行.
NOTIC: [8] Undefined index: uemail D:\XAMPP\htdocs\phpText\ZGXG\ZGXG1\thinkphp_3.2.3\Admin\Runtime\Cache\Home\888488848267158d44926e6a94b579d3.php 第 127 行.
NOTIC: [8] Undefined index: uphone D:\XAMPP\htdocs\phpText\ZGXG\ZGXG1\thinkphp_3.2.3\Admin\Runtime\Cache\Home\888488848267158d44926e6a94b579d3.php 第 128 行.
NOTIC: [8] Undefined index: utype D:\XAMPP\htdocs\phpText\ZGXG\ZGXG1\thinkphp_3.2.3\Admin\Runtime\Cache\Home\888488848267158d44926e6a94b579d3.php 第 129 行.
NOTIC: [8] Undefined index: upassword D:\XAMPP\htdocs\phpText\ZGXG\ZGXG1\thinkphp_3.2.3\Admin\Runtime\Cache\Home\888488848267158d44926e6a94b579d3.php 第 126 行.
NOTIC: [8] Undefined index: uemail D:\XAMPP\htdocs\phpText\ZGXG\ZGXG1\thinkphp_3.2.3\Admin\Runtime\Cache\Home\888488848267158d44926e6a94b579d3.php 第 127 行.
NOTIC: [8] Undefined index: uphone D:\XAMPP\htdocs\phpText\ZGXG\ZGXG1\thinkphp_3.2.3\Admin\Runtime\Cache\Home\888488848267158d44926e6a94b579d3.php 第 128 行.
NOTIC: [8] Undefined index: utype D:\XAMPP\htdocs\phpText\ZGXG\ZGXG1\thinkphp_3.2.3\Admin\Runtime\Cache\Home\888488848267158d44926e6a94b579d3.php 第 129 行.
NOTIC: [8] Undefined index: upassword D:\XAMPP\htdocs\phpText\ZGXG\ZGXG1\thinkphp_3.2.3\Admin\Runtime\Cache\Home\888488848267158d44926e6a94b579d3.php 第 163 行.
NOTIC: [8] Undefined index: uemail D:\XAMPP\htdocs\phpText\ZGXG\ZGXG1\thinkphp_3.2.3\Admin\Runtime\Cache\Home\888488848267158d44926e6a94b579d3.php 第 164 行.
NOTIC: [8] Undefined index: uphone D:\XAMPP\htdocs\phpText\ZGXG\ZGXG1\thinkphp_3.2.3\Admin\Runtime\Cache\Home\888488848267158d44926e6a94b579d3.php 第 165 行.
NOTIC: [8] Undefined index: utype D:\XAMPP\htdocs\phpText\ZGXG\ZGXG1\thinkphp_3.2.3\Admin\Runtime\Cache\Home\888488848267158d44926e6a94b579d3.php 第 166 行.
NOTIC: [8] Undefined index: upassword D:\XAMPP\htdocs\phpText\ZGXG\ZGXG1\thinkphp_3.2.3\Admin\Runtime\Cache\Home\888488848267158d44926e6a94b579d3.php 第 163 行.
NOTIC: [8] Undefined index: uemail D:\XAMPP\htdocs\phpText\ZGXG\ZGXG1\thinkphp_3.2.3\Admin\Runtime\Cache\Home\888488848267158d44926e6a94b579d3.php 第 164 行.
NOTIC: [8] Undefined index: uphone D:\XAMPP\htdocs\phpText\ZGXG\ZGXG1\thinkphp_3.2.3\Admin\Runtime\Cache\Home\888488848267158d44926e6a94b579d3.php 第 165 行.
NOTIC: [8] Undefined index: utype D:\XAMPP\htdocs\phpText\ZGXG\ZGXG1\thinkphp_3.2.3\Admin\Runtime\Cache\Home\888488848267158d44926e6a94b579d3.php 第 166 行.
NOTIC: [8] Undefined index: upassword D:\XAMPP\htdocs\phpText\ZGXG\ZGXG1\thinkphp_3.2.3\Admin\Runtime\Cache\Home\888488848267158d44926e6a94b579d3.php 第 163 行.
NOTIC: [8] Undefined index: uemail D:\XAMPP\htdocs\phpText\ZGXG\ZGXG1\thinkphp_3.2.3\Admin\Runtime\Cache\Home\888488848267158d44926e6a94b579d3.php 第 164 行.
NOTIC: [8] Undefined index: uphone D:\XAMPP\htdocs\phpText\ZGXG\ZGXG1\thinkphp_3.2.3\Admin\Runtime\Cache\Home\888488848267158d44926e6a94b579d3.php 第 165 行.
NOTIC: [8] Undefined index: utype D:\XAMPP\htdocs\phpText\ZGXG\ZGXG1\thinkphp_3.2.3\Admin\Runtime\Cache\Home\888488848267158d44926e6a94b579d3.php 第 166 行.
NOTIC: [8] Undefined index: upassword D:\XAMPP\htdocs\phpText\ZGXG\ZGXG1\thinkphp_3.2.3\Admin\Runtime\Cache\Home\888488848267158d44926e6a94b579d3.php 第 163 行.
NOTIC: [8] Undefined index: uemail D:\XAMPP\htdocs\phpText\ZGXG\ZGXG1\thinkphp_3.2.3\Admin\Runtime\Cache\Home\888488848267158d44926e6a94b579d3.php 第 164 行.
NOTIC: [8] Undefined index: uphone D:\XAMPP\htdocs\phpText\ZGXG\ZGXG1\thinkphp_3.2.3\Admin\Runtime\Cache\Home\888488848267158d44926e6a94b579d3.php 第 165 行.
NOTIC: [8] Undefined index: utype D:\XAMPP\htdocs\phpText\ZGXG\ZGXG1\thinkphp_3.2.3\Admin\Runtime\Cache\Home\888488848267158d44926e6a94b579d3.php 第 166 行.
NOTIC: [8] Undefined index: upassword D:\XAMPP\htdocs\phpText\ZGXG\ZGXG1\thinkphp_3.2.3\Admin\Runtime\Cache\Home\888488848267158d44926e6a94b579d3.php 第 163 行.
NOTIC: [8] Undefined index: uemail D:\XAMPP\htdocs\phpText\ZGXG\ZGXG1\thinkphp_3.2.3\Admin\Runtime\Cache\Home\888488848267158d44926e6a94b579d3.php 第 164 行.
NOTIC: [8] Undefined index: uphone D:\XAMPP\htdocs\phpText\ZGXG\ZGXG1\thinkphp_3.2.3\Admin\Runtime\Cache\Home\888488848267158d44926e6a94b579d3.php 第 165 行.
NOTIC: [8] Undefined index: utype D:\XAMPP\htdocs\phpText\ZGXG\ZGXG1\thinkphp_3.2.3\Admin\Runtime\Cache\Home\888488848267158d44926e6a94b579d3.php 第 166 行.
INFO: Run Behavior\ParseTemplateBehavior [ RunTime:0.059334s ]
INFO: [ view_parse ] --END-- [ RunTime:0.059372s ]
INFO: [ view_filter ] --START--
INFO: Run Behavior\WriteHtmlCacheBehavior [ RunTime:0.000271s ]
INFO: [ view_filter ] --END-- [ RunTime:0.000296s ]
INFO: [ app_end ] --START--
INFO: Run Behavior\ShowPageTraceBehavior [ RunTime:0.000733s ]
INFO: [ app_end ] --END-- [ RunTime:0.000785s ]

[ 2019-01-11T09:23:59+08:00 ] ::1 /phpText/ZGXG/ZGXG1/thinkphp_3.2.3/admin.php
INFO: [ app_init ] --START--
INFO: Run Behavior\BuildLiteBehavior [ RunTime:0.000022s ]
INFO: [ app_init ] --END-- [ RunTime:0.000882s ]
INFO: [ app_begin ] --START--
INFO: Run Behavior\ReadHtmlCacheBehavior [ RunTime:0.001569s ]
INFO: [ app_begin ] --END-- [ RunTime:0.001665s ]
INFO: [ view_parse ] --START--
INFO: [ template_filter ] --START--
INFO: Run Behavior\ContentReplaceBehavior [ RunTime:0.000279s ]
INFO: [ template_filter ] --END-- [ RunTime:0.000346s ]
INFO: Run Behavior\ParseTemplateBehavior [ RunTime:0.030055s ]
INFO: [ view_parse ] --END-- [ RunTime:0.030159s ]
INFO: [ view_filter ] --START--
INFO: Run Behavior\WriteHtmlCacheBehavior [ RunTime:0.001030s ]
INFO: [ view_filter ] --END-- [ RunTime:0.001088s ]
INFO: [ app_end ] --START--
INFO: Run Behavior\ShowPageTraceBehavior [ RunTime:0.000956s ]
INFO: [ app_end ] --END-- [ RunTime:0.001014s ]

[ 2019-01-11T09:24:03+08:00 ] ::1 /phpText/ZGXG/ZGXG1/thinkphp_3.2.3/admin.php/Home/index/login.html
INFO: [ app_init ] --START--
INFO: Run Behavior\BuildLiteBehavior [ RunTime:0.000012s ]
INFO: [ app_init ] --END-- [ RunTime:0.000507s ]
INFO: [ app_begin ] --START--
INFO: Run Behavior\ReadHtmlCacheBehavior [ RunTime:0.000612s ]
INFO: [ app_begin ] --END-- [ RunTime:0.000673s ]
SQL: SHOW COLUMNS FROM `zx_admin` [ RunTime:0.0197s ]
SQL: SELECT * FROM `zx_admin` WHERE ( Aname = '1' ) LIMIT 1   [ RunTime:0.0004s ]
INFO: [ view_parse ] --START--
INFO: [ template_filter ] --START--
INFO: Run Behavior\ContentReplaceBehavior [ RunTime:0.000101s ]
INFO: [ template_filter ] --END-- [ RunTime:0.000145s ]
INFO: Run Behavior\ParseTemplateBehavior [ RunTime:0.113800s ]
INFO: [ view_parse ] --END-- [ RunTime:0.113893s ]
INFO: [ view_filter ] --START--
INFO: Run Behavior\WriteHtmlCacheBehavior [ RunTime:0.000543s ]
INFO: [ view_filter ] --END-- [ RunTime:0.000612s ]
INFO: [ app_end ] --START--
INFO: Run Behavior\ShowPageTraceBehavior [ RunTime:0.001004s ]
INFO: [ app_end ] --END-- [ RunTime:0.001089s ]

[ 2019-01-11T09:24:04+08:00 ] ::1 /phpText/ZGXG/ZGXG1/thinkphp_3.2.3/admin.php/Home/Emplist/index.html
INFO: [ app_init ] --START--
INFO: Run Behavior\BuildLiteBehavior [ RunTime:0.000012s ]
INFO: [ app_init ] --END-- [ RunTime:0.001571s ]
INFO: [ app_begin ] --START--
INFO: Run Behavior\ReadHtmlCacheBehavior [ RunTime:0.000428s ]
INFO: [ app_begin ] --END-- [ RunTime:0.000468s ]
INFO: [ view_parse ] --START--
INFO: [ template_filter ] --START--
INFO: Run Behavior\ContentReplaceBehavior [ RunTime:0.000238s ]
INFO: [ template_filter ] --END-- [ RunTime:0.000577s ]
INFO: Run Behavior\ParseTemplateBehavior [ RunTime:0.011304s ]
INFO: [ view_parse ] --END-- [ RunTime:0.011391s ]
INFO: [ view_filter ] --START--
INFO: Run Behavior\WriteHtmlCacheBehavior [ RunTime:0.000385s ]
INFO: [ view_filter ] --END-- [ RunTime:0.000414s ]
INFO: [ app_end ] --START--
INFO: Run Behavior\ShowPageTraceBehavior [ RunTime:0.000875s ]
INFO: [ app_end ] --END-- [ RunTime:0.000917s ]

[ 2019-01-11T09:24:04+08:00 ] ::1 /phpText/ZGXG/ZGXG1/thinkphp_3.2.3/admin.php/Home/Emplist/welcome.html
INFO: [ app_init ] --START--
INFO: Run Behavior\BuildLiteBehavior [ RunTime:0.000010s ]
INFO: [ app_init ] --END-- [ RunTime:0.000349s ]
INFO: [ app_begin ] --START--
INFO: Run Behavior\ReadHtmlCacheBehavior [ RunTime:0.000522s ]
INFO: [ app_begin ] --END-- [ RunTime:0.000566s ]
SQL: SHOW COLUMNS FROM `zx_grade` [ RunTime:0.0169s ]
SQL: SELECT cname,SUM(grade) as sum FROM zx_grade,zx_courses WHERE zx_grade.gcid = zx_courses.cid GROUP BY cname  [ RunTime:0.0007s ]
INFO: [ view_parse ] --START--
INFO: [ template_filter ] --START--
INFO: Run Behavior\ContentReplaceBehavior [ RunTime:0.000079s ]
INFO: [ template_filter ] --END-- [ RunTime:0.000153s ]
INFO: Run Behavior\ParseTemplateBehavior [ RunTime:0.012506s ]
INFO: [ view_parse ] --END-- [ RunTime:0.012576s ]
INFO: [ view_filter ] --START--
INFO: Run Behavior\WriteHtmlCacheBehavior [ RunTime:0.000298s ]
INFO: [ view_filter ] --END-- [ RunTime:0.000327s ]
INFO: [ app_end ] --START--
INFO: Run Behavior\ShowPageTraceBehavior [ RunTime:0.000564s ]
INFO: [ app_end ] --END-- [ RunTime:0.000595s ]

[ 2019-01-11T09:24:05+08:00 ] ::1 /phpText/ZGXG/ZGXG1/thinkphp_3.2.3/admin.php/Home/Emplist/menu1.html
INFO: [ app_init ] --START--
INFO: Run Behavior\BuildLiteBehavior [ RunTime:0.000010s ]
INFO: [ app_init ] --END-- [ RunTime:0.000514s ]
INFO: [ app_begin ] --START--
INFO: Run Behavior\ReadHtmlCacheBehavior [ RunTime:0.000469s ]
INFO: [ app_begin ] --END-- [ RunTime:0.000516s ]
SQL: SHOW COLUMNS FROM `zx_user` [ RunTime:0.0184s ]
SQL: SELECT COUNT(*) AS tp_count FROM `zx_user` LIMIT 1   [ RunTime:0.0003s ]
SQL: SELECT * FROM `zx_user` WHERE ( utype=1 ) LIMIT 0,5   [ RunTime:0.0003s ]
INFO: [ view_parse ] --START--
INFO: [ template_filter ] --START--
INFO: Run Behavior\ContentReplaceBehavior [ RunTime:0.000071s ]
INFO: [ template_filter ] --END-- [ RunTime:0.000132s ]
INFO: Run Behavior\ParseTemplateBehavior [ RunTime:0.083093s ]
INFO: [ view_parse ] --END-- [ RunTime:0.083142s ]
INFO: [ view_filter ] --START--
INFO: Run Behavior\WriteHtmlCacheBehavior [ RunTime:0.000300s ]
INFO: [ view_filter ] --END-- [ RunTime:0.000331s ]
INFO: [ app_end ] --START--
INFO: Run Behavior\ShowPageTraceBehavior [ RunTime:0.000795s ]
INFO: [ app_end ] --END-- [ RunTime:0.000848s ]

[ 2019-01-11T09:24:07+08:00 ] ::1 /phpText/ZGXG/ZGXG1/thinkphp_3.2.3/admin.php/Home/Emplist/menu2.html
INFO: [ app_init ] --START--
INFO: Run Behavior\BuildLiteBehavior [ RunTime:0.000011s ]
INFO: [ app_init ] --END-- [ RunTime:0.000490s ]
INFO: [ app_begin ] --START--
INFO: Run Behavior\ReadHtmlCacheBehavior [ RunTime:0.000438s ]
INFO: [ app_begin ] --END-- [ RunTime:0.000483s ]
SQL: SHOW COLUMNS FROM `zx_user` [ RunTime:0.0151s ]
SQL: SELECT COUNT(*) AS tp_count FROM `zx_user` LIMIT 1   [ RunTime:0.0004s ]
SQL: SELECT * FROM `zx_user` WHERE ( utype=2 ) LIMIT 0,5   [ RunTime:0.0003s ]
INFO: [ view_parse ] --START--
INFO: [ template_filter ] --START--
INFO: Run Behavior\ContentReplaceBehavior [ RunTime:0.000066s ]
INFO: [ template_filter ] --END-- [ RunTime:0.000110s ]
INFO: Run Behavior\ParseTemplateBehavior [ RunTime:0.056421s ]
INFO: [ view_parse ] --END-- [ RunTime:0.056470s ]
INFO: [ view_filter ] --START--
INFO: Run Behavior\WriteHtmlCacheBehavior [ RunTime:0.000284s ]
INFO: [ view_filter ] --END-- [ RunTime:0.000313s ]
INFO: [ app_end ] --START--
INFO: Run Behavior\ShowPageTraceBehavior [ RunTime:0.000707s ]
INFO: [ app_end ] --END-- [ RunTime:0.000775s ]

[ 2019-01-11T09:24:08+08:00 ] ::1 /phpText/ZGXG/ZGXG1/thinkphp_3.2.3/admin.php/Home/Kecheng/articlelist.html
INFO: [ app_init ] --START--
INFO: Run Behavior\BuildLiteBehavior [ RunTime:0.000010s ]
INFO: [ app_init ] --END-- [ RunTime:0.000358s ]
INFO: [ app_begin ] --START--
INFO: Run Behavior\ReadHtmlCacheBehavior [ RunTime:0.000495s ]
INFO: [ app_begin ] --END-- [ RunTime:0.000548s ]
SQL: SHOW COLUMNS FROM `zx_video` [ RunTime:0.0177s ]
SQL: SELECT COUNT(*) AS tp_count FROM `zx_video` LIMIT 1   [ RunTime:0.0003s ]
NOTIC: [2] Invalid argument supplied for foreach() D:\XAMPP\htdocs\phpText\ZGXG\ZGXG1\thinkphp_3.2.3\ThinkPHP\Library\Think\Db\Driver.class.php 第 504 行.
SQL: SELECT * FROM `zx_video` LIMIT 0,5   [ RunTime:0.0003s ]
INFO: [ view_parse ] --START--
INFO: [ template_filter ] --START--
INFO: Run Behavior\ContentReplaceBehavior [ RunTime:0.000104s ]
INFO: [ template_filter ] --END-- [ RunTime:0.000184s ]
NOTIC: [8] Undefined variable: list1 D:\XAMPP\htdocs\phpText\ZGXG\ZGXG1\thinkphp_3.2.3\Admin\Runtime\Cache\Home\2cd9266ac21333f17e1ba0ef2013a725.php 第 103 行.
NOTIC: [8] Undefined index: upassword D:\XAMPP\htdocs\phpText\ZGXG\ZGXG1\thinkphp_3.2.3\Admin\Runtime\Cache\Home\2cd9266ac21333f17e1ba0ef2013a725.php 第 144 行.
NOTIC: [8] Undefined index: uemail D:\XAMPP\htdocs\phpText\ZGXG\ZGXG1\thinkphp_3.2.3\Admin\Runtime\Cache\Home\2cd9266ac21333f17e1ba0ef2013a725.php 第 145 行.
NOTIC: [8] Undefined index: uphone D:\XAMPP\htdocs\phpText\ZGXG\ZGXG1\thinkphp_3.2.3\Admin\Runtime\Cache\Home\2cd9266ac21333f17e1ba0ef2013a725.php 第 146 行.
NOTIC: [8] Undefined index: utype D:\XAMPP\htdocs\phpText\ZGXG\ZGXG1\thinkphp_3.2.3\Admin\Runtime\Cache\Home\2cd9266ac21333f17e1ba0ef2013a725.php 第 147 行.
NOTIC: [8] Undefined index: upassword D:\XAMPP\htdocs\phpText\ZGXG\ZGXG1\thinkphp_3.2.3\Admin\Runtime\Cache\Home\2cd9266ac21333f17e1ba0ef2013a725.php 第 144 行.
NOTIC: [8] Undefined index: uemail D:\XAMPP\htdocs\phpText\ZGXG\ZGXG1\thinkphp_3.2.3\Admin\Runtime\Cache\Home\2cd9266ac21333f17e1ba0ef2013a725.php 第 145 行.
NOTIC: [8] Undefined index: uphone D:\XAMPP\htdocs\phpText\ZGXG\ZGXG1\thinkphp_3.2.3\Admin\Runtime\Cache\Home\2cd9266ac21333f17e1ba0ef2013a725.php 第 146 行.
NOTIC: [8] Undefined index: utype D:\XAMPP\htdocs\phpText\ZGXG\ZGXG1\thinkphp_3.2.3\Admin\Runtime\Cache\Home\2cd9266ac21333f17e1ba0ef2013a725.php 第 147 行.
NOTIC: [8] Undefined index: upassword D:\XAMPP\htdocs\phpText\ZGXG\ZGXG1\thinkphp_3.2.3\Admin\Runtime\Cache\Home\2cd9266ac21333f17e1ba0ef2013a725.php 第 144 行.
NOTIC: [8] Undefined index: uemail D:\XAMPP\htdocs\phpText\ZGXG\ZGXG1\thinkphp_3.2.3\Admin\Runtime\Cache\Home\2cd9266ac21333f17e1ba0ef2013a725.php 第 145 行.
NOTIC: [8] Undefined index: uphone D:\XAMPP\htdocs\phpText\ZGXG\ZGXG1\thinkphp_3.2.3\Admin\Runtime\Cache\Home\2cd9266ac21333f17e1ba0ef2013a725.php 第 146 行.
NOTIC: [8] Undefined index: utype D:\XAMPP\htdocs\phpText\ZGXG\ZGXG1\thinkphp_3.2.3\Admin\Runtime\Cache\Home\2cd9266ac21333f17e1ba0ef2013a725.php 第 147 行.
NOTIC: [8] Undefined index: upassword D:\XAMPP\htdocs\phpText\ZGXG\ZGXG1\thinkphp_3.2.3\Admin\Runtime\Cache\Home\2cd9266ac21333f17e1ba0ef2013a725.php 第 144 行.
NOTIC: [8] Undefined index: uemail D:\XAMPP\htdocs\phpText\ZGXG\ZGXG1\thinkphp_3.2.3\Admin\Runtime\Cache\Home\2cd9266ac21333f17e1ba0ef2013a725.php 第 145 行.
NOTIC: [8] Undefined index: uphone D:\XAMPP\htdocs\phpText\ZGXG\ZGXG1\thinkphp_3.2.3\Admin\Runtime\Cache\Home\2cd9266ac21333f17e1ba0ef2013a725.php 第 146 行.
NOTIC: [8] Undefined index: utype D:\XAMPP\htdocs\phpText\ZGXG\ZGXG1\thinkphp_3.2.3\Admin\Runtime\Cache\Home\2cd9266ac21333f17e1ba0ef2013a725.php 第 147 行.
NOTIC: [8] Undefined index: upassword D:\XAMPP\htdocs\phpText\ZGXG\ZGXG1\thinkphp_3.2.3\Admin\Runtime\Cache\Home\2cd9266ac21333f17e1ba0ef2013a725.php 第 144 行.
NOTIC: [8] Undefined index: uemail D:\XAMPP\htdocs\phpText\ZGXG\ZGXG1\thinkphp_3.2.3\Admin\Runtime\Cache\Home\2cd9266ac21333f17e1ba0ef2013a725.php 第 145 行.
NOTIC: [8] Undefined index: uphone D:\XAMPP\htdocs\phpText\ZGXG\ZGXG1\thinkphp_3.2.3\Admin\Runtime\Cache\Home\2cd9266ac21333f17e1ba0ef2013a725.php 第 146 行.
NOTIC: [8] Undefined index: utype D:\XAMPP\htdocs\phpText\ZGXG\ZGXG1\thinkphp_3.2.3\Admin\Runtime\Cache\Home\2cd9266ac21333f17e1ba0ef2013a725.php 第 147 行.
INFO: Run Behavior\ParseTemplateBehavior [ RunTime:0.059132s ]
INFO: [ view_parse ] --END-- [ RunTime:0.059188s ]
INFO: [ view_filter ] --START--
INFO: Run Behavior\WriteHtmlCacheBehavior [ RunTime:0.000309s ]
INFO: [ view_filter ] --END-- [ RunTime:0.000339s ]
INFO: [ app_end ] --START--
INFO: Run Behavior\ShowPageTraceBehavior [ RunTime:0.000639s ]
INFO: [ app_end ] --END-- [ RunTime:0.000694s ]

[ 2019-01-11T09:24:10+08:00 ] ::1 /phpText/ZGXG/ZGXG1/thinkphp_3.2.3/admin.php/Home/Kecheng/menu-add1.html
INFO: [ app_init ] --START--
INFO: Run Behavior\BuildLiteBehavior [ RunTime:0.000025s ]
INFO: [ app_init ] --END-- [ RunTime:0.000369s ]
INFO: [ app_begin ] --START--
INFO: Run Behavior\ReadHtmlCacheBehavior [ RunTime:0.000434s ]
INFO: [ app_begin ] --END-- [ RunTime:0.000476s ]
INFO: [ view_parse ] --START--
INFO: [ template_filter ] --START--
INFO: Run Behavior\ContentReplaceBehavior [ RunTime:0.000087s ]
INFO: [ template_filter ] --END-- [ RunTime:0.000130s ]
INFO: Run Behavior\ParseTemplateBehavior [ RunTime:0.085669s ]
INFO: [ view_parse ] --END-- [ RunTime:0.085712s ]
INFO: [ view_filter ] --START--
INFO: Run Behavior\WriteHtmlCacheBehavior [ RunTime:0.000305s ]
INFO: [ view_filter ] --END-- [ RunTime:0.000332s ]
INFO: [ app_end ] --START--
INFO: Run Behavior\ShowPageTraceBehavior [ RunTime:0.000419s ]
INFO: [ app_end ] --END-- [ RunTime:0.000448s ]

[ 2019-01-11T09:32:24+08:00 ] ::1 /phpText/ZGXG/ZGXG1/thinkphp_3.2.3/admin.php/Home/Emplist/index.html
INFO: [ app_init ] --START--
INFO: Run Behavior\BuildLiteBehavior [ RunTime:0.000011s ]
INFO: [ app_init ] --END-- [ RunTime:0.000531s ]
INFO: [ app_begin ] --START--
INFO: Run Behavior\ReadHtmlCacheBehavior [ RunTime:0.001050s ]
INFO: [ app_begin ] --END-- [ RunTime:0.001127s ]
INFO: [ view_parse ] --START--
INFO: [ template_filter ] --START--
INFO: Run Behavior\ContentReplaceBehavior [ RunTime:0.000071s ]
INFO: [ template_filter ] --END-- [ RunTime:0.000114s ]
INFO: Run Behavior\ParseTemplateBehavior [ RunTime:0.010518s ]
INFO: [ view_parse ] --END-- [ RunTime:0.010562s ]
INFO: [ view_filter ] --START--
INFO: Run Behavior\WriteHtmlCacheBehavior [ RunTime:0.000548s ]
INFO: [ view_filter ] --END-- [ RunTime:0.000582s ]
INFO: [ app_end ] --START--
INFO: Run Behavior\ShowPageTraceBehavior [ RunTime:0.000761s ]
INFO: [ app_end ] --END-- [ RunTime:0.000791s ]

[ 2019-01-11T09:32:24+08:00 ] ::1 /phpText/ZGXG/ZGXG1/thinkphp_3.2.3/admin.php/Home/Emplist/welcome.html
INFO: [ app_init ] --START--
INFO: Run Behavior\BuildLiteBehavior [ RunTime:0.000015s ]
INFO: [ app_init ] --END-- [ RunTime:0.000640s ]
INFO: [ app_begin ] --START--
INFO: Run Behavior\ReadHtmlCacheBehavior [ RunTime:0.000586s ]
INFO: [ app_begin ] --END-- [ RunTime:0.000674s ]
SQL: SHOW COLUMNS FROM `zx_grade` [ RunTime:0.0325s ]
SQL: SELECT cname,SUM(grade) as sum FROM zx_grade,zx_courses WHERE zx_grade.gcid = zx_courses.cid GROUP BY cname  [ RunTime:0.0005s ]
INFO: [ view_parse ] --START--
INFO: [ template_filter ] --START--
INFO: Run Behavior\ContentReplaceBehavior [ RunTime:0.000081s ]
INFO: [ template_filter ] --END-- [ RunTime:0.000162s ]
INFO: Run Behavior\ParseTemplateBehavior [ RunTime:0.023800s ]
INFO: [ view_parse ] --END-- [ RunTime:0.023925s ]
INFO: [ view_filter ] --START--
INFO: Run Behavior\WriteHtmlCacheBehavior [ RunTime:0.000724s ]
INFO: [ view_filter ] --END-- [ RunTime:0.000864s ]
INFO: [ app_end ] --START--
INFO: Run Behavior\ShowPageTraceBehavior [ RunTime:0.000777s ]
INFO: [ app_end ] --END-- [ RunTime:0.000811s ]

