[ 2019-01-10T15:12:30+08:00 ] ::1 /phpText/ZGXG/ZGXG1/thinkphp_3.2.3/admin.php
INFO: [ app_init ] --START--
INFO: Run Behavior\BuildLiteBehavior [ RunTime:0.000027s ]
INFO: [ app_init ] --END-- [ RunTime:0.001130s ]
INFO: [ app_begin ] --START--
INFO: Run Behavior\ReadHtmlCacheBehavior [ RunTime:0.001316s ]
INFO: [ app_begin ] --END-- [ RunTime:0.001462s ]
INFO: [ view_parse ] --START--
INFO: [ template_filter ] --START--
INFO: Run Behavior\ContentReplaceBehavior [ RunTime:0.000370s ]
INFO: [ template_filter ] --END-- [ RunTime:0.000444s ]
INFO: Run Behavior\ParseTemplateBehavior [ RunTime:0.074069s ]
INFO: [ view_parse ] --END-- [ RunTime:0.074122s ]
INFO: [ view_filter ] --START--
INFO: Run Behavior\WriteHtmlCacheBehavior [ RunTime:0.000554s ]
INFO: [ view_filter ] --END-- [ RunTime:0.000581s ]
INFO: [ app_end ] --START--
INFO: Run Behavior\ShowPageTraceBehavior [ RunTime:0.000836s ]
INFO: [ app_end ] --END-- [ RunTime:0.000904s ]

[ 2019-01-10T15:22:07+08:00 ] ::1 /phpText/ZGXG/ZGXG1/thinkphp_3.2.3/admin.php/Home/index/login.html
INFO: [ app_init ] --START--
INFO: Run Behavior\BuildLiteBehavior [ RunTime:0.000030s ]
INFO: [ app_init ] --END-- [ RunTime:0.000838s ]
INFO: [ app_begin ] --START--
INFO: Run Behavior\ReadHtmlCacheBehavior [ RunTime:0.001067s ]
INFO: [ app_begin ] --END-- [ RunTime:0.001306s ]
SQL: SHOW COLUMNS FROM `zx_admin` [ RunTime:0.0256s ]
SQL: SELECT * FROM `zx_admin` WHERE ( Aname = '1' ) LIMIT 1   [ RunTime:0.0358s ]
INFO: [ view_parse ] --START--
INFO: [ template_filter ] --START--
INFO: Run Behavior\ContentReplaceBehavior [ RunTime:0.000186s ]
INFO: [ template_filter ] --END-- [ RunTime:0.000266s ]
INFO: Run Behavior\ParseTemplateBehavior [ RunTime:0.186380s ]
INFO: [ view_parse ] --END-- [ RunTime:0.186626s ]
INFO: [ view_filter ] --START--
INFO: Run Behavior\WriteHtmlCacheBehavior [ RunTime:0.002581s ]
INFO: [ view_filter ] --END-- [ RunTime:0.002825s ]
INFO: [ app_end ] --START--
INFO: Run Behavior\ShowPageTraceBehavior [ RunTime:0.001798s ]
INFO: [ app_end ] --END-- [ RunTime:0.002536s ]

[ 2019-01-10T15:22:08+08:00 ] ::1 /phpText/ZGXG/ZGXG1/thinkphp_3.2.3/admin.php/Home/Emplist/index.html
INFO: [ app_init ] --START--
INFO: Run Behavior\BuildLiteBehavior [ RunTime:0.000023s ]
INFO: [ app_init ] --END-- [ RunTime:0.000684s ]
INFO: [ app_begin ] --START--
INFO: Run Behavior\ReadHtmlCacheBehavior [ RunTime:0.000719s ]
INFO: [ app_begin ] --END-- [ RunTime:0.000801s ]
INFO: [ view_parse ] --START--
INFO: [ template_filter ] --START--
INFO: Run Behavior\ContentReplaceBehavior [ RunTime:0.000048s ]
INFO: [ template_filter ] --END-- [ RunTime:0.000094s ]
INFO: Run Behavior\ParseTemplateBehavior [ RunTime:0.073125s ]
INFO: [ view_parse ] --END-- [ RunTime:0.073217s ]
INFO: [ view_filter ] --START--
INFO: Run Behavior\WriteHtmlCacheBehavior [ RunTime:0.001109s ]
INFO: [ view_filter ] --END-- [ RunTime:0.001215s ]
INFO: [ app_end ] --START--
INFO: Run Behavior\ShowPageTraceBehavior [ RunTime:0.001532s ]
INFO: [ app_end ] --END-- [ RunTime:0.001646s ]

[ 2019-01-10T15:22:08+08:00 ] ::1 /phpText/ZGXG/ZGXG1/thinkphp_3.2.3/admin.php/Home/Emplist/welcome.html
INFO: [ app_init ] --START--
INFO: Run Behavior\BuildLiteBehavior [ RunTime:0.000012s ]
INFO: [ app_init ] --END-- [ RunTime:0.000520s ]
INFO: [ app_begin ] --START--
INFO: Run Behavior\ReadHtmlCacheBehavior [ RunTime:0.001545s ]
INFO: [ app_begin ] --END-- [ RunTime:0.001676s ]
SQL: SHOW COLUMNS FROM `zx_grade` [ RunTime:0.0377s ]
SQL: SELECT cname,SUM(grade) as sum FROM zx_grade,zx_courses WHERE zx_grade.gcid = zx_courses.cid GROUP BY cname  [ RunTime:0.0008s ]
INFO: [ view_parse ] --START--
INFO: [ template_filter ] --START--
INFO: Run Behavior\ContentReplaceBehavior [ RunTime:0.000137s ]
INFO: [ template_filter ] --END-- [ RunTime:0.000234s ]
INFO: Run Behavior\ParseTemplateBehavior [ RunTime:0.102215s ]
INFO: [ view_parse ] --END-- [ RunTime:0.102397s ]
INFO: [ view_filter ] --START--
INFO: Run Behavior\WriteHtmlCacheBehavior [ RunTime:0.002143s ]
INFO: [ view_filter ] --END-- [ RunTime:0.002228s ]
INFO: [ app_end ] --START--
INFO: Run Behavior\ShowPageTraceBehavior [ RunTime:0.001758s ]
INFO: [ app_end ] --END-- [ RunTime:0.001849s ]

[ 2019-01-10T15:22:15+08:00 ] ::1 /phpText/ZGXG/ZGXG1/thinkphp_3.2.3/admin.php/Home/Emplist/menu1.html
INFO: [ app_init ] --START--
INFO: Run Behavior\BuildLiteBehavior [ RunTime:0.000011s ]
INFO: [ app_init ] --END-- [ RunTime:0.000434s ]
INFO: [ app_begin ] --START--
INFO: Run Behavior\ReadHtmlCacheBehavior [ RunTime:0.001175s ]
INFO: [ app_begin ] --END-- [ RunTime:0.001294s ]
SQL: SHOW COLUMNS FROM `zx_user` [ RunTime:0.0273s ]
SQL: SELECT COUNT(*) AS tp_count FROM `zx_user` LIMIT 1   [ RunTime:0.0006s ]
SQL: SELECT * FROM `zx_user` WHERE ( utype=1 ) LIMIT 0,5   [ RunTime:0.0006s ]
INFO: [ view_parse ] --START--
INFO: [ template_filter ] --START--
INFO: Run Behavior\ContentReplaceBehavior [ RunTime:0.000073s ]
INFO: [ template_filter ] --END-- [ RunTime:0.000115s ]
INFO: Run Behavior\ParseTemplateBehavior [ RunTime:0.152024s ]
INFO: [ view_parse ] --END-- [ RunTime:0.152123s ]
INFO: [ view_filter ] --START--
INFO: Run Behavior\WriteHtmlCacheBehavior [ RunTime:0.000955s ]
INFO: [ view_filter ] --END-- [ RunTime:0.000995s ]
INFO: [ app_end ] --START--
INFO: Run Behavior\ShowPageTraceBehavior [ RunTime:0.001422s ]
INFO: [ app_end ] --END-- [ RunTime:0.001517s ]

[ 2019-01-10T15:22:16+08:00 ] ::1 /phpText/ZGXG/ZGXG1/thinkphp_3.2.3/admin.php/Home/Emplist/menu2.html
INFO: [ app_init ] --START--
INFO: Run Behavior\BuildLiteBehavior [ RunTime:0.000011s ]
INFO: [ app_init ] --END-- [ RunTime:0.000761s ]
INFO: [ app_begin ] --START--
INFO: Run Behavior\ReadHtmlCacheBehavior [ RunTime:0.000778s ]
INFO: [ app_begin ] --END-- [ RunTime:0.000876s ]
SQL: SHOW COLUMNS FROM `zx_user` [ RunTime:0.0136s ]
SQL: SELECT COUNT(*) AS tp_count FROM `zx_user` LIMIT 1   [ RunTime:0.0003s ]
SQL: SELECT * FROM `zx_user` WHERE ( utype=2 ) LIMIT 0,5   [ RunTime:0.0004s ]
INFO: [ view_parse ] --START--
INFO: [ template_filter ] --START--
INFO: Run Behavior\ContentReplaceBehavior [ RunTime:0.000136s ]
INFO: [ template_filter ] --END-- [ RunTime:0.000251s ]
INFO: Run Behavior\ParseTemplateBehavior [ RunTime:0.176779s ]
INFO: [ view_parse ] --END-- [ RunTime:0.176899s ]
INFO: [ view_filter ] --START--
INFO: Run Behavior\WriteHtmlCacheBehavior [ RunTime:0.001106s ]
INFO: [ view_filter ] --END-- [ RunTime:0.001168s ]
INFO: [ app_end ] --START--
INFO: Run Behavior\ShowPageTraceBehavior [ RunTime:0.002514s ]
INFO: [ app_end ] --END-- [ RunTime:0.002618s ]

[ 2019-01-10T15:22:17+08:00 ] ::1 /phpText/ZGXG/ZGXG1/thinkphp_3.2.3/admin.php/Home/Kecheng/articlelist.html
INFO: [ app_init ] --START--
INFO: Run Behavior\BuildLiteBehavior [ RunTime:0.000014s ]
INFO: [ app_init ] --END-- [ RunTime:0.000474s ]
INFO: [ app_begin ] --START--
INFO: Run Behavior\ReadHtmlCacheBehavior [ RunTime:0.000451s ]
INFO: [ app_begin ] --END-- [ RunTime:0.000498s ]
SQL: SHOW COLUMNS FROM `zx_video` [ RunTime:0.0285s ]
SQL: SELECT COUNT(*) AS tp_count FROM `zx_video` LIMIT 1   [ RunTime:0.0003s ]
NOTIC: [2] Invalid argument supplied for foreach() D:\XAMPP\htdocs\phpText\ZGXG\ZGXG1\thinkphp_3.2.3\ThinkPHP\Library\Think\Db\Driver.class.php 第 504 行.
SQL: SELECT * FROM `zx_video` LIMIT 0,5   [ RunTime:0.0003s ]
INFO: [ view_parse ] --START--
INFO: [ template_filter ] --START--
INFO: Run Behavior\ContentReplaceBehavior [ RunTime:0.000056s ]
INFO: [ template_filter ] --END-- [ RunTime:0.000093s ]
NOTIC: [8] Undefined variable: list1 D:\XAMPP\htdocs\phpText\ZGXG\ZGXG1\thinkphp_3.2.3\Admin\Runtime\Cache\Home\2cd9266ac21333f17e1ba0ef2013a725.php 第 103 行.
NOTIC: [8] Undefined index: upassword D:\XAMPP\htdocs\phpText\ZGXG\ZGXG1\thinkphp_3.2.3\Admin\Runtime\Cache\Home\2cd9266ac21333f17e1ba0ef2013a725.php 第 144 行.
NOTIC: [8] Undefined index: uemail D:\XAMPP\htdocs\phpText\ZGXG\ZGXG1\thinkphp_3.2.3\Admin\Runtime\Cache\Home\2cd9266ac21333f17e1ba0ef2013a725.php 第 145 行.
NOTIC: [8] Undefined index: uphone D:\XAMPP\htdocs\phpText\ZGXG\ZGXG1\thinkphp_3.2.3\Admin\Runtime\Cache\Home\2cd9266ac21333f17e1ba0ef2013a725.php 第 146 行.
NOTIC: [8] Undefined index: utype D:\XAMPP\htdocs\phpText\ZGXG\ZGXG1\thinkphp_3.2.3\Admin\Runtime\Cache\Home\2cd9266ac21333f17e1ba0ef2013a725.php 第 147 行.
NOTIC: [8] Undefined index: upassword D:\XAMPP\htdocs\phpText\ZGXG\ZGXG1\thinkphp_3.2.3\Admin\Runtime\Cache\Home\2cd9266ac21333f17e1ba0ef2013a725.php 第 144 行.
NOTIC: [8] Undefined index: uemail D:\XAMPP\htdocs\phpText\ZGXG\ZGXG1\thinkphp_3.2.3\Admin\Runtime\Cache\Home\2cd9266ac21333f17e1ba0ef2013a725.php 第 145 行.
NOTIC: [8] Undefined index: uphone D:\XAMPP\htdocs\phpText\ZGXG\ZGXG1\thinkphp_3.2.3\Admin\Runtime\Cache\Home\2cd9266ac21333f17e1ba0ef2013a725.php 第 146 行.
NOTIC: [8] Undefined index: utype D:\XAMPP\htdocs\phpText\ZGXG\ZGXG1\thinkphp_3.2.3\Admin\Runtime\Cache\Home\2cd9266ac21333f17e1ba0ef2013a725.php 第 147 行.
NOTIC: [8] Undefined index: upassword D:\XAMPP\htdocs\phpText\ZGXG\ZGXG1\thinkphp_3.2.3\Admin\Runtime\Cache\Home\2cd9266ac21333f17e1ba0ef2013a725.php 第 144 行.
NOTIC: [8] Undefined index: uemail D:\XAMPP\htdocs\phpText\ZGXG\ZGXG1\thinkphp_3.2.3\Admin\Runtime\Cache\Home\2cd9266ac21333f17e1ba0ef2013a725.php 第 145 行.
NOTIC: [8] Undefined index: uphone D:\XAMPP\htdocs\phpText\ZGXG\ZGXG1\thinkphp_3.2.3\Admin\Runtime\Cache\Home\2cd9266ac21333f17e1ba0ef2013a725.php 第 146 行.
NOTIC: [8] Undefined index: utype D:\XAMPP\htdocs\phpText\ZGXG\ZGXG1\thinkphp_3.2.3\Admin\Runtime\Cache\Home\2cd9266ac21333f17e1ba0ef2013a725.php 第 147 行.
NOTIC: [8] Undefined index: upassword D:\XAMPP\htdocs\phpText\ZGXG\ZGXG1\thinkphp_3.2.3\Admin\Runtime\Cache\Home\2cd9266ac21333f17e1ba0ef2013a725.php 第 144 行.
NOTIC: [8] Undefined index: uemail D:\XAMPP\htdocs\phpText\ZGXG\ZGXG1\thinkphp_3.2.3\Admin\Runtime\Cache\Home\2cd9266ac21333f17e1ba0ef2013a725.php 第 145 行.
NOTIC: [8] Undefined index: uphone D:\XAMPP\htdocs\phpText\ZGXG\ZGXG1\thinkphp_3.2.3\Admin\Runtime\Cache\Home\2cd9266ac21333f17e1ba0ef2013a725.php 第 146 行.
NOTIC: [8] Undefined index: utype D:\XAMPP\htdocs\phpText\ZGXG\ZGXG1\thinkphp_3.2.3\Admin\Runtime\Cache\Home\2cd9266ac21333f17e1ba0ef2013a725.php 第 147 行.
NOTIC: [8] Undefined index: upassword D:\XAMPP\htdocs\phpText\ZGXG\ZGXG1\thinkphp_3.2.3\Admin\Runtime\Cache\Home\2cd9266ac21333f17e1ba0ef2013a725.php 第 144 行.
NOTIC: [8] Undefined index: uemail D:\XAMPP\htdocs\phpText\ZGXG\ZGXG1\thinkphp_3.2.3\Admin\Runtime\Cache\Home\2cd9266ac21333f17e1ba0ef2013a725.php 第 145 行.
NOTIC: [8] Undefined index: uphone D:\XAMPP\htdocs\phpText\ZGXG\ZGXG1\thinkphp_3.2.3\Admin\Runtime\Cache\Home\2cd9266ac21333f17e1ba0ef2013a725.php 第 146 行.
NOTIC: [8] Undefined index: utype D:\XAMPP\htdocs\phpText\ZGXG\ZGXG1\thinkphp_3.2.3\Admin\Runtime\Cache\Home\2cd9266ac21333f17e1ba0ef2013a725.php 第 147 行.
INFO: Run Behavior\ParseTemplateBehavior [ RunTime:0.118803s ]
INFO: [ view_parse ] --END-- [ RunTime:0.118962s ]
INFO: [ view_filter ] --START--
INFO: Run Behavior\WriteHtmlCacheBehavior [ RunTime:0.000769s ]
INFO: [ view_filter ] --END-- [ RunTime:0.000804s ]
INFO: [ app_end ] --START--
INFO: Run Behavior\ShowPageTraceBehavior [ RunTime:0.001737s ]
INFO: [ app_end ] --END-- [ RunTime:0.001820s ]

[ 2019-01-10T15:22:18+08:00 ] ::1 /phpText/ZGXG/ZGXG1/thinkphp_3.2.3/admin.php/Home/Kecheng/danyelist.html
INFO: [ app_init ] --START--
INFO: Run Behavior\BuildLiteBehavior [ RunTime:0.000021s ]
INFO: [ app_init ] --END-- [ RunTime:0.000956s ]
INFO: [ app_begin ] --START--
INFO: Run Behavior\ReadHtmlCacheBehavior [ RunTime:0.002052s ]
INFO: [ app_begin ] --END-- [ RunTime:0.002211s ]
SQL: SHOW COLUMNS FROM `zx_major` [ RunTime:0.0240s ]
SQL: SELECT COUNT(*) AS tp_count FROM `zx_major` LIMIT 1   [ RunTime:0.0003s ]
NOTIC: [2] Invalid argument supplied for foreach() D:\XAMPP\htdocs\phpText\ZGXG\ZGXG1\thinkphp_3.2.3\ThinkPHP\Library\Think\Db\Driver.class.php 第 504 行.
SQL: SELECT * FROM `zx_major` LIMIT 0,5   [ RunTime:0.0003s ]
INFO: [ view_parse ] --START--
INFO: [ template_filter ] --START--
INFO: Run Behavior\ContentReplaceBehavior [ RunTime:0.000065s ]
INFO: [ template_filter ] --END-- [ RunTime:0.000105s ]
NOTIC: [8] Undefined index: upassword D:\XAMPP\htdocs\phpText\ZGXG\ZGXG1\thinkphp_3.2.3\Admin\Runtime\Cache\Home\888488848267158d44926e6a94b579d3.php 第 126 行.
NOTIC: [8] Undefined index: uemail D:\XAMPP\htdocs\phpText\ZGXG\ZGXG1\thinkphp_3.2.3\Admin\Runtime\Cache\Home\888488848267158d44926e6a94b579d3.php 第 127 行.
NOTIC: [8] Undefined index: uphone D:\XAMPP\htdocs\phpText\ZGXG\ZGXG1\thinkphp_3.2.3\Admin\Runtime\Cache\Home\888488848267158d44926e6a94b579d3.php 第 128 行.
NOTIC: [8] Undefined index: utype D:\XAMPP\htdocs\phpText\ZGXG\ZGXG1\thinkphp_3.2.3\Admin\Runtime\Cache\Home\888488848267158d44926e6a94b579d3.php 第 129 行.
NOTIC: [8] Undefined index: upassword D:\XAMPP\htdocs\phpText\ZGXG\ZGXG1\thinkphp_3.2.3\Admin\Runtime\Cache\Home\888488848267158d44926e6a94b579d3.php 第 126 行.
NOTIC: [8] Undefined index: uemail D:\XAMPP\htdocs\phpText\ZGXG\ZGXG1\thinkphp_3.2.3\Admin\Runtime\Cache\Home\888488848267158d44926e6a94b579d3.php 第 127 行.
NOTIC: [8] Undefined index: uphone D:\XAMPP\htdocs\phpText\ZGXG\ZGXG1\thinkphp_3.2.3\Admin\Runtime\Cache\Home\888488848267158d44926e6a94b579d3.php 第 128 行.
NOTIC: [8] Undefined index: utype D:\XAMPP\htdocs\phpText\ZGXG\ZGXG1\thinkphp_3.2.3\Admin\Runtime\Cache\Home\888488848267158d44926e6a94b579d3.php 第 129 行.
NOTIC: [8] Undefined index: upassword D:\XAMPP\htdocs\phpText\ZGXG\ZGXG1\thinkphp_3.2.3\Admin\Runtime\Cache\Home\888488848267158d44926e6a94b579d3.php 第 126 行.
NOTIC: [8] Undefined index: uemail D:\XAMPP\htdocs\phpText\ZGXG\ZGXG1\thinkphp_3.2.3\Admin\Runtime\Cache\Home\888488848267158d44926e6a94b579d3.php 第 127 行.
NOTIC: [8] Undefined index: uphone D:\XAMPP\htdocs\phpText\ZGXG\ZGXG1\thinkphp_3.2.3\Admin\Runtime\Cache\Home\888488848267158d44926e6a94b579d3.php 第 128 行.
NOTIC: [8] Undefined index: utype D:\XAMPP\htdocs\phpText\ZGXG\ZGXG1\thinkphp_3.2.3\Admin\Runtime\Cache\Home\888488848267158d44926e6a94b579d3.php 第 129 行.
NOTIC: [8] Undefined index: upassword D:\XAMPP\htdocs\phpText\ZGXG\ZGXG1\thinkphp_3.2.3\Admin\Runtime\Cache\Home\888488848267158d44926e6a94b579d3.php 第 126 行.
NOTIC: [8] Undefined index: uemail D:\XAMPP\htdocs\phpText\ZGXG\ZGXG1\thinkphp_3.2.3\Admin\Runtime\Cache\Home\888488848267158d44926e6a94b579d3.php 第 127 行.
NOTIC: [8] Undefined index: uphone D:\XAMPP\htdocs\phpText\ZGXG\ZGXG1\thinkphp_3.2.3\Admin\Runtime\Cache\Home\888488848267158d44926e6a94b579d3.php 第 128 行.
NOTIC: [8] Undefined index: utype D:\XAMPP\htdocs\phpText\ZGXG\ZGXG1\thinkphp_3.2.3\Admin\Runtime\Cache\Home\888488848267158d44926e6a94b579d3.php 第 129 行.
NOTIC: [8] Undefined index: upassword D:\XAMPP\htdocs\phpText\ZGXG\ZGXG1\thinkphp_3.2.3\Admin\Runtime\Cache\Home\888488848267158d44926e6a94b579d3.php 第 126 行.
NOTIC: [8] Undefined index: uemail D:\XAMPP\htdocs\phpText\ZGXG\ZGXG1\thinkphp_3.2.3\Admin\Runtime\Cache\Home\888488848267158d44926e6a94b579d3.php 第 127 行.
NOTIC: [8] Undefined index: uphone D:\XAMPP\htdocs\phpText\ZGXG\ZGXG1\thinkphp_3.2.3\Admin\Runtime\Cache\Home\888488848267158d44926e6a94b579d3.php 第 128 行.
NOTIC: [8] Undefined index: utype D:\XAMPP\htdocs\phpText\ZGXG\ZGXG1\thinkphp_3.2.3\Admin\Runtime\Cache\Home\888488848267158d44926e6a94b579d3.php 第 129 行.
NOTIC: [8] Undefined index: upassword D:\XAMPP\htdocs\phpText\ZGXG\ZGXG1\thinkphp_3.2.3\Admin\Runtime\Cache\Home\888488848267158d44926e6a94b579d3.php 第 163 行.
NOTIC: [8] Undefined index: uemail D:\XAMPP\htdocs\phpText\ZGXG\ZGXG1\thinkphp_3.2.3\Admin\Runtime\Cache\Home\888488848267158d44926e6a94b579d3.php 第 164 行.
NOTIC: [8] Undefined index: uphone D:\XAMPP\htdocs\phpText\ZGXG\ZGXG1\thinkphp_3.2.3\Admin\Runtime\Cache\Home\888488848267158d44926e6a94b579d3.php 第 165 行.
NOTIC: [8] Undefined index: utype D:\XAMPP\htdocs\phpText\ZGXG\ZGXG1\thinkphp_3.2.3\Admin\Runtime\Cache\Home\888488848267158d44926e6a94b579d3.php 第 166 行.
NOTIC: [8] Undefined index: upassword D:\XAMPP\htdocs\phpText\ZGXG\ZGXG1\thinkphp_3.2.3\Admin\Runtime\Cache\Home\888488848267158d44926e6a94b579d3.php 第 163 行.
NOTIC: [8] Undefined index: uemail D:\XAMPP\htdocs\phpText\ZGXG\ZGXG1\thinkphp_3.2.3\Admin\Runtime\Cache\Home\888488848267158d44926e6a94b579d3.php 第 164 行.
NOTIC: [8] Undefined index: uphone D:\XAMPP\htdocs\phpText\ZGXG\ZGXG1\thinkphp_3.2.3\Admin\Runtime\Cache\Home\888488848267158d44926e6a94b579d3.php 第 165 行.
NOTIC: [8] Undefined index: utype D:\XAMPP\htdocs\phpText\ZGXG\ZGXG1\thinkphp_3.2.3\Admin\Runtime\Cache\Home\888488848267158d44926e6a94b579d3.php 第 166 行.
NOTIC: [8] Undefined index: upassword D:\XAMPP\htdocs\phpText\ZGXG\ZGXG1\thinkphp_3.2.3\Admin\Runtime\Cache\Home\888488848267158d44926e6a94b579d3.php 第 163 行.
NOTIC: [8] Undefined index: uemail D:\XAMPP\htdocs\phpText\ZGXG\ZGXG1\thinkphp_3.2.3\Admin\Runtime\Cache\Home\888488848267158d44926e6a94b579d3.php 第 164 行.
NOTIC: [8] Undefined index: uphone D:\XAMPP\htdocs\phpText\ZGXG\ZGXG1\thinkphp_3.2.3\Admin\Runtime\Cache\Home\888488848267158d44926e6a94b579d3.php 第 165 行.
NOTIC: [8] Undefined index: utype D:\XAMPP\htdocs\phpText\ZGXG\ZGXG1\thinkphp_3.2.3\Admin\Runtime\Cache\Home\888488848267158d44926e6a94b579d3.php 第 166 行.
NOTIC: [8] Undefined index: upassword D:\XAMPP\htdocs\phpText\ZGXG\ZGXG1\thinkphp_3.2.3\Admin\Runtime\Cache\Home\888488848267158d44926e6a94b579d3.php 第 163 行.
NOTIC: [8] Undefined index: uemail D:\XAMPP\htdocs\phpText\ZGXG\ZGXG1\thinkphp_3.2.3\Admin\Runtime\Cache\Home\888488848267158d44926e6a94b579d3.php 第 164 行.
NOTIC: [8] Undefined index: uphone D:\XAMPP\htdocs\phpText\ZGXG\ZGXG1\thinkphp_3.2.3\Admin\Runtime\Cache\Home\888488848267158d44926e6a94b579d3.php 第 165 行.
NOTIC: [8] Undefined index: utype D:\XAMPP\htdocs\phpText\ZGXG\ZGXG1\thinkphp_3.2.3\Admin\Runtime\Cache\Home\888488848267158d44926e6a94b579d3.php 第 166 行.
NOTIC: [8] Undefined index: upassword D:\XAMPP\htdocs\phpText\ZGXG\ZGXG1\thinkphp_3.2.3\Admin\Runtime\Cache\Home\888488848267158d44926e6a94b579d3.php 第 163 行.
NOTIC: [8] Undefined index: uemail D:\XAMPP\htdocs\phpText\ZGXG\ZGXG1\thinkphp_3.2.3\Admin\Runtime\Cache\Home\888488848267158d44926e6a94b579d3.php 第 164 行.
NOTIC: [8] Undefined index: uphone D:\XAMPP\htdocs\phpText\ZGXG\ZGXG1\thinkphp_3.2.3\Admin\Runtime\Cache\Home\888488848267158d44926e6a94b579d3.php 第 165 行.
NOTIC: [8] Undefined index: utype D:\XAMPP\htdocs\phpText\ZGXG\ZGXG1\thinkphp_3.2.3\Admin\Runtime\Cache\Home\888488848267158d44926e6a94b579d3.php 第 166 行.
INFO: Run Behavior\ParseTemplateBehavior [ RunTime:0.158258s ]
INFO: [ view_parse ] --END-- [ RunTime:0.158301s ]
INFO: [ view_filter ] --START--
INFO: Run Behavior\WriteHtmlCacheBehavior [ RunTime:0.000795s ]
INFO: [ view_filter ] --END-- [ RunTime:0.000827s ]
INFO: [ app_end ] --START--
INFO: Run Behavior\ShowPageTraceBehavior [ RunTime:0.001426s ]
INFO: [ app_end ] --END-- [ RunTime:0.001495s ]

[ 2019-01-10T15:27:37+08:00 ] ::1 /phpText/ZGXG/ZGXG1/thinkphp_3.2.3/admin.php/Home/index/logout.html
INFO: [ app_init ] --START--
INFO: Run Behavior\BuildLiteBehavior [ RunTime:0.000009s ]
INFO: [ app_init ] --END-- [ RunTime:0.000481s ]
INFO: [ app_begin ] --START--
INFO: Run Behavior\ReadHtmlCacheBehavior [ RunTime:0.000734s ]
INFO: [ app_begin ] --END-- [ RunTime:0.000779s ]
INFO: [ view_parse ] --START--
INFO: [ template_filter ] --START--
INFO: Run Behavior\ContentReplaceBehavior [ RunTime:0.000111s ]
INFO: [ template_filter ] --END-- [ RunTime:0.000194s ]
INFO: Run Behavior\ParseTemplateBehavior [ RunTime:0.081022s ]
INFO: [ view_parse ] --END-- [ RunTime:0.081088s ]
INFO: [ view_filter ] --START--
INFO: Run Behavior\WriteHtmlCacheBehavior [ RunTime:0.000825s ]
INFO: [ view_filter ] --END-- [ RunTime:0.000878s ]
INFO: [ app_end ] --START--
INFO: Run Behavior\ShowPageTraceBehavior [ RunTime:0.001074s ]
INFO: [ app_end ] --END-- [ RunTime:0.001129s ]

[ 2019-01-10T15:27:38+08:00 ] ::1 /phpText/ZGXG/ZGXG1/thinkphp_3.2.3/admin.php/Home/index/index.html
INFO: [ app_init ] --START--
INFO: Run Behavior\BuildLiteBehavior [ RunTime:0.000020s ]
INFO: [ app_init ] --END-- [ RunTime:0.000553s ]
INFO: [ app_begin ] --START--
INFO: Run Behavior\ReadHtmlCacheBehavior [ RunTime:0.000584s ]
INFO: [ app_begin ] --END-- [ RunTime:0.000676s ]
INFO: [ view_parse ] --START--
INFO: [ template_filter ] --START--
INFO: Run Behavior\ContentReplaceBehavior [ RunTime:0.000243s ]
INFO: [ template_filter ] --END-- [ RunTime:0.000288s ]
INFO: Run Behavior\ParseTemplateBehavior [ RunTime:0.031752s ]
INFO: [ view_parse ] --END-- [ RunTime:0.031795s ]
INFO: [ view_filter ] --START--
INFO: Run Behavior\WriteHtmlCacheBehavior [ RunTime:0.000313s ]
INFO: [ view_filter ] --END-- [ RunTime:0.000343s ]
INFO: [ app_end ] --START--
INFO: Run Behavior\ShowPageTraceBehavior [ RunTime:0.000659s ]
INFO: [ app_end ] --END-- [ RunTime:0.000765s ]

[ 2019-01-10T15:32:38+08:00 ] ::1 /phpText/ZGXG/ZGXG1/thinkphp_3.2.3/admin.php/Home/index/login.html
INFO: [ app_init ] --START--
INFO: Run Behavior\BuildLiteBehavior [ RunTime:0.000014s ]
INFO: [ app_init ] --END-- [ RunTime:0.000632s ]
INFO: [ app_begin ] --START--
INFO: Run Behavior\ReadHtmlCacheBehavior [ RunTime:0.001846s ]
INFO: [ app_begin ] --END-- [ RunTime:0.001972s ]
SQL: SHOW COLUMNS FROM `zx_admin` [ RunTime:0.0377s ]
SQL: SELECT * FROM `zx_admin` WHERE ( Aname = '1' ) LIMIT 1   [ RunTime:0.0095s ]
INFO: [ view_parse ] --START--
INFO: [ template_filter ] --START--
INFO: Run Behavior\ContentReplaceBehavior [ RunTime:0.000140s ]
INFO: [ template_filter ] --END-- [ RunTime:0.000246s ]
INFO: Run Behavior\ParseTemplateBehavior [ RunTime:0.135231s ]
INFO: [ view_parse ] --END-- [ RunTime:0.135389s ]
INFO: [ view_filter ] --START--
INFO: Run Behavior\WriteHtmlCacheBehavior [ RunTime:0.001819s ]
INFO: [ view_filter ] --END-- [ RunTime:0.001901s ]
INFO: [ app_end ] --START--
INFO: Run Behavior\ShowPageTraceBehavior [ RunTime:0.003711s ]
INFO: [ app_end ] --END-- [ RunTime:0.004059s ]

[ 2019-01-10T15:32:39+08:00 ] ::1 /phpText/ZGXG/ZGXG1/thinkphp_3.2.3/admin.php/Home/Emplist/index.html
INFO: [ app_init ] --START--
INFO: Run Behavior\BuildLiteBehavior [ RunTime:0.000009s ]
INFO: [ app_init ] --END-- [ RunTime:0.000343s ]
INFO: [ app_begin ] --START--
INFO: Run Behavior\ReadHtmlCacheBehavior [ RunTime:0.001333s ]
INFO: [ app_begin ] --END-- [ RunTime:0.001461s ]
INFO: [ view_parse ] --START--
INFO: [ template_filter ] --START--
INFO: Run Behavior\ContentReplaceBehavior [ RunTime:0.000103s ]
INFO: [ template_filter ] --END-- [ RunTime:0.000225s ]
INFO: Run Behavior\ParseTemplateBehavior [ RunTime:0.019828s ]
INFO: [ view_parse ] --END-- [ RunTime:0.019882s ]
INFO: [ view_filter ] --START--
INFO: Run Behavior\WriteHtmlCacheBehavior [ RunTime:0.000600s ]
INFO: [ view_filter ] --END-- [ RunTime:0.000650s ]
INFO: [ app_end ] --START--
INFO: Run Behavior\ShowPageTraceBehavior [ RunTime:0.000862s ]
INFO: [ app_end ] --END-- [ RunTime:0.000909s ]

[ 2019-01-10T15:32:39+08:00 ] ::1 /phpText/ZGXG/ZGXG1/thinkphp_3.2.3/admin.php/Home/Emplist/welcome.html
INFO: [ app_init ] --START--
INFO: Run Behavior\BuildLiteBehavior [ RunTime:0.000023s ]
INFO: [ app_init ] --END-- [ RunTime:0.000707s ]
INFO: [ app_begin ] --START--
INFO: Run Behavior\ReadHtmlCacheBehavior [ RunTime:0.000680s ]
INFO: [ app_begin ] --END-- [ RunTime:0.000747s ]
SQL: SHOW COLUMNS FROM `zx_grade` [ RunTime:0.0285s ]
SQL: SELECT cname,SUM(grade) as sum FROM zx_grade,zx_courses WHERE zx_grade.gcid = zx_courses.cid GROUP BY cname  [ RunTime:0.0161s ]
INFO: [ view_parse ] --START--
INFO: [ template_filter ] --START--
INFO: Run Behavior\ContentReplaceBehavior [ RunTime:0.000050s ]
INFO: [ template_filter ] --END-- [ RunTime:0.000111s ]
INFO: Run Behavior\ParseTemplateBehavior [ RunTime:0.012478s ]
INFO: [ view_parse ] --END-- [ RunTime:0.012553s ]
INFO: [ view_filter ] --START--
INFO: Run Behavior\WriteHtmlCacheBehavior [ RunTime:0.000381s ]
INFO: [ view_filter ] --END-- [ RunTime:0.000446s ]
INFO: [ app_end ] --START--
INFO: Run Behavior\ShowPageTraceBehavior [ RunTime:0.002904s ]
INFO: [ app_end ] --END-- [ RunTime:0.003152s ]

[ 2019-01-10T15:32:41+08:00 ] ::1 /phpText/ZGXG/ZGXG1/thinkphp_3.2.3/admin.php/Home/Emplist/menu1.html
INFO: [ app_init ] --START--
INFO: Run Behavior\BuildLiteBehavior [ RunTime:0.000036s ]
INFO: [ app_init ] --END-- [ RunTime:0.001611s ]
INFO: [ app_begin ] --START--
INFO: Run Behavior\ReadHtmlCacheBehavior [ RunTime:0.000859s ]
INFO: [ app_begin ] --END-- [ RunTime:0.000977s ]
SQL: SHOW COLUMNS FROM `zx_user` [ RunTime:0.0223s ]
SQL: SELECT COUNT(*) AS tp_count FROM `zx_user` LIMIT 1   [ RunTime:0.0009s ]
SQL: SELECT * FROM `zx_user` WHERE ( utype=1 ) LIMIT 0,5   [ RunTime:0.0010s ]
INFO: [ view_parse ] --START--
INFO: [ template_filter ] --START--
INFO: Run Behavior\ContentReplaceBehavior [ RunTime:0.000108s ]
INFO: [ template_filter ] --END-- [ RunTime:0.000223s ]
INFO: Run Behavior\ParseTemplateBehavior [ RunTime:0.084003s ]
INFO: [ view_parse ] --END-- [ RunTime:0.084075s ]
INFO: [ view_filter ] --START--
INFO: Run Behavior\WriteHtmlCacheBehavior [ RunTime:0.000348s ]
INFO: [ view_filter ] --END-- [ RunTime:0.000378s ]
INFO: [ app_end ] --START--
INFO: Run Behavior\ShowPageTraceBehavior [ RunTime:0.000851s ]
INFO: [ app_end ] --END-- [ RunTime:0.000913s ]

[ 2019-01-10T15:32:42+08:00 ] ::1 /phpText/ZGXG/ZGXG1/thinkphp_3.2.3/admin.php/Home/Emplist/menu2.html
INFO: [ app_init ] --START--
INFO: Run Behavior\BuildLiteBehavior [ RunTime:0.000011s ]
INFO: [ app_init ] --END-- [ RunTime:0.000360s ]
INFO: [ app_begin ] --START--
INFO: Run Behavior\ReadHtmlCacheBehavior [ RunTime:0.000697s ]
INFO: [ app_begin ] --END-- [ RunTime:0.000754s ]
SQL: SHOW COLUMNS FROM `zx_user` [ RunTime:0.0212s ]
SQL: SELECT COUNT(*) AS tp_count FROM `zx_user` LIMIT 1   [ RunTime:0.0004s ]
SQL: SELECT * FROM `zx_user` WHERE ( utype=2 ) LIMIT 0,5   [ RunTime:0.0010s ]
INFO: [ view_parse ] --START--
INFO: [ template_filter ] --START--
INFO: Run Behavior\ContentReplaceBehavior [ RunTime:0.000082s ]
INFO: [ template_filter ] --END-- [ RunTime:0.000131s ]
INFO: Run Behavior\ParseTemplateBehavior [ RunTime:0.086289s ]
INFO: [ view_parse ] --END-- [ RunTime:0.086381s ]
INFO: [ view_filter ] --START--
INFO: Run Behavior\WriteHtmlCacheBehavior [ RunTime:0.000394s ]
INFO: [ view_filter ] --END-- [ RunTime:0.000432s ]
INFO: [ app_end ] --START--
INFO: Run Behavior\ShowPageTraceBehavior [ RunTime:0.000733s ]
INFO: [ app_end ] --END-- [ RunTime:0.000770s ]

[ 2019-01-10T15:32:43+08:00 ] ::1 /phpText/ZGXG/ZGXG1/thinkphp_3.2.3/admin.php/Home/Kecheng/articlelist.html
INFO: [ app_init ] --START--
INFO: Run Behavior\BuildLiteBehavior [ RunTime:0.000020s ]
INFO: [ app_init ] --END-- [ RunTime:0.000352s ]
INFO: [ app_begin ] --START--
INFO: Run Behavior\ReadHtmlCacheBehavior [ RunTime:0.000633s ]
INFO: [ app_begin ] --END-- [ RunTime:0.000716s ]
SQL: SHOW COLUMNS FROM `zx_video` [ RunTime:0.0190s ]
SQL: SELECT COUNT(*) AS tp_count FROM `zx_video` LIMIT 1   [ RunTime:0.0117s ]
NOTIC: [2] Invalid argument supplied for foreach() D:\XAMPP\htdocs\phpText\ZGXG\ZGXG1\thinkphp_3.2.3\ThinkPHP\Library\Think\Db\Driver.class.php 第 504 行.
SQL: SELECT * FROM `zx_video` LIMIT 0,5   [ RunTime:0.0006s ]
INFO: [ view_parse ] --START--
INFO: [ template_filter ] --START--
INFO: Run Behavior\ContentReplaceBehavior [ RunTime:0.000074s ]
INFO: [ template_filter ] --END-- [ RunTime:0.000126s ]
NOTIC: [8] Undefined variable: list1 D:\XAMPP\htdocs\phpText\ZGXG\ZGXG1\thinkphp_3.2.3\Admin\Runtime\Cache\Home\2cd9266ac21333f17e1ba0ef2013a725.php 第 103 行.
NOTIC: [8] Undefined index: upassword D:\XAMPP\htdocs\phpText\ZGXG\ZGXG1\thinkphp_3.2.3\Admin\Runtime\Cache\Home\2cd9266ac21333f17e1ba0ef2013a725.php 第 144 行.
NOTIC: [8] Undefined index: uemail D:\XAMPP\htdocs\phpText\ZGXG\ZGXG1\thinkphp_3.2.3\Admin\Runtime\Cache\Home\2cd9266ac21333f17e1ba0ef2013a725.php 第 145 行.
NOTIC: [8] Undefined index: uphone D:\XAMPP\htdocs\phpText\ZGXG\ZGXG1\thinkphp_3.2.3\Admin\Runtime\Cache\Home\2cd9266ac21333f17e1ba0ef2013a725.php 第 146 行.
NOTIC: [8] Undefined index: utype D:\XAMPP\htdocs\phpText\ZGXG\ZGXG1\thinkphp_3.2.3\Admin\Runtime\Cache\Home\2cd9266ac21333f17e1ba0ef2013a725.php 第 147 行.
NOTIC: [8] Undefined index: upassword D:\XAMPP\htdocs\phpText\ZGXG\ZGXG1\thinkphp_3.2.3\Admin\Runtime\Cache\Home\2cd9266ac21333f17e1ba0ef2013a725.php 第 144 行.
NOTIC: [8] Undefined index: uemail D:\XAMPP\htdocs\phpText\ZGXG\ZGXG1\thinkphp_3.2.3\Admin\Runtime\Cache\Home\2cd9266ac21333f17e1ba0ef2013a725.php 第 145 行.
NOTIC: [8] Undefined index: uphone D:\XAMPP\htdocs\phpText\ZGXG\ZGXG1\thinkphp_3.2.3\Admin\Runtime\Cache\Home\2cd9266ac21333f17e1ba0ef2013a725.php 第 146 行.
NOTIC: [8] Undefined index: utype D:\XAMPP\htdocs\phpText\ZGXG\ZGXG1\thinkphp_3.2.3\Admin\Runtime\Cache\Home\2cd9266ac21333f17e1ba0ef2013a725.php 第 147 行.
NOTIC: [8] Undefined index: upassword D:\XAMPP\htdocs\phpText\ZGXG\ZGXG1\thinkphp_3.2.3\Admin\Runtime\Cache\Home\2cd9266ac21333f17e1ba0ef2013a725.php 第 144 行.
NOTIC: [8] Undefined index: uemail D:\XAMPP\htdocs\phpText\ZGXG\ZGXG1\thinkphp_3.2.3\Admin\Runtime\Cache\Home\2cd9266ac21333f17e1ba0ef2013a725.php 第 145 行.
NOTIC: [8] Undefined index: uphone D:\XAMPP\htdocs\phpText\ZGXG\ZGXG1\thinkphp_3.2.3\Admin\Runtime\Cache\Home\2cd9266ac21333f17e1ba0ef2013a725.php 第 146 行.
NOTIC: [8] Undefined index: utype D:\XAMPP\htdocs\phpText\ZGXG\ZGXG1\thinkphp_3.2.3\Admin\Runtime\Cache\Home\2cd9266ac21333f17e1ba0ef2013a725.php 第 147 行.
NOTIC: [8] Undefined index: upassword D:\XAMPP\htdocs\phpText\ZGXG\ZGXG1\thinkphp_3.2.3\Admin\Runtime\Cache\Home\2cd9266ac21333f17e1ba0ef2013a725.php 第 144 行.
NOTIC: [8] Undefined index: uemail D:\XAMPP\htdocs\phpText\ZGXG\ZGXG1\thinkphp_3.2.3\Admin\Runtime\Cache\Home\2cd9266ac21333f17e1ba0ef2013a725.php 第 145 行.
NOTIC: [8] Undefined index: uphone D:\XAMPP\htdocs\phpText\ZGXG\ZGXG1\thinkphp_3.2.3\Admin\Runtime\Cache\Home\2cd9266ac21333f17e1ba0ef2013a725.php 第 146 行.
NOTIC: [8] Undefined index: utype D:\XAMPP\htdocs\phpText\ZGXG\ZGXG1\thinkphp_3.2.3\Admin\Runtime\Cache\Home\2cd9266ac21333f17e1ba0ef2013a725.php 第 147 行.
NOTIC: [8] Undefined index: upassword D:\XAMPP\htdocs\phpText\ZGXG\ZGXG1\thinkphp_3.2.3\Admin\Runtime\Cache\Home\2cd9266ac21333f17e1ba0ef2013a725.php 第 144 行.
NOTIC: [8] Undefined index: uemail D:\XAMPP\htdocs\phpText\ZGXG\ZGXG1\thinkphp_3.2.3\Admin\Runtime\Cache\Home\2cd9266ac21333f17e1ba0ef2013a725.php 第 145 行.
NOTIC: [8] Undefined index: uphone D:\XAMPP\htdocs\phpText\ZGXG\ZGXG1\thinkphp_3.2.3\Admin\Runtime\Cache\Home\2cd9266ac21333f17e1ba0ef2013a725.php 第 146 行.
NOTIC: [8] Undefined index: utype D:\XAMPP\htdocs\phpText\ZGXG\ZGXG1\thinkphp_3.2.3\Admin\Runtime\Cache\Home\2cd9266ac21333f17e1ba0ef2013a725.php 第 147 行.
INFO: Run Behavior\ParseTemplateBehavior [ RunTime:0.086293s ]
INFO: [ view_parse ] --END-- [ RunTime:0.086391s ]
INFO: [ view_filter ] --START--
INFO: Run Behavior\WriteHtmlCacheBehavior [ RunTime:0.000656s ]
INFO: [ view_filter ] --END-- [ RunTime:0.000705s ]
INFO: [ app_end ] --START--
INFO: Run Behavior\ShowPageTraceBehavior [ RunTime:0.000847s ]
INFO: [ app_end ] --END-- [ RunTime:0.000923s ]

[ 2019-01-10T15:32:43+08:00 ] ::1 /phpText/ZGXG/ZGXG1/thinkphp_3.2.3/admin.php/Home/Kecheng/danyelist.html
INFO: [ app_init ] --START--
INFO: Run Behavior\BuildLiteBehavior [ RunTime:0.000012s ]
INFO: [ app_init ] --END-- [ RunTime:0.000376s ]
INFO: [ app_begin ] --START--
INFO: Run Behavior\ReadHtmlCacheBehavior [ RunTime:0.000515s ]
INFO: [ app_begin ] --END-- [ RunTime:0.000567s ]
SQL: SHOW COLUMNS FROM `zx_major` [ RunTime:0.0257s ]
SQL: SELECT COUNT(*) AS tp_count FROM `zx_major` LIMIT 1   [ RunTime:0.0277s ]
NOTIC: [2] Invalid argument supplied for foreach() D:\XAMPP\htdocs\phpText\ZGXG\ZGXG1\thinkphp_3.2.3\ThinkPHP\Library\Think\Db\Driver.class.php 第 504 行.
SQL: SELECT * FROM `zx_major` LIMIT 0,5   [ RunTime:0.0003s ]
INFO: [ view_parse ] --START--
INFO: [ template_filter ] --START--
INFO: Run Behavior\ContentReplaceBehavior [ RunTime:0.000099s ]
INFO: [ template_filter ] --END-- [ RunTime:0.000175s ]
NOTIC: [8] Undefined index: upassword D:\XAMPP\htdocs\phpText\ZGXG\ZGXG1\thinkphp_3.2.3\Admin\Runtime\Cache\Home\888488848267158d44926e6a94b579d3.php 第 126 行.
NOTIC: [8] Undefined index: uemail D:\XAMPP\htdocs\phpText\ZGXG\ZGXG1\thinkphp_3.2.3\Admin\Runtime\Cache\Home\888488848267158d44926e6a94b579d3.php 第 127 行.
NOTIC: [8] Undefined index: uphone D:\XAMPP\htdocs\phpText\ZGXG\ZGXG1\thinkphp_3.2.3\Admin\Runtime\Cache\Home\888488848267158d44926e6a94b579d3.php 第 128 行.
NOTIC: [8] Undefined index: utype D:\XAMPP\htdocs\phpText\ZGXG\ZGXG1\thinkphp_3.2.3\Admin\Runtime\Cache\Home\888488848267158d44926e6a94b579d3.php 第 129 行.
NOTIC: [8] Undefined index: upassword D:\XAMPP\htdocs\phpText\ZGXG\ZGXG1\thinkphp_3.2.3\Admin\Runtime\Cache\Home\888488848267158d44926e6a94b579d3.php 第 126 行.
NOTIC: [8] Undefined index: uemail D:\XAMPP\htdocs\phpText\ZGXG\ZGXG1\thinkphp_3.2.3\Admin\Runtime\Cache\Home\888488848267158d44926e6a94b579d3.php 第 127 行.
NOTIC: [8] Undefined index: uphone D:\XAMPP\htdocs\phpText\ZGXG\ZGXG1\thinkphp_3.2.3\Admin\Runtime\Cache\Home\888488848267158d44926e6a94b579d3.php 第 128 行.
NOTIC: [8] Undefined index: utype D:\XAMPP\htdocs\phpText\ZGXG\ZGXG1\thinkphp_3.2.3\Admin\Runtime\Cache\Home\888488848267158d44926e6a94b579d3.php 第 129 行.
NOTIC: [8] Undefined index: upassword D:\XAMPP\htdocs\phpText\ZGXG\ZGXG1\thinkphp_3.2.3\Admin\Runtime\Cache\Home\888488848267158d44926e6a94b579d3.php 第 126 行.
NOTIC: [8] Undefined index: uemail D:\XAMPP\htdocs\phpText\ZGXG\ZGXG1\thinkphp_3.2.3\Admin\Runtime\Cache\Home\888488848267158d44926e6a94b579d3.php 第 127 行.
NOTIC: [8] Undefined index: uphone D:\XAMPP\htdocs\phpText\ZGXG\ZGXG1\thinkphp_3.2.3\Admin\Runtime\Cache\Home\888488848267158d44926e6a94b579d3.php 第 128 行.
NOTIC: [8] Undefined index: utype D:\XAMPP\htdocs\phpText\ZGXG\ZGXG1\thinkphp_3.2.3\Admin\Runtime\Cache\Home\888488848267158d44926e6a94b579d3.php 第 129 行.
NOTIC: [8] Undefined index: upassword D:\XAMPP\htdocs\phpText\ZGXG\ZGXG1\thinkphp_3.2.3\Admin\Runtime\Cache\Home\888488848267158d44926e6a94b579d3.php 第 126 行.
NOTIC: [8] Undefined index: uemail D:\XAMPP\htdocs\phpText\ZGXG\ZGXG1\thinkphp_3.2.3\Admin\Runtime\Cache\Home\888488848267158d44926e6a94b579d3.php 第 127 行.
NOTIC: [8] Undefined index: uphone D:\XAMPP\htdocs\phpText\ZGXG\ZGXG1\thinkphp_3.2.3\Admin\Runtime\Cache\Home\888488848267158d44926e6a94b579d3.php 第 128 行.
NOTIC: [8] Undefined index: utype D:\XAMPP\htdocs\phpText\ZGXG\ZGXG1\thinkphp_3.2.3\Admin\Runtime\Cache\Home\888488848267158d44926e6a94b579d3.php 第 129 行.
NOTIC: [8] Undefined index: upassword D:\XAMPP\htdocs\phpText\ZGXG\ZGXG1\thinkphp_3.2.3\Admin\Runtime\Cache\Home\888488848267158d44926e6a94b579d3.php 第 126 行.
NOTIC: [8] Undefined index: uemail D:\XAMPP\htdocs\phpText\ZGXG\ZGXG1\thinkphp_3.2.3\Admin\Runtime\Cache\Home\888488848267158d44926e6a94b579d3.php 第 127 行.
NOTIC: [8] Undefined index: uphone D:\XAMPP\htdocs\phpText\ZGXG\ZGXG1\thinkphp_3.2.3\Admin\Runtime\Cache\Home\888488848267158d44926e6a94b579d3.php 第 128 行.
NOTIC: [8] Undefined index: utype D:\XAMPP\htdocs\phpText\ZGXG\ZGXG1\thinkphp_3.2.3\Admin\Runtime\Cache\Home\888488848267158d44926e6a94b579d3.php 第 129 行.
NOTIC: [8] Undefined index: upassword D:\XAMPP\htdocs\phpText\ZGXG\ZGXG1\thinkphp_3.2.3\Admin\Runtime\Cache\Home\888488848267158d44926e6a94b579d3.php 第 163 行.
NOTIC: [8] Undefined index: uemail D:\XAMPP\htdocs\phpText\ZGXG\ZGXG1\thinkphp_3.2.3\Admin\Runtime\Cache\Home\888488848267158d44926e6a94b579d3.php 第 164 行.
NOTIC: [8] Undefined index: uphone D:\XAMPP\htdocs\phpText\ZGXG\ZGXG1\thinkphp_3.2.3\Admin\Runtime\Cache\Home\888488848267158d44926e6a94b579d3.php 第 165 行.
NOTIC: [8] Undefined index: utype D:\XAMPP\htdocs\phpText\ZGXG\ZGXG1\thinkphp_3.2.3\Admin\Runtime\Cache\Home\888488848267158d44926e6a94b579d3.php 第 166 行.
NOTIC: [8] Undefined index: upassword D:\XAMPP\htdocs\phpText\ZGXG\ZGXG1\thinkphp_3.2.3\Admin\Runtime\Cache\Home\888488848267158d44926e6a94b579d3.php 第 163 行.
NOTIC: [8] Undefined index: uemail D:\XAMPP\htdocs\phpText\ZGXG\ZGXG1\thinkphp_3.2.3\Admin\Runtime\Cache\Home\888488848267158d44926e6a94b579d3.php 第 164 行.
NOTIC: [8] Undefined index: uphone D:\XAMPP\htdocs\phpText\ZGXG\ZGXG1\thinkphp_3.2.3\Admin\Runtime\Cache\Home\888488848267158d44926e6a94b579d3.php 第 165 行.
NOTIC: [8] Undefined index: utype D:\XAMPP\htdocs\phpText\ZGXG\ZGXG1\thinkphp_3.2.3\Admin\Runtime\Cache\Home\888488848267158d44926e6a94b579d3.php 第 166 行.
NOTIC: [8] Undefined index: upassword D:\XAMPP\htdocs\phpText\ZGXG\ZGXG1\thinkphp_3.2.3\Admin\Runtime\Cache\Home\888488848267158d44926e6a94b579d3.php 第 163 行.
NOTIC: [8] Undefined index: uemail D:\XAMPP\htdocs\phpText\ZGXG\ZGXG1\thinkphp_3.2.3\Admin\Runtime\Cache\Home\888488848267158d44926e6a94b579d3.php 第 164 行.
NOTIC: [8] Undefined index: uphone D:\XAMPP\htdocs\phpText\ZGXG\ZGXG1\thinkphp_3.2.3\Admin\Runtime\Cache\Home\888488848267158d44926e6a94b579d3.php 第 165 行.
NOTIC: [8] Undefined index: utype D:\XAMPP\htdocs\phpText\ZGXG\ZGXG1\thinkphp_3.2.3\Admin\Runtime\Cache\Home\888488848267158d44926e6a94b579d3.php 第 166 行.
NOTIC: [8] Undefined index: upassword D:\XAMPP\htdocs\phpText\ZGXG\ZGXG1\thinkphp_3.2.3\Admin\Runtime\Cache\Home\888488848267158d44926e6a94b579d3.php 第 163 行.
NOTIC: [8] Undefined index: uemail D:\XAMPP\htdocs\phpText\ZGXG\ZGXG1\thinkphp_3.2.3\Admin\Runtime\Cache\Home\888488848267158d44926e6a94b579d3.php 第 164 行.
NOTIC: [8] Undefined index: uphone D:\XAMPP\htdocs\phpText\ZGXG\ZGXG1\thinkphp_3.2.3\Admin\Runtime\Cache\Home\888488848267158d44926e6a94b579d3.php 第 165 行.
NOTIC: [8] Undefined index: utype D:\XAMPP\htdocs\phpText\ZGXG\ZGXG1\thinkphp_3.2.3\Admin\Runtime\Cache\Home\888488848267158d44926e6a94b579d3.php 第 166 行.
NOTIC: [8] Undefined index: upassword D:\XAMPP\htdocs\phpText\ZGXG\ZGXG1\thinkphp_3.2.3\Admin\Runtime\Cache\Home\888488848267158d44926e6a94b579d3.php 第 163 行.
NOTIC: [8] Undefined index: uemail D:\XAMPP\htdocs\phpText\ZGXG\ZGXG1\thinkphp_3.2.3\Admin\Runtime\Cache\Home\888488848267158d44926e6a94b579d3.php 第 164 行.
NOTIC: [8] Undefined index: uphone D:\XAMPP\htdocs\phpText\ZGXG\ZGXG1\thinkphp_3.2.3\Admin\Runtime\Cache\Home\888488848267158d44926e6a94b579d3.php 第 165 行.
NOTIC: [8] Undefined index: utype D:\XAMPP\htdocs\phpText\ZGXG\ZGXG1\thinkphp_3.2.3\Admin\Runtime\Cache\Home\888488848267158d44926e6a94b579d3.php 第 166 行.
INFO: Run Behavior\ParseTemplateBehavior [ RunTime:0.089004s ]
INFO: [ view_parse ] --END-- [ RunTime:0.089053s ]
INFO: [ view_filter ] --START--
INFO: Run Behavior\WriteHtmlCacheBehavior [ RunTime:0.000360s ]
INFO: [ view_filter ] --END-- [ RunTime:0.000393s ]
INFO: [ app_end ] --START--
INFO: Run Behavior\ShowPageTraceBehavior [ RunTime:0.001345s ]
INFO: [ app_end ] --END-- [ RunTime:0.001435s ]

