[ 2019-01-04T10:05:14+08:00 ] ::1 /phpText/ZGXG/ZGXG1/thinkphp_3.2.3/index.php
INFO: [ app_init ] --START--
INFO: Run Behavior\BuildLiteBehavior [ RunTime:0.000027s ]
INFO: [ app_init ] --END-- [ RunTime:0.041192s ]
INFO: [ app_begin ] --START--
INFO: Run Behavior\ReadHtmlCacheBehavior [ RunTime:0.037299s ]
INFO: [ app_begin ] --END-- [ RunTime:0.037384s ]
INFO: [ view_parse ] --START--
INFO: [ template_filter ] --START--
INFO: Run Behavior\ContentReplaceBehavior [ RunTime:0.001054s ]
INFO: [ template_filter ] --END-- [ RunTime:0.001138s ]
INFO: Run Behavior\ParseTemplateBehavior [ RunTime:0.350127s ]
INFO: [ view_parse ] --END-- [ RunTime:0.350192s ]
INFO: [ view_filter ] --START--
INFO: Run Behavior\WriteHtmlCacheBehavior [ RunTime:0.028904s ]
INFO: [ view_filter ] --END-- [ RunTime:0.028972s ]
INFO: [ app_end ] --START--
INFO: Run Behavior\ShowPageTraceBehavior [ RunTime:0.019199s ]
INFO: [ app_end ] --END-- [ RunTime:0.019314s ]

[ 2019-01-04T10:05:18+08:00 ] ::1 /phpText/ZGXG/ZGXG1/thinkphp_3.2.3/index.php/Home/index/login.html
INFO: [ app_init ] --START--
INFO: Run Behavior\BuildLiteBehavior [ RunTime:0.000021s ]
INFO: [ app_init ] --END-- [ RunTime:0.002150s ]
INFO: [ app_begin ] --START--
INFO: Run Behavior\ReadHtmlCacheBehavior [ RunTime:0.000782s ]
INFO: [ app_begin ] --END-- [ RunTime:0.000829s ]
INFO: [ view_parse ] --START--
INFO: [ template_filter ] --START--
INFO: Run Behavior\ContentReplaceBehavior [ RunTime:0.000097s ]
INFO: [ template_filter ] --END-- [ RunTime:0.000145s ]
INFO: Run Behavior\ParseTemplateBehavior [ RunTime:0.308970s ]
INFO: [ view_parse ] --END-- [ RunTime:0.309033s ]
INFO: [ view_filter ] --START--
INFO: Run Behavior\WriteHtmlCacheBehavior [ RunTime:0.000545s ]
INFO: [ view_filter ] --END-- [ RunTime:0.000573s ]
INFO: [ app_end ] --START--
INFO: Run Behavior\ShowPageTraceBehavior [ RunTime:0.001125s ]
INFO: [ app_end ] --END-- [ RunTime:0.001165s ]

[ 2019-01-04T10:07:30+08:00 ] ::1 /phpText/ZGXG/ZGXG1/thinkphp_3.2.3/index.php/Home/index/register.html
INFO: [ app_init ] --START--
INFO: Run Behavior\BuildLiteBehavior [ RunTime:0.000014s ]
INFO: [ app_init ] --END-- [ RunTime:0.000815s ]
INFO: [ app_begin ] --START--
INFO: Run Behavior\ReadHtmlCacheBehavior [ RunTime:0.001092s ]
INFO: [ app_begin ] --END-- [ RunTime:0.001176s ]
INFO: [ view_parse ] --START--
INFO: [ template_filter ] --START--
INFO: Run Behavior\ContentReplaceBehavior [ RunTime:0.000281s ]
INFO: [ template_filter ] --END-- [ RunTime:0.000429s ]
INFO: Run Behavior\ParseTemplateBehavior [ RunTime:0.330835s ]
INFO: [ view_parse ] --END-- [ RunTime:0.330943s ]
INFO: [ view_filter ] --START--
INFO: Run Behavior\WriteHtmlCacheBehavior [ RunTime:0.001099s ]
INFO: [ view_filter ] --END-- [ RunTime:0.001151s ]
INFO: [ app_end ] --START--
INFO: Run Behavior\ShowPageTraceBehavior [ RunTime:0.001423s ]
INFO: [ app_end ] --END-- [ RunTime:0.001504s ]

[ 2019-01-04T10:07:30+08:00 ] ::1 /phpText/ZGXG/ZGXG1/thinkphp_3.2.3/index.php/Home/register/getVerify.html
INFO: [ app_init ] --START--
INFO: Run Behavior\BuildLiteBehavior [ RunTime:0.000030s ]
INFO: [ app_init ] --END-- [ RunTime:0.000742s ]
INFO: [ app_begin ] --START--
INFO: Run Behavior\ReadHtmlCacheBehavior [ RunTime:0.002677s ]
INFO: [ app_begin ] --END-- [ RunTime:0.002908s ]
INFO: [ app_end ] --START--
INFO: Run Behavior\ShowPageTraceBehavior [ RunTime:0.000815s ]
INFO: [ app_end ] --END-- [ RunTime:0.000903s ]

[ 2019-01-04T10:09:06+08:00 ] ::1 /phpText/ZGXG/ZGXG1/thinkphp_3.2.3/index.php/Home/index/phoneregister.html
INFO: [ app_init ] --START--
INFO: Run Behavior\BuildLiteBehavior [ RunTime:0.000012s ]
INFO: [ app_init ] --END-- [ RunTime:0.000707s ]
INFO: [ app_begin ] --START--
INFO: Run Behavior\ReadHtmlCacheBehavior [ RunTime:0.000849s ]
INFO: [ app_begin ] --END-- [ RunTime:0.000897s ]
INFO: [ view_parse ] --START--
INFO: [ template_filter ] --START--
INFO: Run Behavior\ContentReplaceBehavior [ RunTime:0.000166s ]
INFO: [ template_filter ] --END-- [ RunTime:0.000218s ]
INFO: Run Behavior\ParseTemplateBehavior [ RunTime:0.266407s ]
INFO: [ view_parse ] --END-- [ RunTime:0.266453s ]
INFO: [ view_filter ] --START--
INFO: Run Behavior\WriteHtmlCacheBehavior [ RunTime:0.000577s ]
INFO: [ view_filter ] --END-- [ RunTime:0.000607s ]
INFO: [ app_end ] --START--
INFO: Run Behavior\ShowPageTraceBehavior [ RunTime:0.000867s ]
INFO: [ app_end ] --END-- [ RunTime:0.000964s ]

[ 2019-01-04T10:32:48+08:00 ] ::1 /phpText/ZGXG/ZGXG1/thinkphp_3.2.3/index.php/Home/index/login.html
INFO: [ app_init ] --START--
INFO: Run Behavior\BuildLiteBehavior [ RunTime:0.000027s ]
INFO: [ app_init ] --END-- [ RunTime:0.001068s ]
INFO: [ app_begin ] --START--
INFO: Run Behavior\ReadHtmlCacheBehavior [ RunTime:0.001689s ]
INFO: [ app_begin ] --END-- [ RunTime:0.001813s ]
INFO: [ view_parse ] --START--
INFO: [ template_filter ] --START--
INFO: Run Behavior\ContentReplaceBehavior [ RunTime:0.000123s ]
INFO: [ template_filter ] --END-- [ RunTime:0.000179s ]
INFO: Run Behavior\ParseTemplateBehavior [ RunTime:0.192519s ]
INFO: [ view_parse ] --END-- [ RunTime:0.192854s ]
INFO: [ view_filter ] --START--
INFO: Run Behavior\WriteHtmlCacheBehavior [ RunTime:0.000615s ]
INFO: [ view_filter ] --END-- [ RunTime:0.000662s ]
INFO: [ app_end ] --START--
INFO: Run Behavior\ShowPageTraceBehavior [ RunTime:0.000935s ]
INFO: [ app_end ] --END-- [ RunTime:0.000987s ]

[ 2019-01-04T10:32:51+08:00 ] ::1 /phpText/ZGXG/ZGXG1/thinkphp_3.2.3/index.php/Home/login/login.html
INFO: [ app_init ] --START--
INFO: Run Behavior\BuildLiteBehavior [ RunTime:0.000012s ]
INFO: [ app_init ] --END-- [ RunTime:0.000528s ]
INFO: [ app_begin ] --START--
INFO: Run Behavior\ReadHtmlCacheBehavior [ RunTime:0.001022s ]
INFO: [ app_begin ] --END-- [ RunTime:0.001169s ]
SQL: SHOW COLUMNS FROM `zx_user` [ RunTime:0.0366s ]
SQL: SELECT * FROM `zx_user` WHERE ( uaccount = '1' ) LIMIT 1   [ RunTime:0.0007s ]
INFO: [ view_parse ] --START--
INFO: [ template_filter ] --START--
INFO: Run Behavior\ContentReplaceBehavior [ RunTime:0.000103s ]
INFO: [ template_filter ] --END-- [ RunTime:0.000145s ]
INFO: Run Behavior\ParseTemplateBehavior [ RunTime:0.200195s ]
INFO: [ view_parse ] --END-- [ RunTime:0.200270s ]
INFO: [ view_filter ] --START--
INFO: Run Behavior\WriteHtmlCacheBehavior [ RunTime:0.000489s ]
INFO: [ view_filter ] --END-- [ RunTime:0.000555s ]
INFO: [ app_end ] --START--
INFO: Run Behavior\ShowPageTraceBehavior [ RunTime:0.001437s ]
INFO: [ app_end ] --END-- [ RunTime:0.001687s ]

[ 2019-01-04T10:32:53+08:00 ] ::1 /phpText/ZGXG/ZGXG1/thinkphp_3.2.3/index.php/Home/index1/index.html
INFO: [ app_init ] --START--
INFO: Run Behavior\BuildLiteBehavior [ RunTime:0.000012s ]
INFO: [ app_init ] --END-- [ RunTime:0.000709s ]
INFO: [ app_begin ] --START--
INFO: Run Behavior\ReadHtmlCacheBehavior [ RunTime:0.000621s ]
INFO: [ app_begin ] --END-- [ RunTime:0.000681s ]
SQL: SHOW COLUMNS FROM `zx_user` [ RunTime:0.0289s ]
SQL: SHOW COLUMNS FROM `zx_courses` [ RunTime:0.0131s ]
SQL: SELECT ch.*,co.cname FROM (SELECT ccid,COUNT(*) FROM zx_chapter GROUP BY ccid) as ch LEFT JOIN zx_courses as co on ch.ccid = co.cid [ RunTime:0.0570s ]
SQL: SELECT cid,cname,cphoto,cdescribe,ctype,SUM(grade) as sum FROM zx_grade,zx_courses WHERE zx_grade.gcid = zx_courses.cid GROUP BY cname ORDER BY SUM DESC
LIMIT 9 [ RunTime:0.0235s ]
SQL: SELECT * FROM `zx_courses` WHERE ( ctype = 1 )  [ RunTime:0.0003s ]
SQL: SELECT * FROM `zx_user` WHERE ( uid = 1 ) LIMIT 1   [ RunTime:0.0003s ]
INFO: [ view_parse ] --START--
INFO: [ template_filter ] --START--
INFO: Run Behavior\ContentReplaceBehavior [ RunTime:0.000409s ]
INFO: [ template_filter ] --END-- [ RunTime:0.000477s ]
INFO: Run Behavior\ParseTemplateBehavior [ RunTime:0.267505s ]
INFO: [ view_parse ] --END-- [ RunTime:0.267576s ]
INFO: [ view_filter ] --START--
INFO: Run Behavior\WriteHtmlCacheBehavior [ RunTime:0.000615s ]
INFO: [ view_filter ] --END-- [ RunTime:0.000655s ]
INFO: [ app_end ] --START--
INFO: Run Behavior\ShowPageTraceBehavior [ RunTime:0.000835s ]
INFO: [ app_end ] --END-- [ RunTime:0.000905s ]

[ 2019-01-04T10:32:53+08:00 ] ::1 /phpText/ZGXG/ZGXG1/thinkphp_3.2.3/index.php/Home/index1/index.html
INFO: [ app_init ] --START--
INFO: Run Behavior\BuildLiteBehavior [ RunTime:0.000015s ]
INFO: [ app_init ] --END-- [ RunTime:0.000537s ]
INFO: [ app_begin ] --START--
INFO: Run Behavior\ReadHtmlCacheBehavior [ RunTime:0.001587s ]
INFO: [ app_begin ] --END-- [ RunTime:0.001691s ]
SQL: SHOW COLUMNS FROM `zx_user` [ RunTime:0.0225s ]
SQL: SHOW COLUMNS FROM `zx_courses` [ RunTime:0.0099s ]
SQL: SELECT ch.*,co.cname FROM (SELECT ccid,COUNT(*) FROM zx_chapter GROUP BY ccid) as ch LEFT JOIN zx_courses as co on ch.ccid = co.cid [ RunTime:0.0006s ]
SQL: SELECT cid,cname,cphoto,cdescribe,ctype,SUM(grade) as sum FROM zx_grade,zx_courses WHERE zx_grade.gcid = zx_courses.cid GROUP BY cname ORDER BY SUM DESC
LIMIT 9 [ RunTime:0.0008s ]
SQL: SELECT * FROM `zx_courses` WHERE ( ctype = 1 )  [ RunTime:0.0004s ]
SQL: SELECT * FROM `zx_user` WHERE ( uid = 1 ) LIMIT 1   [ RunTime:0.0003s ]
INFO: [ view_parse ] --START--
INFO: [ template_filter ] --START--
INFO: Run Behavior\ContentReplaceBehavior [ RunTime:0.000455s ]
INFO: [ template_filter ] --END-- [ RunTime:0.000520s ]
INFO: Run Behavior\ParseTemplateBehavior [ RunTime:0.129661s ]
INFO: [ view_parse ] --END-- [ RunTime:0.129713s ]
INFO: [ view_filter ] --START--
INFO: Run Behavior\WriteHtmlCacheBehavior [ RunTime:0.000786s ]
INFO: [ view_filter ] --END-- [ RunTime:0.000818s ]
INFO: [ app_end ] --START--
INFO: Run Behavior\ShowPageTraceBehavior [ RunTime:0.001822s ]
INFO: [ app_end ] --END-- [ RunTime:0.001911s ]

[ 2019-01-04T10:33:11+08:00 ] ::1 /phpText/ZGXG/ZGXG1/thinkphp_3.2.3/index.php/Home/personal/index/utype/1.html
INFO: [ app_init ] --START--
INFO: Run Behavior\BuildLiteBehavior [ RunTime:0.000010s ]
INFO: [ app_init ] --END-- [ RunTime:0.000450s ]
INFO: [ app_begin ] --START--
INFO: Run Behavior\ReadHtmlCacheBehavior [ RunTime:0.001882s ]
INFO: [ app_begin ] --END-- [ RunTime:0.002452s ]
SQL: SHOW COLUMNS FROM `zx_user` [ RunTime:0.0254s ]
SQL: SHOW COLUMNS FROM `zx_courses` [ RunTime:0.0148s ]
SQL: SHOW COLUMNS FROM `zx_major` [ RunTime:0.0216s ]
SQL: SHOW COLUMNS FROM `zx_uc` [ RunTime:0.0237s ]
SQL: SELECT * FROM `zx_user` WHERE ( uid = 1 )  [ RunTime:0.0005s ]
SQL: SELECT ch.*,co.cname FROM (SELECT ccid,COUNT(*) FROM zx_chapter GROUP BY ccid) as ch LEFT JOIN zx_courses as co on ch.ccid = co.cid [ RunTime:0.0008s ]
SQL: SELECT cid,cname,cphoto,cdescribe from zx_uc,zx_user,zx_courses WHERE zx_courses.cid = zx_uc.sccid AND zx_uc.scuid =zx_user.uid AND uid = 1 [ RunTime:0.0162s ]
SQL: SELECT * FROM `zx_courses`  [ RunTime:0.0005s ]
SQL: SELECT * FROM `zx_major`  [ RunTime:0.0008s ]
INFO: [ view_parse ] --START--
INFO: [ template_filter ] --START--
INFO: Run Behavior\ContentReplaceBehavior [ RunTime:0.000284s ]
INFO: [ template_filter ] --END-- [ RunTime:0.000360s ]
INFO: Run Behavior\ParseTemplateBehavior [ RunTime:0.432918s ]
INFO: [ view_parse ] --END-- [ RunTime:0.433048s ]
INFO: [ view_filter ] --START--
INFO: Run Behavior\WriteHtmlCacheBehavior [ RunTime:0.001171s ]
INFO: [ view_filter ] --END-- [ RunTime:0.001247s ]
INFO: [ app_end ] --START--
INFO: Run Behavior\ShowPageTraceBehavior [ RunTime:0.001489s ]
INFO: [ app_end ] --END-- [ RunTime:0.001553s ]

[ 2019-01-04T10:33:34+08:00 ] ::1 /phpText/ZGXG/ZGXG1/thinkphp_3.2.3/index.php/Home/Chapter/index/cid/1.html
INFO: [ app_init ] --START--
INFO: Run Behavior\BuildLiteBehavior [ RunTime:0.000011s ]
INFO: [ app_init ] --END-- [ RunTime:0.000353s ]
INFO: [ app_begin ] --START--
INFO: Run Behavior\ReadHtmlCacheBehavior [ RunTime:0.000475s ]
INFO: [ app_begin ] --END-- [ RunTime:0.000514s ]
SQL: SHOW COLUMNS FROM `zx_user` [ RunTime:0.0162s ]
SQL: SHOW COLUMNS FROM `zx_uc` [ RunTime:0.0111s ]
SQL: SELECT * FROM `zx_user` WHERE ( uid = 1 ) LIMIT 1   [ RunTime:0.0003s ]
SQL: SHOW COLUMNS FROM `zx_courses` [ RunTime:0.0084s ]
SQL: SHOW COLUMNS FROM `zx_chapter` [ RunTime:0.0089s ]
SQL: SELECT * FROM `zx_uc` WHERE `scuid` = 1 AND `sccid` = 1 LIMIT 1   [ RunTime:0.0198s ]
SQL: SELECT * FROM `zx_courses` WHERE ( cid = 1 )  [ RunTime:0.0006s ]
SQL: SELECT * FROM `zx_chapter` LEFT JOIN zx_video ON zx_chapter.cvid = zx_video.vid  WHERE ( ccid = 1 )  [ RunTime:0.0007s ]
INFO: [ view_parse ] --START--
INFO: [ template_filter ] --START--
INFO: Run Behavior\ContentReplaceBehavior [ RunTime:0.000133s ]
INFO: [ template_filter ] --END-- [ RunTime:0.000176s ]
INFO: Run Behavior\ParseTemplateBehavior [ RunTime:0.346428s ]
INFO: [ view_parse ] --END-- [ RunTime:0.346658s ]
INFO: [ view_filter ] --START--
INFO: Run Behavior\WriteHtmlCacheBehavior [ RunTime:0.000517s ]
INFO: [ view_filter ] --END-- [ RunTime:0.000626s ]
INFO: [ app_end ] --START--
INFO: Run Behavior\ShowPageTraceBehavior [ RunTime:0.001697s ]
INFO: [ app_end ] --END-- [ RunTime:0.001920s ]

[ 2019-01-04T10:34:30+08:00 ] ::1 /phpText/ZGXG/ZGXG1/thinkphp_3.2.3/index.php/Home/personal/index/utype/1.html
INFO: [ app_init ] --START--
INFO: Run Behavior\BuildLiteBehavior [ RunTime:0.000015s ]
INFO: [ app_init ] --END-- [ RunTime:0.000722s ]
INFO: [ app_begin ] --START--
INFO: Run Behavior\ReadHtmlCacheBehavior [ RunTime:0.001972s ]
INFO: [ app_begin ] --END-- [ RunTime:0.002097s ]
SQL: SHOW COLUMNS FROM `zx_user` [ RunTime:0.0225s ]
SQL: SHOW COLUMNS FROM `zx_courses` [ RunTime:0.0068s ]
SQL: SHOW COLUMNS FROM `zx_major` [ RunTime:0.0140s ]
SQL: SHOW COLUMNS FROM `zx_uc` [ RunTime:0.0149s ]
SQL: SELECT * FROM `zx_user` WHERE ( uid = 1 )  [ RunTime:0.0004s ]
SQL: SELECT ch.*,co.cname FROM (SELECT ccid,COUNT(*) FROM zx_chapter GROUP BY ccid) as ch LEFT JOIN zx_courses as co on ch.ccid = co.cid [ RunTime:0.0004s ]
SQL: SELECT cid,cname,cphoto,cdescribe from zx_uc,zx_user,zx_courses WHERE zx_courses.cid = zx_uc.sccid AND zx_uc.scuid =zx_user.uid AND uid = 1 [ RunTime:0.0004s ]
SQL: SELECT * FROM `zx_courses`  [ RunTime:0.0005s ]
SQL: SELECT * FROM `zx_major`  [ RunTime:0.0002s ]
INFO: [ view_parse ] --START--
INFO: [ template_filter ] --START--
INFO: Run Behavior\ContentReplaceBehavior [ RunTime:0.000202s ]
INFO: [ template_filter ] --END-- [ RunTime:0.000254s ]
INFO: Run Behavior\ParseTemplateBehavior [ RunTime:0.210096s ]
INFO: [ view_parse ] --END-- [ RunTime:0.210152s ]
INFO: [ view_filter ] --START--
INFO: Run Behavior\WriteHtmlCacheBehavior [ RunTime:0.000819s ]
INFO: [ view_filter ] --END-- [ RunTime:0.000851s ]
INFO: [ app_end ] --START--
INFO: Run Behavior\ShowPageTraceBehavior [ RunTime:0.001300s ]
INFO: [ app_end ] --END-- [ RunTime:0.001357s ]

[ 2019-01-04T10:45:40+08:00 ] ::1 /phpText/ZGXG/ZGXG1/thinkphp_3.2.3/index.php/Home/Chapter/index/cid/1.html
INFO: [ app_init ] --START--
INFO: Run Behavior\BuildLiteBehavior [ RunTime:0.000010s ]
INFO: [ app_init ] --END-- [ RunTime:0.000453s ]
INFO: [ app_begin ] --START--
INFO: Run Behavior\ReadHtmlCacheBehavior [ RunTime:0.001094s ]
INFO: [ app_begin ] --END-- [ RunTime:0.001156s ]
SQL: SHOW COLUMNS FROM `zx_user` [ RunTime:0.0183s ]
SQL: SHOW COLUMNS FROM `zx_uc` [ RunTime:0.0155s ]
SQL: SELECT * FROM `zx_user` WHERE ( uid = 1 ) LIMIT 1   [ RunTime:0.0004s ]
SQL: SHOW COLUMNS FROM `zx_courses` [ RunTime:0.0083s ]
SQL: SHOW COLUMNS FROM `zx_chapter` [ RunTime:0.0067s ]
SQL: SELECT * FROM `zx_uc` WHERE `scuid` = 1 AND `sccid` = 1 LIMIT 1   [ RunTime:0.0007s ]
SQL: SELECT * FROM `zx_courses` WHERE ( cid = 1 )  [ RunTime:0.0003s ]
SQL: SELECT * FROM `zx_chapter` LEFT JOIN zx_video ON zx_chapter.cvid = zx_video.vid  WHERE ( ccid = 1 )  [ RunTime:0.0003s ]
INFO: [ view_parse ] --START--
INFO: [ template_filter ] --START--
INFO: Run Behavior\ContentReplaceBehavior [ RunTime:0.000136s ]
INFO: [ template_filter ] --END-- [ RunTime:0.000176s ]
INFO: Run Behavior\ParseTemplateBehavior [ RunTime:0.178462s ]
INFO: [ view_parse ] --END-- [ RunTime:0.178533s ]
INFO: [ view_filter ] --START--
INFO: Run Behavior\WriteHtmlCacheBehavior [ RunTime:0.001029s ]
INFO: [ view_filter ] --END-- [ RunTime:0.001067s ]
INFO: [ app_end ] --START--
INFO: Run Behavior\ShowPageTraceBehavior [ RunTime:0.001140s ]
INFO: [ app_end ] --END-- [ RunTime:0.001189s ]

[ 2019-01-04T10:45:42+08:00 ] ::1 /phpText/ZGXG/ZGXG1/thinkphp_3.2.3/index.php/Home/Play/index/cvid/1/ccid/1.html
INFO: [ app_init ] --START--
INFO: Run Behavior\BuildLiteBehavior [ RunTime:0.000010s ]
INFO: [ app_init ] --END-- [ RunTime:0.000355s ]
INFO: [ app_begin ] --START--
INFO: Run Behavior\ReadHtmlCacheBehavior [ RunTime:0.000796s ]
INFO: [ app_begin ] --END-- [ RunTime:0.000864s ]
SQL: SHOW COLUMNS FROM `zx_user` [ RunTime:0.0289s ]
SQL: SELECT * FROM `zx_user` WHERE ( uid = 1 ) LIMIT 1   [ RunTime:0.0003s ]
SQL: SHOW COLUMNS FROM `zx_video` [ RunTime:0.0179s ]
SQL: SHOW COLUMNS FROM `zx_chapter` [ RunTime:0.0118s ]
SQL: SELECT * FROM `zx_chapter` LEFT JOIN zx_video ON zx_chapter.cvid = zx_video.vid  WHERE ( ccid = 1 )  [ RunTime:0.0003s ]
SQL: SELECT * FROM `zx_video` WHERE ( vid = 1 ) LIMIT 1   [ RunTime:0.0002s ]
INFO: [ view_parse ] --START--
INFO: [ template_filter ] --START--
INFO: Run Behavior\ContentReplaceBehavior [ RunTime:0.000109s ]
INFO: [ template_filter ] --END-- [ RunTime:0.000153s ]
INFO: Run Behavior\ParseTemplateBehavior [ RunTime:0.224964s ]
INFO: [ view_parse ] --END-- [ RunTime:0.225022s ]
INFO: [ view_filter ] --START--
INFO: Run Behavior\WriteHtmlCacheBehavior [ RunTime:0.000515s ]
INFO: [ view_filter ] --END-- [ RunTime:0.000549s ]
INFO: [ app_end ] --START--
INFO: Run Behavior\ShowPageTraceBehavior [ RunTime:0.000837s ]
INFO: [ app_end ] --END-- [ RunTime:0.000893s ]

[ 2019-01-04T10:51:18+08:00 ] ::1 /phpText/ZGXG/ZGXG1/thinkphp_3.2.3/index.php/Home/index1/logout.html
INFO: [ app_init ] --START--
INFO: Run Behavior\BuildLiteBehavior [ RunTime:0.000013s ]
INFO: [ app_init ] --END-- [ RunTime:0.000863s ]
INFO: [ app_begin ] --START--
INFO: Run Behavior\ReadHtmlCacheBehavior [ RunTime:0.000968s ]
INFO: [ app_begin ] --END-- [ RunTime:0.001039s ]
INFO: [ view_parse ] --START--
INFO: [ template_filter ] --START--
INFO: Run Behavior\ContentReplaceBehavior [ RunTime:0.000196s ]
INFO: [ template_filter ] --END-- [ RunTime:0.000286s ]
INFO: Run Behavior\ParseTemplateBehavior [ RunTime:0.112947s ]
INFO: [ view_parse ] --END-- [ RunTime:0.113108s ]
INFO: [ view_filter ] --START--
INFO: Run Behavior\WriteHtmlCacheBehavior [ RunTime:0.001991s ]
INFO: [ view_filter ] --END-- [ RunTime:0.002094s ]
INFO: [ app_end ] --START--
INFO: Run Behavior\ShowPageTraceBehavior [ RunTime:0.001778s ]
INFO: [ app_end ] --END-- [ RunTime:0.001844s ]

[ 2019-01-04T10:51:20+08:00 ] ::1 /phpText/ZGXG/ZGXG1/thinkphp_3.2.3/index.php/Home/index/index.html
INFO: [ app_init ] --START--
INFO: Run Behavior\BuildLiteBehavior [ RunTime:0.000019s ]
INFO: [ app_init ] --END-- [ RunTime:0.000528s ]
INFO: [ app_begin ] --START--
INFO: Run Behavior\ReadHtmlCacheBehavior [ RunTime:0.000684s ]
INFO: [ app_begin ] --END-- [ RunTime:0.000746s ]
INFO: [ view_parse ] --START--
INFO: [ template_filter ] --START--
INFO: Run Behavior\ContentReplaceBehavior [ RunTime:0.000372s ]
INFO: [ template_filter ] --END-- [ RunTime:0.000422s ]
INFO: Run Behavior\ParseTemplateBehavior [ RunTime:0.159689s ]
INFO: [ view_parse ] --END-- [ RunTime:0.159783s ]
INFO: [ view_filter ] --START--
INFO: Run Behavior\WriteHtmlCacheBehavior [ RunTime:0.001294s ]
INFO: [ view_filter ] --END-- [ RunTime:0.001352s ]
INFO: [ app_end ] --START--
INFO: Run Behavior\ShowPageTraceBehavior [ RunTime:0.001701s ]
INFO: [ app_end ] --END-- [ RunTime:0.001788s ]

[ 2019-01-04T10:51:20+08:00 ] ::1 /phpText/ZGXG/ZGXG1/thinkphp_3.2.3/index.php/Home/index/index.html
INFO: [ app_init ] --START--
INFO: Run Behavior\BuildLiteBehavior [ RunTime:0.000020s ]
INFO: [ app_init ] --END-- [ RunTime:0.000656s ]
INFO: [ app_begin ] --START--
INFO: Run Behavior\ReadHtmlCacheBehavior [ RunTime:0.002082s ]
INFO: [ app_begin ] --END-- [ RunTime:0.002368s ]
INFO: [ view_parse ] --START--
INFO: [ template_filter ] --START--
INFO: Run Behavior\ContentReplaceBehavior [ RunTime:0.000494s ]
INFO: [ template_filter ] --END-- [ RunTime:0.000546s ]
INFO: Run Behavior\ParseTemplateBehavior [ RunTime:0.115141s ]
INFO: [ view_parse ] --END-- [ RunTime:0.115253s ]
INFO: [ view_filter ] --START--
INFO: Run Behavior\WriteHtmlCacheBehavior [ RunTime:0.001026s ]
INFO: [ view_filter ] --END-- [ RunTime:0.001110s ]
INFO: [ app_end ] --START--
INFO: Run Behavior\ShowPageTraceBehavior [ RunTime:0.003791s ]
INFO: [ app_end ] --END-- [ RunTime:0.003899s ]

[ 2019-01-04T10:51:22+08:00 ] ::1 /phpText/ZGXG/ZGXG1/thinkphp_3.2.3/index.php/Home/index/login.html
INFO: [ app_init ] --START--
INFO: Run Behavior\BuildLiteBehavior [ RunTime:0.000022s ]
INFO: [ app_init ] --END-- [ RunTime:0.000834s ]
INFO: [ app_begin ] --START--
INFO: Run Behavior\ReadHtmlCacheBehavior [ RunTime:0.000737s ]
INFO: [ app_begin ] --END-- [ RunTime:0.000807s ]
INFO: [ view_parse ] --START--
INFO: [ template_filter ] --START--
INFO: Run Behavior\ContentReplaceBehavior [ RunTime:0.000125s ]
INFO: [ template_filter ] --END-- [ RunTime:0.000211s ]
INFO: Run Behavior\ParseTemplateBehavior [ RunTime:0.128793s ]
INFO: [ view_parse ] --END-- [ RunTime:0.128886s ]
INFO: [ view_filter ] --START--
INFO: Run Behavior\WriteHtmlCacheBehavior [ RunTime:0.000853s ]
INFO: [ view_filter ] --END-- [ RunTime:0.000919s ]
INFO: [ app_end ] --START--
INFO: Run Behavior\ShowPageTraceBehavior [ RunTime:0.001049s ]
INFO: [ app_end ] --END-- [ RunTime:0.001120s ]

[ 2019-01-04T10:51:34+08:00 ] ::1 /phpText/ZGXG/ZGXG1/thinkphp_3.2.3/index.php/Home/login/login.html
INFO: [ app_init ] --START--
INFO: Run Behavior\BuildLiteBehavior [ RunTime:0.000024s ]
INFO: [ app_init ] --END-- [ RunTime:0.000868s ]
INFO: [ app_begin ] --START--
INFO: Run Behavior\ReadHtmlCacheBehavior [ RunTime:0.001232s ]
INFO: [ app_begin ] --END-- [ RunTime:0.001300s ]
SQL: SHOW COLUMNS FROM `zx_user` [ RunTime:0.0245s ]
SQL: SELECT * FROM `zx_user` WHERE ( uaccount = '5' ) LIMIT 1   [ RunTime:0.0006s ]
INFO: [ view_parse ] --START--
INFO: [ template_filter ] --START--
INFO: Run Behavior\ContentReplaceBehavior [ RunTime:0.000231s ]
INFO: [ template_filter ] --END-- [ RunTime:0.000338s ]
INFO: Run Behavior\ParseTemplateBehavior [ RunTime:0.101095s ]
INFO: [ view_parse ] --END-- [ RunTime:0.101198s ]
INFO: [ view_filter ] --START--
INFO: Run Behavior\WriteHtmlCacheBehavior [ RunTime:0.001455s ]
INFO: [ view_filter ] --END-- [ RunTime:0.001510s ]
INFO: [ app_end ] --START--
INFO: Run Behavior\ShowPageTraceBehavior [ RunTime:0.001576s ]
INFO: [ app_end ] --END-- [ RunTime:0.001658s ]

[ 2019-01-04T10:51:35+08:00 ] ::1 /phpText/ZGXG/ZGXG1/thinkphp_3.2.3/index.php/Home/index1/index.html
INFO: [ app_init ] --START--
INFO: Run Behavior\BuildLiteBehavior [ RunTime:0.000013s ]
INFO: [ app_init ] --END-- [ RunTime:0.000518s ]
INFO: [ app_begin ] --START--
INFO: Run Behavior\ReadHtmlCacheBehavior [ RunTime:0.001583s ]
INFO: [ app_begin ] --END-- [ RunTime:0.001771s ]
SQL: SHOW COLUMNS FROM `zx_user` [ RunTime:0.0386s ]
SQL: SHOW COLUMNS FROM `zx_courses` [ RunTime:0.0088s ]
SQL: SELECT ch.*,co.cname FROM (SELECT ccid,COUNT(*) FROM zx_chapter GROUP BY ccid) as ch LEFT JOIN zx_courses as co on ch.ccid = co.cid [ RunTime:0.0011s ]
SQL: SELECT cid,cname,cphoto,cdescribe,ctype,SUM(grade) as sum FROM zx_grade,zx_courses WHERE zx_grade.gcid = zx_courses.cid GROUP BY cname ORDER BY SUM DESC
LIMIT 9 [ RunTime:0.0027s ]
SQL: SELECT * FROM `zx_courses` WHERE ( ctype = 1 )  [ RunTime:0.0008s ]
SQL: SELECT * FROM `zx_user` WHERE ( uid = 4 ) LIMIT 1   [ RunTime:0.0003s ]
INFO: [ view_parse ] --START--
INFO: [ template_filter ] --START--
INFO: Run Behavior\ContentReplaceBehavior [ RunTime:0.000281s ]
INFO: [ template_filter ] --END-- [ RunTime:0.000330s ]
INFO: Run Behavior\ParseTemplateBehavior [ RunTime:0.153052s ]
INFO: [ view_parse ] --END-- [ RunTime:0.153132s ]
INFO: [ view_filter ] --START--
INFO: Run Behavior\WriteHtmlCacheBehavior [ RunTime:0.000545s ]
INFO: [ view_filter ] --END-- [ RunTime:0.000587s ]
INFO: [ app_end ] --START--
INFO: Run Behavior\ShowPageTraceBehavior [ RunTime:0.001082s ]
INFO: [ app_end ] --END-- [ RunTime:0.001158s ]

[ 2019-01-04T10:51:35+08:00 ] ::1 /phpText/ZGXG/ZGXG1/thinkphp_3.2.3/index.php/Home/index1/index.html
INFO: [ app_init ] --START--
INFO: Run Behavior\BuildLiteBehavior [ RunTime:0.000037s ]
INFO: [ app_init ] --END-- [ RunTime:0.001069s ]
INFO: [ app_begin ] --START--
INFO: Run Behavior\ReadHtmlCacheBehavior [ RunTime:0.001178s ]
INFO: [ app_begin ] --END-- [ RunTime:0.001384s ]
SQL: SHOW COLUMNS FROM `zx_user` [ RunTime:0.0065s ]
SQL: SHOW COLUMNS FROM `zx_courses` [ RunTime:0.0147s ]
SQL: SELECT ch.*,co.cname FROM (SELECT ccid,COUNT(*) FROM zx_chapter GROUP BY ccid) as ch LEFT JOIN zx_courses as co on ch.ccid = co.cid [ RunTime:0.0006s ]
SQL: SELECT cid,cname,cphoto,cdescribe,ctype,SUM(grade) as sum FROM zx_grade,zx_courses WHERE zx_grade.gcid = zx_courses.cid GROUP BY cname ORDER BY SUM DESC
LIMIT 9 [ RunTime:0.0004s ]
SQL: SELECT * FROM `zx_courses` WHERE ( ctype = 1 )  [ RunTime:0.0003s ]
SQL: SELECT * FROM `zx_user` WHERE ( uid = 4 ) LIMIT 1   [ RunTime:0.0002s ]
INFO: [ view_parse ] --START--
INFO: [ template_filter ] --START--
INFO: Run Behavior\ContentReplaceBehavior [ RunTime:0.000486s ]
INFO: [ template_filter ] --END-- [ RunTime:0.000578s ]
INFO: Run Behavior\ParseTemplateBehavior [ RunTime:0.132304s ]
INFO: [ view_parse ] --END-- [ RunTime:0.132375s ]
INFO: [ view_filter ] --START--
INFO: Run Behavior\WriteHtmlCacheBehavior [ RunTime:0.000497s ]
INFO: [ view_filter ] --END-- [ RunTime:0.000550s ]
INFO: [ app_end ] --START--
INFO: Run Behavior\ShowPageTraceBehavior [ RunTime:0.002269s ]
INFO: [ app_end ] --END-- [ RunTime:0.002357s ]

[ 2019-01-04T10:51:39+08:00 ] ::1 /phpText/ZGXG/ZGXG1/thinkphp_3.2.3/index.php/Home/personal/index/utype/2.html
INFO: [ app_init ] --START--
INFO: Run Behavior\BuildLiteBehavior [ RunTime:0.000011s ]
INFO: [ app_init ] --END-- [ RunTime:0.000366s ]
INFO: [ app_begin ] --START--
INFO: Run Behavior\ReadHtmlCacheBehavior [ RunTime:0.000424s ]
INFO: [ app_begin ] --END-- [ RunTime:0.000464s ]
SQL: SHOW COLUMNS FROM `zx_user` [ RunTime:0.0208s ]
SQL: SHOW COLUMNS FROM `zx_courses` [ RunTime:0.0104s ]
SQL: SHOW COLUMNS FROM `zx_major` [ RunTime:0.0200s ]
SQL: SHOW COLUMNS FROM `zx_uc` [ RunTime:0.0148s ]
SQL: SELECT * FROM `zx_user` WHERE ( uid = 4 )  [ RunTime:0.0003s ]
SQL: SELECT ch.*,co.cname FROM (SELECT ccid,COUNT(*) FROM zx_chapter GROUP BY ccid) as ch LEFT JOIN zx_courses as co on ch.ccid = co.cid [ RunTime:0.0008s ]
SQL: SELECT cid,cname,cphoto,cdescribe from zx_uc,zx_user,zx_courses WHERE zx_courses.cid = zx_uc.sccid AND zx_uc.scuid =zx_user.uid AND uid = 4 [ RunTime:0.0006s ]
SQL: SELECT * FROM `zx_courses`  [ RunTime:0.0006s ]
SQL: SELECT * FROM `zx_major`  [ RunTime:0.0002s ]
INFO: [ view_parse ] --START--
INFO: [ template_filter ] --START--
INFO: Run Behavior\ContentReplaceBehavior [ RunTime:0.000334s ]
INFO: [ template_filter ] --END-- [ RunTime:0.000441s ]
INFO: Run Behavior\ParseTemplateBehavior [ RunTime:0.482168s ]
INFO: [ view_parse ] --END-- [ RunTime:0.482278s ]
INFO: [ view_filter ] --START--
INFO: Run Behavior\WriteHtmlCacheBehavior [ RunTime:0.000604s ]
INFO: [ view_filter ] --END-- [ RunTime:0.000665s ]
INFO: [ app_end ] --START--
INFO: Run Behavior\ShowPageTraceBehavior [ RunTime:0.000603s ]
INFO: [ app_end ] --END-- [ RunTime:0.000642s ]

[ 2019-01-04T11:00:42+08:00 ] ::1 /phpText/ZGXG/ZGXG1/thinkphp_3.2.3/index.php/Home/index1/serach.html
INFO: [ app_init ] --START--
INFO: Run Behavior\BuildLiteBehavior [ RunTime:0.000017s ]
INFO: [ app_init ] --END-- [ RunTime:0.000968s ]
INFO: [ app_begin ] --START--
INFO: Run Behavior\ReadHtmlCacheBehavior [ RunTime:0.001709s ]
INFO: [ app_begin ] --END-- [ RunTime:0.001858s ]
SQL: SHOW COLUMNS FROM `zx_user` [ RunTime:0.0521s ]
SQL: SELECT * FROM `zx_user` WHERE ( uid = 4 ) LIMIT 1   [ RunTime:0.0005s ]
INFO: [ view_parse ] --START--
INFO: [ template_filter ] --START--
INFO: Run Behavior\ContentReplaceBehavior [ RunTime:0.000166s ]
INFO: [ template_filter ] --END-- [ RunTime:0.000231s ]
INFO: Run Behavior\ParseTemplateBehavior [ RunTime:0.256868s ]
INFO: [ view_parse ] --END-- [ RunTime:0.257061s ]
INFO: [ view_filter ] --START--
INFO: Run Behavior\WriteHtmlCacheBehavior [ RunTime:0.000760s ]
INFO: [ view_filter ] --END-- [ RunTime:0.000793s ]
INFO: [ app_end ] --START--
INFO: Run Behavior\ShowPageTraceBehavior [ RunTime:0.001327s ]
INFO: [ app_end ] --END-- [ RunTime:0.001386s ]

[ 2019-01-04T11:00:44+08:00 ] ::1 /phpText/ZGXG/ZGXG1/thinkphp_3.2.3/index.php/Home/Forum/index.html
INFO: [ app_init ] --START--
INFO: Run Behavior\BuildLiteBehavior [ RunTime:0.000011s ]
INFO: [ app_init ] --END-- [ RunTime:0.000650s ]
INFO: [ app_begin ] --START--
INFO: Run Behavior\ReadHtmlCacheBehavior [ RunTime:0.000465s ]
INFO: [ app_begin ] --END-- [ RunTime:0.000509s ]
NOTIC: [2048] Declaration of Home\Controller\ForumController::show() should be compatible with Think\Controller::show($content, $charset = '', $contentType = '', $prefix = '') D:\XAMPP\htdocs\phpText\ZGXG\ZGXG1\thinkphp_3.2.3\Application\Home\Controller\ForumController.class.php 第 12 行.
SQL: SHOW COLUMNS FROM `zx_bbs` [ RunTime:0.0386s ]
SQL: SHOW COLUMNS FROM `zx_bbsreply` [ RunTime:0.0228s ]
SQL: SHOW COLUMNS FROM `zx_user` [ RunTime:0.0168s ]
SQL: SELECT COUNT(*) AS tp_count FROM `zx_bbs` LIMIT 1   [ RunTime:0.0005s ]
SQL: SELECT * FROM `zx_bbs` LEFT JOIN zx_user ON zx_bbs.uid = zx_user.uid LEFT JOIN zx_category ON zx_bbs.tid = zx_category.c_id  LIMIT 0,10   [ RunTime:0.0005s ]
SQL: SELECT COUNT(*) AS tp_count FROM `zx_bbsreply` LEFT JOIN zx_bbs ON  zx_bbsreply.qid =zx_bbs.bid  WHERE ( qid=8 ) LIMIT 1   [ RunTime:0.0002s ]
SQL: UPDATE `zx_bbs` SET `replycount`='6' WHERE ( bid=8 ) [ RunTime:0.0834s ]
SQL: SELECT COUNT(*) AS tp_count FROM `zx_bbsreply` LEFT JOIN zx_bbs ON  zx_bbsreply.qid =zx_bbs.bid  WHERE ( qid=9 ) LIMIT 1   [ RunTime:0.0013s ]
SQL: UPDATE `zx_bbs` SET `replycount`='6' WHERE ( bid=9 ) [ RunTime:0.0143s ]
SQL: SELECT COUNT(*) AS tp_count FROM `zx_bbsreply` LEFT JOIN zx_bbs ON  zx_bbsreply.qid =zx_bbs.bid  WHERE ( qid=10 ) LIMIT 1   [ RunTime:0.0012s ]
SQL: UPDATE `zx_bbs` SET `replycount`='4' WHERE ( bid=10 ) [ RunTime:0.0141s ]
SQL: SELECT COUNT(*) AS tp_count FROM `zx_bbsreply` LEFT JOIN zx_bbs ON  zx_bbsreply.qid =zx_bbs.bid  WHERE ( qid=36 ) LIMIT 1   [ RunTime:0.0004s ]
SQL: UPDATE `zx_bbs` SET `replycount`='8' WHERE ( bid=36 ) [ RunTime:0.0162s ]
SQL: SELECT COUNT(*) AS tp_count FROM `zx_bbsreply` LEFT JOIN zx_bbs ON  zx_bbsreply.qid =zx_bbs.bid  WHERE ( qid=37 ) LIMIT 1   [ RunTime:0.0015s ]
SQL: UPDATE `zx_bbs` SET `replycount`='2' WHERE ( bid=37 ) [ RunTime:0.0141s ]
SQL: SELECT COUNT(*) AS tp_count FROM `zx_bbsreply` LEFT JOIN zx_bbs ON  zx_bbsreply.qid =zx_bbs.bid  WHERE ( qid=38 ) LIMIT 1   [ RunTime:0.0010s ]
SQL: UPDATE `zx_bbs` SET `replycount`='0' WHERE ( bid=38 ) [ RunTime:0.0151s ]
SQL: SELECT COUNT(*) AS tp_count FROM `zx_bbsreply` LEFT JOIN zx_bbs ON  zx_bbsreply.qid =zx_bbs.bid  WHERE ( qid=39 ) LIMIT 1   [ RunTime:0.0010s ]
SQL: UPDATE `zx_bbs` SET `replycount`='2' WHERE ( bid=39 ) [ RunTime:0.0190s ]
SQL: SELECT * FROM `zx_user` WHERE ( uid = 4 ) LIMIT 1   [ RunTime:0.0007s ]
INFO: [ view_parse ] --START--
INFO: [ template_filter ] --START--
INFO: Run Behavior\ContentReplaceBehavior [ RunTime:0.000251s ]
INFO: [ template_filter ] --END-- [ RunTime:0.000315s ]
INFO: Run Behavior\ParseTemplateBehavior [ RunTime:0.321970s ]
INFO: [ view_parse ] --END-- [ RunTime:0.322043s ]
INFO: [ view_filter ] --START--
INFO: Run Behavior\WriteHtmlCacheBehavior [ RunTime:0.000697s ]
INFO: [ view_filter ] --END-- [ RunTime:0.000747s ]
INFO: [ app_end ] --START--
INFO: Run Behavior\ShowPageTraceBehavior [ RunTime:0.001425s ]
INFO: [ app_end ] --END-- [ RunTime:0.001492s ]

[ 2019-01-04T11:00:45+08:00 ] ::1 /phpText/ZGXG/ZGXG1/thinkphp_3.2.3/index.php/Home/Forum/index.html?1
INFO: [ app_init ] --START--
INFO: Run Behavior\BuildLiteBehavior [ RunTime:0.000017s ]
INFO: [ app_init ] --END-- [ RunTime:0.001404s ]
INFO: [ app_begin ] --START--
INFO: Run Behavior\ReadHtmlCacheBehavior [ RunTime:0.003181s ]
INFO: [ app_begin ] --END-- [ RunTime:0.003367s ]
NOTIC: [2048] Declaration of Home\Controller\ForumController::show() should be compatible with Think\Controller::show($content, $charset = '', $contentType = '', $prefix = '') D:\XAMPP\htdocs\phpText\ZGXG\ZGXG1\thinkphp_3.2.3\Application\Home\Controller\ForumController.class.php 第 12 行.
SQL: SHOW COLUMNS FROM `zx_bbs` [ RunTime:0.0187s ]
SQL: SHOW COLUMNS FROM `zx_bbsreply` [ RunTime:0.0208s ]
SQL: SHOW COLUMNS FROM `zx_user` [ RunTime:0.0139s ]
SQL: SELECT COUNT(*) AS tp_count FROM `zx_bbs` LIMIT 1   [ RunTime:0.0002s ]
SQL: SELECT * FROM `zx_bbs` LEFT JOIN zx_user ON zx_bbs.uid = zx_user.uid LEFT JOIN zx_category ON zx_bbs.tid = zx_category.c_id  LIMIT 0,10   [ RunTime:0.0003s ]
SQL: SELECT COUNT(*) AS tp_count FROM `zx_bbsreply` LEFT JOIN zx_bbs ON  zx_bbsreply.qid =zx_bbs.bid  WHERE ( qid=8 ) LIMIT 1   [ RunTime:0.0002s ]
SQL: UPDATE `zx_bbs` SET `replycount`='6' WHERE ( bid=8 ) [ RunTime:0.0169s ]
SQL: SELECT COUNT(*) AS tp_count FROM `zx_bbsreply` LEFT JOIN zx_bbs ON  zx_bbsreply.qid =zx_bbs.bid  WHERE ( qid=9 ) LIMIT 1   [ RunTime:0.0003s ]
SQL: UPDATE `zx_bbs` SET `replycount`='6' WHERE ( bid=9 ) [ RunTime:0.0192s ]
SQL: SELECT COUNT(*) AS tp_count FROM `zx_bbsreply` LEFT JOIN zx_bbs ON  zx_bbsreply.qid =zx_bbs.bid  WHERE ( qid=10 ) LIMIT 1   [ RunTime:0.0006s ]
SQL: UPDATE `zx_bbs` SET `replycount`='4' WHERE ( bid=10 ) [ RunTime:0.0522s ]
SQL: SELECT COUNT(*) AS tp_count FROM `zx_bbsreply` LEFT JOIN zx_bbs ON  zx_bbsreply.qid =zx_bbs.bid  WHERE ( qid=36 ) LIMIT 1   [ RunTime:0.0003s ]
SQL: UPDATE `zx_bbs` SET `replycount`='8' WHERE ( bid=36 ) [ RunTime:0.0126s ]
SQL: SELECT COUNT(*) AS tp_count FROM `zx_bbsreply` LEFT JOIN zx_bbs ON  zx_bbsreply.qid =zx_bbs.bid  WHERE ( qid=37 ) LIMIT 1   [ RunTime:0.0004s ]
SQL: UPDATE `zx_bbs` SET `replycount`='2' WHERE ( bid=37 ) [ RunTime:0.0162s ]
SQL: SELECT COUNT(*) AS tp_count FROM `zx_bbsreply` LEFT JOIN zx_bbs ON  zx_bbsreply.qid =zx_bbs.bid  WHERE ( qid=38 ) LIMIT 1   [ RunTime:0.0006s ]
SQL: UPDATE `zx_bbs` SET `replycount`='0' WHERE ( bid=38 ) [ RunTime:0.0434s ]
SQL: SELECT COUNT(*) AS tp_count FROM `zx_bbsreply` LEFT JOIN zx_bbs ON  zx_bbsreply.qid =zx_bbs.bid  WHERE ( qid=39 ) LIMIT 1   [ RunTime:0.0003s ]
SQL: UPDATE `zx_bbs` SET `replycount`='2' WHERE ( bid=39 ) [ RunTime:0.0413s ]
SQL: SELECT * FROM `zx_user` WHERE ( uid = 4 ) LIMIT 1   [ RunTime:0.0004s ]
INFO: [ view_parse ] --START--
INFO: [ template_filter ] --START--
INFO: Run Behavior\ContentReplaceBehavior [ RunTime:0.000183s ]
INFO: [ template_filter ] --END-- [ RunTime:0.000223s ]
INFO: Run Behavior\ParseTemplateBehavior [ RunTime:0.170854s ]
INFO: [ view_parse ] --END-- [ RunTime:0.170896s ]
INFO: [ view_filter ] --START--
INFO: Run Behavior\WriteHtmlCacheBehavior [ RunTime:0.000635s ]
INFO: [ view_filter ] --END-- [ RunTime:0.000684s ]
INFO: [ app_end ] --START--
INFO: Run Behavior\ShowPageTraceBehavior [ RunTime:0.000819s ]
INFO: [ app_end ] --END-- [ RunTime:0.000880s ]

[ 2019-01-04T11:00:49+08:00 ] ::1 /phpText/ZGXG/ZGXG1/thinkphp_3.2.3/index.php/Home/Forum/show/bid/8.html
INFO: [ app_init ] --START--
INFO: Run Behavior\BuildLiteBehavior [ RunTime:0.000024s ]
INFO: [ app_init ] --END-- [ RunTime:0.000680s ]
INFO: [ app_begin ] --START--
INFO: Run Behavior\ReadHtmlCacheBehavior [ RunTime:0.000793s ]
INFO: [ app_begin ] --END-- [ RunTime:0.000899s ]
NOTIC: [2048] Declaration of Home\Controller\ForumController::show() should be compatible with Think\Controller::show($content, $charset = '', $contentType = '', $prefix = '') D:\XAMPP\htdocs\phpText\ZGXG\ZGXG1\thinkphp_3.2.3\Application\Home\Controller\ForumController.class.php 第 12 行.
SQL: SHOW COLUMNS FROM `zx_bbs` [ RunTime:0.0223s ]
SQL: SHOW COLUMNS FROM `zx_bbsreply` [ RunTime:0.0148s ]
SQL: UPDATE `zx_bbs` SET `click`=click+1 WHERE ( bid = 8 ) [ RunTime:0.1110s ]
SQL: SELECT * FROM `zx_bbs` LEFT JOIN zx_user ON zx_bbs.uid = zx_user.uid  WHERE ( bid=8 )  [ RunTime:0.0006s ]
SQL: SELECT COUNT(*) AS tp_count FROM `zx_bbsreply` LEFT JOIN zx_bbs ON  zx_bbsreply.qid =zx_bbs.bid  WHERE ( qid=8 ) LIMIT 1   [ RunTime:0.0004s ]
SQL: SHOW COLUMNS FROM `zx_user` [ RunTime:0.0186s ]
SQL: SELECT * FROM `zx_user` WHERE ( uid = 4 ) LIMIT 1   [ RunTime:0.0006s ]
SQL: SELECT * FROM `zx_bbsreply` LEFT JOIN zx_user ON zx_bbsreply.uid=zx_user.uid LEFT JOIN zx_bbs ON zx_bbsreply.qid=zx_bbs.bid  WHERE ( parent_id = '0' AND qid=8 ) ORDER BY brtime desc  [ RunTime:0.0113s ]
SQL: SELECT * FROM `zx_bbsreply` LEFT JOIN zx_user ON zx_bbsreply.uid=zx_user.uid LEFT JOIN zx_bbs ON zx_bbsreply.qid=zx_bbs.bid  WHERE ( parent_id = '105' AND qid=8 ) ORDER BY brtime desc  [ RunTime:0.0020s ]
SQL: SELECT * FROM `zx_bbsreply` LEFT JOIN zx_user ON zx_bbsreply.uid=zx_user.uid LEFT JOIN zx_bbs ON zx_bbsreply.qid=zx_bbs.bid  WHERE ( parent_id = '106' AND qid=8 ) ORDER BY brtime desc  [ RunTime:0.0008s ]
SQL: SELECT * FROM `zx_bbsreply` LEFT JOIN zx_user ON zx_bbsreply.uid=zx_user.uid LEFT JOIN zx_bbs ON zx_bbsreply.qid=zx_bbs.bid  WHERE ( parent_id = '107' AND qid=8 ) ORDER BY brtime desc  [ RunTime:0.0006s ]
SQL: SELECT * FROM `zx_bbsreply` LEFT JOIN zx_user ON zx_bbsreply.uid=zx_user.uid LEFT JOIN zx_bbs ON zx_bbsreply.qid=zx_bbs.bid  WHERE ( parent_id = '51' AND qid=8 ) ORDER BY brtime desc  [ RunTime:0.0005s ]
SQL: SELECT * FROM `zx_bbsreply` LEFT JOIN zx_user ON zx_bbsreply.uid=zx_user.uid LEFT JOIN zx_bbs ON zx_bbsreply.qid=zx_bbs.bid  WHERE ( parent_id = '94' AND qid=8 ) ORDER BY brtime desc  [ RunTime:0.0003s ]
SQL: SELECT * FROM `zx_bbsreply` LEFT JOIN zx_user ON zx_bbsreply.uid=zx_user.uid LEFT JOIN zx_bbs ON zx_bbsreply.qid=zx_bbs.bid  WHERE ( parent_id = '50' AND qid=8 ) ORDER BY brtime desc  [ RunTime:0.0004s ]
INFO: [ view_parse ] --START--
INFO: [ template_filter ] --START--
INFO: Run Behavior\ContentReplaceBehavior [ RunTime:0.000246s ]
INFO: [ template_filter ] --END-- [ RunTime:0.000300s ]
NOTIC: [8] A session had already been started - ignoring session_start() D:\XAMPP\htdocs\phpText\ZGXG\ZGXG1\thinkphp_3.2.3\Application\Runtime\Cache\Home\33245591c99c5f9c7556c53352491487.php 第 1 行.
NOTIC: [8] Undefined variable: user D:\XAMPP\htdocs\phpText\ZGXG\ZGXG1\thinkphp_3.2.3\Application\Runtime\Cache\Home\33245591c99c5f9c7556c53352491487.php 第 199 行.
NOTIC: [8] Undefined index: brtime D:\XAMPP\htdocs\phpText\ZGXG\ZGXG1\thinkphp_3.2.3\Application\Runtime\Cache\Home\33245591c99c5f9c7556c53352491487.php 第 211 行.
NOTIC: [8] Undefined variable: commentlist D:\XAMPP\htdocs\phpText\ZGXG\ZGXG1\thinkphp_3.2.3\Application\Runtime\Cache\Home\33245591c99c5f9c7556c53352491487.php 第 220 行.
INFO: Run Behavior\ParseTemplateBehavior [ RunTime:0.258379s ]
INFO: [ view_parse ] --END-- [ RunTime:0.258437s ]
INFO: [ view_filter ] --START--
INFO: Run Behavior\WriteHtmlCacheBehavior [ RunTime:0.000549s ]
INFO: [ view_filter ] --END-- [ RunTime:0.000591s ]
INFO: [ app_end ] --START--
INFO: Run Behavior\ShowPageTraceBehavior [ RunTime:0.001118s ]
INFO: [ app_end ] --END-- [ RunTime:0.001243s ]

[ 2019-01-04T11:00:59+08:00 ] ::1 /phpText/ZGXG/ZGXG1/thinkphp_3.2.3/index.php/Home/Forum/add.html
INFO: [ app_init ] --START--
INFO: Run Behavior\BuildLiteBehavior [ RunTime:0.000020s ]
INFO: [ app_init ] --END-- [ RunTime:0.000772s ]
INFO: [ app_begin ] --START--
INFO: Run Behavior\ReadHtmlCacheBehavior [ RunTime:0.001515s ]
INFO: [ app_begin ] --END-- [ RunTime:0.001670s ]
NOTIC: [2048] Declaration of Home\Controller\ForumController::show() should be compatible with Think\Controller::show($content, $charset = '', $contentType = '', $prefix = '') D:\XAMPP\htdocs\phpText\ZGXG\ZGXG1\thinkphp_3.2.3\Application\Home\Controller\ForumController.class.php 第 12 行.
SQL: SHOW COLUMNS FROM `zx_category` [ RunTime:0.0249s ]
SQL: SELECT * FROM `zx_category`  [ RunTime:0.0002s ]
SQL: SHOW COLUMNS FROM `zx_bbs` [ RunTime:0.0148s ]
SQL: SELECT * FROM `zx_bbs` LEFT JOIN zx_user ON zx_bbs.uid = zx_user.uid LEFT JOIN zx_bbsreply ON zx_bbs.bid = zx_bbsreply.qid   [ RunTime:0.0181s ]
SQL: SHOW COLUMNS FROM `zx_user` [ RunTime:0.0151s ]
SQL: SELECT * FROM `zx_user` WHERE ( uid = 4 ) LIMIT 1   [ RunTime:0.0004s ]
INFO: [ view_parse ] --START--
INFO: [ template_filter ] --START--
INFO: Run Behavior\ContentReplaceBehavior [ RunTime:0.000129s ]
INFO: [ template_filter ] --END-- [ RunTime:0.000203s ]
INFO: Run Behavior\ParseTemplateBehavior [ RunTime:0.129813s ]
INFO: [ view_parse ] --END-- [ RunTime:0.129891s ]
INFO: [ view_filter ] --START--
INFO: Run Behavior\WriteHtmlCacheBehavior [ RunTime:0.000292s ]
INFO: [ view_filter ] --END-- [ RunTime:0.000320s ]
INFO: [ app_end ] --START--
INFO: Run Behavior\ShowPageTraceBehavior [ RunTime:0.000733s ]
INFO: [ app_end ] --END-- [ RunTime:0.000798s ]

