[ 2019-01-11T08:59:13+08:00 ] ::1 /phpText/ZGXG/ZGXG1/thinkphp_3.2.3/index.php
INFO: [ app_init ] --START--
INFO: Run Behavior\BuildLiteBehavior [ RunTime:0.000026s ]
INFO: [ app_init ] --END-- [ RunTime:0.036878s ]
INFO: [ app_begin ] --START--
INFO: Run Behavior\ReadHtmlCacheBehavior [ RunTime:0.052290s ]
INFO: [ app_begin ] --END-- [ RunTime:0.052422s ]
INFO: [ view_parse ] --START--
INFO: [ template_filter ] --START--
INFO: Run Behavior\ContentReplaceBehavior [ RunTime:0.003551s ]
INFO: [ template_filter ] --END-- [ RunTime:0.003917s ]
INFO: Run Behavior\ParseTemplateBehavior [ RunTime:0.474697s ]
INFO: [ view_parse ] --END-- [ RunTime:0.474893s ]
INFO: [ view_filter ] --START--
INFO: Run Behavior\WriteHtmlCacheBehavior [ RunTime:0.019916s ]
INFO: [ view_filter ] --END-- [ RunTime:0.020047s ]
INFO: [ app_end ] --START--
INFO: Run Behavior\ShowPageTraceBehavior [ RunTime:0.022582s ]
INFO: [ app_end ] --END-- [ RunTime:0.022686s ]

[ 2019-01-11T08:59:53+08:00 ] ::1 /phpText/ZGXG/ZGXG1/thinkphp_3.2.3/index.php/Home/index/login.html
INFO: [ app_init ] --START--
INFO: Run Behavior\BuildLiteBehavior [ RunTime:0.000010s ]
INFO: [ app_init ] --END-- [ RunTime:0.000443s ]
INFO: [ app_begin ] --START--
INFO: Run Behavior\ReadHtmlCacheBehavior [ RunTime:0.003212s ]
INFO: [ app_begin ] --END-- [ RunTime:0.003353s ]
INFO: [ view_parse ] --START--
INFO: [ template_filter ] --START--
INFO: Run Behavior\ContentReplaceBehavior [ RunTime:0.000140s ]
INFO: [ template_filter ] --END-- [ RunTime:0.000189s ]
INFO: Run Behavior\ParseTemplateBehavior [ RunTime:0.206015s ]
INFO: [ view_parse ] --END-- [ RunTime:0.206115s ]
INFO: [ view_filter ] --START--
INFO: Run Behavior\WriteHtmlCacheBehavior [ RunTime:0.000558s ]
INFO: [ view_filter ] --END-- [ RunTime:0.000587s ]
INFO: [ app_end ] --START--
INFO: Run Behavior\ShowPageTraceBehavior [ RunTime:0.001010s ]
INFO: [ app_end ] --END-- [ RunTime:0.001071s ]

[ 2019-01-11T08:59:56+08:00 ] ::1 /phpText/ZGXG/ZGXG1/thinkphp_3.2.3/index.php/Home/login/login.html
INFO: [ app_init ] --START--
INFO: Run Behavior\BuildLiteBehavior [ RunTime:0.000010s ]
INFO: [ app_init ] --END-- [ RunTime:0.000338s ]
INFO: [ app_begin ] --START--
INFO: Run Behavior\ReadHtmlCacheBehavior [ RunTime:0.000474s ]
INFO: [ app_begin ] --END-- [ RunTime:0.000513s ]
SQL: SHOW COLUMNS FROM `zx_user` [ RunTime:0.0315s ]
SQL: SELECT * FROM `zx_user` WHERE ( uaccount = '1' ) LIMIT 1   [ RunTime:0.0003s ]
INFO: [ view_parse ] --START--
INFO: [ template_filter ] --START--
INFO: Run Behavior\ContentReplaceBehavior [ RunTime:0.000100s ]
INFO: [ template_filter ] --END-- [ RunTime:0.000140s ]
INFO: Run Behavior\ParseTemplateBehavior [ RunTime:0.185951s ]
INFO: [ view_parse ] --END-- [ RunTime:0.185997s ]
INFO: [ view_filter ] --START--
INFO: Run Behavior\WriteHtmlCacheBehavior [ RunTime:0.000310s ]
INFO: [ view_filter ] --END-- [ RunTime:0.000339s ]
INFO: [ app_end ] --START--
INFO: Run Behavior\ShowPageTraceBehavior [ RunTime:0.000631s ]
INFO: [ app_end ] --END-- [ RunTime:0.000676s ]

[ 2019-01-11T08:59:58+08:00 ] ::1 /phpText/ZGXG/ZGXG1/thinkphp_3.2.3/index.php/Home/index1/index.html
INFO: [ app_init ] --START--
INFO: Run Behavior\BuildLiteBehavior [ RunTime:0.000016s ]
INFO: [ app_init ] --END-- [ RunTime:0.000590s ]
INFO: [ app_begin ] --START--
INFO: Run Behavior\ReadHtmlCacheBehavior [ RunTime:0.000634s ]
INFO: [ app_begin ] --END-- [ RunTime:0.000711s ]
SQL: SHOW COLUMNS FROM `zx_user` [ RunTime:0.0222s ]
SQL: SHOW COLUMNS FROM `zx_courses` [ RunTime:0.0176s ]
SQL: SELECT ch.*,co.cname FROM (SELECT ccid,COUNT(*) FROM zx_chapter GROUP BY ccid) as ch LEFT JOIN zx_courses as co on ch.ccid = co.cid [ RunTime:0.0260s ]
SQL: SELECT cid,cname,cphoto,cdescribe,ctype,SUM(grade) as sum FROM zx_grade,zx_courses WHERE zx_grade.gcid = zx_courses.cid GROUP BY cname ORDER BY SUM DESC
LIMIT 9 [ RunTime:0.0011s ]
SQL: SELECT * FROM `zx_courses` WHERE ( ctype = 1 )  [ RunTime:0.0002s ]
SQL: SELECT * FROM `zx_user` WHERE ( uid = 1 ) LIMIT 1   [ RunTime:0.0002s ]
INFO: [ view_parse ] --START--
INFO: [ template_filter ] --START--
INFO: Run Behavior\ContentReplaceBehavior [ RunTime:0.000285s ]
INFO: [ template_filter ] --END-- [ RunTime:0.000330s ]
INFO: Run Behavior\ParseTemplateBehavior [ RunTime:0.175425s ]
INFO: [ view_parse ] --END-- [ RunTime:0.175475s ]
INFO: [ view_filter ] --START--
INFO: Run Behavior\WriteHtmlCacheBehavior [ RunTime:0.000334s ]
INFO: [ view_filter ] --END-- [ RunTime:0.000363s ]
INFO: [ app_end ] --START--
INFO: Run Behavior\ShowPageTraceBehavior [ RunTime:0.000501s ]
INFO: [ app_end ] --END-- [ RunTime:0.000536s ]

[ 2019-01-11T08:59:58+08:00 ] ::1 /phpText/ZGXG/ZGXG1/thinkphp_3.2.3/index.php/Home/index1/index.html
INFO: [ app_init ] --START--
INFO: Run Behavior\BuildLiteBehavior [ RunTime:0.000011s ]
INFO: [ app_init ] --END-- [ RunTime:0.000374s ]
INFO: [ app_begin ] --START--
INFO: Run Behavior\ReadHtmlCacheBehavior [ RunTime:0.000542s ]
INFO: [ app_begin ] --END-- [ RunTime:0.000585s ]
SQL: SHOW COLUMNS FROM `zx_user` [ RunTime:0.0137s ]
SQL: SHOW COLUMNS FROM `zx_courses` [ RunTime:0.0128s ]
SQL: SELECT ch.*,co.cname FROM (SELECT ccid,COUNT(*) FROM zx_chapter GROUP BY ccid) as ch LEFT JOIN zx_courses as co on ch.ccid = co.cid [ RunTime:0.0006s ]
SQL: SELECT cid,cname,cphoto,cdescribe,ctype,SUM(grade) as sum FROM zx_grade,zx_courses WHERE zx_grade.gcid = zx_courses.cid GROUP BY cname ORDER BY SUM DESC
LIMIT 9 [ RunTime:0.0005s ]
SQL: SELECT * FROM `zx_courses` WHERE ( ctype = 1 )  [ RunTime:0.0002s ]
SQL: SELECT * FROM `zx_user` WHERE ( uid = 1 ) LIMIT 1   [ RunTime:0.0002s ]
INFO: [ view_parse ] --START--
INFO: [ template_filter ] --START--
INFO: Run Behavior\ContentReplaceBehavior [ RunTime:0.000304s ]
INFO: [ template_filter ] --END-- [ RunTime:0.000345s ]
INFO: Run Behavior\ParseTemplateBehavior [ RunTime:0.108141s ]
INFO: [ view_parse ] --END-- [ RunTime:0.108204s ]
INFO: [ view_filter ] --START--
INFO: Run Behavior\WriteHtmlCacheBehavior [ RunTime:0.000439s ]
INFO: [ view_filter ] --END-- [ RunTime:0.000480s ]
INFO: [ app_end ] --START--
INFO: Run Behavior\ShowPageTraceBehavior [ RunTime:0.000960s ]
INFO: [ app_end ] --END-- [ RunTime:0.001031s ]

[ 2019-01-11T09:00:00+08:00 ] ::1 /phpText/ZGXG/ZGXG1/thinkphp_3.2.3/index.php/Home/Forum/index.html
INFO: [ app_init ] --START--
INFO: Run Behavior\BuildLiteBehavior [ RunTime:0.000009s ]
INFO: [ app_init ] --END-- [ RunTime:0.000343s ]
INFO: [ app_begin ] --START--
INFO: Run Behavior\ReadHtmlCacheBehavior [ RunTime:0.000426s ]
INFO: [ app_begin ] --END-- [ RunTime:0.000464s ]
NOTIC: [2048] Declaration of Home\Controller\ForumController::show() should be compatible with Think\Controller::show($content, $charset = '', $contentType = '', $prefix = '') D:\XAMPP\htdocs\phpText\ZGXG\ZGXG1\thinkphp_3.2.3\Application\Home\Controller\ForumController.class.php 第 12 行.
SQL: SHOW COLUMNS FROM `zx_bbs` [ RunTime:0.0193s ]
SQL: SHOW COLUMNS FROM `zx_bbsreply` [ RunTime:0.0105s ]
SQL: SHOW COLUMNS FROM `zx_user` [ RunTime:0.0106s ]
SQL: SELECT COUNT(*) AS tp_count FROM `zx_bbs` LIMIT 1   [ RunTime:0.0003s ]
SQL: SELECT * FROM `zx_bbs` LEFT JOIN zx_user ON zx_bbs.uid = zx_user.uid LEFT JOIN zx_category ON zx_bbs.tid = zx_category.c_id  LIMIT 0,10   [ RunTime:0.0004s ]
SQL: SELECT COUNT(*) AS tp_count FROM `zx_bbsreply` LEFT JOIN zx_bbs ON  zx_bbsreply.qid =zx_bbs.bid  WHERE ( qid=8 ) LIMIT 1   [ RunTime:0.0003s ]
SQL: UPDATE `zx_bbs` SET `replycount`='7' WHERE ( bid=8 ) [ RunTime:0.0835s ]
SQL: SELECT COUNT(*) AS tp_count FROM `zx_bbsreply` LEFT JOIN zx_bbs ON  zx_bbsreply.qid =zx_bbs.bid  WHERE ( qid=9 ) LIMIT 1   [ RunTime:0.0004s ]
SQL: UPDATE `zx_bbs` SET `replycount`='9' WHERE ( bid=9 ) [ RunTime:0.0414s ]
SQL: SELECT COUNT(*) AS tp_count FROM `zx_bbsreply` LEFT JOIN zx_bbs ON  zx_bbsreply.qid =zx_bbs.bid  WHERE ( qid=10 ) LIMIT 1   [ RunTime:0.0003s ]
SQL: UPDATE `zx_bbs` SET `replycount`='5' WHERE ( bid=10 ) [ RunTime:0.0490s ]
SQL: SELECT COUNT(*) AS tp_count FROM `zx_bbsreply` LEFT JOIN zx_bbs ON  zx_bbsreply.qid =zx_bbs.bid  WHERE ( qid=36 ) LIMIT 1   [ RunTime:0.0003s ]
SQL: UPDATE `zx_bbs` SET `replycount`='8' WHERE ( bid=36 ) [ RunTime:0.0377s ]
SQL: SELECT COUNT(*) AS tp_count FROM `zx_bbsreply` LEFT JOIN zx_bbs ON  zx_bbsreply.qid =zx_bbs.bid  WHERE ( qid=37 ) LIMIT 1   [ RunTime:0.0003s ]
SQL: UPDATE `zx_bbs` SET `replycount`='2' WHERE ( bid=37 ) [ RunTime:0.0328s ]
SQL: SELECT COUNT(*) AS tp_count FROM `zx_bbsreply` LEFT JOIN zx_bbs ON  zx_bbsreply.qid =zx_bbs.bid  WHERE ( qid=38 ) LIMIT 1   [ RunTime:0.0004s ]
SQL: UPDATE `zx_bbs` SET `replycount`='2' WHERE ( bid=38 ) [ RunTime:0.0528s ]
SQL: SELECT COUNT(*) AS tp_count FROM `zx_bbsreply` LEFT JOIN zx_bbs ON  zx_bbsreply.qid =zx_bbs.bid  WHERE ( qid=39 ) LIMIT 1   [ RunTime:0.0006s ]
SQL: UPDATE `zx_bbs` SET `replycount`='2' WHERE ( bid=39 ) [ RunTime:0.0400s ]
SQL: SELECT COUNT(*) AS tp_count FROM `zx_bbsreply` LEFT JOIN zx_bbs ON  zx_bbsreply.qid =zx_bbs.bid  WHERE ( qid=40 ) LIMIT 1   [ RunTime:0.0003s ]
SQL: UPDATE `zx_bbs` SET `replycount`='0' WHERE ( bid=40 ) [ RunTime:0.0249s ]
SQL: SELECT COUNT(*) AS tp_count FROM `zx_bbsreply` LEFT JOIN zx_bbs ON  zx_bbsreply.qid =zx_bbs.bid  WHERE ( qid=41 ) LIMIT 1   [ RunTime:0.0011s ]
SQL: UPDATE `zx_bbs` SET `replycount`='1' WHERE ( bid=41 ) [ RunTime:0.0304s ]
SQL: SELECT COUNT(*) AS tp_count FROM `zx_bbsreply` LEFT JOIN zx_bbs ON  zx_bbsreply.qid =zx_bbs.bid  WHERE ( qid=42 ) LIMIT 1   [ RunTime:0.0004s ]
SQL: UPDATE `zx_bbs` SET `replycount`='2' WHERE ( bid=42 ) [ RunTime:0.0413s ]
SQL: SELECT * FROM `zx_user` WHERE ( uid = 1 ) LIMIT 1   [ RunTime:0.0003s ]
INFO: [ view_parse ] --START--
INFO: [ template_filter ] --START--
INFO: Run Behavior\ContentReplaceBehavior [ RunTime:0.000219s ]
INFO: [ template_filter ] --END-- [ RunTime:0.000262s ]
INFO: Run Behavior\ParseTemplateBehavior [ RunTime:0.244945s ]
INFO: [ view_parse ] --END-- [ RunTime:0.244995s ]
INFO: [ view_filter ] --START--
INFO: Run Behavior\WriteHtmlCacheBehavior [ RunTime:0.000297s ]
INFO: [ view_filter ] --END-- [ RunTime:0.000343s ]
INFO: [ app_end ] --START--
INFO: Run Behavior\ShowPageTraceBehavior [ RunTime:0.000630s ]
INFO: [ app_end ] --END-- [ RunTime:0.000665s ]

[ 2019-01-11T09:00:01+08:00 ] ::1 /phpText/ZGXG/ZGXG1/thinkphp_3.2.3/index.php/Home/Forum/index.html?1
INFO: [ app_init ] --START--
INFO: Run Behavior\BuildLiteBehavior [ RunTime:0.000014s ]
INFO: [ app_init ] --END-- [ RunTime:0.000735s ]
INFO: [ app_begin ] --START--
INFO: Run Behavior\ReadHtmlCacheBehavior [ RunTime:0.000784s ]
INFO: [ app_begin ] --END-- [ RunTime:0.000830s ]
NOTIC: [2048] Declaration of Home\Controller\ForumController::show() should be compatible with Think\Controller::show($content, $charset = '', $contentType = '', $prefix = '') D:\XAMPP\htdocs\phpText\ZGXG\ZGXG1\thinkphp_3.2.3\Application\Home\Controller\ForumController.class.php 第 12 行.
SQL: SHOW COLUMNS FROM `zx_bbs` [ RunTime:0.0312s ]
SQL: SHOW COLUMNS FROM `zx_bbsreply` [ RunTime:0.0143s ]
SQL: SHOW COLUMNS FROM `zx_user` [ RunTime:0.0128s ]
SQL: SELECT COUNT(*) AS tp_count FROM `zx_bbs` LIMIT 1   [ RunTime:0.0004s ]
SQL: SELECT * FROM `zx_bbs` LEFT JOIN zx_user ON zx_bbs.uid = zx_user.uid LEFT JOIN zx_category ON zx_bbs.tid = zx_category.c_id  LIMIT 0,10   [ RunTime:0.0007s ]
SQL: SELECT COUNT(*) AS tp_count FROM `zx_bbsreply` LEFT JOIN zx_bbs ON  zx_bbsreply.qid =zx_bbs.bid  WHERE ( qid=8 ) LIMIT 1   [ RunTime:0.0004s ]
SQL: UPDATE `zx_bbs` SET `replycount`='7' WHERE ( bid=8 ) [ RunTime:0.0630s ]
SQL: SELECT COUNT(*) AS tp_count FROM `zx_bbsreply` LEFT JOIN zx_bbs ON  zx_bbsreply.qid =zx_bbs.bid  WHERE ( qid=9 ) LIMIT 1   [ RunTime:0.0008s ]
SQL: UPDATE `zx_bbs` SET `replycount`='9' WHERE ( bid=9 ) [ RunTime:0.0393s ]
SQL: SELECT COUNT(*) AS tp_count FROM `zx_bbsreply` LEFT JOIN zx_bbs ON  zx_bbsreply.qid =zx_bbs.bid  WHERE ( qid=10 ) LIMIT 1   [ RunTime:0.0004s ]
SQL: UPDATE `zx_bbs` SET `replycount`='5' WHERE ( bid=10 ) [ RunTime:0.0497s ]
SQL: SELECT COUNT(*) AS tp_count FROM `zx_bbsreply` LEFT JOIN zx_bbs ON  zx_bbsreply.qid =zx_bbs.bid  WHERE ( qid=36 ) LIMIT 1   [ RunTime:0.0006s ]
SQL: UPDATE `zx_bbs` SET `replycount`='8' WHERE ( bid=36 ) [ RunTime:0.0485s ]
SQL: SELECT COUNT(*) AS tp_count FROM `zx_bbsreply` LEFT JOIN zx_bbs ON  zx_bbsreply.qid =zx_bbs.bid  WHERE ( qid=37 ) LIMIT 1   [ RunTime:0.0003s ]
SQL: UPDATE `zx_bbs` SET `replycount`='2' WHERE ( bid=37 ) [ RunTime:0.0332s ]
SQL: SELECT COUNT(*) AS tp_count FROM `zx_bbsreply` LEFT JOIN zx_bbs ON  zx_bbsreply.qid =zx_bbs.bid  WHERE ( qid=38 ) LIMIT 1   [ RunTime:0.0003s ]
SQL: UPDATE `zx_bbs` SET `replycount`='2' WHERE ( bid=38 ) [ RunTime:0.0241s ]
SQL: SELECT COUNT(*) AS tp_count FROM `zx_bbsreply` LEFT JOIN zx_bbs ON  zx_bbsreply.qid =zx_bbs.bid  WHERE ( qid=39 ) LIMIT 1   [ RunTime:0.0005s ]
SQL: UPDATE `zx_bbs` SET `replycount`='2' WHERE ( bid=39 ) [ RunTime:0.0496s ]
SQL: SELECT COUNT(*) AS tp_count FROM `zx_bbsreply` LEFT JOIN zx_bbs ON  zx_bbsreply.qid =zx_bbs.bid  WHERE ( qid=40 ) LIMIT 1   [ RunTime:0.0004s ]
SQL: UPDATE `zx_bbs` SET `replycount`='0' WHERE ( bid=40 ) [ RunTime:0.0376s ]
SQL: SELECT COUNT(*) AS tp_count FROM `zx_bbsreply` LEFT JOIN zx_bbs ON  zx_bbsreply.qid =zx_bbs.bid  WHERE ( qid=41 ) LIMIT 1   [ RunTime:0.0003s ]
SQL: UPDATE `zx_bbs` SET `replycount`='1' WHERE ( bid=41 ) [ RunTime:0.0411s ]
SQL: SELECT COUNT(*) AS tp_count FROM `zx_bbsreply` LEFT JOIN zx_bbs ON  zx_bbsreply.qid =zx_bbs.bid  WHERE ( qid=42 ) LIMIT 1   [ RunTime:0.0003s ]
SQL: UPDATE `zx_bbs` SET `replycount`='2' WHERE ( bid=42 ) [ RunTime:0.0328s ]
SQL: SELECT * FROM `zx_user` WHERE ( uid = 1 ) LIMIT 1   [ RunTime:0.0003s ]
INFO: [ view_parse ] --START--
INFO: [ template_filter ] --START--
INFO: Run Behavior\ContentReplaceBehavior [ RunTime:0.000271s ]
INFO: [ template_filter ] --END-- [ RunTime:0.000336s ]
INFO: Run Behavior\ParseTemplateBehavior [ RunTime:0.136038s ]
INFO: [ view_parse ] --END-- [ RunTime:0.136077s ]
INFO: [ view_filter ] --START--
INFO: Run Behavior\WriteHtmlCacheBehavior [ RunTime:0.000767s ]
INFO: [ view_filter ] --END-- [ RunTime:0.000796s ]
INFO: [ app_end ] --START--
INFO: Run Behavior\ShowPageTraceBehavior [ RunTime:0.001111s ]
INFO: [ app_end ] --END-- [ RunTime:0.001147s ]

[ 2019-01-11T09:06:13+08:00 ] ::1 /phpText/ZGXG/ZGXG1/thinkphp_3.2.3/index.php/Home/personal/index/utype/1.html
INFO: [ app_init ] --START--
INFO: Run Behavior\BuildLiteBehavior [ RunTime:0.000021s ]
INFO: [ app_init ] --END-- [ RunTime:0.000727s ]
INFO: [ app_begin ] --START--
INFO: Run Behavior\ReadHtmlCacheBehavior [ RunTime:0.000841s ]
INFO: [ app_begin ] --END-- [ RunTime:0.000902s ]
SQL: SHOW COLUMNS FROM `zx_user` [ RunTime:0.0227s ]
SQL: SHOW COLUMNS FROM `zx_courses` [ RunTime:0.0073s ]
SQL: SHOW COLUMNS FROM `zx_major` [ RunTime:0.0355s ]
SQL: SHOW COLUMNS FROM `zx_uc` [ RunTime:0.0107s ]
SQL: SELECT * FROM `zx_user` WHERE ( uid = 1 )  [ RunTime:0.0003s ]
SQL: SELECT ch.*,co.cname FROM (SELECT ccid,COUNT(*) FROM zx_chapter GROUP BY ccid) as ch LEFT JOIN zx_courses as co on ch.ccid = co.cid [ RunTime:0.0004s ]
SQL: SELECT cid,cname,cphoto,cdescribe from zx_uc,zx_user,zx_courses WHERE zx_courses.cid = zx_uc.sccid AND zx_uc.scuid =zx_user.uid AND uid = 1 [ RunTime:0.0004s ]
SQL: SELECT * FROM `zx_courses`  [ RunTime:0.0002s ]
SQL: SELECT * FROM `zx_major`  [ RunTime:0.0002s ]
INFO: [ view_parse ] --START--
INFO: [ template_filter ] --START--
INFO: Run Behavior\ContentReplaceBehavior [ RunTime:0.000142s ]
INFO: [ template_filter ] --END-- [ RunTime:0.000206s ]
INFO: Run Behavior\ParseTemplateBehavior [ RunTime:0.234679s ]
INFO: [ view_parse ] --END-- [ RunTime:0.234740s ]
INFO: [ view_filter ] --START--
INFO: Run Behavior\WriteHtmlCacheBehavior [ RunTime:0.000742s ]
INFO: [ view_filter ] --END-- [ RunTime:0.000773s ]
INFO: [ app_end ] --START--
INFO: Run Behavior\ShowPageTraceBehavior [ RunTime:0.001374s ]
INFO: [ app_end ] --END-- [ RunTime:0.001413s ]

[ 2019-01-11T09:06:16+08:00 ] ::1 /phpText/ZGXG/ZGXG1/thinkphp_3.2.3/index.php/Home/index1/logout.html
INFO: [ app_init ] --START--
INFO: Run Behavior\BuildLiteBehavior [ RunTime:0.000009s ]
INFO: [ app_init ] --END-- [ RunTime:0.000341s ]
INFO: [ app_begin ] --START--
INFO: Run Behavior\ReadHtmlCacheBehavior [ RunTime:0.000419s ]
INFO: [ app_begin ] --END-- [ RunTime:0.000457s ]
INFO: [ view_parse ] --START--
INFO: [ template_filter ] --START--
INFO: Run Behavior\ContentReplaceBehavior [ RunTime:0.000102s ]
INFO: [ template_filter ] --END-- [ RunTime:0.000138s ]
INFO: Run Behavior\ParseTemplateBehavior [ RunTime:0.068681s ]
INFO: [ view_parse ] --END-- [ RunTime:0.068744s ]
INFO: [ view_filter ] --START--
INFO: Run Behavior\WriteHtmlCacheBehavior [ RunTime:0.001123s ]
INFO: [ view_filter ] --END-- [ RunTime:0.001156s ]
INFO: [ app_end ] --START--
INFO: Run Behavior\ShowPageTraceBehavior [ RunTime:0.001143s ]
INFO: [ app_end ] --END-- [ RunTime:0.001199s ]

[ 2019-01-11T09:06:18+08:00 ] ::1 /phpText/ZGXG/ZGXG1/thinkphp_3.2.3/index.php/Home/index/index.html
INFO: [ app_init ] --START--
INFO: Run Behavior\BuildLiteBehavior [ RunTime:0.000010s ]
INFO: [ app_init ] --END-- [ RunTime:0.000345s ]
INFO: [ app_begin ] --START--
INFO: Run Behavior\ReadHtmlCacheBehavior [ RunTime:0.000446s ]
INFO: [ app_begin ] --END-- [ RunTime:0.000506s ]
INFO: [ view_parse ] --START--
INFO: [ template_filter ] --START--
INFO: Run Behavior\ContentReplaceBehavior [ RunTime:0.000498s ]
INFO: [ template_filter ] --END-- [ RunTime:0.000588s ]
INFO: Run Behavior\ParseTemplateBehavior [ RunTime:0.097638s ]
INFO: [ view_parse ] --END-- [ RunTime:0.097690s ]
INFO: [ view_filter ] --START--
INFO: Run Behavior\WriteHtmlCacheBehavior [ RunTime:0.000755s ]
INFO: [ view_filter ] --END-- [ RunTime:0.000788s ]
INFO: [ app_end ] --START--
INFO: Run Behavior\ShowPageTraceBehavior [ RunTime:0.001224s ]
INFO: [ app_end ] --END-- [ RunTime:0.001281s ]

[ 2019-01-11T09:06:19+08:00 ] ::1 /phpText/ZGXG/ZGXG1/thinkphp_3.2.3/index.php/Home/index/login.html
INFO: [ app_init ] --START--
INFO: Run Behavior\BuildLiteBehavior [ RunTime:0.000016s ]
INFO: [ app_init ] --END-- [ RunTime:0.000495s ]
INFO: [ app_begin ] --START--
INFO: Run Behavior\ReadHtmlCacheBehavior [ RunTime:0.001690s ]
INFO: [ app_begin ] --END-- [ RunTime:0.001966s ]
INFO: [ view_parse ] --START--
INFO: [ template_filter ] --START--
INFO: Run Behavior\ContentReplaceBehavior [ RunTime:0.000093s ]
INFO: [ template_filter ] --END-- [ RunTime:0.000131s ]
INFO: Run Behavior\ParseTemplateBehavior [ RunTime:0.086407s ]
INFO: [ view_parse ] --END-- [ RunTime:0.086457s ]
INFO: [ view_filter ] --START--
INFO: Run Behavior\WriteHtmlCacheBehavior [ RunTime:0.000603s ]
INFO: [ view_filter ] --END-- [ RunTime:0.000632s ]
INFO: [ app_end ] --START--
INFO: Run Behavior\ShowPageTraceBehavior [ RunTime:0.001493s ]
INFO: [ app_end ] --END-- [ RunTime:0.001606s ]

[ 2019-01-11T09:06:24+08:00 ] ::1 /phpText/ZGXG/ZGXG1/thinkphp_3.2.3/index.php/Home/login/login.html
INFO: [ app_init ] --START--
INFO: Run Behavior\BuildLiteBehavior [ RunTime:0.000016s ]
INFO: [ app_init ] --END-- [ RunTime:0.000489s ]
INFO: [ app_begin ] --START--
INFO: Run Behavior\ReadHtmlCacheBehavior [ RunTime:0.001838s ]
INFO: [ app_begin ] --END-- [ RunTime:0.001922s ]
SQL: SHOW COLUMNS FROM `zx_user` [ RunTime:0.0228s ]
SQL: SELECT * FROM `zx_user` WHERE ( uaccount = '5' ) LIMIT 1   [ RunTime:0.0004s ]
INFO: [ view_parse ] --START--
INFO: [ template_filter ] --START--
INFO: Run Behavior\ContentReplaceBehavior [ RunTime:0.000098s ]
INFO: [ template_filter ] --END-- [ RunTime:0.000133s ]
INFO: Run Behavior\ParseTemplateBehavior [ RunTime:0.077274s ]
INFO: [ view_parse ] --END-- [ RunTime:0.077323s ]
INFO: [ view_filter ] --START--
INFO: Run Behavior\WriteHtmlCacheBehavior [ RunTime:0.000617s ]
INFO: [ view_filter ] --END-- [ RunTime:0.000647s ]
INFO: [ app_end ] --START--
INFO: Run Behavior\ShowPageTraceBehavior [ RunTime:0.001587s ]
INFO: [ app_end ] --END-- [ RunTime:0.001655s ]

[ 2019-01-11T09:06:25+08:00 ] ::1 /phpText/ZGXG/ZGXG1/thinkphp_3.2.3/index.php/Home/index1/index.html
INFO: [ app_init ] --START--
INFO: Run Behavior\BuildLiteBehavior [ RunTime:0.000078s ]
INFO: [ app_init ] --END-- [ RunTime:0.001316s ]
INFO: [ app_begin ] --START--
INFO: Run Behavior\ReadHtmlCacheBehavior [ RunTime:0.000787s ]
INFO: [ app_begin ] --END-- [ RunTime:0.000851s ]
SQL: SHOW COLUMNS FROM `zx_user` [ RunTime:0.0179s ]
SQL: SHOW COLUMNS FROM `zx_courses` [ RunTime:0.0059s ]
SQL: SELECT ch.*,co.cname FROM (SELECT ccid,COUNT(*) FROM zx_chapter GROUP BY ccid) as ch LEFT JOIN zx_courses as co on ch.ccid = co.cid [ RunTime:0.0005s ]
SQL: SELECT cid,cname,cphoto,cdescribe,ctype,SUM(grade) as sum FROM zx_grade,zx_courses WHERE zx_grade.gcid = zx_courses.cid GROUP BY cname ORDER BY SUM DESC
LIMIT 9 [ RunTime:0.0005s ]
SQL: SELECT * FROM `zx_courses` WHERE ( ctype = 1 )  [ RunTime:0.0004s ]
SQL: SELECT * FROM `zx_user` WHERE ( uid = 4 ) LIMIT 1   [ RunTime:0.0002s ]
INFO: [ view_parse ] --START--
INFO: [ template_filter ] --START--
INFO: Run Behavior\ContentReplaceBehavior [ RunTime:0.000497s ]
INFO: [ template_filter ] --END-- [ RunTime:0.000571s ]
INFO: Run Behavior\ParseTemplateBehavior [ RunTime:0.104044s ]
INFO: [ view_parse ] --END-- [ RunTime:0.104096s ]
INFO: [ view_filter ] --START--
INFO: Run Behavior\WriteHtmlCacheBehavior [ RunTime:0.001147s ]
INFO: [ view_filter ] --END-- [ RunTime:0.001184s ]
INFO: [ app_end ] --START--
INFO: Run Behavior\ShowPageTraceBehavior [ RunTime:0.001852s ]
INFO: [ app_end ] --END-- [ RunTime:0.001939s ]

[ 2019-01-11T09:06:27+08:00 ] ::1 /phpText/ZGXG/ZGXG1/thinkphp_3.2.3/index.php/Home/personal/index/utype/2.html
INFO: [ app_init ] --START--
INFO: Run Behavior\BuildLiteBehavior [ RunTime:0.000013s ]
INFO: [ app_init ] --END-- [ RunTime:0.000485s ]
INFO: [ app_begin ] --START--
INFO: Run Behavior\ReadHtmlCacheBehavior [ RunTime:0.000474s ]
INFO: [ app_begin ] --END-- [ RunTime:0.000522s ]
SQL: SHOW COLUMNS FROM `zx_user` [ RunTime:0.0173s ]
SQL: SHOW COLUMNS FROM `zx_courses` [ RunTime:0.0102s ]
SQL: SHOW COLUMNS FROM `zx_major` [ RunTime:0.0104s ]
SQL: SHOW COLUMNS FROM `zx_uc` [ RunTime:0.0097s ]
SQL: SELECT * FROM `zx_user` WHERE ( uid = 4 )  [ RunTime:0.0005s ]
SQL: SELECT ch.*,co.cname FROM (SELECT ccid,COUNT(*) FROM zx_chapter GROUP BY ccid) as ch LEFT JOIN zx_courses as co on ch.ccid = co.cid [ RunTime:0.0017s ]
SQL: SELECT cid,cname,cphoto,cdescribe from zx_uc,zx_user,zx_courses WHERE zx_courses.cid = zx_uc.sccid AND zx_uc.scuid =zx_user.uid AND uid = 4 [ RunTime:0.0004s ]
SQL: SELECT * FROM `zx_courses`  [ RunTime:0.0004s ]
SQL: SELECT * FROM `zx_major`  [ RunTime:0.0002s ]
INFO: [ view_parse ] --START--
INFO: [ template_filter ] --START--
INFO: Run Behavior\ContentReplaceBehavior [ RunTime:0.000304s ]
INFO: [ template_filter ] --END-- [ RunTime:0.000352s ]
INFO: Run Behavior\ParseTemplateBehavior [ RunTime:0.300997s ]
INFO: [ view_parse ] --END-- [ RunTime:0.301049s ]
INFO: [ view_filter ] --START--
INFO: Run Behavior\WriteHtmlCacheBehavior [ RunTime:0.000288s ]
INFO: [ view_filter ] --END-- [ RunTime:0.000338s ]
INFO: [ app_end ] --START--
INFO: Run Behavior\ShowPageTraceBehavior [ RunTime:0.000712s ]
INFO: [ app_end ] --END-- [ RunTime:0.000750s ]

[ 2019-01-11T09:07:34+08:00 ] ::1 /phpText/ZGXG/ZGXG1/thinkphp_3.2.3/index.php/Home/personal/index/utype/2.html
INFO: [ app_init ] --START--
INFO: Run Behavior\BuildLiteBehavior [ RunTime:0.000010s ]
INFO: [ app_init ] --END-- [ RunTime:0.000348s ]
INFO: [ app_begin ] --START--
INFO: Run Behavior\ReadHtmlCacheBehavior [ RunTime:0.000425s ]
INFO: [ app_begin ] --END-- [ RunTime:0.000462s ]
SQL: SHOW COLUMNS FROM `zx_user` [ RunTime:0.0145s ]
SQL: SHOW COLUMNS FROM `zx_courses` [ RunTime:0.0053s ]
SQL: SHOW COLUMNS FROM `zx_major` [ RunTime:0.0089s ]
SQL: SHOW COLUMNS FROM `zx_uc` [ RunTime:0.0100s ]
SQL: SELECT * FROM `zx_user` WHERE ( uid = 4 )  [ RunTime:0.0003s ]
SQL: SELECT ch.*,co.cname FROM (SELECT ccid,COUNT(*) FROM zx_chapter GROUP BY ccid) as ch LEFT JOIN zx_courses as co on ch.ccid = co.cid [ RunTime:0.0004s ]
SQL: SELECT cid,cname,cphoto,cdescribe from zx_uc,zx_user,zx_courses WHERE zx_courses.cid = zx_uc.sccid AND zx_uc.scuid =zx_user.uid AND uid = 4 [ RunTime:0.0004s ]
SQL: SELECT * FROM `zx_courses`  [ RunTime:0.0004s ]
SQL: SELECT * FROM `zx_major`  [ RunTime:0.0002s ]
INFO: [ view_parse ] --START--
INFO: [ template_filter ] --START--
INFO: Run Behavior\ContentReplaceBehavior [ RunTime:0.000422s ]
INFO: [ template_filter ] --END-- [ RunTime:0.000481s ]
INFO: Run Behavior\ParseTemplateBehavior [ RunTime:0.130367s ]
INFO: [ view_parse ] --END-- [ RunTime:0.130412s ]
INFO: [ view_filter ] --START--
INFO: Run Behavior\WriteHtmlCacheBehavior [ RunTime:0.000293s ]
INFO: [ view_filter ] --END-- [ RunTime:0.000320s ]
INFO: [ app_end ] --START--
INFO: Run Behavior\ShowPageTraceBehavior [ RunTime:0.000559s ]
INFO: [ app_end ] --END-- [ RunTime:0.000630s ]

