[ 2019-01-05T13:21:20+08:00 ] ::1 /phpText/ZGXG/ZGXG1/thinkphp_3.2.3/index.php
INFO: [ app_init ] --START--
INFO: Run Behavior\BuildLiteBehavior [ RunTime:0.000033s ]
INFO: [ app_init ] --END-- [ RunTime:0.046892s ]
INFO: [ app_begin ] --START--
INFO: Run Behavior\ReadHtmlCacheBehavior [ RunTime:0.051589s ]
INFO: [ app_begin ] --END-- [ RunTime:0.051741s ]
INFO: [ view_parse ] --START--
INFO: [ template_filter ] --START--
INFO: Run Behavior\ContentReplaceBehavior [ RunTime:0.000731s ]
INFO: [ template_filter ] --END-- [ RunTime:0.000844s ]
INFO: Run Behavior\ParseTemplateBehavior [ RunTime:0.549198s ]
INFO: [ view_parse ] --END-- [ RunTime:0.549355s ]
INFO: [ view_filter ] --START--
INFO: Run Behavior\WriteHtmlCacheBehavior [ RunTime:0.033381s ]
INFO: [ view_filter ] --END-- [ RunTime:0.033463s ]
INFO: [ app_end ] --START--
INFO: Run Behavior\ShowPageTraceBehavior [ RunTime:0.028119s ]
INFO: [ app_end ] --END-- [ RunTime:0.028488s ]

[ 2019-01-05T13:21:40+08:00 ] ::1 /phpText/ZGXG/ZGXG1/thinkphp_3.2.3/index.php/Home/index/login.html
INFO: [ app_init ] --START--
INFO: Run Behavior\BuildLiteBehavior [ RunTime:0.000014s ]
INFO: [ app_init ] --END-- [ RunTime:0.000679s ]
INFO: [ app_begin ] --START--
INFO: Run Behavior\ReadHtmlCacheBehavior [ RunTime:0.000550s ]
INFO: [ app_begin ] --END-- [ RunTime:0.000601s ]
INFO: [ view_parse ] --START--
INFO: [ template_filter ] --START--
INFO: Run Behavior\ContentReplaceBehavior [ RunTime:0.000109s ]
INFO: [ template_filter ] --END-- [ RunTime:0.000179s ]
INFO: Run Behavior\ParseTemplateBehavior [ RunTime:0.203390s ]
INFO: [ view_parse ] --END-- [ RunTime:0.203466s ]
INFO: [ view_filter ] --START--
INFO: Run Behavior\WriteHtmlCacheBehavior [ RunTime:0.000390s ]
INFO: [ view_filter ] --END-- [ RunTime:0.000440s ]
INFO: [ app_end ] --START--
INFO: Run Behavior\ShowPageTraceBehavior [ RunTime:0.000556s ]
INFO: [ app_end ] --END-- [ RunTime:0.000636s ]

[ 2019-01-05T13:21:45+08:00 ] ::1 /phpText/ZGXG/ZGXG1/thinkphp_3.2.3/index.php/Home/index/index.html
INFO: [ app_init ] --START--
INFO: Run Behavior\BuildLiteBehavior [ RunTime:0.000026s ]
INFO: [ app_init ] --END-- [ RunTime:0.002209s ]
INFO: [ app_begin ] --START--
INFO: Run Behavior\ReadHtmlCacheBehavior [ RunTime:0.000836s ]
INFO: [ app_begin ] --END-- [ RunTime:0.000880s ]
INFO: [ view_parse ] --START--
INFO: [ template_filter ] --START--
INFO: Run Behavior\ContentReplaceBehavior [ RunTime:0.000355s ]
INFO: [ template_filter ] --END-- [ RunTime:0.000402s ]
INFO: Run Behavior\ParseTemplateBehavior [ RunTime:0.101186s ]
INFO: [ view_parse ] --END-- [ RunTime:0.101284s ]
INFO: [ view_filter ] --START--
INFO: Run Behavior\WriteHtmlCacheBehavior [ RunTime:0.000857s ]
INFO: [ view_filter ] --END-- [ RunTime:0.000907s ]
INFO: [ app_end ] --START--
INFO: Run Behavior\ShowPageTraceBehavior [ RunTime:0.001051s ]
INFO: [ app_end ] --END-- [ RunTime:0.001121s ]

[ 2019-01-05T13:22:03+08:00 ] ::1 /phpText/ZGXG/ZGXG1/thinkphp_3.2.3/index.php/Home/index/login.html
INFO: [ app_init ] --START--
INFO: Run Behavior\BuildLiteBehavior [ RunTime:0.000009s ]
INFO: [ app_init ] --END-- [ RunTime:0.000489s ]
INFO: [ app_begin ] --START--
INFO: Run Behavior\ReadHtmlCacheBehavior [ RunTime:0.000576s ]
INFO: [ app_begin ] --END-- [ RunTime:0.000638s ]
INFO: [ view_parse ] --START--
INFO: [ template_filter ] --START--
INFO: Run Behavior\ContentReplaceBehavior [ RunTime:0.000100s ]
INFO: [ template_filter ] --END-- [ RunTime:0.000174s ]
INFO: Run Behavior\ParseTemplateBehavior [ RunTime:0.107259s ]
INFO: [ view_parse ] --END-- [ RunTime:0.107399s ]
INFO: [ view_filter ] --START--
INFO: Run Behavior\WriteHtmlCacheBehavior [ RunTime:0.000309s ]
INFO: [ view_filter ] --END-- [ RunTime:0.000341s ]
INFO: [ app_end ] --START--
INFO: Run Behavior\ShowPageTraceBehavior [ RunTime:0.000688s ]
INFO: [ app_end ] --END-- [ RunTime:0.000746s ]

[ 2019-01-05T13:22:09+08:00 ] ::1 /phpText/ZGXG/ZGXG1/thinkphp_3.2.3/index.php/Home/login/login.html
INFO: [ app_init ] --START--
INFO: Run Behavior\BuildLiteBehavior [ RunTime:0.000152s ]
INFO: [ app_init ] --END-- [ RunTime:0.001955s ]
INFO: [ app_begin ] --START--
INFO: Run Behavior\ReadHtmlCacheBehavior [ RunTime:0.000753s ]
INFO: [ app_begin ] --END-- [ RunTime:0.000805s ]
SQL: SHOW COLUMNS FROM `zx_user` [ RunTime:0.0936s ]
SQL: SELECT * FROM `zx_user` WHERE ( uaccount = '1' ) LIMIT 1   [ RunTime:0.0016s ]
INFO: [ view_parse ] --START--
INFO: [ template_filter ] --START--
INFO: Run Behavior\ContentReplaceBehavior [ RunTime:0.000103s ]
INFO: [ template_filter ] --END-- [ RunTime:0.000141s ]
INFO: Run Behavior\ParseTemplateBehavior [ RunTime:0.156291s ]
INFO: [ view_parse ] --END-- [ RunTime:0.156337s ]
INFO: [ view_filter ] --START--
INFO: Run Behavior\WriteHtmlCacheBehavior [ RunTime:0.000562s ]
INFO: [ view_filter ] --END-- [ RunTime:0.000592s ]
INFO: [ app_end ] --START--
INFO: Run Behavior\ShowPageTraceBehavior [ RunTime:0.001395s ]
INFO: [ app_end ] --END-- [ RunTime:0.001450s ]

[ 2019-01-05T13:22:11+08:00 ] ::1 /phpText/ZGXG/ZGXG1/thinkphp_3.2.3/index.php/Home/index1/index.html
INFO: [ app_init ] --START--
INFO: Run Behavior\BuildLiteBehavior [ RunTime:0.000011s ]
INFO: [ app_init ] --END-- [ RunTime:0.000672s ]
INFO: [ app_begin ] --START--
INFO: Run Behavior\ReadHtmlCacheBehavior [ RunTime:0.000419s ]
INFO: [ app_begin ] --END-- [ RunTime:0.000458s ]
SQL: SHOW COLUMNS FROM `zx_user` [ RunTime:0.0257s ]
SQL: SHOW COLUMNS FROM `zx_courses` [ RunTime:0.0676s ]
SQL: SELECT ch.*,co.cname FROM (SELECT ccid,COUNT(*) FROM zx_chapter GROUP BY ccid) as ch LEFT JOIN zx_courses as co on ch.ccid = co.cid [ RunTime:0.1084s ]
SQL: SELECT cid,cname,cphoto,cdescribe,ctype,SUM(grade) as sum FROM zx_grade,zx_courses WHERE zx_grade.gcid = zx_courses.cid GROUP BY cname ORDER BY SUM DESC
LIMIT 9 [ RunTime:0.0359s ]
SQL: SELECT * FROM `zx_courses` WHERE ( ctype = 1 )  [ RunTime:0.0004s ]
SQL: SELECT * FROM `zx_user` WHERE ( uid = 1 ) LIMIT 1   [ RunTime:0.0001s ]
INFO: [ view_parse ] --START--
INFO: [ template_filter ] --START--
INFO: Run Behavior\ContentReplaceBehavior [ RunTime:0.000270s ]
INFO: [ template_filter ] --END-- [ RunTime:0.000309s ]
INFO: Run Behavior\ParseTemplateBehavior [ RunTime:0.227991s ]
INFO: [ view_parse ] --END-- [ RunTime:0.228039s ]
INFO: [ view_filter ] --START--
INFO: Run Behavior\WriteHtmlCacheBehavior [ RunTime:0.000410s ]
INFO: [ view_filter ] --END-- [ RunTime:0.000439s ]
INFO: [ app_end ] --START--
INFO: Run Behavior\ShowPageTraceBehavior [ RunTime:0.000590s ]
INFO: [ app_end ] --END-- [ RunTime:0.000632s ]

[ 2019-01-05T13:22:14+08:00 ] ::1 /phpText/ZGXG/ZGXG1/thinkphp_3.2.3/index.php/Home/courses/index.html
INFO: [ app_init ] --START--
INFO: Run Behavior\BuildLiteBehavior [ RunTime:0.000044s ]
INFO: [ app_init ] --END-- [ RunTime:0.000500s ]
INFO: [ app_begin ] --START--
INFO: Run Behavior\ReadHtmlCacheBehavior [ RunTime:0.000726s ]
INFO: [ app_begin ] --END-- [ RunTime:0.000768s ]
SQL: SHOW COLUMNS FROM `zx_user` [ RunTime:0.0178s ]
SQL: SELECT * FROM `zx_user` WHERE ( uid = 1 ) LIMIT 1   [ RunTime:0.0004s ]
SQL: SHOW COLUMNS FROM `zx_courses` [ RunTime:0.0053s ]
SQL: SELECT ch.*,co.cname FROM (SELECT ccid,COUNT(*) FROM zx_chapter GROUP BY ccid) as ch LEFT JOIN zx_courses as co on ch.ccid = co.cid [ RunTime:0.0005s ]
SQL: SELECT * FROM `zx_courses` LIMIT 0,8   [ RunTime:0.0005s ]
SQL: SELECT COUNT(*) AS tp_count FROM `zx_courses` LIMIT 1   [ RunTime:0.0004s ]
INFO: [ view_parse ] --START--
INFO: [ template_filter ] --START--
INFO: Run Behavior\ContentReplaceBehavior [ RunTime:0.000113s ]
INFO: [ template_filter ] --END-- [ RunTime:0.000154s ]
INFO: Run Behavior\ParseTemplateBehavior [ RunTime:0.238200s ]
INFO: [ view_parse ] --END-- [ RunTime:0.238404s ]
INFO: [ view_filter ] --START--
INFO: Run Behavior\WriteHtmlCacheBehavior [ RunTime:0.001913s ]
INFO: [ view_filter ] --END-- [ RunTime:0.002176s ]
INFO: [ app_end ] --START--
INFO: Run Behavior\ShowPageTraceBehavior [ RunTime:0.001691s ]
INFO: [ app_end ] --END-- [ RunTime:0.001892s ]

[ 2019-01-05T13:22:15+08:00 ] ::1 /phpText/ZGXG/ZGXG1/thinkphp_3.2.3/index.php/Home/courses/index2.html
INFO: [ app_init ] --START--
INFO: Run Behavior\BuildLiteBehavior [ RunTime:0.000009s ]
INFO: [ app_init ] --END-- [ RunTime:0.000344s ]
INFO: [ app_begin ] --START--
INFO: Run Behavior\ReadHtmlCacheBehavior [ RunTime:0.000513s ]
INFO: [ app_begin ] --END-- [ RunTime:0.000592s ]
SQL: SHOW COLUMNS FROM `zx_cm` [ RunTime:0.0836s ]
SQL: SHOW COLUMNS FROM `zx_major` [ RunTime:0.0408s ]
SQL: SHOW COLUMNS FROM `zx_courses` [ RunTime:0.0097s ]
SQL: SELECT * FROM `zx_major`  [ RunTime:0.0003s ]
SQL: SELECT ch.*,co.cname FROM (SELECT ccid,COUNT(*) FROM zx_chapter GROUP BY ccid) as ch LEFT JOIN zx_courses as co on ch.ccid = co.cid [ RunTime:0.0004s ]
SQL: SELECT * FROM `zx_courses` WHERE ( ctype = 2 )  [ RunTime:0.0006s ]
SQL: SHOW COLUMNS FROM `zx_user` [ RunTime:0.0074s ]
SQL: SELECT * FROM `zx_user` WHERE ( uid = 1 ) LIMIT 1   [ RunTime:0.0004s ]
INFO: [ view_parse ] --START--
INFO: [ template_filter ] --START--
INFO: Run Behavior\ContentReplaceBehavior [ RunTime:0.000173s ]
INFO: [ template_filter ] --END-- [ RunTime:0.000211s ]
NOTIC: [8] Undefined offset: 28 D:\XAMPP\htdocs\phpText\ZGXG\ZGXG1\thinkphp_3.2.3\Application\Runtime\Cache\Home\740da520184da9e9318117887b604d0a.php 第 153 行.
NOTIC: [8] Undefined offset: 29 D:\XAMPP\htdocs\phpText\ZGXG\ZGXG1\thinkphp_3.2.3\Application\Runtime\Cache\Home\740da520184da9e9318117887b604d0a.php 第 153 行.
NOTIC: [8] Undefined offset: 30 D:\XAMPP\htdocs\phpText\ZGXG\ZGXG1\thinkphp_3.2.3\Application\Runtime\Cache\Home\740da520184da9e9318117887b604d0a.php 第 153 行.
NOTIC: [8] Undefined offset: 31 D:\XAMPP\htdocs\phpText\ZGXG\ZGXG1\thinkphp_3.2.3\Application\Runtime\Cache\Home\740da520184da9e9318117887b604d0a.php 第 153 行.
NOTIC: [8] Undefined offset: 32 D:\XAMPP\htdocs\phpText\ZGXG\ZGXG1\thinkphp_3.2.3\Application\Runtime\Cache\Home\740da520184da9e9318117887b604d0a.php 第 153 行.
INFO: Run Behavior\ParseTemplateBehavior [ RunTime:0.188044s ]
INFO: [ view_parse ] --END-- [ RunTime:0.188165s ]
INFO: [ view_filter ] --START--
INFO: Run Behavior\WriteHtmlCacheBehavior [ RunTime:0.000814s ]
INFO: [ view_filter ] --END-- [ RunTime:0.000863s ]
INFO: [ app_end ] --START--
INFO: Run Behavior\ShowPageTraceBehavior [ RunTime:0.001272s ]
INFO: [ app_end ] --END-- [ RunTime:0.001363s ]

[ 2019-01-05T13:22:21+08:00 ] ::1 /phpText/ZGXG/ZGXG1/thinkphp_3.2.3/index.php/Home/index1/index.html
INFO: [ app_init ] --START--
INFO: Run Behavior\BuildLiteBehavior [ RunTime:0.000012s ]
INFO: [ app_init ] --END-- [ RunTime:0.000474s ]
INFO: [ app_begin ] --START--
INFO: Run Behavior\ReadHtmlCacheBehavior [ RunTime:0.000902s ]
INFO: [ app_begin ] --END-- [ RunTime:0.000954s ]
SQL: SHOW COLUMNS FROM `zx_user` [ RunTime:0.0156s ]
SQL: SHOW COLUMNS FROM `zx_courses` [ RunTime:0.0070s ]
SQL: SELECT ch.*,co.cname FROM (SELECT ccid,COUNT(*) FROM zx_chapter GROUP BY ccid) as ch LEFT JOIN zx_courses as co on ch.ccid = co.cid [ RunTime:0.0006s ]
SQL: SELECT cid,cname,cphoto,cdescribe,ctype,SUM(grade) as sum FROM zx_grade,zx_courses WHERE zx_grade.gcid = zx_courses.cid GROUP BY cname ORDER BY SUM DESC
LIMIT 9 [ RunTime:0.0010s ]
SQL: SELECT * FROM `zx_courses` WHERE ( ctype = 1 )  [ RunTime:0.0022s ]
SQL: SELECT * FROM `zx_user` WHERE ( uid = 1 ) LIMIT 1   [ RunTime:0.0005s ]
INFO: [ view_parse ] --START--
INFO: [ template_filter ] --START--
INFO: Run Behavior\ContentReplaceBehavior [ RunTime:0.000317s ]
INFO: [ template_filter ] --END-- [ RunTime:0.000361s ]
INFO: Run Behavior\ParseTemplateBehavior [ RunTime:0.109725s ]
INFO: [ view_parse ] --END-- [ RunTime:0.109778s ]
INFO: [ view_filter ] --START--
INFO: Run Behavior\WriteHtmlCacheBehavior [ RunTime:0.000774s ]
INFO: [ view_filter ] --END-- [ RunTime:0.000804s ]
INFO: [ app_end ] --START--
INFO: Run Behavior\ShowPageTraceBehavior [ RunTime:0.001499s ]
INFO: [ app_end ] --END-- [ RunTime:0.001605s ]

[ 2019-01-05T13:22:25+08:00 ] ::1 /phpText/ZGXG/ZGXG1/thinkphp_3.2.3/index.php/Home/courses/index.html
INFO: [ app_init ] --START--
INFO: Run Behavior\BuildLiteBehavior [ RunTime:0.000009s ]
INFO: [ app_init ] --END-- [ RunTime:0.000412s ]
INFO: [ app_begin ] --START--
INFO: Run Behavior\ReadHtmlCacheBehavior [ RunTime:0.000601s ]
INFO: [ app_begin ] --END-- [ RunTime:0.000664s ]
SQL: SHOW COLUMNS FROM `zx_user` [ RunTime:0.0185s ]
SQL: SELECT * FROM `zx_user` WHERE ( uid = 1 ) LIMIT 1   [ RunTime:0.0002s ]
SQL: SHOW COLUMNS FROM `zx_courses` [ RunTime:0.0052s ]
SQL: SELECT ch.*,co.cname FROM (SELECT ccid,COUNT(*) FROM zx_chapter GROUP BY ccid) as ch LEFT JOIN zx_courses as co on ch.ccid = co.cid [ RunTime:0.0006s ]
SQL: SELECT * FROM `zx_courses` LIMIT 0,8   [ RunTime:0.0003s ]
SQL: SELECT COUNT(*) AS tp_count FROM `zx_courses` LIMIT 1   [ RunTime:0.0002s ]
INFO: [ view_parse ] --START--
INFO: [ template_filter ] --START--
INFO: Run Behavior\ContentReplaceBehavior [ RunTime:0.000203s ]
INFO: [ template_filter ] --END-- [ RunTime:0.000277s ]
INFO: Run Behavior\ParseTemplateBehavior [ RunTime:0.128121s ]
INFO: [ view_parse ] --END-- [ RunTime:0.128211s ]
INFO: [ view_filter ] --START--
INFO: Run Behavior\WriteHtmlCacheBehavior [ RunTime:0.000654s ]
INFO: [ view_filter ] --END-- [ RunTime:0.000691s ]
INFO: [ app_end ] --START--
INFO: Run Behavior\ShowPageTraceBehavior [ RunTime:0.001345s ]
INFO: [ app_end ] --END-- [ RunTime:0.001410s ]

[ 2019-01-05T13:22:27+08:00 ] ::1 /phpText/ZGXG/ZGXG1/thinkphp_3.2.3/index.php/Home/Chapter/index/cid/1.html
INFO: [ app_init ] --START--
INFO: Run Behavior\BuildLiteBehavior [ RunTime:0.000012s ]
INFO: [ app_init ] --END-- [ RunTime:0.000452s ]
INFO: [ app_begin ] --START--
INFO: Run Behavior\ReadHtmlCacheBehavior [ RunTime:0.000735s ]
INFO: [ app_begin ] --END-- [ RunTime:0.000857s ]
SQL: SHOW COLUMNS FROM `zx_user` [ RunTime:0.0193s ]
SQL: SHOW COLUMNS FROM `zx_uc` [ RunTime:0.0356s ]
SQL: SELECT * FROM `zx_user` WHERE ( uid = 1 ) LIMIT 1   [ RunTime:0.0003s ]
SQL: SHOW COLUMNS FROM `zx_courses` [ RunTime:0.0061s ]
SQL: SHOW COLUMNS FROM `zx_chapter` [ RunTime:0.0054s ]
SQL: SELECT * FROM `zx_uc` WHERE `scuid` = 1 AND `sccid` = 1 LIMIT 1   [ RunTime:0.0331s ]
SQL: SELECT * FROM `zx_courses` WHERE ( cid = 1 )  [ RunTime:0.0002s ]
SQL: SELECT * FROM `zx_chapter` LEFT JOIN zx_video ON zx_chapter.cvid = zx_video.vid  WHERE ( ccid = 1 )  [ RunTime:0.0176s ]
INFO: [ view_parse ] --START--
INFO: [ template_filter ] --START--
INFO: Run Behavior\ContentReplaceBehavior [ RunTime:0.000130s ]
INFO: [ template_filter ] --END-- [ RunTime:0.000169s ]
INFO: Run Behavior\ParseTemplateBehavior [ RunTime:0.228494s ]
INFO: [ view_parse ] --END-- [ RunTime:0.228593s ]
INFO: [ view_filter ] --START--
INFO: Run Behavior\WriteHtmlCacheBehavior [ RunTime:0.000620s ]
INFO: [ view_filter ] --END-- [ RunTime:0.000651s ]
INFO: [ app_end ] --START--
INFO: Run Behavior\ShowPageTraceBehavior [ RunTime:0.001124s ]
INFO: [ app_end ] --END-- [ RunTime:0.001178s ]

[ 2019-01-05T13:22:29+08:00 ] ::1 /phpText/ZGXG/ZGXG1/thinkphp_3.2.3/index.php/Home/Play/index/cvid/3/ccid/1.html
INFO: [ app_init ] --START--
INFO: Run Behavior\BuildLiteBehavior [ RunTime:0.000010s ]
INFO: [ app_init ] --END-- [ RunTime:0.000354s ]
INFO: [ app_begin ] --START--
INFO: Run Behavior\ReadHtmlCacheBehavior [ RunTime:0.000659s ]
INFO: [ app_begin ] --END-- [ RunTime:0.000701s ]
SQL: SHOW COLUMNS FROM `zx_user` [ RunTime:0.0146s ]
SQL: SELECT * FROM `zx_user` WHERE ( uid = 1 ) LIMIT 1   [ RunTime:0.0004s ]
SQL: SHOW COLUMNS FROM `zx_video` [ RunTime:0.0105s ]
SQL: SHOW COLUMNS FROM `zx_chapter` [ RunTime:0.0048s ]
SQL: SELECT * FROM `zx_chapter` LEFT JOIN zx_video ON zx_chapter.cvid = zx_video.vid  WHERE ( ccid = 1 )  [ RunTime:0.0004s ]
SQL: SELECT * FROM `zx_video` WHERE ( vid = 3 ) LIMIT 1   [ RunTime:0.0003s ]
INFO: [ view_parse ] --START--
INFO: [ template_filter ] --START--
INFO: Run Behavior\ContentReplaceBehavior [ RunTime:0.000151s ]
INFO: [ template_filter ] --END-- [ RunTime:0.000226s ]
INFO: Run Behavior\ParseTemplateBehavior [ RunTime:0.182956s ]
INFO: [ view_parse ] --END-- [ RunTime:0.183001s ]
INFO: [ view_filter ] --START--
INFO: Run Behavior\WriteHtmlCacheBehavior [ RunTime:0.000705s ]
INFO: [ view_filter ] --END-- [ RunTime:0.000736s ]
INFO: [ app_end ] --START--
INFO: Run Behavior\ShowPageTraceBehavior [ RunTime:0.001276s ]
INFO: [ app_end ] --END-- [ RunTime:0.001341s ]

[ 2019-01-05T13:22:42+08:00 ] ::1 /phpText/ZGXG/ZGXG1/thinkphp_3.2.3/index.php/Home/Chapter/index/cid/1.html
INFO: [ app_init ] --START--
INFO: Run Behavior\BuildLiteBehavior [ RunTime:0.000010s ]
INFO: [ app_init ] --END-- [ RunTime:0.000574s ]
INFO: [ app_begin ] --START--
INFO: Run Behavior\ReadHtmlCacheBehavior [ RunTime:0.000729s ]
INFO: [ app_begin ] --END-- [ RunTime:0.000771s ]
SQL: SHOW COLUMNS FROM `zx_user` [ RunTime:0.0190s ]
SQL: SHOW COLUMNS FROM `zx_uc` [ RunTime:0.0100s ]
SQL: SELECT * FROM `zx_user` WHERE ( uid = 1 ) LIMIT 1   [ RunTime:0.0005s ]
SQL: SHOW COLUMNS FROM `zx_courses` [ RunTime:0.0127s ]
SQL: SHOW COLUMNS FROM `zx_chapter` [ RunTime:0.0074s ]
SQL: SELECT * FROM `zx_uc` WHERE `scuid` = 1 AND `sccid` = 1 LIMIT 1   [ RunTime:0.0006s ]
SQL: SELECT * FROM `zx_courses` WHERE ( cid = 1 )  [ RunTime:0.0003s ]
SQL: SELECT * FROM `zx_chapter` LEFT JOIN zx_video ON zx_chapter.cvid = zx_video.vid  WHERE ( ccid = 1 )  [ RunTime:0.0003s ]
INFO: [ view_parse ] --START--
INFO: [ template_filter ] --START--
INFO: Run Behavior\ContentReplaceBehavior [ RunTime:0.000143s ]
INFO: [ template_filter ] --END-- [ RunTime:0.000223s ]
INFO: Run Behavior\ParseTemplateBehavior [ RunTime:0.138725s ]
INFO: [ view_parse ] --END-- [ RunTime:0.138806s ]
INFO: [ view_filter ] --START--
INFO: Run Behavior\WriteHtmlCacheBehavior [ RunTime:0.000839s ]
INFO: [ view_filter ] --END-- [ RunTime:0.000868s ]
INFO: [ app_end ] --START--
INFO: Run Behavior\ShowPageTraceBehavior [ RunTime:0.001419s ]
INFO: [ app_end ] --END-- [ RunTime:0.001544s ]

[ 2019-01-05T13:22:44+08:00 ] ::1 /phpText/ZGXG/ZGXG1/thinkphp_3.2.3/index.php/Home/chapter/download/cvid/1.html
INFO: [ app_init ] --START--
INFO: Run Behavior\BuildLiteBehavior [ RunTime:0.000009s ]
INFO: [ app_init ] --END-- [ RunTime:0.000332s ]
INFO: [ app_begin ] --START--
INFO: Run Behavior\ReadHtmlCacheBehavior [ RunTime:0.000410s ]
INFO: [ app_begin ] --END-- [ RunTime:0.000447s ]
SQL: SHOW COLUMNS FROM `zx_video` [ RunTime:0.0140s ]
SQL: SELECT * FROM `zx_video` WHERE `vid` = 1 LIMIT 1   [ RunTime:0.0006s ]

[ 2019-01-05T13:22:51+08:00 ] ::1 /phpText/ZGXG/ZGXG1/thinkphp_3.2.3/index.php/Home/personal/index/utype/1.html
INFO: [ app_init ] --START--
INFO: Run Behavior\BuildLiteBehavior [ RunTime:0.000010s ]
INFO: [ app_init ] --END-- [ RunTime:0.000343s ]
INFO: [ app_begin ] --START--
INFO: Run Behavior\ReadHtmlCacheBehavior [ RunTime:0.000473s ]
INFO: [ app_begin ] --END-- [ RunTime:0.000525s ]
SQL: SHOW COLUMNS FROM `zx_user` [ RunTime:0.0134s ]
SQL: SHOW COLUMNS FROM `zx_courses` [ RunTime:0.0072s ]
SQL: SHOW COLUMNS FROM `zx_major` [ RunTime:0.0082s ]
SQL: SHOW COLUMNS FROM `zx_uc` [ RunTime:0.0086s ]
SQL: SELECT * FROM `zx_user` WHERE ( uid = 1 )  [ RunTime:0.0004s ]
SQL: SELECT ch.*,co.cname FROM (SELECT ccid,COUNT(*) FROM zx_chapter GROUP BY ccid) as ch LEFT JOIN zx_courses as co on ch.ccid = co.cid [ RunTime:0.0005s ]
SQL: SELECT cid,cname,cphoto,cdescribe from zx_uc,zx_user,zx_courses WHERE zx_courses.cid = zx_uc.sccid AND zx_uc.scuid =zx_user.uid AND uid = 1 [ RunTime:0.0004s ]
SQL: SELECT * FROM `zx_courses`  [ RunTime:0.0003s ]
SQL: SELECT * FROM `zx_major`  [ RunTime:0.0002s ]
INFO: [ view_parse ] --START--
INFO: [ template_filter ] --START--
INFO: Run Behavior\ContentReplaceBehavior [ RunTime:0.000190s ]
INFO: [ template_filter ] --END-- [ RunTime:0.000271s ]
INFO: Run Behavior\ParseTemplateBehavior [ RunTime:0.232054s ]
INFO: [ view_parse ] --END-- [ RunTime:0.232103s ]
INFO: [ view_filter ] --START--
INFO: Run Behavior\WriteHtmlCacheBehavior [ RunTime:0.000601s ]
INFO: [ view_filter ] --END-- [ RunTime:0.000631s ]
INFO: [ app_end ] --START--
INFO: Run Behavior\ShowPageTraceBehavior [ RunTime:0.001085s ]
INFO: [ app_end ] --END-- [ RunTime:0.001121s ]

[ 2019-01-05T13:23:06+08:00 ] ::1 /phpText/ZGXG/ZGXG1/thinkphp_3.2.3/index.php/Home/personal/uploadimg.html
INFO: [ app_init ] --START--
INFO: Run Behavior\BuildLiteBehavior [ RunTime:0.000030s ]
INFO: [ app_init ] --END-- [ RunTime:0.000619s ]
INFO: [ app_begin ] --START--
INFO: Run Behavior\ReadHtmlCacheBehavior [ RunTime:0.000647s ]
INFO: [ app_begin ] --END-- [ RunTime:0.000704s ]
SQL: SHOW COLUMNS FROM `zx_user` [ RunTime:0.0151s ]
NOTIC: [2] call_user_func() expects parameter 1 to be a valid callback, no array or string given D:\XAMPP\htdocs\phpText\ZGXG\ZGXG1\thinkphp_3.2.3\ThinkPHP\Library\Think\Upload.class.php 第 170 行.
NOTIC: [8] Undefined offset: 1 D:\XAMPP\htdocs\phpText\ZGXG\ZGXG1\thinkphp_3.2.3\ThinkPHP\Library\Think\Upload.class.php 第 414 行.
NOTIC: [8] Undefined index: validate D:\XAMPP\htdocs\phpText\ZGXG\ZGXG1\thinkphp_3.2.3\ThinkPHP\Library\Think\Model.class.php 第 1185 行.
NOTIC: [8] Undefined index: auto D:\XAMPP\htdocs\phpText\ZGXG\ZGXG1\thinkphp_3.2.3\ThinkPHP\Library\Think\Model.class.php 第 1128 行.
SQL: UPDATE `zx_user` SET `uphoto`='2019-01-05/5c303f3a3d8a0.jpeg' WHERE ( uid = 1 ) [ RunTime:0.1119s ]
INFO: [ view_parse ] --START--
INFO: [ template_filter ] --START--
INFO: Run Behavior\ContentReplaceBehavior [ RunTime:0.000094s ]
INFO: [ template_filter ] --END-- [ RunTime:0.000132s ]
INFO: Run Behavior\ParseTemplateBehavior [ RunTime:0.081976s ]
INFO: [ view_parse ] --END-- [ RunTime:0.082024s ]
INFO: [ view_filter ] --START--
INFO: Run Behavior\WriteHtmlCacheBehavior [ RunTime:0.003936s ]
INFO: [ view_filter ] --END-- [ RunTime:0.003967s ]
INFO: [ app_end ] --START--
INFO: Run Behavior\ShowPageTraceBehavior [ RunTime:0.006177s ]
INFO: [ app_end ] --END-- [ RunTime:0.006220s ]

[ 2019-01-05T13:23:07+08:00 ] ::1 /phpText/ZGXG/ZGXG1/thinkphp_3.2.3/index.php/Home/personal/index/utype/1.html
INFO: [ app_init ] --START--
INFO: Run Behavior\BuildLiteBehavior [ RunTime:0.000009s ]
INFO: [ app_init ] --END-- [ RunTime:0.000333s ]
INFO: [ app_begin ] --START--
INFO: Run Behavior\ReadHtmlCacheBehavior [ RunTime:0.000424s ]
INFO: [ app_begin ] --END-- [ RunTime:0.000482s ]
SQL: SHOW COLUMNS FROM `zx_user` [ RunTime:0.0307s ]
SQL: SHOW COLUMNS FROM `zx_courses` [ RunTime:0.0057s ]
SQL: SHOW COLUMNS FROM `zx_major` [ RunTime:0.0173s ]
SQL: SHOW COLUMNS FROM `zx_uc` [ RunTime:0.0114s ]
SQL: SELECT * FROM `zx_user` WHERE ( uid = 1 )  [ RunTime:0.0004s ]
SQL: SELECT ch.*,co.cname FROM (SELECT ccid,COUNT(*) FROM zx_chapter GROUP BY ccid) as ch LEFT JOIN zx_courses as co on ch.ccid = co.cid [ RunTime:0.0004s ]
SQL: SELECT cid,cname,cphoto,cdescribe from zx_uc,zx_user,zx_courses WHERE zx_courses.cid = zx_uc.sccid AND zx_uc.scuid =zx_user.uid AND uid = 1 [ RunTime:0.0003s ]
SQL: SELECT * FROM `zx_courses`  [ RunTime:0.0003s ]
SQL: SELECT * FROM `zx_major`  [ RunTime:0.0002s ]
INFO: [ view_parse ] --START--
INFO: [ template_filter ] --START--
INFO: Run Behavior\ContentReplaceBehavior [ RunTime:0.000169s ]
INFO: [ template_filter ] --END-- [ RunTime:0.000209s ]
INFO: Run Behavior\ParseTemplateBehavior [ RunTime:0.120027s ]
INFO: [ view_parse ] --END-- [ RunTime:0.120071s ]
INFO: [ view_filter ] --START--
INFO: Run Behavior\WriteHtmlCacheBehavior [ RunTime:0.000733s ]
INFO: [ view_filter ] --END-- [ RunTime:0.000801s ]
INFO: [ app_end ] --START--
INFO: Run Behavior\ShowPageTraceBehavior [ RunTime:0.001401s ]
INFO: [ app_end ] --END-- [ RunTime:0.001459s ]

[ 2019-01-05T13:23:13+08:00 ] ::1 /phpText/ZGXG/ZGXG1/thinkphp_3.2.3/index.php/Home/index1/logout.html
INFO: [ app_init ] --START--
INFO: Run Behavior\BuildLiteBehavior [ RunTime:0.000010s ]
INFO: [ app_init ] --END-- [ RunTime:0.000464s ]
INFO: [ app_begin ] --START--
INFO: Run Behavior\ReadHtmlCacheBehavior [ RunTime:0.000515s ]
INFO: [ app_begin ] --END-- [ RunTime:0.000607s ]
INFO: [ view_parse ] --START--
INFO: [ template_filter ] --START--
INFO: Run Behavior\ContentReplaceBehavior [ RunTime:0.000105s ]
INFO: [ template_filter ] --END-- [ RunTime:0.000147s ]
INFO: Run Behavior\ParseTemplateBehavior [ RunTime:0.077825s ]
INFO: [ view_parse ] --END-- [ RunTime:0.077870s ]
INFO: [ view_filter ] --START--
INFO: Run Behavior\WriteHtmlCacheBehavior [ RunTime:0.001348s ]
INFO: [ view_filter ] --END-- [ RunTime:0.001397s ]
INFO: [ app_end ] --START--
INFO: Run Behavior\ShowPageTraceBehavior [ RunTime:0.001365s ]
INFO: [ app_end ] --END-- [ RunTime:0.001429s ]

[ 2019-01-05T13:23:14+08:00 ] ::1 /phpText/ZGXG/ZGXG1/thinkphp_3.2.3/index.php/Home/index/index.html
INFO: [ app_init ] --START--
INFO: Run Behavior\BuildLiteBehavior [ RunTime:0.000038s ]
INFO: [ app_init ] --END-- [ RunTime:0.002600s ]
INFO: [ app_begin ] --START--
INFO: Run Behavior\ReadHtmlCacheBehavior [ RunTime:0.004842s ]
INFO: [ app_begin ] --END-- [ RunTime:0.004962s ]
INFO: [ view_parse ] --START--
INFO: [ template_filter ] --START--
INFO: Run Behavior\ContentReplaceBehavior [ RunTime:0.000393s ]
INFO: [ template_filter ] --END-- [ RunTime:0.000436s ]
INFO: Run Behavior\ParseTemplateBehavior [ RunTime:0.098613s ]
INFO: [ view_parse ] --END-- [ RunTime:0.098661s ]
INFO: [ view_filter ] --START--
INFO: Run Behavior\WriteHtmlCacheBehavior [ RunTime:0.004352s ]
INFO: [ view_filter ] --END-- [ RunTime:0.004401s ]
INFO: [ app_end ] --START--
INFO: Run Behavior\ShowPageTraceBehavior [ RunTime:0.005764s ]
INFO: [ app_end ] --END-- [ RunTime:0.005875s ]

[ 2019-01-05T15:28:23+08:00 ] ::1 /phpText/ZGXG/ZGXG1/thinkphp_3.2.3/index.php
INFO: [ app_init ] --START--
INFO: Run Behavior\BuildLiteBehavior [ RunTime:0.000023s ]
INFO: [ app_init ] --END-- [ RunTime:0.002781s ]
INFO: [ app_begin ] --START--
INFO: Run Behavior\ReadHtmlCacheBehavior [ RunTime:0.045137s ]
INFO: [ app_begin ] --END-- [ RunTime:0.045234s ]
INFO: [ view_parse ] --START--
INFO: [ template_filter ] --START--
INFO: Run Behavior\ContentReplaceBehavior [ RunTime:0.000752s ]
INFO: [ template_filter ] --END-- [ RunTime:0.000845s ]
INFO: Run Behavior\ParseTemplateBehavior [ RunTime:0.433936s ]
INFO: [ view_parse ] --END-- [ RunTime:0.434035s ]
INFO: [ view_filter ] --START--
INFO: Run Behavior\WriteHtmlCacheBehavior [ RunTime:0.026776s ]
INFO: [ view_filter ] --END-- [ RunTime:0.026878s ]
INFO: [ app_end ] --START--
INFO: Run Behavior\ShowPageTraceBehavior [ RunTime:0.024589s ]
INFO: [ app_end ] --END-- [ RunTime:0.025270s ]

[ 2019-01-05T15:28:26+08:00 ] ::1 /phpText/ZGXG/ZGXG1/thinkphp_3.2.3/index.php/Home/index/login.html
INFO: [ app_init ] --START--
INFO: Run Behavior\BuildLiteBehavior [ RunTime:0.000014s ]
INFO: [ app_init ] --END-- [ RunTime:0.000684s ]
INFO: [ app_begin ] --START--
INFO: Run Behavior\ReadHtmlCacheBehavior [ RunTime:0.001333s ]
INFO: [ app_begin ] --END-- [ RunTime:0.001406s ]
INFO: [ view_parse ] --START--
INFO: [ template_filter ] --START--
INFO: Run Behavior\ContentReplaceBehavior [ RunTime:0.000260s ]
INFO: [ template_filter ] --END-- [ RunTime:0.000383s ]
INFO: Run Behavior\ParseTemplateBehavior [ RunTime:0.317475s ]
INFO: [ view_parse ] --END-- [ RunTime:0.317570s ]
INFO: [ view_filter ] --START--
INFO: Run Behavior\WriteHtmlCacheBehavior [ RunTime:0.002711s ]
INFO: [ view_filter ] --END-- [ RunTime:0.002893s ]
INFO: [ app_end ] --START--
INFO: Run Behavior\ShowPageTraceBehavior [ RunTime:0.003703s ]
INFO: [ app_end ] --END-- [ RunTime:0.003857s ]

[ 2019-01-05T15:29:05+08:00 ] ::1 /phpText/ZGXG/ZGXG1/thinkphp_3.2.3/index.php/Home/login/login.html
INFO: [ app_init ] --START--
INFO: Run Behavior\BuildLiteBehavior [ RunTime:0.000021s ]
INFO: [ app_init ] --END-- [ RunTime:0.001687s ]
INFO: [ app_begin ] --START--
INFO: Run Behavior\ReadHtmlCacheBehavior [ RunTime:0.001534s ]
INFO: [ app_begin ] --END-- [ RunTime:0.001658s ]
SQL: SHOW COLUMNS FROM `zx_user` [ RunTime:0.0355s ]
SQL: SELECT * FROM `zx_user` WHERE ( uaccount = '3' ) LIMIT 1   [ RunTime:0.0005s ]
INFO: [ view_parse ] --START--
INFO: [ template_filter ] --START--
INFO: Run Behavior\ContentReplaceBehavior [ RunTime:0.000198s ]
INFO: [ template_filter ] --END-- [ RunTime:0.000273s ]
INFO: Run Behavior\ParseTemplateBehavior [ RunTime:0.245801s ]
INFO: [ view_parse ] --END-- [ RunTime:0.245889s ]
INFO: [ view_filter ] --START--
INFO: Run Behavior\WriteHtmlCacheBehavior [ RunTime:0.001395s ]
INFO: [ view_filter ] --END-- [ RunTime:0.001456s ]
INFO: [ app_end ] --START--
INFO: Run Behavior\ShowPageTraceBehavior [ RunTime:0.001469s ]
INFO: [ app_end ] --END-- [ RunTime:0.001529s ]

[ 2019-01-05T15:29:07+08:00 ] ::1 /phpText/ZGXG/ZGXG1/thinkphp_3.2.3/index.php/Home/index1/index.html
INFO: [ app_init ] --START--
INFO: Run Behavior\BuildLiteBehavior [ RunTime:0.000018s ]
INFO: [ app_init ] --END-- [ RunTime:0.000898s ]
INFO: [ app_begin ] --START--
INFO: Run Behavior\ReadHtmlCacheBehavior [ RunTime:0.001876s ]
INFO: [ app_begin ] --END-- [ RunTime:0.001960s ]
SQL: SHOW COLUMNS FROM `zx_user` [ RunTime:0.0261s ]
SQL: SHOW COLUMNS FROM `zx_courses` [ RunTime:0.0096s ]
SQL: SELECT ch.*,co.cname FROM (SELECT ccid,COUNT(*) FROM zx_chapter GROUP BY ccid) as ch LEFT JOIN zx_courses as co on ch.ccid = co.cid [ RunTime:0.0123s ]
SQL: SELECT cid,cname,cphoto,cdescribe,ctype,SUM(grade) as sum FROM zx_grade,zx_courses WHERE zx_grade.gcid = zx_courses.cid GROUP BY cname ORDER BY SUM DESC
LIMIT 9 [ RunTime:0.0011s ]
SQL: SELECT * FROM `zx_courses` WHERE ( ctype = 1 )  [ RunTime:0.0006s ]
SQL: SELECT * FROM `zx_user` WHERE ( uid = 2 ) LIMIT 1   [ RunTime:0.0004s ]
INFO: [ view_parse ] --START--
INFO: [ template_filter ] --START--
INFO: Run Behavior\ContentReplaceBehavior [ RunTime:0.000578s ]
INFO: [ template_filter ] --END-- [ RunTime:0.000655s ]
INFO: Run Behavior\ParseTemplateBehavior [ RunTime:0.298033s ]
INFO: [ view_parse ] --END-- [ RunTime:0.298149s ]
INFO: [ view_filter ] --START--
INFO: Run Behavior\WriteHtmlCacheBehavior [ RunTime:0.001634s ]
INFO: [ view_filter ] --END-- [ RunTime:0.001695s ]
INFO: [ app_end ] --START--
INFO: Run Behavior\ShowPageTraceBehavior [ RunTime:0.002303s ]
INFO: [ app_end ] --END-- [ RunTime:0.002408s ]

[ 2019-01-05T15:29:10+08:00 ] ::1 /phpText/ZGXG/ZGXG1/thinkphp_3.2.3/index.php/Home/Forum/index.html
INFO: [ app_init ] --START--
INFO: Run Behavior\BuildLiteBehavior [ RunTime:0.000019s ]
INFO: [ app_init ] --END-- [ RunTime:0.000922s ]
INFO: [ app_begin ] --START--
INFO: Run Behavior\ReadHtmlCacheBehavior [ RunTime:0.001883s ]
INFO: [ app_begin ] --END-- [ RunTime:0.001972s ]
NOTIC: [2048] Declaration of Home\Controller\ForumController::show() should be compatible with Think\Controller::show($content, $charset = '', $contentType = '', $prefix = '') D:\XAMPP\htdocs\phpText\ZGXG\ZGXG1\thinkphp_3.2.3\Application\Home\Controller\ForumController.class.php 第 12 行.
SQL: SHOW COLUMNS FROM `zx_bbs` [ RunTime:0.0452s ]
SQL: SHOW COLUMNS FROM `zx_bbsreply` [ RunTime:0.0580s ]
SQL: SHOW COLUMNS FROM `zx_user` [ RunTime:0.0179s ]
SQL: SELECT COUNT(*) AS tp_count FROM `zx_bbs` LIMIT 1   [ RunTime:0.0005s ]
SQL: SELECT * FROM `zx_bbs` LEFT JOIN zx_user ON zx_bbs.uid = zx_user.uid LEFT JOIN zx_category ON zx_bbs.tid = zx_category.c_id  LIMIT 0,10   [ RunTime:0.0386s ]
SQL: SELECT COUNT(*) AS tp_count FROM `zx_bbsreply` LEFT JOIN zx_bbs ON  zx_bbsreply.qid =zx_bbs.bid  WHERE ( qid=8 ) LIMIT 1   [ RunTime:0.0004s ]
SQL: UPDATE `zx_bbs` SET `replycount`='6' WHERE ( bid=8 ) [ RunTime:0.0542s ]
SQL: SELECT COUNT(*) AS tp_count FROM `zx_bbsreply` LEFT JOIN zx_bbs ON  zx_bbsreply.qid =zx_bbs.bid  WHERE ( qid=9 ) LIMIT 1   [ RunTime:0.0007s ]
SQL: UPDATE `zx_bbs` SET `replycount`='6' WHERE ( bid=9 ) [ RunTime:0.0398s ]
SQL: SELECT COUNT(*) AS tp_count FROM `zx_bbsreply` LEFT JOIN zx_bbs ON  zx_bbsreply.qid =zx_bbs.bid  WHERE ( qid=10 ) LIMIT 1   [ RunTime:0.0005s ]
SQL: UPDATE `zx_bbs` SET `replycount`='4' WHERE ( bid=10 ) [ RunTime:0.0160s ]
SQL: SELECT COUNT(*) AS tp_count FROM `zx_bbsreply` LEFT JOIN zx_bbs ON  zx_bbsreply.qid =zx_bbs.bid  WHERE ( qid=36 ) LIMIT 1   [ RunTime:0.0005s ]
SQL: UPDATE `zx_bbs` SET `replycount`='8' WHERE ( bid=36 ) [ RunTime:0.0239s ]
SQL: SELECT COUNT(*) AS tp_count FROM `zx_bbsreply` LEFT JOIN zx_bbs ON  zx_bbsreply.qid =zx_bbs.bid  WHERE ( qid=37 ) LIMIT 1   [ RunTime:0.0007s ]
SQL: UPDATE `zx_bbs` SET `replycount`='2' WHERE ( bid=37 ) [ RunTime:0.0150s ]
SQL: SELECT COUNT(*) AS tp_count FROM `zx_bbsreply` LEFT JOIN zx_bbs ON  zx_bbsreply.qid =zx_bbs.bid  WHERE ( qid=38 ) LIMIT 1   [ RunTime:0.0006s ]
SQL: UPDATE `zx_bbs` SET `replycount`='0' WHERE ( bid=38 ) [ RunTime:0.0148s ]
SQL: SELECT COUNT(*) AS tp_count FROM `zx_bbsreply` LEFT JOIN zx_bbs ON  zx_bbsreply.qid =zx_bbs.bid  WHERE ( qid=39 ) LIMIT 1   [ RunTime:0.0007s ]
SQL: UPDATE `zx_bbs` SET `replycount`='2' WHERE ( bid=39 ) [ RunTime:0.0354s ]
SQL: SELECT * FROM `zx_user` WHERE ( uid = 2 ) LIMIT 1   [ RunTime:0.0005s ]
INFO: [ view_parse ] --START--
INFO: [ template_filter ] --START--
INFO: Run Behavior\ContentReplaceBehavior [ RunTime:0.000379s ]
INFO: [ template_filter ] --END-- [ RunTime:0.000457s ]
INFO: Run Behavior\ParseTemplateBehavior [ RunTime:0.340408s ]
INFO: [ view_parse ] --END-- [ RunTime:0.340495s ]
INFO: [ view_filter ] --START--
INFO: Run Behavior\WriteHtmlCacheBehavior [ RunTime:0.003937s ]
INFO: [ view_filter ] --END-- [ RunTime:0.004015s ]
INFO: [ app_end ] --START--
INFO: Run Behavior\ShowPageTraceBehavior [ RunTime:0.001956s ]
INFO: [ app_end ] --END-- [ RunTime:0.002017s ]

[ 2019-01-05T15:29:11+08:00 ] ::1 /phpText/ZGXG/ZGXG1/thinkphp_3.2.3/index.php/Home/Forum/index.html?1
INFO: [ app_init ] --START--
INFO: Run Behavior\BuildLiteBehavior [ RunTime:0.000026s ]
INFO: [ app_init ] --END-- [ RunTime:0.001249s ]
INFO: [ app_begin ] --START--
INFO: Run Behavior\ReadHtmlCacheBehavior [ RunTime:0.001764s ]
INFO: [ app_begin ] --END-- [ RunTime:0.001872s ]
NOTIC: [2048] Declaration of Home\Controller\ForumController::show() should be compatible with Think\Controller::show($content, $charset = '', $contentType = '', $prefix = '') D:\XAMPP\htdocs\phpText\ZGXG\ZGXG1\thinkphp_3.2.3\Application\Home\Controller\ForumController.class.php 第 12 行.
SQL: SHOW COLUMNS FROM `zx_bbs` [ RunTime:0.0258s ]
SQL: SHOW COLUMNS FROM `zx_bbsreply` [ RunTime:0.0174s ]
SQL: SHOW COLUMNS FROM `zx_user` [ RunTime:0.0146s ]
SQL: SELECT COUNT(*) AS tp_count FROM `zx_bbs` LIMIT 1   [ RunTime:0.0003s ]
SQL: SELECT * FROM `zx_bbs` LEFT JOIN zx_user ON zx_bbs.uid = zx_user.uid LEFT JOIN zx_category ON zx_bbs.tid = zx_category.c_id  LIMIT 0,10   [ RunTime:0.0006s ]
SQL: SELECT COUNT(*) AS tp_count FROM `zx_bbsreply` LEFT JOIN zx_bbs ON  zx_bbsreply.qid =zx_bbs.bid  WHERE ( qid=8 ) LIMIT 1   [ RunTime:0.0003s ]
SQL: UPDATE `zx_bbs` SET `replycount`='6' WHERE ( bid=8 ) [ RunTime:0.0447s ]
SQL: SELECT COUNT(*) AS tp_count FROM `zx_bbsreply` LEFT JOIN zx_bbs ON  zx_bbsreply.qid =zx_bbs.bid  WHERE ( qid=9 ) LIMIT 1   [ RunTime:0.0003s ]
SQL: UPDATE `zx_bbs` SET `replycount`='6' WHERE ( bid=9 ) [ RunTime:0.0291s ]
SQL: SELECT COUNT(*) AS tp_count FROM `zx_bbsreply` LEFT JOIN zx_bbs ON  zx_bbsreply.qid =zx_bbs.bid  WHERE ( qid=10 ) LIMIT 1   [ RunTime:0.0007s ]
SQL: UPDATE `zx_bbs` SET `replycount`='4' WHERE ( bid=10 ) [ RunTime:0.0564s ]
SQL: SELECT COUNT(*) AS tp_count FROM `zx_bbsreply` LEFT JOIN zx_bbs ON  zx_bbsreply.qid =zx_bbs.bid  WHERE ( qid=36 ) LIMIT 1   [ RunTime:0.0006s ]
SQL: UPDATE `zx_bbs` SET `replycount`='8' WHERE ( bid=36 ) [ RunTime:0.0148s ]
SQL: SELECT COUNT(*) AS tp_count FROM `zx_bbsreply` LEFT JOIN zx_bbs ON  zx_bbsreply.qid =zx_bbs.bid  WHERE ( qid=37 ) LIMIT 1   [ RunTime:0.0006s ]
SQL: UPDATE `zx_bbs` SET `replycount`='2' WHERE ( bid=37 ) [ RunTime:0.0355s ]
SQL: SELECT COUNT(*) AS tp_count FROM `zx_bbsreply` LEFT JOIN zx_bbs ON  zx_bbsreply.qid =zx_bbs.bid  WHERE ( qid=38 ) LIMIT 1   [ RunTime:0.0007s ]
SQL: UPDATE `zx_bbs` SET `replycount`='0' WHERE ( bid=38 ) [ RunTime:0.0116s ]
SQL: SELECT COUNT(*) AS tp_count FROM `zx_bbsreply` LEFT JOIN zx_bbs ON  zx_bbsreply.qid =zx_bbs.bid  WHERE ( qid=39 ) LIMIT 1   [ RunTime:0.0006s ]
SQL: UPDATE `zx_bbs` SET `replycount`='2' WHERE ( bid=39 ) [ RunTime:0.0156s ]
SQL: SELECT * FROM `zx_user` WHERE ( uid = 2 ) LIMIT 1   [ RunTime:0.0006s ]
INFO: [ view_parse ] --START--
INFO: [ template_filter ] --START--
INFO: Run Behavior\ContentReplaceBehavior [ RunTime:0.000414s ]
INFO: [ template_filter ] --END-- [ RunTime:0.000493s ]
INFO: Run Behavior\ParseTemplateBehavior [ RunTime:0.234317s ]
INFO: [ view_parse ] --END-- [ RunTime:0.234423s ]
INFO: [ view_filter ] --START--
INFO: Run Behavior\WriteHtmlCacheBehavior [ RunTime:0.001607s ]
INFO: [ view_filter ] --END-- [ RunTime:0.001671s ]
INFO: [ app_end ] --START--
INFO: Run Behavior\ShowPageTraceBehavior [ RunTime:0.001819s ]
INFO: [ app_end ] --END-- [ RunTime:0.001900s ]

[ 2019-01-05T15:29:30+08:00 ] ::1 /phpText/ZGXG/ZGXG1/thinkphp_3.2.3/index.php/Home/Forum/add.html
INFO: [ app_init ] --START--
INFO: Run Behavior\BuildLiteBehavior [ RunTime:0.000013s ]
INFO: [ app_init ] --END-- [ RunTime:0.000592s ]
INFO: [ app_begin ] --START--
INFO: Run Behavior\ReadHtmlCacheBehavior [ RunTime:0.000477s ]
INFO: [ app_begin ] --END-- [ RunTime:0.000522s ]
NOTIC: [2048] Declaration of Home\Controller\ForumController::show() should be compatible with Think\Controller::show($content, $charset = '', $contentType = '', $prefix = '') D:\XAMPP\htdocs\phpText\ZGXG\ZGXG1\thinkphp_3.2.3\Application\Home\Controller\ForumController.class.php 第 12 行.
SQL: SHOW COLUMNS FROM `zx_category` [ RunTime:0.0197s ]
SQL: SELECT * FROM `zx_category`  [ RunTime:0.0005s ]
SQL: SHOW COLUMNS FROM `zx_bbs` [ RunTime:0.0141s ]
SQL: SELECT * FROM `zx_bbs` LEFT JOIN zx_user ON zx_bbs.uid = zx_user.uid LEFT JOIN zx_bbsreply ON zx_bbs.bid = zx_bbsreply.qid   [ RunTime:0.0170s ]
SQL: SHOW COLUMNS FROM `zx_user` [ RunTime:0.0117s ]
SQL: SELECT * FROM `zx_user` WHERE ( uid = 2 ) LIMIT 1   [ RunTime:0.0003s ]
INFO: [ view_parse ] --START--
INFO: [ template_filter ] --START--
INFO: Run Behavior\ContentReplaceBehavior [ RunTime:0.000123s ]
INFO: [ template_filter ] --END-- [ RunTime:0.000174s ]
INFO: Run Behavior\ParseTemplateBehavior [ RunTime:0.186892s ]
INFO: [ view_parse ] --END-- [ RunTime:0.187001s ]
INFO: [ view_filter ] --START--
INFO: Run Behavior\WriteHtmlCacheBehavior [ RunTime:0.001220s ]
INFO: [ view_filter ] --END-- [ RunTime:0.001280s ]
INFO: [ app_end ] --START--
INFO: Run Behavior\ShowPageTraceBehavior [ RunTime:0.001662s ]
INFO: [ app_end ] --END-- [ RunTime:0.001748s ]

[ 2019-01-05T15:29:46+08:00 ] ::1 /phpText/ZGXG/ZGXG1/thinkphp_3.2.3/index.php/Home/Forum/show/bid/10.html
INFO: [ app_init ] --START--
INFO: Run Behavior\BuildLiteBehavior [ RunTime:0.000015s ]
INFO: [ app_init ] --END-- [ RunTime:0.000532s ]
INFO: [ app_begin ] --START--
INFO: Run Behavior\ReadHtmlCacheBehavior [ RunTime:0.000717s ]
INFO: [ app_begin ] --END-- [ RunTime:0.000773s ]
NOTIC: [2048] Declaration of Home\Controller\ForumController::show() should be compatible with Think\Controller::show($content, $charset = '', $contentType = '', $prefix = '') D:\XAMPP\htdocs\phpText\ZGXG\ZGXG1\thinkphp_3.2.3\Application\Home\Controller\ForumController.class.php 第 12 行.
SQL: SHOW COLUMNS FROM `zx_bbs` [ RunTime:0.0250s ]
SQL: SHOW COLUMNS FROM `zx_bbsreply` [ RunTime:0.0153s ]
SQL: UPDATE `zx_bbs` SET `click`=click+1 WHERE ( bid = 10 ) [ RunTime:0.0823s ]
SQL: SELECT * FROM `zx_bbs` LEFT JOIN zx_user ON zx_bbs.uid = zx_user.uid  WHERE ( bid=10 )  [ RunTime:0.0007s ]
SQL: SELECT COUNT(*) AS tp_count FROM `zx_bbsreply` LEFT JOIN zx_bbs ON  zx_bbsreply.qid =zx_bbs.bid  WHERE ( qid=10 ) LIMIT 1   [ RunTime:0.0007s ]
SQL: SHOW COLUMNS FROM `zx_user` [ RunTime:0.0233s ]
SQL: SELECT * FROM `zx_user` WHERE ( uid = 2 ) LIMIT 1   [ RunTime:0.0005s ]
SQL: SELECT * FROM `zx_bbsreply` LEFT JOIN zx_user ON zx_bbsreply.uid=zx_user.uid LEFT JOIN zx_bbs ON zx_bbsreply.qid=zx_bbs.bid  WHERE ( parent_id = '0' AND qid=10 ) ORDER BY brtime desc  [ RunTime:0.0094s ]
SQL: SELECT * FROM `zx_bbsreply` LEFT JOIN zx_user ON zx_bbsreply.uid=zx_user.uid LEFT JOIN zx_bbs ON zx_bbsreply.qid=zx_bbs.bid  WHERE ( parent_id = '56' AND qid=10 ) ORDER BY brtime desc  [ RunTime:0.0008s ]
SQL: SELECT * FROM `zx_bbsreply` LEFT JOIN zx_user ON zx_bbsreply.uid=zx_user.uid LEFT JOIN zx_bbs ON zx_bbsreply.qid=zx_bbs.bid  WHERE ( parent_id = '57' AND qid=10 ) ORDER BY brtime desc  [ RunTime:0.0006s ]
SQL: SELECT * FROM `zx_bbsreply` LEFT JOIN zx_user ON zx_bbsreply.uid=zx_user.uid LEFT JOIN zx_bbs ON zx_bbsreply.qid=zx_bbs.bid  WHERE ( parent_id = '54' AND qid=10 ) ORDER BY brtime desc  [ RunTime:0.0007s ]
SQL: SELECT * FROM `zx_bbsreply` LEFT JOIN zx_user ON zx_bbsreply.uid=zx_user.uid LEFT JOIN zx_bbs ON zx_bbsreply.qid=zx_bbs.bid  WHERE ( parent_id = '55' AND qid=10 ) ORDER BY brtime desc  [ RunTime:0.0007s ]
INFO: [ view_parse ] --START--
INFO: [ template_filter ] --START--
INFO: Run Behavior\ContentReplaceBehavior [ RunTime:0.000562s ]
INFO: [ template_filter ] --END-- [ RunTime:0.000713s ]
NOTIC: [8] A session had already been started - ignoring session_start() D:\XAMPP\htdocs\phpText\ZGXG\ZGXG1\thinkphp_3.2.3\Application\Runtime\Cache\Home\33245591c99c5f9c7556c53352491487.php 第 1 行.
NOTIC: [8] Undefined variable: user D:\XAMPP\htdocs\phpText\ZGXG\ZGXG1\thinkphp_3.2.3\Application\Runtime\Cache\Home\33245591c99c5f9c7556c53352491487.php 第 199 行.
NOTIC: [8] Undefined index: brtime D:\XAMPP\htdocs\phpText\ZGXG\ZGXG1\thinkphp_3.2.3\Application\Runtime\Cache\Home\33245591c99c5f9c7556c53352491487.php 第 211 行.
NOTIC: [8] Undefined variable: commentlist D:\XAMPP\htdocs\phpText\ZGXG\ZGXG1\thinkphp_3.2.3\Application\Runtime\Cache\Home\33245591c99c5f9c7556c53352491487.php 第 220 行.
INFO: Run Behavior\ParseTemplateBehavior [ RunTime:0.383364s ]
INFO: [ view_parse ] --END-- [ RunTime:0.383462s ]
INFO: [ view_filter ] --START--
INFO: Run Behavior\WriteHtmlCacheBehavior [ RunTime:0.001604s ]
INFO: [ view_filter ] --END-- [ RunTime:0.001683s ]
INFO: [ app_end ] --START--
INFO: Run Behavior\ShowPageTraceBehavior [ RunTime:0.004169s ]
INFO: [ app_end ] --END-- [ RunTime:0.004420s ]

[ 2019-01-05T15:29:56+08:00 ] ::1 /phpText/ZGXG/ZGXG1/thinkphp_3.2.3/index.php/Home/Forum/addComment.html
INFO: [ app_init ] --START--
INFO: Run Behavior\BuildLiteBehavior [ RunTime:0.000014s ]
INFO: [ app_init ] --END-- [ RunTime:0.001182s ]
INFO: [ app_begin ] --START--
INFO: Run Behavior\ReadHtmlCacheBehavior [ RunTime:0.000884s ]
INFO: [ app_begin ] --END-- [ RunTime:0.000962s ]
NOTIC: [2048] Declaration of Home\Controller\ForumController::show() should be compatible with Think\Controller::show($content, $charset = '', $contentType = '', $prefix = '') D:\XAMPP\htdocs\phpText\ZGXG\ZGXG1\thinkphp_3.2.3\Application\Home\Controller\ForumController.class.php 第 12 行.
SQL: SHOW COLUMNS FROM `zx_bbsreply` [ RunTime:0.0229s ]
NOTIC: [8] Use of undefined constant uid - assumed 'uid' D:\XAMPP\htdocs\phpText\ZGXG\ZGXG1\thinkphp_3.2.3\Application\Home\Controller\ForumController.class.php 第 88 行.
SQL: INSERT INTO `zx_bbsreply` (`brcontent`,`parent_id`,`qid`,`brtime`,`uid`) VALUES ('33333333333','57','10','2019-01-05 15:29:56','2') [ RunTime:0.0704s ]
INFO: [ app_end ] --START--
INFO: Run Behavior\ShowPageTraceBehavior [ RunTime:0.002030s ]
INFO: [ app_end ] --END-- [ RunTime:0.002101s ]

[ 2019-01-05T15:29:56+08:00 ] ::1 /phpText/ZGXG/ZGXG1/thinkphp_3.2.3/index.php/Home/Forum/show/bid/10.html
INFO: [ app_init ] --START--
INFO: Run Behavior\BuildLiteBehavior [ RunTime:0.000019s ]
INFO: [ app_init ] --END-- [ RunTime:0.000739s ]
INFO: [ app_begin ] --START--
INFO: Run Behavior\ReadHtmlCacheBehavior [ RunTime:0.000869s ]
INFO: [ app_begin ] --END-- [ RunTime:0.000952s ]
NOTIC: [2048] Declaration of Home\Controller\ForumController::show() should be compatible with Think\Controller::show($content, $charset = '', $contentType = '', $prefix = '') D:\XAMPP\htdocs\phpText\ZGXG\ZGXG1\thinkphp_3.2.3\Application\Home\Controller\ForumController.class.php 第 12 行.
SQL: SHOW COLUMNS FROM `zx_bbs` [ RunTime:0.0167s ]
SQL: SHOW COLUMNS FROM `zx_bbsreply` [ RunTime:0.0084s ]
SQL: UPDATE `zx_bbs` SET `click`=click+1 WHERE ( bid = 10 ) [ RunTime:0.0302s ]
SQL: SELECT * FROM `zx_bbs` LEFT JOIN zx_user ON zx_bbs.uid = zx_user.uid  WHERE ( bid=10 )  [ RunTime:0.0006s ]
SQL: SELECT COUNT(*) AS tp_count FROM `zx_bbsreply` LEFT JOIN zx_bbs ON  zx_bbsreply.qid =zx_bbs.bid  WHERE ( qid=10 ) LIMIT 1   [ RunTime:0.0004s ]
SQL: SHOW COLUMNS FROM `zx_user` [ RunTime:0.0159s ]
SQL: SELECT * FROM `zx_user` WHERE ( uid = 2 ) LIMIT 1   [ RunTime:0.0006s ]
SQL: SELECT * FROM `zx_bbsreply` LEFT JOIN zx_user ON zx_bbsreply.uid=zx_user.uid LEFT JOIN zx_bbs ON zx_bbsreply.qid=zx_bbs.bid  WHERE ( parent_id = '0' AND qid=10 ) ORDER BY brtime desc  [ RunTime:0.0008s ]
SQL: SELECT * FROM `zx_bbsreply` LEFT JOIN zx_user ON zx_bbsreply.uid=zx_user.uid LEFT JOIN zx_bbs ON zx_bbsreply.qid=zx_bbs.bid  WHERE ( parent_id = '56' AND qid=10 ) ORDER BY brtime desc  [ RunTime:0.0009s ]
SQL: SELECT * FROM `zx_bbsreply` LEFT JOIN zx_user ON zx_bbsreply.uid=zx_user.uid LEFT JOIN zx_bbs ON zx_bbsreply.qid=zx_bbs.bid  WHERE ( parent_id = '57' AND qid=10 ) ORDER BY brtime desc  [ RunTime:0.0013s ]
SQL: SELECT * FROM `zx_bbsreply` LEFT JOIN zx_user ON zx_bbsreply.uid=zx_user.uid LEFT JOIN zx_bbs ON zx_bbsreply.qid=zx_bbs.bid  WHERE ( parent_id = '110' AND qid=10 ) ORDER BY brtime desc  [ RunTime:0.0008s ]
SQL: SELECT * FROM `zx_bbsreply` LEFT JOIN zx_user ON zx_bbsreply.uid=zx_user.uid LEFT JOIN zx_bbs ON zx_bbsreply.qid=zx_bbs.bid  WHERE ( parent_id = '54' AND qid=10 ) ORDER BY brtime desc  [ RunTime:0.0007s ]
SQL: SELECT * FROM `zx_bbsreply` LEFT JOIN zx_user ON zx_bbsreply.uid=zx_user.uid LEFT JOIN zx_bbs ON zx_bbsreply.qid=zx_bbs.bid  WHERE ( parent_id = '55' AND qid=10 ) ORDER BY brtime desc  [ RunTime:0.0006s ]
INFO: [ view_parse ] --START--
INFO: [ template_filter ] --START--
INFO: Run Behavior\ContentReplaceBehavior [ RunTime:0.000506s ]
INFO: [ template_filter ] --END-- [ RunTime:0.000597s ]
NOTIC: [8] A session had already been started - ignoring session_start() D:\XAMPP\htdocs\phpText\ZGXG\ZGXG1\thinkphp_3.2.3\Application\Runtime\Cache\Home\33245591c99c5f9c7556c53352491487.php 第 1 行.
NOTIC: [8] Undefined variable: user D:\XAMPP\htdocs\phpText\ZGXG\ZGXG1\thinkphp_3.2.3\Application\Runtime\Cache\Home\33245591c99c5f9c7556c53352491487.php 第 199 行.
NOTIC: [8] Undefined index: brtime D:\XAMPP\htdocs\phpText\ZGXG\ZGXG1\thinkphp_3.2.3\Application\Runtime\Cache\Home\33245591c99c5f9c7556c53352491487.php 第 211 行.
NOTIC: [8] Undefined variable: commentlist D:\XAMPP\htdocs\phpText\ZGXG\ZGXG1\thinkphp_3.2.3\Application\Runtime\Cache\Home\33245591c99c5f9c7556c53352491487.php 第 220 行.
INFO: Run Behavior\ParseTemplateBehavior [ RunTime:0.184536s ]
INFO: [ view_parse ] --END-- [ RunTime:0.184618s ]
INFO: [ view_filter ] --START--
INFO: Run Behavior\WriteHtmlCacheBehavior [ RunTime:0.001342s ]
INFO: [ view_filter ] --END-- [ RunTime:0.001407s ]
INFO: [ app_end ] --START--
INFO: Run Behavior\ShowPageTraceBehavior [ RunTime:0.002199s ]
INFO: [ app_end ] --END-- [ RunTime:0.002304s ]

